2025-01-22 23:24:29,748 - compiler:111 - DEBUG - Logging initialized for compiler - MainProcess:MainThread
2025-01-22 23:24:31,514 - compiler:111 - DEBUG - Logging initialized for compiler - MainProcess:MainThread
2025-01-22 23:24:35,615 - compiler:111 - DEBUG - Logging initialized for compiler - MainProcess:MainThread
2025-01-22 23:24:36,241 - compiler:111 - DEBUG - Logging initialized for compiler - MainProcess:MainThread
2025-01-22 23:24:36,554 - compiler:111 - DEBUG - Logging initialized for compiler - MainProcess:MainThread
2025-01-22 23:24:36,980 - compiler:111 - DEBUG - Logging initialized for compiler - MainProcess:MainThread
2025-01-22 23:24:37,382 - compiler:111 - DEBUG - Logging initialized for compiler - MainProcess:MainThread
2025-01-22 23:24:37,558 - compiler:111 - DEBUG - Logging initialized for compiler - MainProcess:MainThread
2025-01-22 23:24:39,482 - compiler:111 - DEBUG - Logging initialized for compiler - MainProcess:MainThread
2025-01-22 23:24:39,483 - compiler:26 - INFO - Starting compilation for session test_interactive_7197948036569024320 - MainProcess:MainThread
2025-01-22 23:24:40,667 - compiler:111 - DEBUG - Logging initialized for compiler - MainProcess:MainThread
2025-01-22 23:24:43,498 - compiler:111 - DEBUG - Logging initialized for compiler - MainProcess:MainThread
2025-01-22 23:24:44,998 - compiler:26 - INFO - Session test_interactive_7197948036569024320 state changed to: session_started - MainProcess:MainThread
2025-01-22 23:24:45,286 - compiler:111 - DEBUG - Logging initialized for compiler - MainProcess:MainThread
2025-01-22 23:24:45,286 - compiler:26 - INFO - Starting compilation for session test_interactive_-8479683576073647489 - MainProcess:MainThread
2025-01-22 23:24:45,622 - compiler:111 - DEBUG - Logging initialized for compiler - MainProcess:MainThread
2025-01-22 23:24:45,632 - compiler:26 - INFO - Starting compilation for session test_interactive_-8561415581150824790 - MainProcess:MainThread
2025-01-22 23:24:46,313 - compiler:111 - DEBUG - Logging initialized for compiler - MainProcess:MainThread
2025-01-22 23:24:46,315 - compiler:26 - INFO - Starting compilation for session test_interactive_2438498512826394920 - MainProcess:MainThread
2025-01-22 23:24:49,712 - compiler:26 - INFO - Session test_interactive_-8479683576073647489 state changed to: session_started - MainProcess:MainThread
2025-01-22 23:24:51,793 - compiler:26 - INFO - Session test_interactive_-8561415581150824790 state changed to: session_started - MainProcess:MainThread
2025-01-22 23:26:22,382 - compiler:111 - DEBUG - Logging initialized for compiler - MainProcess:MainThread
2025-01-22 23:26:37,261 - compiler:111 - DEBUG - Logging initialized for compiler - MainProcess:MainThread
2025-01-22 23:26:41,158 - compiler:111 - DEBUG - Logging initialized for compiler - MainProcess:MainThread
2025-01-22 23:26:43,140 - compiler:111 - DEBUG - Logging initialized for compiler - MainProcess:MainThread
2025-01-22 23:26:43,735 - compiler:111 - DEBUG - Logging initialized for compiler - MainProcess:MainThread
2025-01-22 23:26:43,969 - compiler:111 - DEBUG - Logging initialized for compiler - MainProcess:MainThread
2025-01-22 23:26:44,406 - compiler:111 - DEBUG - Logging initialized for compiler - MainProcess:MainThread
2025-01-22 23:26:44,841 - compiler:111 - DEBUG - Logging initialized for compiler - MainProcess:MainThread
2025-01-22 23:26:45,159 - compiler:111 - DEBUG - Logging initialized for compiler - MainProcess:MainThread
2025-01-22 23:26:47,548 - compiler:111 - DEBUG - Logging initialized for compiler - MainProcess:MainThread
2025-01-22 23:26:47,549 - compiler:26 - INFO - Starting compilation for session test_interactive_5235283195647507293 - MainProcess:MainThread
2025-01-22 23:26:48,848 - compiler:111 - DEBUG - Logging initialized for compiler - MainProcess:MainThread
2025-01-22 23:26:51,262 - compiler:111 - DEBUG - Logging initialized for compiler - MainProcess:MainThread
2025-01-22 23:26:52,980 - compiler:111 - DEBUG - Logging initialized for compiler - MainProcess:MainThread
2025-01-22 23:26:52,981 - compiler:26 - INFO - Starting compilation for session test_interactive_1515127530868810309 - MainProcess:MainThread
2025-01-22 23:26:53,224 - compiler:26 - INFO - Session test_interactive_5235283195647507293 state changed to: session_started - MainProcess:MainThread
2025-01-22 23:26:53,226 - compiler:111 - DEBUG - Logging initialized for compiler - MainProcess:MainThread
2025-01-22 23:26:53,227 - compiler:26 - INFO - Starting compilation for session test_interactive_5032235844518167821 - MainProcess:MainThread
2025-01-22 23:26:53,415 - compiler:111 - DEBUG - Logging initialized for compiler - MainProcess:MainThread
2025-01-22 23:26:53,417 - compiler:26 - INFO - Starting compilation for session test_interactive_8812672305251361718 - MainProcess:MainThread
2025-01-22 23:26:55,816 - compiler:26 - INFO - Session test_interactive_1515127530868810309 state changed to: session_started - MainProcess:MainThread
2025-01-22 23:26:57,821 - compiler:26 - INFO - Session test_interactive_5032235844518167821 state changed to: session_started - MainProcess:MainThread
2025-01-22 23:28:28,047 - compiler:111 - DEBUG - Logging initialized for compiler - MainProcess:MainThread
2025-01-22 23:28:32,521 - compiler:111 - DEBUG - Logging initialized for compiler - MainProcess:MainThread
2025-01-22 23:28:36,769 - compiler:111 - DEBUG - Logging initialized for compiler - MainProcess:MainThread
2025-01-22 23:28:37,543 - compiler:111 - DEBUG - Logging initialized for compiler - MainProcess:MainThread
2025-01-22 23:28:38,006 - compiler:111 - DEBUG - Logging initialized for compiler - MainProcess:MainThread
2025-01-22 23:28:38,376 - compiler:111 - DEBUG - Logging initialized for compiler - MainProcess:MainThread
2025-01-22 23:28:39,139 - compiler:111 - DEBUG - Logging initialized for compiler - MainProcess:MainThread
2025-01-22 23:28:39,924 - compiler:111 - DEBUG - Logging initialized for compiler - MainProcess:MainThread
2025-01-22 23:28:41,742 - compiler:111 - DEBUG - Logging initialized for compiler - MainProcess:MainThread
2025-01-22 23:28:41,744 - compiler:26 - INFO - Starting compilation for session test_interactive_3593509228086627963 - MainProcess:MainThread
2025-01-22 23:28:43,041 - compiler:111 - DEBUG - Logging initialized for compiler - MainProcess:MainThread
2025-01-22 23:28:45,101 - compiler:111 - DEBUG - Logging initialized for compiler - MainProcess:MainThread
2025-01-22 23:28:46,238 - compiler:26 - INFO - Session test_interactive_3593509228086627963 state changed to: session_started - MainProcess:MainThread
2025-01-22 23:28:46,679 - compiler:111 - DEBUG - Logging initialized for compiler - MainProcess:MainThread
2025-01-22 23:28:46,679 - compiler:26 - INFO - Starting compilation for session test_interactive_-3485642878635539134 - MainProcess:MainThread
2025-01-22 23:28:47,019 - compiler:111 - DEBUG - Logging initialized for compiler - MainProcess:MainThread
2025-01-22 23:28:47,020 - compiler:26 - INFO - Starting compilation for session test_interactive_-1674555806648419056 - MainProcess:MainThread
2025-01-22 23:28:47,309 - compiler:111 - DEBUG - Logging initialized for compiler - MainProcess:MainThread
2025-01-22 23:28:47,313 - compiler:26 - INFO - Starting compilation for session test_interactive_757394829313849573 - MainProcess:MainThread
2025-01-22 23:28:49,613 - compiler:26 - INFO - Session test_interactive_-3485642878635539134 state changed to: session_started - MainProcess:MainThread
2025-01-22 23:28:51,669 - compiler:26 - INFO - Session test_interactive_-1674555806648419056 state changed to: session_started - MainProcess:MainThread
2025-01-22 23:31:03,175 - compiler:111 - DEBUG - Logging initialized for compiler - MainProcess:MainThread
2025-01-22 23:31:18,447 - compiler:111 - DEBUG - Logging initialized for compiler - MainProcess:MainThread
2025-01-22 23:31:18,998 - compiler:111 - DEBUG - Logging initialized for compiler - MainProcess:MainThread
2025-01-22 23:31:19,333 - compiler:111 - DEBUG - Logging initialized for compiler - MainProcess:MainThread
2025-01-22 23:31:19,826 - compiler:111 - DEBUG - Logging initialized for compiler - MainProcess:MainThread
2025-01-22 23:31:20,103 - compiler:111 - DEBUG - Logging initialized for compiler - MainProcess:MainThread
2025-01-22 23:31:20,545 - compiler:111 - DEBUG - Logging initialized for compiler - MainProcess:MainThread
2025-01-22 23:31:22,318 - compiler:111 - DEBUG - Logging initialized for compiler - MainProcess:MainThread
2025-01-22 23:31:22,319 - compiler:26 - INFO - Starting compilation for session test_interactive_-3346810669672839146 - MainProcess:MainThread
2025-01-22 23:31:24,038 - compiler:111 - DEBUG - Logging initialized for compiler - MainProcess:MainThread
2025-01-22 23:31:26,256 - compiler:111 - DEBUG - Logging initialized for compiler - MainProcess:MainThread
2025-01-22 23:31:27,135 - compiler:26 - INFO - Session test_interactive_-3346810669672839146 state changed to: session_started - MainProcess:MainThread
2025-01-22 23:31:27,719 - compiler:111 - DEBUG - Logging initialized for compiler - MainProcess:MainThread
2025-01-22 23:31:27,719 - compiler:26 - INFO - Starting compilation for session test_interactive_6018545975993830165 - MainProcess:MainThread
2025-01-22 23:31:28,013 - compiler:111 - DEBUG - Logging initialized for compiler - MainProcess:MainThread
2025-01-22 23:31:28,013 - compiler:26 - INFO - Starting compilation for session test_interactive_-5475487090178250692 - MainProcess:MainThread
2025-01-22 23:31:28,263 - compiler:111 - DEBUG - Logging initialized for compiler - MainProcess:MainThread
2025-01-22 23:31:28,266 - compiler:26 - INFO - Starting compilation for session test_interactive_3042112276113586707 - MainProcess:MainThread
2025-01-22 23:31:30,284 - compiler:26 - INFO - Session test_interactive_6018545975993830165 state changed to: session_started - MainProcess:MainThread
2025-01-22 23:31:32,008 - compiler:26 - INFO - Session test_interactive_-5475487090178250692 state changed to: session_started - MainProcess:MainThread
2025-01-22 23:34:34,662 - compiler:111 - DEBUG - Logging initialized for compiler - MainProcess:MainThread
2025-01-22 23:34:35,281 - compiler:111 - DEBUG - Logging initialized for compiler - MainProcess:MainThread
2025-01-22 23:34:35,765 - compiler:111 - DEBUG - Logging initialized for compiler - MainProcess:MainThread
2025-01-22 23:34:36,865 - compiler:111 - DEBUG - Logging initialized for compiler - MainProcess:MainThread
2025-01-22 23:34:37,029 - compiler:111 - DEBUG - Logging initialized for compiler - MainProcess:MainThread
2025-01-22 23:34:37,078 - compiler:111 - DEBUG - Logging initialized for compiler - MainProcess:MainThread
2025-01-22 23:34:37,529 - compiler:111 - DEBUG - Logging initialized for compiler - MainProcess:MainThread
2025-01-22 23:34:38,585 - compiler:111 - DEBUG - Logging initialized for compiler - MainProcess:MainThread
2025-01-22 23:34:38,586 - compiler:26 - INFO - Starting compilation for session test_interactive_8215979789492769365 - MainProcess:MainThread
2025-01-22 23:34:40,455 - compiler:111 - DEBUG - Logging initialized for compiler - MainProcess:MainThread
2025-01-22 23:34:42,644 - compiler:111 - DEBUG - Logging initialized for compiler - MainProcess:MainThread
2025-01-22 23:34:43,678 - compiler:26 - INFO - Session test_interactive_8215979789492769365 state changed to: session_started - MainProcess:MainThread
2025-01-22 23:34:44,178 - compiler:111 - DEBUG - Logging initialized for compiler - MainProcess:MainThread
2025-01-22 23:34:44,178 - compiler:26 - INFO - Starting compilation for session test_interactive_-3624537215790078525 - MainProcess:MainThread
2025-01-22 23:34:44,434 - compiler:111 - DEBUG - Logging initialized for compiler - MainProcess:MainThread
2025-01-22 23:34:44,435 - compiler:26 - INFO - Starting compilation for session test_interactive_-2501983588001983899 - MainProcess:MainThread
2025-01-22 23:34:44,718 - compiler:111 - DEBUG - Logging initialized for compiler - MainProcess:MainThread
2025-01-22 23:34:44,720 - compiler:26 - INFO - Starting compilation for session test_interactive_6269464105950598930 - MainProcess:MainThread
2025-01-22 23:34:46,803 - compiler:26 - INFO - Session test_interactive_-3624537215790078525 state changed to: session_started - MainProcess:MainThread
2025-01-22 23:34:48,598 - compiler:26 - INFO - Session test_interactive_-2501983588001983899 state changed to: session_started - MainProcess:MainThread
2025-01-22 23:37:15,033 - compiler:111 - DEBUG - Logging initialized for compiler - MainProcess:MainThread
2025-01-22 23:38:36,200 - compiler:111 - DEBUG - Logging initialized for compiler - MainProcess:MainThread
2025-01-22 23:38:36,933 - compiler:111 - DEBUG - Logging initialized for compiler - MainProcess:MainThread
2025-01-22 23:38:37,744 - compiler:111 - DEBUG - Logging initialized for compiler - MainProcess:MainThread
2025-01-22 23:38:37,788 - compiler:111 - DEBUG - Logging initialized for compiler - MainProcess:MainThread
2025-01-22 23:38:38,007 - compiler:111 - DEBUG - Logging initialized for compiler - MainProcess:MainThread
2025-01-22 23:38:38,529 - compiler:111 - DEBUG - Logging initialized for compiler - MainProcess:MainThread
2025-01-22 23:38:38,542 - compiler:111 - DEBUG - Logging initialized for compiler - MainProcess:MainThread
2025-01-22 23:38:40,602 - compiler:111 - DEBUG - Logging initialized for compiler - MainProcess:MainThread
2025-01-22 23:38:40,602 - compiler:26 - INFO - Starting compilation for session test_interactive_6067507797719926723 - MainProcess:MainThread
2025-01-22 23:38:41,759 - compiler:111 - DEBUG - Logging initialized for compiler - MainProcess:MainThread
2025-01-22 23:38:43,923 - compiler:111 - DEBUG - Logging initialized for compiler - MainProcess:MainThread
2025-01-22 23:38:45,126 - compiler:26 - INFO - Session test_interactive_6067507797719926723 state changed to: session_started - MainProcess:MainThread
2025-01-22 23:38:45,448 - compiler:111 - DEBUG - Logging initialized for compiler - MainProcess:MainThread
2025-01-22 23:38:45,449 - compiler:26 - INFO - Starting compilation for session test_interactive_5924375975193022848 - MainProcess:MainThread
2025-01-22 23:38:45,838 - compiler:111 - DEBUG - Logging initialized for compiler - MainProcess:MainThread
2025-01-22 23:38:45,839 - compiler:26 - INFO - Starting compilation for session test_interactive_4812277937419243124 - MainProcess:MainThread
2025-01-22 23:38:46,131 - compiler:111 - DEBUG - Logging initialized for compiler - MainProcess:MainThread
2025-01-22 23:38:46,138 - compiler:26 - INFO - Starting compilation for session test_interactive_-3406430250092328913 - MainProcess:MainThread
2025-01-22 23:38:49,973 - compiler:26 - INFO - Session test_interactive_5924375975193022848 state changed to: session_started - MainProcess:MainThread
2025-01-22 23:38:50,260 - compiler:26 - INFO - Session test_interactive_4812277937419243124 state changed to: session_started - MainProcess:MainThread
2025-01-22 23:40:37,931 - compiler:111 - DEBUG - Logging initialized for compiler - MainProcess:MainThread
2025-01-22 23:40:38,830 - compiler:111 - DEBUG - Logging initialized for compiler - MainProcess:MainThread
2025-01-22 23:40:39,370 - compiler:111 - DEBUG - Logging initialized for compiler - MainProcess:MainThread
2025-01-22 23:40:41,485 - compiler:111 - DEBUG - Logging initialized for compiler - MainProcess:MainThread
2025-01-22 23:40:41,764 - compiler:111 - DEBUG - Logging initialized for compiler - MainProcess:MainThread
2025-01-22 23:40:42,551 - compiler:111 - DEBUG - Logging initialized for compiler - MainProcess:MainThread
2025-01-22 23:40:42,539 - compiler:111 - DEBUG - Logging initialized for compiler - MainProcess:MainThread
2025-01-22 23:40:42,565 - compiler:26 - INFO - Starting compilation for session test_interactive_-4426420284231127343 - MainProcess:MainThread
2025-01-22 23:40:43,794 - compiler:111 - DEBUG - Logging initialized for compiler - MainProcess:MainThread
2025-01-22 23:40:45,815 - compiler:111 - DEBUG - Logging initialized for compiler - MainProcess:MainThread
2025-01-22 23:40:48,436 - compiler:111 - DEBUG - Logging initialized for compiler - MainProcess:MainThread
2025-01-22 23:40:50,085 - compiler:111 - DEBUG - Logging initialized for compiler - MainProcess:MainThread
2025-01-22 23:40:50,085 - compiler:26 - INFO - Starting compilation for session test_interactive_2562924428697013598 - MainProcess:MainThread
2025-01-22 23:40:50,439 - compiler:111 - DEBUG - Logging initialized for compiler - MainProcess:MainThread
2025-01-22 23:40:50,439 - compiler:26 - INFO - Starting compilation for session test_interactive_-6742847887510924632 - MainProcess:MainThread
2025-01-22 23:40:50,480 - compiler:26 - INFO - Session test_interactive_-4426420284231127343 state changed to: session_started - MainProcess:MainThread
2025-01-22 23:40:50,684 - compiler:111 - DEBUG - Logging initialized for compiler - MainProcess:MainThread
2025-01-22 23:40:50,687 - compiler:26 - INFO - Starting compilation for session test_interactive_751604118671888728 - MainProcess:MainThread
2025-01-22 23:40:55,228 - compiler:26 - INFO - Session test_interactive_-6742847887510924632 state changed to: session_started - MainProcess:MainThread
2025-01-22 23:40:55,245 - compiler:26 - INFO - Session test_interactive_2562924428697013598 state changed to: session_started - MainProcess:MainThread
2025-01-22 23:45:39,898 - compiler:111 - DEBUG - Logging initialized for compiler - MainProcess:MainThread
2025-01-22 23:47:42,493 - compiler:111 - DEBUG - Logging initialized for compiler - MainProcess:MainThread
2025-01-22 23:47:43,018 - compiler:111 - DEBUG - Logging initialized for compiler - MainProcess:MainThread
2025-01-22 23:47:43,600 - compiler:111 - DEBUG - Logging initialized for compiler - MainProcess:MainThread
2025-01-22 23:47:43,898 - compiler:111 - DEBUG - Logging initialized for compiler - MainProcess:MainThread
2025-01-22 23:47:44,203 - compiler:111 - DEBUG - Logging initialized for compiler - MainProcess:MainThread
2025-01-22 23:47:44,624 - compiler:111 - DEBUG - Logging initialized for compiler - MainProcess:MainThread
2025-01-22 23:47:45,405 - compiler:111 - DEBUG - Logging initialized for compiler - MainProcess:MainThread
2025-01-22 23:47:48,490 - compiler:111 - DEBUG - Logging initialized for compiler - MainProcess:MainThread
2025-01-22 23:47:48,498 - compiler:26 - INFO - Starting compilation for session test_interactive_3864578345054529524 - MainProcess:MainThread
2025-01-22 23:47:50,149 - compiler:111 - DEBUG - Logging initialized for compiler - MainProcess:MainThread
2025-01-22 23:47:52,510 - compiler:111 - DEBUG - Logging initialized for compiler - MainProcess:MainThread
2025-01-22 23:47:54,378 - compiler:26 - INFO - Session test_interactive_3864578345054529524 state changed to: session_started - MainProcess:MainThread
2025-01-22 23:47:54,618 - compiler:111 - DEBUG - Logging initialized for compiler - MainProcess:MainThread
2025-01-22 23:47:54,724 - compiler:111 - DEBUG - Logging initialized for compiler - MainProcess:MainThread
2025-01-22 23:47:54,762 - compiler:26 - INFO - Starting compilation for session test_interactive_-8074868202826546056 - MainProcess:MainThread
2025-01-22 23:47:54,763 - compiler:26 - INFO - Starting compilation for session test_interactive_2207849083419624783 - MainProcess:MainThread
2025-01-22 23:47:55,405 - compiler:111 - DEBUG - Logging initialized for compiler - MainProcess:MainThread
2025-01-22 23:47:55,417 - compiler:26 - INFO - Starting compilation for session test_interactive_-2135393289291896759 - MainProcess:MainThread
2025-01-22 23:47:57,181 - compiler:34 - ERROR - Compilation error in session test_interactive_-2135393289291896759: [Errno 2] No such file or directory: './/tmp/compiler_test_interactive_-2135393289291896759_qcuo_0u6/program' - MainProcess:MainThread
2025-01-22 23:47:57,197 - compiler:26 - INFO - Starting compilation for session test_interactive_-4552275967527800543 - MainProcess:MainThread
2025-01-22 23:48:04,140 - compiler:26 - INFO - Session test_interactive_-8074868202826546056 state changed to: session_started - MainProcess:MainThread
2025-01-22 23:48:11,934 - compiler:26 - INFO - Session test_interactive_2207849083419624783 state changed to: session_started - MainProcess:MainThread
2025-01-23 00:37:28,724 - compiler:111 - DEBUG - Logging initialized for compiler - MainProcess:MainThread
2025-01-23 00:37:28,724 - compiler:26 - INFO - Starting compilation for session test_interactive_8319230712900430785 - MainProcess:MainThread
2025-01-23 00:37:32,572 - compiler:26 - INFO - Session test_interactive_8319230712900430785 state changed to: session_started - MainProcess:MainThread
