2025-01-22 17:29:37,111 - utils.compiler_logger - INFO - Starting compilation for session test_interactive_-1633926600971050110
2025-01-22 17:29:37,111 - utils.compiler_logger - ERROR - Runtime error in session test_interactive_-1633926600971050110: compile_and_run() got an unexpected keyword argument 'session_id'
2025-01-22 17:29:41,711 - utils.compiler_logger - INFO - Starting compilation for session test_interactive_-5241937378917406411
2025-01-22 17:29:41,712 - utils.compiler_logger - ERROR - Runtime error in session test_interactive_-5241937378917406411: compile_and_run() got an unexpected keyword argument 'session_id'
2025-01-22 17:29:46,731 - utils.compiler_logger - INFO - Starting compilation for session test_interactive_-6241370096778824746
2025-01-22 17:29:46,731 - utils.compiler_logger - ERROR - Runtime error in session test_interactive_-6241370096778824746: compile_and_run() got an unexpected keyword argument 'session_id'
2025-01-22 17:29:46,932 - utils.compiler_logger - INFO - Starting compilation for session test_interactive_-997013145932206856
2025-01-22 17:29:46,933 - utils.compiler_logger - ERROR - Runtime error in session test_interactive_-997013145932206856: compile_and_run() got an unexpected keyword argument 'session_id'
2025-01-22 17:29:47,582 - utils.compiler_logger - INFO - Starting compilation for session test_interactive_3623875705741727560
2025-01-22 17:29:47,583 - utils.compiler_logger - ERROR - Runtime error in session test_interactive_3623875705741727560: compile_and_run() got an unexpected keyword argument 'session_id'
2025-01-22 17:33:58,155 - utils.compiler_logger - INFO - Starting compilation for session test_interactive_5538303836338769721
2025-01-22 17:33:58,156 - utils.compiler_logger - ERROR - Runtime error in session test_interactive_5538303836338769721: compile_and_run() got an unexpected keyword argument 'session_id'
2025-01-22 17:44:09,026 - utils.compiler_logger - INFO - Starting compilation for session test_interactive_8057012128887955778
2025-01-22 17:44:11,776 - utils.compiler_logger - ERROR - Compilation error in session test_interactive_8057012128887955778: {
  "total_errors": 3,
  "error_patterns": {
    "CompilerError:CS1513": 1,
    "CompilerError:CS1529": 1,
    "CompilerError:CS1022": 1
  },
  "most_common": [
    "CompilerError:CS1513",
    1
  ],
  "frequent_patterns": {},
  "recent_errors": [
    {
      "error_type": "CompilerError",
      "message": "Type or namespace definition, or end-of-file expected [/tmp/compiler_cache/compile_d6b7db4f/Project_d6b7db4f.csproj]",
      "file": "1:7>/tmp/compiler_cache/compile_d6b7db4f/Program.cs",
      "line": 16,
      "column": 1,
      "code": "CS1022",
      "timestamp": "2025-01-22T17:44:11.765965"
    },
    {
      "error_type": "CompilerError",
      "message": "A using clause must precede all other elements defined in the namespace except extern alias declarations [/tmp/compiler_cache/compile_d6b7db4f/Project_d6b7db4f.csproj]",
      "file": "1:7>/tmp/compiler_cache/compile_d6b7db4f/Program.cs",
      "line": 5,
      "column": 9,
      "code": "CS1529",
      "timestamp": "2025-01-22T17:44:11.765958"
    },
    {
      "error_type": "CompilerError",
      "message": "} expected [/tmp/compiler_cache/compile_d6b7db4f/Project_d6b7db4f.csproj]",
      "file": "1:7>/tmp/compiler_cache/compile_d6b7db4f/Program.cs",
      "line": 4,
      "column": 6,
      "code": "CS1513",
      "timestamp": "2025-01-22T17:44:11.765899"
    }
  ],
  "error_categories": {
    "CompilerError": 3
  },
  "recommendations": {
    "CS1513": [
      "Check for missing closing braces '}'",
      "Ensure all blocks are properly closed",
      "Verify code block structure"
    ]
  }
}
2025-01-22 17:45:57,725 - utils.compiler_logger - INFO - Starting compilation for session test_interactive_4245355531547963424
2025-01-22 17:46:00,810 - utils.compiler_logger - ERROR - Compilation error in session test_interactive_4245355531547963424: {
  "total_errors": 3,
  "error_patterns": {
    "CompilerError:CS1513": 1,
    "CompilerError:CS1529": 1,
    "CompilerError:CS1022": 1
  },
  "most_common": [
    "CompilerError:CS1513",
    1
  ],
  "frequent_patterns": {},
  "recent_errors": [
    {
      "error_type": "CompilerError",
      "message": "Type or namespace definition, or end-of-file expected [/tmp/compiler_cache/compile_co6q8_wy/Project_wy.csproj]",
      "file": "1:7>/tmp/compiler_cache/compile_co6q8_wy/Program.cs",
      "line": 18,
      "column": 1,
      "code": "CS1022",
      "timestamp": "2025-01-22T17:46:00.807634"
    },
    {
      "error_type": "CompilerError",
      "message": "A using clause must precede all other elements defined in the namespace except extern alias declarations [/tmp/compiler_cache/compile_co6q8_wy/Project_wy.csproj]",
      "file": "1:7>/tmp/compiler_cache/compile_co6q8_wy/Program.cs",
      "line": 6,
      "column": 1,
      "code": "CS1529",
      "timestamp": "2025-01-22T17:46:00.807629"
    },
    {
      "error_type": "CompilerError",
      "message": "} expected [/tmp/compiler_cache/compile_co6q8_wy/Project_wy.csproj]",
      "file": "1:7>/tmp/compiler_cache/compile_co6q8_wy/Program.cs",
      "line": 4,
      "column": 6,
      "code": "CS1513",
      "timestamp": "2025-01-22T17:46:00.807614"
    }
  ],
  "error_categories": {
    "CompilerError": 3
  },
  "recommendations": {
    "CS1513": [
      "Check for missing closing braces '}'",
      "Ensure all blocks are properly closed",
      "Verify code block structure"
    ]
  }
}
2025-01-22 17:53:47,641 - utils.compiler_logger - INFO - Starting compilation for session test_interactive_3210489019011631090
2025-01-22 17:53:51,422 - utils.compiler_logger - ERROR - Compilation error in session test_interactive_3210489019011631090: {
  "total_errors": 3,
  "error_patterns": {
    "CompilerError:CS1513": 1,
    "CompilerError:CS1529": 1,
    "CompilerError:CS1022": 1
  },
  "most_common": [
    "CompilerError:CS1513",
    1
  ],
  "frequent_patterns": {},
  "recent_errors": [
    {
      "error_type": "CompilerError",
      "message": "Type or namespace definition, or end-of-file expected [/tmp/compiler_cache/compile_ri79taox/Project_ri79taox.csproj]",
      "file": "1:7>/tmp/compiler_cache/compile_ri79taox/Program.cs",
      "line": 19,
      "column": 1,
      "code": "CS1022",
      "timestamp": "2025-01-22T17:53:51.397384"
    },
    {
      "error_type": "CompilerError",
      "message": "A using clause must precede all other elements defined in the namespace except extern alias declarations [/tmp/compiler_cache/compile_ri79taox/Project_ri79taox.csproj]",
      "file": "1:7>/tmp/compiler_cache/compile_ri79taox/Program.cs",
      "line": 8,
      "column": 9,
      "code": "CS1529",
      "timestamp": "2025-01-22T17:53:51.397375"
    },
    {
      "error_type": "CompilerError",
      "message": "} expected [/tmp/compiler_cache/compile_ri79taox/Project_ri79taox.csproj]",
      "file": "1:7>/tmp/compiler_cache/compile_ri79taox/Program.cs",
      "line": 7,
      "column": 27,
      "code": "CS1513",
      "timestamp": "2025-01-22T17:53:51.397354"
    }
  ],
  "error_categories": {
    "CompilerError": 3
  },
  "recommendations": {
    "CS1513": [
      "Check for missing closing braces '}'",
      "Ensure all blocks are properly closed",
      "Verify code block structure"
    ]
  }
}
2025-01-22 17:53:53,861 - utils.compiler_logger - INFO - Starting compilation for session test_interactive_7194173910203464031
2025-01-22 17:53:54,083 - utils.compiler_logger - INFO - Starting compilation for session test_interactive_-7737962132600789317
2025-01-22 17:53:56,420 - utils.compiler_logger - ERROR - Compilation error in session test_interactive_-7737962132600789317: {
  "total_errors": 3,
  "error_patterns": {
    "CompilerError:CS1513": 1,
    "CompilerError:CS1529": 1,
    "CompilerError:CS1022": 1
  },
  "most_common": [
    "CompilerError:CS1513",
    1
  ],
  "frequent_patterns": {},
  "recent_errors": [
    {
      "error_type": "CompilerError",
      "message": "Type or namespace definition, or end-of-file expected [/tmp/compiler_cache/compile___uyng8q/Project_uyng8q.csproj]",
      "file": "1:7>/tmp/compiler_cache/compile___uyng8q/Program.cs",
      "line": 19,
      "column": 1,
      "code": "CS1022",
      "timestamp": "2025-01-22T17:53:56.417099"
    },
    {
      "error_type": "CompilerError",
      "message": "A using clause must precede all other elements defined in the namespace except extern alias declarations [/tmp/compiler_cache/compile___uyng8q/Project_uyng8q.csproj]",
      "file": "1:7>/tmp/compiler_cache/compile___uyng8q/Program.cs",
      "line": 8,
      "column": 9,
      "code": "CS1529",
      "timestamp": "2025-01-22T17:53:56.417090"
    },
    {
      "error_type": "CompilerError",
      "message": "} expected [/tmp/compiler_cache/compile___uyng8q/Project_uyng8q.csproj]",
      "file": "1:7>/tmp/compiler_cache/compile___uyng8q/Program.cs",
      "line": 7,
      "column": 27,
      "code": "CS1513",
      "timestamp": "2025-01-22T17:53:56.417069"
    }
  ],
  "error_categories": {
    "CompilerError": 3
  },
  "recommendations": {
    "CS1513": [
      "Check for missing closing braces '}'",
      "Ensure all blocks are properly closed",
      "Verify code block structure"
    ]
  }
}
2025-01-22 17:53:56,424 - utils.compiler_logger - ERROR - Compilation error in session test_interactive_7194173910203464031: {
  "total_errors": 3,
  "error_patterns": {
    "CompilerError:CS1513": 1,
    "CompilerError:CS1529": 1,
    "CompilerError:CS1022": 1
  },
  "most_common": [
    "CompilerError:CS1513",
    1
  ],
  "frequent_patterns": {},
  "recent_errors": [
    {
      "error_type": "CompilerError",
      "message": "Type or namespace definition, or end-of-file expected [/tmp/compiler_cache/compile_n5pnu4sc/Project_n5pnu4sc.csproj]",
      "file": "1:7>/tmp/compiler_cache/compile_n5pnu4sc/Program.cs",
      "line": 19,
      "column": 1,
      "code": "CS1022",
      "timestamp": "2025-01-22T17:53:56.420770"
    },
    {
      "error_type": "CompilerError",
      "message": "A using clause must precede all other elements defined in the namespace except extern alias declarations [/tmp/compiler_cache/compile_n5pnu4sc/Project_n5pnu4sc.csproj]",
      "file": "1:7>/tmp/compiler_cache/compile_n5pnu4sc/Program.cs",
      "line": 8,
      "column": 9,
      "code": "CS1529",
      "timestamp": "2025-01-22T17:53:56.420760"
    },
    {
      "error_type": "CompilerError",
      "message": "} expected [/tmp/compiler_cache/compile_n5pnu4sc/Project_n5pnu4sc.csproj]",
      "file": "1:7>/tmp/compiler_cache/compile_n5pnu4sc/Program.cs",
      "line": 7,
      "column": 27,
      "code": "CS1513",
      "timestamp": "2025-01-22T17:53:56.420735"
    }
  ],
  "error_categories": {
    "CompilerError": 3
  },
  "recommendations": {
    "CS1513": [
      "Check for missing closing braces '}'",
      "Ensure all blocks are properly closed",
      "Verify code block structure"
    ]
  }
}
2025-01-22 18:40:04,147 - utils.compiler_logger - INFO - Starting compilation for session test_interactive_5457529253194398602
2025-01-22 18:40:08,106 - utils.compiler_logger - INFO - Session test_interactive_5457529253194398602 state changed to: session_started
2025-01-22 18:40:10,067 - utils.compiler_logger - INFO - Starting compilation for session test_interactive_-3467018801961601449
2025-01-22 18:40:10,258 - utils.compiler_logger - INFO - Starting compilation for session test_interactive_3360940234705175756
2025-01-22 18:40:14,061 - utils.compiler_logger - INFO - Session test_interactive_-3467018801961601449 state changed to: session_started
2025-01-22 18:40:14,272 - utils.compiler_logger - INFO - Session test_interactive_3360940234705175756 state changed to: session_started
2025-01-22 18:44:50,353 - utils.compiler_logger - INFO - Starting compilation for session test_interactive_2309188324735213966
2025-01-22 18:44:55,584 - utils.compiler_logger - INFO - Session test_interactive_2309188324735213966 state changed to: session_started
2025-01-22 18:44:56,162 - utils.compiler_logger - INFO - Starting compilation for session test_interactive_3959648569345519162
2025-01-22 18:44:56,403 - utils.compiler_logger - INFO - Starting compilation for session test_interactive_8595898617249702151
2025-01-22 18:44:59,848 - utils.compiler_logger - INFO - Session test_interactive_3959648569345519162 state changed to: session_started
2025-01-22 18:45:00,029 - utils.compiler_logger - INFO - Session test_interactive_8595898617249702151 state changed to: session_started
2025-01-22 18:48:11,095 - utils.compiler_logger - INFO - Starting compilation for session test_interactive_7483139144658990090
2025-01-22 18:48:15,912 - utils.compiler_logger - INFO - Session test_interactive_7483139144658990090 state changed to: session_started
2025-01-22 18:48:16,755 - utils.compiler_logger - INFO - Starting compilation for session test_interactive_1104902687921196618
2025-01-22 18:48:17,014 - utils.compiler_logger - INFO - Starting compilation for session test_interactive_7617019502018459657
2025-01-22 18:48:20,433 - utils.compiler_logger - INFO - Session test_interactive_1104902687921196618 state changed to: session_started
2025-01-22 18:48:20,615 - utils.compiler_logger - INFO - Session test_interactive_7617019502018459657 state changed to: session_started
2025-01-22 18:52:29,035 - utils.compiler_logger - INFO - Starting compilation for session test_interactive_-8993186584393512902
2025-01-22 18:52:35,132 - utils.compiler_logger - INFO - Starting compilation for session test_interactive_-637081984243386357
2025-01-22 18:52:35,286 - utils.compiler_logger - INFO - Session test_interactive_-8993186584393512902 state changed to: session_started
2025-01-22 18:52:35,541 - utils.compiler_logger - INFO - Starting compilation for session test_interactive_-2139371254644443969
2025-01-22 18:52:39,318 - utils.compiler_logger - INFO - Session test_interactive_-637081984243386357 state changed to: session_started
2025-01-22 18:52:39,433 - utils.compiler_logger - INFO - Session test_interactive_-2139371254644443969 state changed to: session_started
2025-01-22 19:04:10,468 - utils.compiler_logger - INFO - Starting compilation for session test_interactive_-8923260603329044175
2025-01-22 19:04:14,452 - utils.compiler_logger - INFO - Session test_interactive_-8923260603329044175 state changed to: session_started
2025-01-22 19:04:16,321 - utils.compiler_logger - INFO - Starting compilation for session test_interactive_-578619780063435019
2025-01-22 19:04:16,671 - utils.compiler_logger - INFO - Starting compilation for session test_interactive_4946843011790812087
2025-01-22 19:04:20,530 - utils.compiler_logger - INFO - Session test_interactive_-578619780063435019 state changed to: session_started
2025-01-22 19:04:21,091 - utils.compiler_logger - INFO - Session test_interactive_4946843011790812087 state changed to: session_started
2025-01-22 19:12:09,560 - utils.compiler_logger - INFO - Starting compilation for session test_interactive_-3854350733530365825
2025-01-22 19:12:10,050 - utils.compiler_logger - INFO - Session test_interactive_-3854350733530365825 state changed to: session_started
2025-01-22 19:12:11,066 - utils.compiler_logger - ERROR - Runtime error in session test_interactive_-3854350733530365825: Failed to get initial output
2025-01-22 19:12:11,069 - utils.compiler_logger - INFO - Starting compilation for session test_interactive_-6930025719370442168
2025-01-22 19:12:14,513 - utils.compiler_logger - INFO - Session test_interactive_-6930025719370442168 state changed to: session_started
2025-01-22 19:12:15,515 - utils.compiler_logger - ERROR - Runtime error in session test_interactive_-6930025719370442168: Failed to get initial output
2025-01-22 19:12:58,004 - utils.compiler_logger - INFO - Starting compilation for session test_interactive_6924633867368820921
2025-01-22 19:12:58,452 - utils.compiler_logger - INFO - Session test_interactive_6924633867368820921 state changed to: session_started
2025-01-22 19:12:59,454 - utils.compiler_logger - ERROR - Runtime error in session test_interactive_6924633867368820921: Failed to get initial output
2025-01-22 19:12:59,456 - utils.compiler_logger - INFO - Starting compilation for session test_interactive_-1042348032581061616
2025-01-22 19:13:02,818 - utils.compiler_logger - INFO - Session test_interactive_-1042348032581061616 state changed to: session_started
2025-01-22 19:13:03,820 - utils.compiler_logger - ERROR - Runtime error in session test_interactive_-1042348032581061616: Failed to get initial output
2025-01-22 19:13:46,965 - utils.compiler_logger - INFO - Starting compilation for session test_interactive_1287398163820160216
2025-01-22 19:13:48,429 - utils.compiler_logger - INFO - Session test_interactive_1287398163820160216 state changed to: session_started
2025-01-22 19:13:48,430 - utils.compiler_logger - ERROR - Runtime error in session test_interactive_1287398163820160216: Failed to get initial output
2025-01-22 19:13:48,432 - utils.compiler_logger - INFO - Starting compilation for session test_interactive_2707565762510816100
2025-01-22 19:13:52,567 - utils.compiler_logger - INFO - Session test_interactive_2707565762510816100 state changed to: session_started
2025-01-22 19:13:52,569 - utils.compiler_logger - ERROR - Runtime error in session test_interactive_2707565762510816100: Failed to get initial output
2025-01-22 19:15:11,375 - utils.compiler_logger - INFO - Starting compilation for session test_interactive_db79e5ec
2025-01-22 19:15:13,133 - utils.compiler_logger - INFO - Session test_interactive_db79e5ec state changed to: session_started
2025-01-22 19:15:13,139 - utils.compiler_logger - ERROR - Runtime error in session test_interactive_db79e5ec: Failed to get initial output
2025-01-22 19:15:13,141 - utils.compiler_logger - INFO - Starting compilation for session test_interactive_50d74ffb
2025-01-22 19:15:17,981 - utils.compiler_logger - INFO - Session test_interactive_50d74ffb state changed to: session_started
2025-01-22 19:15:17,982 - utils.compiler_logger - ERROR - Runtime error in session test_interactive_50d74ffb: Failed to get initial output
2025-01-22 19:15:59,419 - utils.compiler_logger - INFO - Starting compilation for session test_interactive_6626298383154367928
2025-01-22 19:15:59,966 - utils.compiler_logger - INFO - Session test_interactive_6626298383154367928 state changed to: session_started
2025-01-22 19:19:52,246 - utils.compiler_logger - INFO - Starting compilation for session test_interactive_1214651792133135822
2025-01-22 19:19:57,179 - utils.compiler_logger - INFO - Session test_interactive_1214651792133135822 state changed to: session_started
2025-01-22 19:19:58,630 - utils.compiler_logger - INFO - Starting compilation for session test_interactive_-8242588253619253695
2025-01-22 19:19:58,931 - utils.compiler_logger - INFO - Starting compilation for session test_interactive_4761716366467913092
2025-01-22 19:19:59,256 - utils.compiler_logger - INFO - Starting compilation for session test_interactive_7961515630856412061
2025-01-22 19:20:00,113 - utils.compiler_logger - INFO - Session test_interactive_7961515630856412061 state changed to: session_started
2025-01-22 19:20:03,108 - utils.compiler_logger - INFO - Session test_interactive_-8242588253619253695 state changed to: session_started
2025-01-22 19:20:03,376 - utils.compiler_logger - INFO - Session test_interactive_4761716366467913092 state changed to: session_started
2025-01-22 19:20:51,147 - utils.compiler_logger - INFO - Starting compilation for session test_interactive_-4907314956046080211
2025-01-22 19:20:54,981 - utils.compiler_logger - INFO - Session test_interactive_-4907314956046080211 state changed to: session_started
2025-01-22 19:20:57,456 - utils.compiler_logger - INFO - Starting compilation for session test_interactive_-5152130086359831694
2025-01-22 19:20:57,758 - utils.compiler_logger - INFO - Starting compilation for session test_interactive_8525651911464852123
2025-01-22 19:20:58,051 - utils.compiler_logger - INFO - Starting compilation for session test_interactive_-1550211771825080288
2025-01-22 19:20:58,533 - utils.compiler_logger - INFO - Session test_interactive_-1550211771825080288 state changed to: session_started
2025-01-22 19:21:01,382 - utils.compiler_logger - INFO - Session test_interactive_-5152130086359831694 state changed to: session_started
2025-01-22 19:21:01,632 - utils.compiler_logger - INFO - Session test_interactive_8525651911464852123 state changed to: session_started
2025-01-22 19:21:50,979 - utils.compiler_logger - INFO - Starting compilation for session test_interactive_-6059123254021806779
2025-01-22 19:21:54,707 - utils.compiler_logger - INFO - Session test_interactive_-6059123254021806779 state changed to: session_started
2025-01-22 19:21:56,393 - utils.compiler_logger - INFO - Starting compilation for session test_interactive_1288242003144741796
2025-01-22 19:21:56,639 - utils.compiler_logger - INFO - Starting compilation for session test_interactive_-6449086814167915823
2025-01-22 19:21:56,962 - utils.compiler_logger - INFO - Starting compilation for session test_interactive_2386502690931514003
2025-01-22 19:21:57,624 - utils.compiler_logger - INFO - Starting compilation for session test_interactive_-3157794516753810863
2025-01-22 19:21:58,547 - utils.compiler_logger - INFO - Session test_interactive_1288242003144741796 state changed to: session_started
2025-01-22 19:22:00,129 - utils.compiler_logger - INFO - Session test_interactive_-6449086814167915823 state changed to: session_started
2025-01-22 19:26:49,146 - utils.compiler_logger - INFO - Starting compilation for session test_interactive_-3640457491925507469
2025-01-22 19:26:52,216 - utils.compiler_logger - INFO - Session test_interactive_-3640457491925507469 state changed to: session_started
2025-01-22 19:26:54,464 - utils.compiler_logger - INFO - Starting compilation for session test_interactive_-4578871859821588094
2025-01-22 19:26:54,747 - utils.compiler_logger - INFO - Starting compilation for session test_interactive_1513445031070696657
2025-01-22 19:26:55,047 - utils.compiler_logger - INFO - Starting compilation for session test_interactive_1358208889115086366
2025-01-22 19:26:58,801 - utils.compiler_logger - INFO - Session test_interactive_-4578871859821588094 state changed to: session_started
2025-01-22 19:26:59,094 - utils.compiler_logger - INFO - Session test_interactive_1513445031070696657 state changed to: session_started
2025-01-22 19:30:07,701 - utils.compiler_logger - INFO - Starting compilation for session test_interactive_-4105375131140273963
2025-01-22 19:30:12,002 - utils.compiler_logger - INFO - Session test_interactive_-4105375131140273963 state changed to: session_started
2025-01-22 19:30:12,804 - utils.compiler_logger - INFO - Starting compilation for session test_interactive_1175427680973376629
2025-01-22 19:30:13,095 - utils.compiler_logger - INFO - Starting compilation for session test_interactive_-2811268552472595851
2025-01-22 19:30:13,650 - utils.compiler_logger - INFO - Starting compilation for session test_interactive_7340138694186598014
2025-01-22 19:30:17,602 - utils.compiler_logger - INFO - Session test_interactive_1175427680973376629 state changed to: session_started
2025-01-22 19:30:17,990 - utils.compiler_logger - INFO - Session test_interactive_-2811268552472595851 state changed to: session_started
2025-01-22 19:32:47,010 - utils.compiler_logger - INFO - Starting compilation for session test_interactive_3437329424738211666
2025-01-22 19:32:51,566 - utils.compiler_logger - INFO - Session test_interactive_3437329424738211666 state changed to: session_started
2025-01-22 19:32:52,525 - utils.compiler_logger - INFO - Starting compilation for session test_interactive_-1028314537475603638
2025-01-22 19:32:52,805 - utils.compiler_logger - INFO - Starting compilation for session test_interactive_-2087537496433238338
2025-01-22 19:32:53,212 - utils.compiler_logger - INFO - Starting compilation for session test_interactive_8522972476055478793
2025-01-22 19:32:56,108 - utils.compiler_logger - INFO - Session test_interactive_-1028314537475603638 state changed to: session_started
2025-01-22 19:32:56,362 - utils.compiler_logger - INFO - Session test_interactive_-2087537496433238338 state changed to: session_started
2025-01-22 19:33:36,127 - utils.compiler_logger - INFO - Starting compilation for session test_interactive_979338406892594671
2025-01-22 19:33:40,373 - utils.compiler_logger - INFO - Session test_interactive_979338406892594671 state changed to: session_started
2025-01-22 19:33:41,357 - utils.compiler_logger - INFO - Starting compilation for session test_interactive_2678663094945767296
2025-01-22 19:33:41,617 - utils.compiler_logger - INFO - Starting compilation for session test_interactive_1731018422276709336
2025-01-22 19:33:41,952 - utils.compiler_logger - INFO - Starting compilation for session test_interactive_-1406178863341272169
2025-01-22 19:33:44,896 - utils.compiler_logger - INFO - Session test_interactive_2678663094945767296 state changed to: session_started
2025-01-22 19:33:45,193 - utils.compiler_logger - INFO - Session test_interactive_1731018422276709336 state changed to: session_started
2025-01-22 19:35:00,843 - utils.compiler_logger - INFO - Starting compilation for session test_interactive_-930796964247966200
2025-01-22 19:35:05,035 - utils.compiler_logger - INFO - Session test_interactive_-930796964247966200 state changed to: session_started
2025-01-22 19:35:06,034 - utils.compiler_logger - INFO - Starting compilation for session test_interactive_-4612189868093489004
2025-01-22 19:35:06,304 - utils.compiler_logger - INFO - Starting compilation for session test_interactive_-809628804885286354
2025-01-22 19:35:06,554 - utils.compiler_logger - INFO - Starting compilation for session test_interactive_2760135103299031087
2025-01-22 19:35:09,574 - utils.compiler_logger - INFO - Session test_interactive_-4612189868093489004 state changed to: session_started
2025-01-22 19:35:09,963 - utils.compiler_logger - INFO - Session test_interactive_-809628804885286354 state changed to: session_started
2025-01-22 19:38:43,255 - utils.compiler_logger - INFO - Starting compilation for session test_interactive_2208514083329421706
2025-01-22 19:38:47,726 - utils.compiler_logger - INFO - Session test_interactive_2208514083329421706 state changed to: session_started
2025-01-22 19:38:48,855 - utils.compiler_logger - INFO - Starting compilation for session test_interactive_4622881690664242859
2025-01-22 19:38:49,120 - utils.compiler_logger - INFO - Starting compilation for session test_interactive_-5804520760322920385
2025-01-22 19:38:49,568 - utils.compiler_logger - INFO - Starting compilation for session test_interactive_-8434219719257374714
2025-01-22 19:38:52,269 - utils.compiler_logger - INFO - Session test_interactive_4622881690664242859 state changed to: session_started
2025-01-22 19:38:52,872 - utils.compiler_logger - INFO - Session test_interactive_-5804520760322920385 state changed to: session_started
2025-01-22 19:39:55,910 - utils.compiler_logger - INFO - Starting compilation for session test_interactive_-1198144849741562883
2025-01-22 19:40:02,119 - utils.compiler_logger - INFO - Starting compilation for session test_interactive_-6025645762526586725
2025-01-22 19:40:02,507 - utils.compiler_logger - INFO - Starting compilation for session test_interactive_4904308914158385224
2025-01-22 19:40:02,795 - utils.compiler_logger - INFO - Session test_interactive_-1198144849741562883 state changed to: session_started
2025-01-22 19:40:02,831 - utils.compiler_logger - INFO - Starting compilation for session test_interactive_-7910634226946066579
2025-01-22 19:40:07,741 - utils.compiler_logger - INFO - Session test_interactive_4904308914158385224 state changed to: session_started
2025-01-22 19:40:07,767 - utils.compiler_logger - INFO - Session test_interactive_-6025645762526586725 state changed to: session_started
