2025-01-23 02:54:28,333 - database:111 - DEBUG - Logging initialized for database - MainProcess:MainThread
2025-01-23 02:54:28,336 - app:30 - WARNING - Redis not available, falling back to in-memory queue - MainProcess:MainThread
2025-01-23 02:54:28,986 - database:111 - DEBUG - Logging initialized for database - MainProcess:MainThread
2025-01-23 02:54:28,987 - app:30 - WARNING - Redis not available, falling back to in-memory queue - MainProcess:MainThread
2025-01-23 02:54:29,202 - engineio.server:112 - INFO - Server initialized for eventlet. - MainProcess:MainThread
2025-01-23 02:54:29,207 - app:55 - INFO - Initializing Flask application - MainProcess:MainThread
2025-01-23 02:54:29,213 - app:70 - DEBUG - Application configuration loaded - MainProcess:MainThread
2025-01-23 02:54:29,281 - engineio.server:112 - INFO - Server initialized for eventlet. - MainProcess:MainThread
2025-01-23 02:54:29,284 - app:55 - INFO - Initializing Flask application - MainProcess:MainThread
2025-01-23 02:54:29,285 - app:70 - DEBUG - Application configuration loaded - MainProcess:MainThread
2025-01-23 02:54:29,361 - app:75 - INFO - Database initialized - MainProcess:MainThread
2025-01-23 02:54:29,363 - engineio.server:112 - INFO - Server initialized for eventlet. - MainProcess:MainThread
2025-01-23 02:54:29,363 - app:82 - INFO - Socket.IO initialized - MainProcess:MainThread
2025-01-23 02:54:29,386 - app:91 - INFO - CORS, Session, and CSRF protection initialized - MainProcess:MainThread
2025-01-23 02:54:29,934 - app:75 - INFO - Database initialized - MainProcess:MainThread
2025-01-23 02:54:29,934 - engineio.server:112 - INFO - Server initialized for eventlet. - MainProcess:MainThread
2025-01-23 02:54:29,935 - app:82 - INFO - Socket.IO initialized - MainProcess:MainThread
2025-01-23 02:54:29,947 - app:91 - INFO - CORS, Session, and CSRF protection initialized - MainProcess:MainThread
2025-01-23 02:54:30,600 - app:98 - INFO - Database tables created - MainProcess:MainThread
2025-01-23 02:54:30,635 - app:113 - INFO - Application initialized successfully - MainProcess:MainThread
2025-01-23 02:54:30,900 - __main__:47 - INFO - Starting ICS3U curriculum import process... - MainProcess:MainThread
2025-01-23 02:54:30,983 - app:98 - INFO - Database tables created - MainProcess:MainThread
2025-01-23 02:54:30,985 - __main__:89 - ERROR - Import failed: The current Flask app is not registered with this 'SQLAlchemy' instance. Did you forget to call 'init_app', or did you create multiple 'SQLAlchemy' instances? - MainProcess:MainThread
2025-01-23 02:54:30,988 - app:113 - INFO - Application initialized successfully - MainProcess:MainThread
2025-01-23 02:54:31,086 - __main__:47 - INFO - Starting ICS3U curriculum import process... - MainProcess:MainThread
2025-01-23 02:54:31,188 - __main__:89 - ERROR - Import failed: The current Flask app is not registered with this 'SQLAlchemy' instance. Did you forget to call 'init_app', or did you create multiple 'SQLAlchemy' instances? - MainProcess:MainThread
