2025-01-23 01:09:38,971 - database:111 - DEBUG - Logging initialized for database - MainProcess:MainThread
2025-01-23 01:09:38,972 - app:30 - WARNING - Redis not available, falling back to in-memory queue - MainProcess:MainThread
2025-01-23 01:09:38,977 - engineio.server:112 - INFO - Server initialized for eventlet. - MainProcess:MainThread
2025-01-23 01:09:38,977 - app:55 - INFO - Initializing Flask application - MainProcess:MainThread
2025-01-23 01:09:38,978 - app:70 - DEBUG - Application configuration loaded - MainProcess:MainThread
2025-01-23 01:09:39,008 - app:75 - INFO - Database initialized - MainProcess:MainThread
2025-01-23 01:09:39,008 - engineio.server:112 - INFO - Server initialized for eventlet. - MainProcess:MainThread
2025-01-23 01:09:39,009 - app:82 - INFO - Socket.IO initialized - MainProcess:MainThread
2025-01-23 01:09:39,019 - app:91 - INFO - CORS, Session, and CSRF protection initialized - MainProcess:MainThread
2025-01-23 01:09:40,516 - app:98 - INFO - Database tables created - MainProcess:MainThread
2025-01-23 01:09:40,517 - app:113 - INFO - Application initialized successfully - MainProcess:MainThread
2025-01-23 01:09:40,517 - __main__:25 - INFO - Starting Flask server with SocketIO on port 5000 - MainProcess:MainThread
2025-01-23 01:09:40,518 - werkzeug:96 - WARNING -  * Debugger is active! - MainProcess:MainThread
2025-01-23 01:09:40,519 - werkzeug:96 - INFO -  * Debugger PIN: 454-147-207 - MainProcess:MainThread
2025-01-23 01:09:41,194 - app:107 - DEBUG - Rendering console page - MainProcess:GreenThread-1
2025-01-23 01:09:42,185 - engineio.server:78 - INFO - oK_2ACM6NgGc2KolAAAA: Sending packet OPEN data {'sid': 'oK_2ACM6NgGc2KolAAAA', 'upgrades': [], 'pingTimeout': 60000, 'pingInterval': 25000, 'maxPayload': 100000000.0} - MainProcess:GreenThread-2
2025-01-23 01:09:42,185 - engineio.server:90 - INFO - oK_2ACM6NgGc2KolAAAA: Received request to upgrade to websocket - MainProcess:GreenThread-2
2025-01-23 01:09:42,186 - engineio.server:219 - INFO - oK_2ACM6NgGc2KolAAAA: Upgrade to websocket successful - MainProcess:GreenThread-2
2025-01-23 01:09:42,277 - engineio.server:39 - INFO - oK_2ACM6NgGc2KolAAAA: Received packet MESSAGE data 0 - MainProcess:GreenThread-2
2025-01-23 01:09:42,278 - engineio.server:78 - INFO - oK_2ACM6NgGc2KolAAAA: Sending packet MESSAGE data 0{"sid":"dO8_ko3xanScLHwIAAAB"} - MainProcess:GreenThread-2
2025-01-23 01:09:42,279 - app:132 - INFO - Client connected: dO8_ko3xanScLHwIAAAB - MainProcess:GreenThread-2
2025-01-23 01:09:42,279 - engineio.server:78 - INFO - oK_2ACM6NgGc2KolAAAA: Sending packet MESSAGE data 2["connection_established",{"status":"connected","sid":"dO8_ko3xanScLHwIAAAB"}] - MainProcess:GreenThread-2
2025-01-23 01:09:49,928 - werkzeug:96 - INFO -  * Detected change in '/home/runner/workspace/test_web_console_io.py', reloading - MainProcess:MainThread
