2025-01-23 02:37:36,292 - database:111 - DEBUG - Logging initialized for database - MainProcess:MainThread
2025-01-23 02:37:36,293 - app:30 - WARNING - Redis not available, falling back to in-memory queue - MainProcess:MainThread
2025-01-23 02:37:36,423 - database:111 - DEBUG - Logging initialized for database - MainProcess:MainThread
2025-01-23 02:37:36,424 - app:30 - WARNING - Redis not available, falling back to in-memory queue - MainProcess:MainThread
2025-01-23 02:37:36,663 - engineio.server:112 - INFO - Server initialized for eventlet. - MainProcess:MainThread
2025-01-23 02:37:36,664 - app:55 - INFO - Initializing Flask application - MainProcess:MainThread
2025-01-23 02:37:36,666 - app:70 - DEBUG - Application configuration loaded - MainProcess:MainThread
2025-01-23 02:37:36,703 - engineio.server:112 - INFO - Server initialized for eventlet. - MainProcess:MainThread
2025-01-23 02:37:36,714 - app:55 - INFO - Initializing Flask application - MainProcess:MainThread
2025-01-23 02:37:36,715 - app:70 - DEBUG - Application configuration loaded - MainProcess:MainThread
2025-01-23 02:37:36,867 - database:111 - DEBUG - Logging initialized for database - MainProcess:MainThread
2025-01-23 02:37:36,868 - app:30 - WARNING - Redis not available, falling back to in-memory queue - MainProcess:MainThread
2025-01-23 02:37:36,928 - app:75 - INFO - Database initialized - MainProcess:MainThread
2025-01-23 02:37:36,929 - engineio.server:112 - INFO - Server initialized for eventlet. - MainProcess:MainThread
2025-01-23 02:37:36,929 - app:82 - INFO - Socket.IO initialized - MainProcess:MainThread
2025-01-23 02:37:36,941 - app:91 - INFO - CORS, Session, and CSRF protection initialized - MainProcess:MainThread
2025-01-23 02:37:37,131 - engineio.server:112 - INFO - Server initialized for eventlet. - MainProcess:MainThread
2025-01-23 02:37:37,133 - app:55 - INFO - Initializing Flask application - MainProcess:MainThread
2025-01-23 02:37:37,134 - app:70 - DEBUG - Application configuration loaded - MainProcess:MainThread
2025-01-23 02:37:37,279 - app:75 - INFO - Database initialized - MainProcess:MainThread
2025-01-23 02:37:37,279 - engineio.server:112 - INFO - Server initialized for eventlet. - MainProcess:MainThread
2025-01-23 02:37:37,279 - app:82 - INFO - Socket.IO initialized - MainProcess:MainThread
2025-01-23 02:37:37,293 - app:91 - INFO - CORS, Session, and CSRF protection initialized - MainProcess:MainThread
2025-01-23 02:37:37,312 - app:75 - INFO - Database initialized - MainProcess:MainThread
2025-01-23 02:37:37,313 - engineio.server:112 - INFO - Server initialized for eventlet. - MainProcess:MainThread
2025-01-23 02:37:37,314 - app:82 - INFO - Socket.IO initialized - MainProcess:MainThread
2025-01-23 02:37:37,345 - app:91 - INFO - CORS, Session, and CSRF protection initialized - MainProcess:MainThread
2025-01-23 02:37:38,090 - app:98 - INFO - Database tables created - MainProcess:MainThread
2025-01-23 02:37:38,105 - app:113 - INFO - Application initialized successfully - MainProcess:MainThread
2025-01-23 02:37:38,200 - __main__:48 - INFO - Found in file: c2.1 concevoir des algorithmes qui répondent à des problèmes mathématiques donnés.
 - MainProcess:MainThread
2025-01-23 02:37:38,242 - __main__:108 - ERROR - Error during verification: The current Flask app is not registered with this 'SQLAlchemy' instance. Did you forget to call 'init_app', or did you create multiple 'SQLAlchemy' instances? - MainProcess:MainThread
Traceback (most recent call last):
  File "/home/runner/workspace/scripts/verify_c21.py", line 55, in verify_c21
    ).first()
      ^^^^^^^
  File "/home/runner/workspace/.pythonlibs/lib/python3.11/site-packages/sqlalchemy/orm/query.py", line 2728, in first
    return self.limit(1)._iter().first()  # type: ignore
           ^^^^^^^^^^^^^^^^^^^^^
  File "/home/runner/workspace/.pythonlibs/lib/python3.11/site-packages/sqlalchemy/orm/query.py", line 2827, in _iter
    result: Union[ScalarResult[_T], Result[_T]] = self.session.execute(
                                                  ^^^^^^^^^^^^^^^^^^^^^
  File "/home/runner/workspace/.pythonlibs/lib/python3.11/site-packages/sqlalchemy/orm/session.py", line 2362, in execute
    return self._execute_internal(
           ^^^^^^^^^^^^^^^^^^^^^^^
  File "/home/runner/workspace/.pythonlibs/lib/python3.11/site-packages/sqlalchemy/orm/session.py", line 2235, in _execute_internal
    bind = self.get_bind(**bind_arguments)
           ^^^^^^^^^^^^^^^^^^^^^^^^^^^^^^^
  File "/home/runner/workspace/.pythonlibs/lib/python3.11/site-packages/flask_sqlalchemy/session.py", line 53, in get_bind
    engines = self._db.engines
              ^^^^^^^^^^^^^^^^
  File "/home/runner/workspace/.pythonlibs/lib/python3.11/site-packages/flask_sqlalchemy/extension.py", line 690, in engines
    raise RuntimeError(
RuntimeError: The current Flask app is not registered with this 'SQLAlchemy' instance. Did you forget to call 'init_app', or did you create multiple 'SQLAlchemy' instances?
2025-01-23 02:37:38,318 - app:98 - INFO - Database tables created - MainProcess:MainThread
2025-01-23 02:37:38,321 - app:113 - INFO - Application initialized successfully - MainProcess:MainThread
2025-01-23 02:37:38,332 - app:98 - INFO - Database tables created - MainProcess:MainThread
2025-01-23 02:37:38,333 - app:113 - INFO - Application initialized successfully - MainProcess:MainThread
2025-01-23 02:37:38,451 - __main__:333 - INFO - Starting ICD2O curriculum import process... - MainProcess:MainThread
2025-01-23 02:37:38,491 - __main__:58 - ERROR - Error clearing existing data: The current Flask app is not registered with this 'SQLAlchemy' instance. Did you forget to call 'init_app', or did you create multiple 'SQLAlchemy' instances? - MainProcess:MainThread
2025-01-23 02:37:38,492 - __main__:387 - ERROR - Import failed: The current Flask app is not registered with this 'SQLAlchemy' instance. Did you forget to call 'init_app', or did you create multiple 'SQLAlchemy' instances? - MainProcess:MainThread
