2025-01-23 02:36:08,556 - database:111 - DEBUG - Logging initialized for database - MainProcess:MainThread
2025-01-23 02:36:08,557 - app:30 - WARNING - Redis not available, falling back to in-memory queue - MainProcess:MainThread
2025-01-23 02:36:08,648 - database:111 - DEBUG - Logging initialized for database - MainProcess:MainThread
2025-01-23 02:36:08,649 - app:30 - WARNING - Redis not available, falling back to in-memory queue - MainProcess:MainThread
2025-01-23 02:36:08,656 - database:111 - DEBUG - Logging initialized for database - MainProcess:MainThread
2025-01-23 02:36:08,670 - app:30 - WARNING - Redis not available, falling back to in-memory queue - MainProcess:MainThread
2025-01-23 02:36:08,934 - engineio.server:112 - INFO - Server initialized for eventlet. - MainProcess:MainThread
2025-01-23 02:36:08,935 - app:55 - INFO - Initializing Flask application - MainProcess:MainThread
2025-01-23 02:36:08,938 - app:70 - DEBUG - Application configuration loaded - MainProcess:MainThread
2025-01-23 02:36:08,942 - database:111 - DEBUG - Logging initialized for database - MainProcess:MainThread
2025-01-23 02:36:08,943 - app:30 - WARNING - Redis not available, falling back to in-memory queue - MainProcess:MainThread
2025-01-23 02:36:08,992 - engineio.server:112 - INFO - Server initialized for eventlet. - MainProcess:MainThread
2025-01-23 02:36:09,003 - app:55 - INFO - Initializing Flask application - MainProcess:MainThread
2025-01-23 02:36:09,012 - app:70 - DEBUG - Application configuration loaded - MainProcess:MainThread
2025-01-23 02:36:09,080 - engineio.server:112 - INFO - Server initialized for eventlet. - MainProcess:MainThread
2025-01-23 02:36:09,082 - app:55 - INFO - Initializing Flask application - MainProcess:MainThread
2025-01-23 02:36:09,087 - app:70 - DEBUG - Application configuration loaded - MainProcess:MainThread
2025-01-23 02:36:09,186 - app:75 - INFO - Database initialized - MainProcess:MainThread
2025-01-23 02:36:09,189 - engineio.server:112 - INFO - Server initialized for eventlet. - MainProcess:MainThread
2025-01-23 02:36:09,190 - app:82 - INFO - Socket.IO initialized - MainProcess:MainThread
2025-01-23 02:36:09,258 - app:91 - INFO - CORS, Session, and CSRF protection initialized - MainProcess:MainThread
2025-01-23 02:36:09,328 - app:75 - INFO - Database initialized - MainProcess:MainThread
2025-01-23 02:36:09,329 - engineio.server:112 - INFO - Server initialized for eventlet. - MainProcess:MainThread
2025-01-23 02:36:09,329 - app:82 - INFO - Socket.IO initialized - MainProcess:MainThread
2025-01-23 02:36:09,352 - app:91 - INFO - CORS, Session, and CSRF protection initialized - MainProcess:MainThread
2025-01-23 02:36:09,372 - engineio.server:112 - INFO - Server initialized for eventlet. - MainProcess:MainThread
2025-01-23 02:36:09,373 - app:55 - INFO - Initializing Flask application - MainProcess:MainThread
2025-01-23 02:36:09,375 - app:70 - DEBUG - Application configuration loaded - MainProcess:MainThread
2025-01-23 02:36:09,433 - app:75 - INFO - Database initialized - MainProcess:MainThread
2025-01-23 02:36:09,433 - engineio.server:112 - INFO - Server initialized for eventlet. - MainProcess:MainThread
2025-01-23 02:36:09,433 - app:82 - INFO - Socket.IO initialized - MainProcess:MainThread
2025-01-23 02:36:09,473 - app:91 - INFO - CORS, Session, and CSRF protection initialized - MainProcess:MainThread
2025-01-23 02:36:09,529 - app:75 - INFO - Database initialized - MainProcess:MainThread
2025-01-23 02:36:09,529 - engineio.server:112 - INFO - Server initialized for eventlet. - MainProcess:MainThread
2025-01-23 02:36:09,529 - app:82 - INFO - Socket.IO initialized - MainProcess:MainThread
2025-01-23 02:36:09,540 - app:91 - INFO - CORS, Session, and CSRF protection initialized - MainProcess:MainThread
2025-01-23 02:36:12,764 - app:98 - INFO - Database tables created - MainProcess:MainThread
2025-01-23 02:36:12,764 - app:113 - INFO - Application initialized successfully - MainProcess:MainThread
2025-01-23 02:36:12,770 - app:98 - INFO - Database tables created - MainProcess:MainThread
2025-01-23 02:36:12,780 - app:113 - INFO - Application initialized successfully - MainProcess:MainThread
2025-01-23 02:36:12,847 - __main__:48 - INFO - Found in file: c2.1 concevoir des algorithmes qui répondent à des problèmes mathématiques donnés.
 - MainProcess:MainThread
2025-01-23 02:36:12,848 - __main__:23 - INFO - Starting database table creation... - MainProcess:MainThread
2025-01-23 02:36:12,911 - app:98 - INFO - Database tables created - MainProcess:MainThread
2025-01-23 02:36:12,916 - app:113 - INFO - Application initialized successfully - MainProcess:MainThread
2025-01-23 02:36:12,919 - __main__:108 - ERROR - Error during verification: The current Flask app is not registered with this 'SQLAlchemy' instance. Did you forget to call 'init_app', or did you create multiple 'SQLAlchemy' instances? - MainProcess:MainThread
Traceback (most recent call last):
  File "/home/runner/workspace/scripts/verify_c21.py", line 55, in verify_c21
    ).first()
      ^^^^^^^
  File "/home/runner/workspace/.pythonlibs/lib/python3.11/site-packages/sqlalchemy/orm/query.py", line 2728, in first
    return self.limit(1)._iter().first()  # type: ignore
           ^^^^^^^^^^^^^^^^^^^^^
  File "/home/runner/workspace/.pythonlibs/lib/python3.11/site-packages/sqlalchemy/orm/query.py", line 2827, in _iter
    result: Union[ScalarResult[_T], Result[_T]] = self.session.execute(
                                                  ^^^^^^^^^^^^^^^^^^^^^
  File "/home/runner/workspace/.pythonlibs/lib/python3.11/site-packages/sqlalchemy/orm/session.py", line 2362, in execute
    return self._execute_internal(
           ^^^^^^^^^^^^^^^^^^^^^^^
  File "/home/runner/workspace/.pythonlibs/lib/python3.11/site-packages/sqlalchemy/orm/session.py", line 2235, in _execute_internal
    bind = self.get_bind(**bind_arguments)
           ^^^^^^^^^^^^^^^^^^^^^^^^^^^^^^^
  File "/home/runner/workspace/.pythonlibs/lib/python3.11/site-packages/flask_sqlalchemy/session.py", line 53, in get_bind
    engines = self._db.engines
              ^^^^^^^^^^^^^^^^
  File "/home/runner/workspace/.pythonlibs/lib/python3.11/site-packages/flask_sqlalchemy/extension.py", line 690, in engines
    raise RuntimeError(
RuntimeError: The current Flask app is not registered with this 'SQLAlchemy' instance. Did you forget to call 'init_app', or did you create multiple 'SQLAlchemy' instances?
2025-01-23 02:36:12,932 - app:98 - INFO - Database tables created - MainProcess:MainThread
2025-01-23 02:36:12,943 - app:113 - INFO - Application initialized successfully - MainProcess:MainThread
2025-01-23 02:36:12,994 - __main__:47 - INFO - Starting ICS3U curriculum import process... - MainProcess:MainThread
2025-01-23 02:36:13,056 - __main__:89 - ERROR - Import failed: The current Flask app is not registered with this 'SQLAlchemy' instance. Did you forget to call 'init_app', or did you create multiple 'SQLAlchemy' instances? - MainProcess:MainThread
2025-01-23 02:36:13,060 - __main__:30 - INFO - Existing tables: ['code_submission', 'courses', 'strands', 'overall_expectations', 'specific_expectations', 'shared_code', 'audit_log', 'coding_activity', 'student', 'student_achievement', 'achievement', 'student_progress'] - MainProcess:MainThread
2025-01-23 02:36:13,253 - __main__:37 - INFO - Tables after creation: ['code_submission', 'courses', 'strands', 'overall_expectations', 'specific_expectations', 'shared_code', 'audit_log', 'coding_activity', 'student', 'student_achievement', 'achievement', 'student_progress'] - MainProcess:MainThread
2025-01-23 02:36:13,253 - __main__:46 - INFO - Database tables created successfully! - MainProcess:MainThread
2025-01-23 02:36:13,349 - __main__:47 - INFO - Starting ICS3U curriculum import process... - MainProcess:MainThread
2025-01-23 02:36:13,509 - __main__:89 - ERROR - Import failed: The current Flask app is not registered with this 'SQLAlchemy' instance. Did you forget to call 'init_app', or did you create multiple 'SQLAlchemy' instances? - MainProcess:MainThread
