2025-01-23 01:09:51,178 - database:111 - DEBUG - Logging initialized for database - MainProcess:MainThread
2025-01-23 01:09:51,180 - app:30 - WARNING - Redis not available, falling back to in-memory queue - MainProcess:MainThread
2025-01-23 01:09:51,185 - engineio.server:112 - INFO - Server initialized for eventlet. - MainProcess:MainThread
2025-01-23 01:09:51,186 - app:55 - INFO - Initializing Flask application - MainProcess:MainThread
2025-01-23 01:09:51,188 - app:70 - DEBUG - Application configuration loaded - MainProcess:MainThread
2025-01-23 01:09:51,247 - app:75 - INFO - Database initialized - MainProcess:MainThread
2025-01-23 01:09:51,248 - engineio.server:112 - INFO - Server initialized for eventlet. - MainProcess:MainThread
2025-01-23 01:09:51,248 - app:82 - INFO - Socket.IO initialized - MainProcess:MainThread
2025-01-23 01:09:51,277 - app:91 - INFO - CORS, Session, and CSRF protection initialized - MainProcess:MainThread
2025-01-23 01:09:51,574 - database:111 - DEBUG - Logging initialized for database - MainProcess:MainThread
2025-01-23 01:09:51,575 - app:30 - WARNING - Redis not available, falling back to in-memory queue - MainProcess:MainThread
2025-01-23 01:09:51,856 - engineio.server:112 - INFO - Server initialized for eventlet. - MainProcess:MainThread
2025-01-23 01:09:51,863 - app:55 - INFO - Initializing Flask application - MainProcess:MainThread
2025-01-23 01:09:51,880 - app:70 - DEBUG - Application configuration loaded - MainProcess:MainThread
2025-01-23 01:09:52,100 - app:75 - INFO - Database initialized - MainProcess:MainThread
2025-01-23 01:09:52,102 - engineio.server:112 - INFO - Server initialized for eventlet. - MainProcess:MainThread
2025-01-23 01:09:52,102 - app:82 - INFO - Socket.IO initialized - MainProcess:MainThread
2025-01-23 01:09:52,147 - app:91 - INFO - CORS, Session, and CSRF protection initialized - MainProcess:MainThread
2025-01-23 01:09:52,269 - app:98 - INFO - Database tables created - MainProcess:MainThread
2025-01-23 01:09:52,277 - app:113 - INFO - Application initialized successfully - MainProcess:MainThread
2025-01-23 01:09:52,277 - __main__:25 - INFO - Starting Flask server with SocketIO on port 5000 - MainProcess:MainThread
2025-01-23 01:09:52,280 - werkzeug:96 - WARNING -  * Debugger is active! - MainProcess:MainThread
2025-01-23 01:09:52,282 - werkzeug:96 - INFO -  * Debugger PIN: 126-161-019 - MainProcess:MainThread
2025-01-23 01:09:52,555 - app:107 - DEBUG - Rendering console page - MainProcess:GreenThread-1
2025-01-23 01:09:53,116 - app:98 - INFO - Database tables created - MainProcess:MainThread
2025-01-23 01:09:53,127 - app:113 - INFO - Application initialized successfully - MainProcess:MainThread
2025-01-23 01:09:53,414 - __main__:23 - INFO - Starting database table creation... - MainProcess:MainThread
2025-01-23 01:09:53,609 - engineio.server:78 - INFO - 9buvStYChFxPT0m9AAAA: Sending packet OPEN data {'sid': '9buvStYChFxPT0m9AAAA', 'upgrades': [], 'pingTimeout': 60000, 'pingInterval': 25000, 'maxPayload': 100000000.0} - MainProcess:GreenThread-2
2025-01-23 01:09:53,611 - engineio.server:90 - INFO - 9buvStYChFxPT0m9AAAA: Received request to upgrade to websocket - MainProcess:GreenThread-2
2025-01-23 01:09:53,623 - engineio.server:219 - INFO - 9buvStYChFxPT0m9AAAA: Upgrade to websocket successful - MainProcess:GreenThread-2
2025-01-23 01:09:53,684 - __main__:30 - INFO - Existing tables: ['code_submission', 'courses', 'strands', 'overall_expectations', 'specific_expectations', 'shared_code', 'audit_log', 'coding_activity', 'student', 'student_achievement', 'achievement', 'student_progress'] - MainProcess:MainThread
2025-01-23 01:09:53,719 - engineio.server:39 - INFO - 9buvStYChFxPT0m9AAAA: Received packet MESSAGE data 0 - MainProcess:GreenThread-2
2025-01-23 01:09:53,723 - engineio.server:78 - INFO - 9buvStYChFxPT0m9AAAA: Sending packet MESSAGE data 0{"sid":"s6704Y8O4eddgBijAAAB"} - MainProcess:GreenThread-2
2025-01-23 01:09:53,724 - app:132 - INFO - Client connected: s6704Y8O4eddgBijAAAB - MainProcess:GreenThread-2
2025-01-23 01:09:53,725 - engineio.server:78 - INFO - 9buvStYChFxPT0m9AAAA: Sending packet MESSAGE data 2["connection_established",{"status":"connected","sid":"s6704Y8O4eddgBijAAAB"}] - MainProcess:GreenThread-2
2025-01-23 01:09:53,887 - __main__:37 - INFO - Tables after creation: ['code_submission', 'courses', 'strands', 'overall_expectations', 'specific_expectations', 'shared_code', 'audit_log', 'coding_activity', 'student', 'student_achievement', 'achievement', 'student_progress'] - MainProcess:MainThread
2025-01-23 01:09:53,887 - __main__:46 - INFO - Database tables created successfully! - MainProcess:MainThread
