2025-01-22 23:31:03,180 - database:111 - DEBUG - Logging initialized for database - MainProcess:MainThread
2025-01-22 23:31:03,181 - app:30 - WARNING - Redis not available, falling back to in-memory queue - MainProcess:MainThread
2025-01-22 23:31:03,186 - engineio.server:112 - INFO - Server initialized for eventlet. - MainProcess:MainThread
2025-01-22 23:31:03,187 - app:55 - INFO - Initializing Flask application - MainProcess:MainThread
2025-01-22 23:31:03,188 - app:70 - DEBUG - Application configuration loaded - MainProcess:MainThread
2025-01-22 23:31:03,227 - app:75 - INFO - Database initialized - MainProcess:MainThread
2025-01-22 23:31:03,228 - engineio.server:112 - INFO - Server initialized for eventlet. - MainProcess:MainThread
2025-01-22 23:31:03,232 - app:82 - INFO - Socket.IO initialized - MainProcess:MainThread
2025-01-22 23:31:03,244 - app:91 - INFO - CORS, Session, and CSRF protection initialized - MainProcess:MainThread
2025-01-22 23:31:06,640 - app:98 - INFO - Database tables created - MainProcess:MainThread
2025-01-22 23:31:06,641 - app:113 - INFO - Application initialized successfully - MainProcess:MainThread
2025-01-22 23:31:06,642 - __main__:25 - INFO - Starting Flask server with SocketIO on port 5000 - MainProcess:MainThread
2025-01-22 23:31:06,642 - werkzeug:96 - WARNING -  * Debugger is active! - MainProcess:MainThread
2025-01-22 23:31:06,644 - werkzeug:96 - INFO -  * Debugger PIN: 139-333-132 - MainProcess:MainThread
2025-01-22 23:31:06,901 - app:107 - DEBUG - Rendering console page - MainProcess:GreenThread-1
2025-01-22 23:31:07,798 - engineio.server:78 - INFO - eNGvrF7LFddaG7NNAAAA: Sending packet OPEN data {'sid': 'eNGvrF7LFddaG7NNAAAA', 'upgrades': [], 'pingTimeout': 60000, 'pingInterval': 25000, 'maxPayload': 100000000.0} - MainProcess:GreenThread-2
2025-01-22 23:31:07,798 - engineio.server:90 - INFO - eNGvrF7LFddaG7NNAAAA: Received request to upgrade to websocket - MainProcess:GreenThread-2
2025-01-22 23:31:07,799 - engineio.server:219 - INFO - eNGvrF7LFddaG7NNAAAA: Upgrade to websocket successful - MainProcess:GreenThread-2
2025-01-22 23:31:07,887 - engineio.server:39 - INFO - eNGvrF7LFddaG7NNAAAA: Received packet MESSAGE data 0 - MainProcess:GreenThread-2
2025-01-22 23:31:07,889 - engineio.server:78 - INFO - eNGvrF7LFddaG7NNAAAA: Sending packet MESSAGE data 0{"sid":"9eRv9aPK0SgXfR2JAAAB"} - MainProcess:GreenThread-2
2025-01-22 23:31:07,890 - app:132 - INFO - Client connected: 9eRv9aPK0SgXfR2JAAAB - MainProcess:GreenThread-2
2025-01-22 23:31:07,890 - engineio.server:78 - INFO - eNGvrF7LFddaG7NNAAAA: Sending packet MESSAGE data 2["connection_established",{"status":"connected","sid":"9eRv9aPK0SgXfR2JAAAB"}] - MainProcess:GreenThread-2
