2025-01-23 03:01:18,675 - database:111 - DEBUG - Logging initialized for database - MainProcess:MainThread
2025-01-23 03:01:18,676 - app:30 - WARNING - Redis not available, falling back to in-memory queue - MainProcess:MainThread
2025-01-23 03:01:18,741 - database:111 - DEBUG - Logging initialized for database - MainProcess:MainThread
2025-01-23 03:01:18,743 - app:30 - WARNING - Redis not available, falling back to in-memory queue - MainProcess:MainThread
2025-01-23 03:01:18,753 - database:111 - DEBUG - Logging initialized for database - MainProcess:MainThread
2025-01-23 03:01:18,754 - app:30 - WARNING - Redis not available, falling back to in-memory queue - MainProcess:MainThread
2025-01-23 03:01:19,005 - engineio.server:112 - INFO - Server initialized for eventlet. - MainProcess:MainThread
2025-01-23 03:01:19,014 - app:55 - INFO - Initializing Flask application - MainProcess:MainThread
2025-01-23 03:01:19,022 - app:70 - DEBUG - Application configuration loaded - MainProcess:MainThread
2025-01-23 03:01:19,107 - engineio.server:112 - INFO - Server initialized for eventlet. - MainProcess:MainThread
2025-01-23 03:01:19,110 - app:55 - INFO - Initializing Flask application - MainProcess:MainThread
2025-01-23 03:01:19,115 - app:70 - DEBUG - Application configuration loaded - MainProcess:MainThread
2025-01-23 03:01:19,121 - engineio.server:112 - INFO - Server initialized for eventlet. - MainProcess:MainThread
2025-01-23 03:01:19,124 - app:55 - INFO - Initializing Flask application - MainProcess:MainThread
2025-01-23 03:01:19,129 - app:70 - DEBUG - Application configuration loaded - MainProcess:MainThread
2025-01-23 03:01:19,305 - app:75 - INFO - Database initialized - MainProcess:MainThread
2025-01-23 03:01:19,306 - engineio.server:112 - INFO - Server initialized for eventlet. - MainProcess:MainThread
2025-01-23 03:01:19,306 - app:82 - INFO - Socket.IO initialized - MainProcess:MainThread
2025-01-23 03:01:19,359 - app:91 - INFO - CORS, Session, and CSRF protection initialized - MainProcess:MainThread
2025-01-23 03:01:19,371 - app:75 - INFO - Database initialized - MainProcess:MainThread
2025-01-23 03:01:19,372 - engineio.server:112 - INFO - Server initialized for eventlet. - MainProcess:MainThread
2025-01-23 03:01:19,372 - app:82 - INFO - Socket.IO initialized - MainProcess:MainThread
2025-01-23 03:01:19,386 - app:91 - INFO - CORS, Session, and CSRF protection initialized - MainProcess:MainThread
2025-01-23 03:01:19,387 - app:75 - INFO - Database initialized - MainProcess:MainThread
2025-01-23 03:01:19,396 - engineio.server:112 - INFO - Server initialized for eventlet. - MainProcess:MainThread
2025-01-23 03:01:19,396 - app:82 - INFO - Socket.IO initialized - MainProcess:MainThread
2025-01-23 03:01:19,466 - app:91 - INFO - CORS, Session, and CSRF protection initialized - MainProcess:MainThread
2025-01-23 03:01:20,481 - app:98 - INFO - Database tables created - MainProcess:MainThread
2025-01-23 03:01:20,483 - app:113 - INFO - Application initialized successfully - MainProcess:MainThread
2025-01-23 03:01:20,518 - app:98 - INFO - Database tables created - MainProcess:MainThread
2025-01-23 03:01:20,528 - app:113 - INFO - Application initialized successfully - MainProcess:MainThread
2025-01-23 03:01:20,582 - app:98 - INFO - Database tables created - MainProcess:MainThread
2025-01-23 03:01:20,583 - app:113 - INFO - Application initialized successfully - MainProcess:MainThread
2025-01-23 03:01:20,640 - __main__:23 - INFO - Starting database table creation... - MainProcess:MainThread
2025-01-23 03:01:20,709 - __main__:47 - INFO - Starting ICS3U curriculum import process... - MainProcess:MainThread
2025-01-23 03:01:20,764 - __main__:47 - INFO - Starting ICS3U curriculum import process... - MainProcess:MainThread
2025-01-23 03:01:20,802 - __main__:89 - ERROR - Import failed: The current Flask app is not registered with this 'SQLAlchemy' instance. Did you forget to call 'init_app', or did you create multiple 'SQLAlchemy' instances? - MainProcess:MainThread
2025-01-23 03:01:20,833 - __main__:89 - ERROR - Import failed: The current Flask app is not registered with this 'SQLAlchemy' instance. Did you forget to call 'init_app', or did you create multiple 'SQLAlchemy' instances? - MainProcess:MainThread
2025-01-23 03:01:20,872 - __main__:30 - INFO - Existing tables: ['code_submission', 'courses', 'strands', 'overall_expectations', 'specific_expectations', 'shared_code', 'audit_log', 'coding_activity', 'student', 'student_achievement', 'achievement', 'student_progress'] - MainProcess:MainThread
2025-01-23 03:01:21,074 - __main__:37 - INFO - Tables after creation: ['code_submission', 'courses', 'strands', 'overall_expectations', 'specific_expectations', 'shared_code', 'audit_log', 'coding_activity', 'student', 'student_achievement', 'achievement', 'student_progress'] - MainProcess:MainThread
2025-01-23 03:01:21,076 - __main__:46 - INFO - Database tables created successfully! - MainProcess:MainThread
