2025-01-23 01:49:26,081 - database:111 - DEBUG - Logging initialized for database - MainProcess:MainThread
2025-01-23 01:49:26,082 - app:30 - WARNING - Redis not available, falling back to in-memory queue - MainProcess:MainThread
2025-01-23 01:49:26,284 - engineio.server:112 - INFO - Server initialized for eventlet. - MainProcess:MainThread
2025-01-23 01:49:26,292 - app:55 - INFO - Initializing Flask application - MainProcess:MainThread
2025-01-23 01:49:26,304 - app:70 - DEBUG - Application configuration loaded - MainProcess:MainThread
2025-01-23 01:49:26,477 - app:75 - INFO - Database initialized - MainProcess:MainThread
2025-01-23 01:49:26,480 - engineio.server:112 - INFO - Server initialized for eventlet. - MainProcess:MainThread
2025-01-23 01:49:26,482 - app:82 - INFO - Socket.IO initialized - MainProcess:MainThread
2025-01-23 01:49:26,519 - app:91 - INFO - CORS, Session, and CSRF protection initialized - MainProcess:MainThread
2025-01-23 01:49:26,912 - database:111 - DEBUG - Logging initialized for database - MainProcess:MainThread
2025-01-23 01:49:26,913 - app:30 - WARNING - Redis not available, falling back to in-memory queue - MainProcess:MainThread
2025-01-23 01:49:27,146 - engineio.server:112 - INFO - Server initialized for eventlet. - MainProcess:MainThread
2025-01-23 01:49:27,150 - app:55 - INFO - Initializing Flask application - MainProcess:MainThread
2025-01-23 01:49:27,162 - app:70 - DEBUG - Application configuration loaded - MainProcess:MainThread
2025-01-23 01:49:27,303 - app:75 - INFO - Database initialized - MainProcess:MainThread
2025-01-23 01:49:27,303 - engineio.server:112 - INFO - Server initialized for eventlet. - MainProcess:MainThread
2025-01-23 01:49:27,304 - app:82 - INFO - Socket.IO initialized - MainProcess:MainThread
2025-01-23 01:49:27,334 - app:91 - INFO - CORS, Session, and CSRF protection initialized - MainProcess:MainThread
2025-01-23 01:49:28,047 - app:98 - INFO - Database tables created - MainProcess:MainThread
2025-01-23 01:49:28,048 - app:113 - INFO - Application initialized successfully - MainProcess:MainThread
2025-01-23 01:49:28,303 - __main__:23 - INFO - Starting database table creation... - MainProcess:MainThread
2025-01-23 01:49:28,401 - app:98 - INFO - Database tables created - MainProcess:MainThread
2025-01-23 01:49:28,433 - app:113 - INFO - Application initialized successfully - MainProcess:MainThread
2025-01-23 01:49:28,517 - __main__:47 - INFO - Starting ICS3U curriculum import process... - MainProcess:MainThread
2025-01-23 01:49:28,553 - __main__:89 - ERROR - Import failed: The current Flask app is not registered with this 'SQLAlchemy' instance. Did you forget to call 'init_app', or did you create multiple 'SQLAlchemy' instances? - MainProcess:MainThread
2025-01-23 01:49:28,564 - __main__:30 - INFO - Existing tables: ['code_submission', 'courses', 'strands', 'overall_expectations', 'specific_expectations', 'shared_code', 'audit_log', 'coding_activity', 'student', 'student_achievement', 'achievement', 'student_progress'] - MainProcess:MainThread
2025-01-23 01:49:28,758 - __main__:37 - INFO - Tables after creation: ['code_submission', 'courses', 'strands', 'overall_expectations', 'specific_expectations', 'shared_code', 'audit_log', 'coding_activity', 'student', 'student_achievement', 'achievement', 'student_progress'] - MainProcess:MainThread
2025-01-23 01:49:28,759 - __main__:46 - INFO - Database tables created successfully! - MainProcess:MainThread
