2025-01-23 02:47:14,033 - database:111 - DEBUG - Logging initialized for database - MainProcess:MainThread
2025-01-23 02:47:14,034 - app:30 - WARNING - Redis not available, falling back to in-memory queue - MainProcess:MainThread
2025-01-23 02:47:14,202 - engineio.server:112 - INFO - Server initialized for eventlet. - MainProcess:MainThread
2025-01-23 02:47:14,203 - app:55 - INFO - Initializing Flask application - MainProcess:MainThread
2025-01-23 02:47:14,204 - app:70 - DEBUG - Application configuration loaded - MainProcess:MainThread
2025-01-23 02:47:14,354 - database:111 - DEBUG - Logging initialized for database - MainProcess:MainThread
2025-01-23 02:47:14,355 - app:30 - WARNING - Redis not available, falling back to in-memory queue - MainProcess:MainThread
2025-01-23 02:47:14,563 - app:75 - INFO - Database initialized - MainProcess:MainThread
2025-01-23 02:47:14,570 - engineio.server:112 - INFO - Server initialized for eventlet. - MainProcess:MainThread
2025-01-23 02:47:14,571 - app:82 - INFO - Socket.IO initialized - MainProcess:MainThread
2025-01-23 02:47:14,607 - app:91 - INFO - CORS, Session, and CSRF protection initialized - MainProcess:MainThread
2025-01-23 02:47:14,664 - engineio.server:112 - INFO - Server initialized for eventlet. - MainProcess:MainThread
2025-01-23 02:47:14,665 - app:55 - INFO - Initializing Flask application - MainProcess:MainThread
2025-01-23 02:47:14,666 - app:70 - DEBUG - Application configuration loaded - MainProcess:MainThread
2025-01-23 02:47:14,794 - app:75 - INFO - Database initialized - MainProcess:MainThread
2025-01-23 02:47:14,794 - database:111 - DEBUG - Logging initialized for database - MainProcess:MainThread
2025-01-23 02:47:14,794 - engineio.server:112 - INFO - Server initialized for eventlet. - MainProcess:MainThread
2025-01-23 02:47:14,794 - app:82 - INFO - Socket.IO initialized - MainProcess:MainThread
2025-01-23 02:47:14,795 - app:30 - WARNING - Redis not available, falling back to in-memory queue - MainProcess:MainThread
2025-01-23 02:47:14,807 - app:91 - INFO - CORS, Session, and CSRF protection initialized - MainProcess:MainThread
2025-01-23 02:47:15,131 - engineio.server:112 - INFO - Server initialized for eventlet. - MainProcess:MainThread
2025-01-23 02:47:15,132 - app:55 - INFO - Initializing Flask application - MainProcess:MainThread
2025-01-23 02:47:15,134 - app:70 - DEBUG - Application configuration loaded - MainProcess:MainThread
2025-01-23 02:47:15,278 - app:75 - INFO - Database initialized - MainProcess:MainThread
2025-01-23 02:47:15,278 - engineio.server:112 - INFO - Server initialized for eventlet. - MainProcess:MainThread
2025-01-23 02:47:15,279 - app:82 - INFO - Socket.IO initialized - MainProcess:MainThread
2025-01-23 02:47:15,297 - app:91 - INFO - CORS, Session, and CSRF protection initialized - MainProcess:MainThread
2025-01-23 02:47:15,580 - app:98 - INFO - Database tables created - MainProcess:MainThread
2025-01-23 02:47:15,581 - app:113 - INFO - Application initialized successfully - MainProcess:MainThread
2025-01-23 02:47:15,637 - __main__:48 - INFO - Found in file: c2.1 concevoir des algorithmes qui répondent à des problèmes mathématiques donnés.
 - MainProcess:MainThread
2025-01-23 02:47:15,679 - __main__:108 - ERROR - Error during verification: The current Flask app is not registered with this 'SQLAlchemy' instance. Did you forget to call 'init_app', or did you create multiple 'SQLAlchemy' instances? - MainProcess:MainThread
Traceback (most recent call last):
  File "/home/runner/workspace/scripts/verify_c21.py", line 55, in verify_c21
    ).first()
      ^^^^^^^
  File "/home/runner/workspace/.pythonlibs/lib/python3.11/site-packages/sqlalchemy/orm/query.py", line 2728, in first
    return self.limit(1)._iter().first()  # type: ignore
           ^^^^^^^^^^^^^^^^^^^^^
  File "/home/runner/workspace/.pythonlibs/lib/python3.11/site-packages/sqlalchemy/orm/query.py", line 2827, in _iter
    result: Union[ScalarResult[_T], Result[_T]] = self.session.execute(
                                                  ^^^^^^^^^^^^^^^^^^^^^
  File "/home/runner/workspace/.pythonlibs/lib/python3.11/site-packages/sqlalchemy/orm/session.py", line 2362, in execute
    return self._execute_internal(
           ^^^^^^^^^^^^^^^^^^^^^^^
  File "/home/runner/workspace/.pythonlibs/lib/python3.11/site-packages/sqlalchemy/orm/session.py", line 2235, in _execute_internal
    bind = self.get_bind(**bind_arguments)
           ^^^^^^^^^^^^^^^^^^^^^^^^^^^^^^^
  File "/home/runner/workspace/.pythonlibs/lib/python3.11/site-packages/flask_sqlalchemy/session.py", line 53, in get_bind
    engines = self._db.engines
              ^^^^^^^^^^^^^^^^
  File "/home/runner/workspace/.pythonlibs/lib/python3.11/site-packages/flask_sqlalchemy/extension.py", line 690, in engines
    raise RuntimeError(
RuntimeError: The current Flask app is not registered with this 'SQLAlchemy' instance. Did you forget to call 'init_app', or did you create multiple 'SQLAlchemy' instances?
2025-01-23 02:47:15,791 - app:98 - INFO - Database tables created - MainProcess:MainThread
2025-01-23 02:47:15,797 - app:113 - INFO - Application initialized successfully - MainProcess:MainThread
2025-01-23 02:47:15,888 - __main__:333 - INFO - Starting ICD2O curriculum import process... - MainProcess:MainThread
2025-01-23 02:47:15,943 - __main__:58 - ERROR - Error clearing existing data: The current Flask app is not registered with this 'SQLAlchemy' instance. Did you forget to call 'init_app', or did you create multiple 'SQLAlchemy' instances? - MainProcess:MainThread
2025-01-23 02:47:15,944 - __main__:387 - ERROR - Import failed: The current Flask app is not registered with this 'SQLAlchemy' instance. Did you forget to call 'init_app', or did you create multiple 'SQLAlchemy' instances? - MainProcess:MainThread
2025-01-23 02:47:16,321 - app:98 - INFO - Database tables created - MainProcess:MainThread
2025-01-23 02:47:16,324 - app:113 - INFO - Application initialized successfully - MainProcess:MainThread
