2025-01-23 01:11:32,073 - database:111 - DEBUG - Logging initialized for database - MainProcess:MainThread
2025-01-23 01:11:32,074 - app:30 - WARNING - Redis not available, falling back to in-memory queue - MainProcess:MainThread
2025-01-23 01:11:32,336 - engineio.server:112 - INFO - Server initialized for eventlet. - MainProcess:MainThread
2025-01-23 01:11:32,337 - app:55 - INFO - Initializing Flask application - MainProcess:MainThread
2025-01-23 01:11:32,343 - app:70 - DEBUG - Application configuration loaded - MainProcess:MainThread
2025-01-23 01:11:32,526 - app:75 - INFO - Database initialized - MainProcess:MainThread
2025-01-23 01:11:32,529 - engineio.server:112 - INFO - Server initialized for eventlet. - MainProcess:MainThread
2025-01-23 01:11:32,533 - app:82 - INFO - Socket.IO initialized - MainProcess:MainThread
2025-01-23 01:11:32,577 - app:91 - INFO - CORS, Session, and CSRF protection initialized - MainProcess:MainThread
2025-01-23 01:11:32,601 - database:111 - DEBUG - Logging initialized for database - MainProcess:MainThread
2025-01-23 01:11:32,602 - app:30 - WARNING - Redis not available, falling back to in-memory queue - MainProcess:MainThread
2025-01-23 01:11:32,644 - database:111 - DEBUG - Logging initialized for database - MainProcess:MainThread
2025-01-23 01:11:32,645 - app:30 - WARNING - Redis not available, falling back to in-memory queue - MainProcess:MainThread
2025-01-23 01:11:32,820 - engineio.server:112 - INFO - Server initialized for eventlet. - MainProcess:MainThread
2025-01-23 01:11:32,828 - app:55 - INFO - Initializing Flask application - MainProcess:MainThread
2025-01-23 01:11:32,829 - app:70 - DEBUG - Application configuration loaded - MainProcess:MainThread
2025-01-23 01:11:32,869 - engineio.server:112 - INFO - Server initialized for eventlet. - MainProcess:MainThread
2025-01-23 01:11:32,870 - app:55 - INFO - Initializing Flask application - MainProcess:MainThread
2025-01-23 01:11:32,871 - app:70 - DEBUG - Application configuration loaded - MainProcess:MainThread
2025-01-23 01:11:32,978 - app:75 - INFO - Database initialized - MainProcess:MainThread
2025-01-23 01:11:32,986 - engineio.server:112 - INFO - Server initialized for eventlet. - MainProcess:MainThread
2025-01-23 01:11:32,986 - app:82 - INFO - Socket.IO initialized - MainProcess:MainThread
2025-01-23 01:11:33,026 - app:75 - INFO - Database initialized - MainProcess:MainThread
2025-01-23 01:11:33,026 - engineio.server:112 - INFO - Server initialized for eventlet. - MainProcess:MainThread
2025-01-23 01:11:33,027 - app:82 - INFO - Socket.IO initialized - MainProcess:MainThread
2025-01-23 01:11:33,039 - app:91 - INFO - CORS, Session, and CSRF protection initialized - MainProcess:MainThread
2025-01-23 01:11:33,047 - app:91 - INFO - CORS, Session, and CSRF protection initialized - MainProcess:MainThread
2025-01-23 01:11:35,570 - app:98 - INFO - Database tables created - MainProcess:MainThread
2025-01-23 01:11:35,571 - app:113 - INFO - Application initialized successfully - MainProcess:MainThread
2025-01-23 01:11:35,679 - __main__:47 - INFO - Starting ICS3U curriculum import process... - MainProcess:MainThread
2025-01-23 01:11:35,759 - __main__:89 - ERROR - Import failed: The current Flask app is not registered with this 'SQLAlchemy' instance. Did you forget to call 'init_app', or did you create multiple 'SQLAlchemy' instances? - MainProcess:MainThread
2025-01-23 01:11:36,014 - app:98 - INFO - Database tables created - MainProcess:MainThread
2025-01-23 01:11:36,016 - app:113 - INFO - Application initialized successfully - MainProcess:MainThread
2025-01-23 01:11:36,070 - app:98 - INFO - Database tables created - MainProcess:MainThread
2025-01-23 01:11:36,073 - app:113 - INFO - Application initialized successfully - MainProcess:MainThread
2025-01-23 01:11:36,084 - __main__:333 - INFO - Starting ICD2O curriculum import process... - MainProcess:MainThread
2025-01-23 01:11:36,144 - __main__:58 - ERROR - Error clearing existing data: The current Flask app is not registered with this 'SQLAlchemy' instance. Did you forget to call 'init_app', or did you create multiple 'SQLAlchemy' instances? - MainProcess:MainThread
2025-01-23 01:11:36,146 - __main__:387 - ERROR - Import failed: The current Flask app is not registered with this 'SQLAlchemy' instance. Did you forget to call 'init_app', or did you create multiple 'SQLAlchemy' instances? - MainProcess:MainThread
2025-01-23 01:11:36,268 - __main__:48 - INFO - Found in file: c2.1 concevoir des algorithmes qui répondent à des problèmes mathématiques donnés.
 - MainProcess:MainThread
2025-01-23 01:11:36,316 - __main__:108 - ERROR - Error during verification: The current Flask app is not registered with this 'SQLAlchemy' instance. Did you forget to call 'init_app', or did you create multiple 'SQLAlchemy' instances? - MainProcess:MainThread
Traceback (most recent call last):
  File "/home/runner/workspace/scripts/verify_c21.py", line 55, in verify_c21
    ).first()
      ^^^^^^^
  File "/home/runner/workspace/.pythonlibs/lib/python3.11/site-packages/sqlalchemy/orm/query.py", line 2728, in first
    return self.limit(1)._iter().first()  # type: ignore
           ^^^^^^^^^^^^^^^^^^^^^
  File "/home/runner/workspace/.pythonlibs/lib/python3.11/site-packages/sqlalchemy/orm/query.py", line 2827, in _iter
    result: Union[ScalarResult[_T], Result[_T]] = self.session.execute(
                                                  ^^^^^^^^^^^^^^^^^^^^^
  File "/home/runner/workspace/.pythonlibs/lib/python3.11/site-packages/sqlalchemy/orm/session.py", line 2362, in execute
    return self._execute_internal(
           ^^^^^^^^^^^^^^^^^^^^^^^
  File "/home/runner/workspace/.pythonlibs/lib/python3.11/site-packages/sqlalchemy/orm/session.py", line 2235, in _execute_internal
    bind = self.get_bind(**bind_arguments)
           ^^^^^^^^^^^^^^^^^^^^^^^^^^^^^^^
  File "/home/runner/workspace/.pythonlibs/lib/python3.11/site-packages/flask_sqlalchemy/session.py", line 53, in get_bind
    engines = self._db.engines
              ^^^^^^^^^^^^^^^^
  File "/home/runner/workspace/.pythonlibs/lib/python3.11/site-packages/flask_sqlalchemy/extension.py", line 690, in engines
    raise RuntimeError(
RuntimeError: The current Flask app is not registered with this 'SQLAlchemy' instance. Did you forget to call 'init_app', or did you create multiple 'SQLAlchemy' instances?
