2025-01-22 23:10:53,438 - app:43 - INFO - Initializing Flask application
2025-01-22 23:10:53,441 - app:58 - DEBUG - Application configuration loaded
2025-01-22 23:10:53,491 - app:63 - INFO - Database initialized
2025-01-22 23:10:53,689 - app:43 - INFO - Initializing Flask application
2025-01-22 23:10:53,693 - app:58 - DEBUG - Application configuration loaded
2025-01-22 23:10:53,756 - app:63 - INFO - Database initialized
2025-01-22 23:10:53,909 - engineio.server:112 - INFO - Server initialized for eventlet.
2025-01-22 23:10:53,934 - app:70 - INFO - Socket.IO initialized
2025-01-22 23:10:53,987 - app:79 - INFO - CORS, Session, and CSRF protection initialized
2025-01-22 23:10:54,192 - engineio.server:112 - INFO - Server initialized for eventlet.
2025-01-22 23:10:54,194 - app:70 - INFO - Socket.IO initialized
2025-01-22 23:10:54,220 - app:79 - INFO - CORS, Session, and CSRF protection initialized
2025-01-22 23:10:57,430 - app:86 - INFO - Database tables created
2025-01-22 23:10:57,436 - app:86 - INFO - Database tables created
2025-01-22 23:10:57,438 - app:101 - INFO - Application initialized successfully
2025-01-22 23:10:57,439 - app:101 - INFO - Application initialized successfully
2025-01-22 23:10:57,440 - __main__:22 - INFO - Starting Flask server with SocketIO on port 5000
2025-01-22 23:10:57,440 - werkzeug:96 - WARNING -  * Debugger is active!
2025-01-22 23:10:57,443 - werkzeug:96 - INFO -  * Debugger PIN: 572-163-386
2025-01-22 23:10:57,874 - __main__:23 - INFO - Starting database table creation...
2025-01-22 23:10:57,893 - app:95 - DEBUG - Rendering console page
2025-01-22 23:10:58,097 - __main__:30 - INFO - Existing tables: ['code_submission', 'courses', 'strands', 'overall_expectations', 'specific_expectations', 'shared_code', 'audit_log', 'coding_activity', 'student', 'student_achievement', 'achievement', 'student_progress']
2025-01-22 23:10:58,295 - __main__:37 - INFO - Tables after creation: ['code_submission', 'courses', 'strands', 'overall_expectations', 'specific_expectations', 'shared_code', 'audit_log', 'coding_activity', 'student', 'student_achievement', 'achievement', 'student_progress']
2025-01-22 23:10:58,309 - __main__:46 - INFO - Database tables created successfully!
