2025-01-22 23:28:45,117 - database:111 - DEBUG - Logging initialized for database - MainProcess:MainThread
2025-01-22 23:28:45,118 - app:30 - WARNING - Redis not available, falling back to in-memory queue - MainProcess:MainThread
2025-01-22 23:28:45,137 - engineio.server:112 - INFO - Server initialized for eventlet. - MainProcess:MainThread
2025-01-22 23:28:45,141 - app:55 - INFO - Initializing Flask application - MainProcess:MainThread
2025-01-22 23:28:45,148 - app:70 - DEBUG - Application configuration loaded - MainProcess:MainThread
2025-01-22 23:28:45,239 - app:75 - INFO - Database initialized - MainProcess:MainThread
2025-01-22 23:28:45,240 - engineio.server:112 - INFO - Server initialized for eventlet. - MainProcess:MainThread
2025-01-22 23:28:45,242 - app:82 - INFO - Socket.IO initialized - MainProcess:MainThread
2025-01-22 23:28:45,258 - app:91 - INFO - CORS, Session, and CSRF protection initialized - MainProcess:MainThread
2025-01-22 23:28:46,228 - app:98 - INFO - Database tables created - MainProcess:MainThread
2025-01-22 23:28:46,229 - app:113 - INFO - Application initialized successfully - MainProcess:MainThread
2025-01-22 23:28:46,230 - __main__:25 - INFO - Starting Flask server with SocketIO on port 5000 - MainProcess:MainThread
2025-01-22 23:28:46,230 - werkzeug:96 - WARNING -  * Debugger is active! - MainProcess:MainThread
2025-01-22 23:28:46,231 - werkzeug:96 - INFO -  * Debugger PIN: 998-295-721 - MainProcess:MainThread
2025-01-22 23:28:46,489 - app:107 - DEBUG - Rendering console page - MainProcess:GreenThread-1
2025-01-22 23:28:47,283 - engineio.server:78 - INFO - 7fvxghWuQ9BjYpZdAAAA: Sending packet OPEN data {'sid': '7fvxghWuQ9BjYpZdAAAA', 'upgrades': [], 'pingTimeout': 60000, 'pingInterval': 25000, 'maxPayload': 100000000.0} - MainProcess:GreenThread-2
2025-01-22 23:28:47,284 - engineio.server:90 - INFO - 7fvxghWuQ9BjYpZdAAAA: Received request to upgrade to websocket - MainProcess:GreenThread-2
2025-01-22 23:28:47,284 - engineio.server:219 - INFO - 7fvxghWuQ9BjYpZdAAAA: Upgrade to websocket successful - MainProcess:GreenThread-2
2025-01-22 23:28:47,411 - engineio.server:39 - INFO - 7fvxghWuQ9BjYpZdAAAA: Received packet MESSAGE data 0 - MainProcess:GreenThread-2
2025-01-22 23:28:47,412 - engineio.server:78 - INFO - 7fvxghWuQ9BjYpZdAAAA: Sending packet MESSAGE data 0{"sid":"Aiz4MKEzzUpiblnDAAAB"} - MainProcess:GreenThread-2
2025-01-22 23:28:47,414 - app:132 - INFO - Client connected: Aiz4MKEzzUpiblnDAAAB - MainProcess:GreenThread-2
2025-01-22 23:28:47,415 - engineio.server:78 - INFO - 7fvxghWuQ9BjYpZdAAAA: Sending packet MESSAGE data 2["connection_established",{"status":"connected","sid":"Aiz4MKEzzUpiblnDAAAB"}] - MainProcess:GreenThread-2
2025-01-22 23:28:47,906 - app:107 - DEBUG - Rendering console page - MainProcess:GreenThread-3
2025-01-22 23:28:48,148 - app:107 - DEBUG - Rendering console page - MainProcess:GreenThread-1
2025-01-22 23:28:48,366 - engineio.server:78 - INFO - ND6Q-CqexRUqS2nFAAAC: Sending packet OPEN data {'sid': 'ND6Q-CqexRUqS2nFAAAC', 'upgrades': [], 'pingTimeout': 60000, 'pingInterval': 25000, 'maxPayload': 100000000.0} - MainProcess:GreenThread-4
2025-01-22 23:28:48,367 - engineio.server:90 - INFO - ND6Q-CqexRUqS2nFAAAC: Received request to upgrade to websocket - MainProcess:GreenThread-4
2025-01-22 23:28:48,367 - engineio.server:219 - INFO - ND6Q-CqexRUqS2nFAAAC: Upgrade to websocket successful - MainProcess:GreenThread-4
2025-01-22 23:28:48,521 - engineio.server:39 - INFO - ND6Q-CqexRUqS2nFAAAC: Received packet MESSAGE data 0 - MainProcess:GreenThread-4
2025-01-22 23:28:48,538 - engineio.server:78 - INFO - ND6Q-CqexRUqS2nFAAAC: Sending packet MESSAGE data 0{"sid":"XoUOGp0qf3_Q6q08AAAD"} - MainProcess:GreenThread-4
2025-01-22 23:28:48,544 - app:132 - INFO - Client connected: XoUOGp0qf3_Q6q08AAAD - MainProcess:GreenThread-4
2025-01-22 23:28:48,550 - engineio.server:78 - INFO - ND6Q-CqexRUqS2nFAAAC: Sending packet MESSAGE data 2["connection_established",{"status":"connected","sid":"XoUOGp0qf3_Q6q08AAAD"}] - MainProcess:GreenThread-4
2025-01-22 23:28:48,779 - engineio.server:78 - INFO - 3K1f4m1LL7DIkNbwAAAE: Sending packet OPEN data {'sid': '3K1f4m1LL7DIkNbwAAAE', 'upgrades': [], 'pingTimeout': 60000, 'pingInterval': 25000, 'maxPayload': 100000000.0} - MainProcess:GreenThread-5
2025-01-22 23:28:48,781 - engineio.server:90 - INFO - 3K1f4m1LL7DIkNbwAAAE: Received request to upgrade to websocket - MainProcess:GreenThread-5
2025-01-22 23:28:48,781 - engineio.server:219 - INFO - 3K1f4m1LL7DIkNbwAAAE: Upgrade to websocket successful - MainProcess:GreenThread-5
2025-01-22 23:28:48,872 - engineio.server:39 - INFO - 3K1f4m1LL7DIkNbwAAAE: Received packet MESSAGE data 0 - MainProcess:GreenThread-5
2025-01-22 23:28:48,874 - engineio.server:78 - INFO - 3K1f4m1LL7DIkNbwAAAE: Sending packet MESSAGE data 0{"sid":"5iCR2lOExWdw_wu7AAAF"} - MainProcess:GreenThread-5
2025-01-22 23:28:48,875 - app:132 - INFO - Client connected: 5iCR2lOExWdw_wu7AAAF - MainProcess:GreenThread-5
2025-01-22 23:28:48,876 - engineio.server:78 - INFO - 3K1f4m1LL7DIkNbwAAAE: Sending packet MESSAGE data 2["connection_established",{"status":"connected","sid":"5iCR2lOExWdw_wu7AAAF"}] - MainProcess:GreenThread-5
2025-01-22 23:28:49,063 - app:141 - INFO - Client disconnected: XoUOGp0qf3_Q6q08AAAD - MainProcess:GreenThread-4
2025-01-22 23:29:09,081 - engineio.server:39 - INFO - 3K1f4m1LL7DIkNbwAAAE: Received packet MESSAGE data 2["compile_and_run",{"code":"using System;\n\nclass Program {\n    static void Main() {\n        Console.WriteLine(\"Enter your name:\");\n        string name = Console.ReadLine();\n        Console.WriteLine($\"Hello, {name}!\");\n    }\n}","language":"csharp"}] - MainProcess:GreenThread-5
2025-01-22 23:29:09,082 - app:164 - INFO - Starting csharp code compilation - MainProcess:GreenThread-6
2025-01-22 23:29:09,082 - app:165 - DEBUG - Code to compile: using System;

class Program {
    static void Main() {
        Console.WriteLine("Enter your name:");
        string name = Console.ReadLine();
        Console.WriteLine($"Hello, {name}!");
    }
} - MainProcess:GreenThread-6
2025-01-22 23:29:09,083 - engineio.server:78 - INFO - 3K1f4m1LL7DIkNbwAAAE: Sending packet MESSAGE data 2["compilation_start",{"session_id":"5a8f55e4-1ec8-4a30-8804-27bc3251916f","timestamp":1737588549.0826256}] - MainProcess:GreenThread-6
2025-01-22 23:29:09,083 - compiler_service:982 - DEBUG - Starting compilation for code length: 198, language: csharp - MainProcess:GreenThread-6
2025-01-22 23:29:09,083 - compiler_service:584 - INFO - Starting interactive session for csharp - MainProcess:GreenThread-6
2025-01-22 23:29:09,084 - compiler_service:585 - DEBUG - Session ID: 5a8f55e4-1ec8-4a30-8804-27bc3251916f - MainProcess:GreenThread-6
2025-01-22 23:29:09,084 - compiler_service:595 - INFO - Creating isolated environment - MainProcess:GreenThread-6
2025-01-22 23:29:09,085 - compiler_service:923 - DEBUG - Created C# project in /tmp/compiler_env_csharp_kjoghb6z - MainProcess:GreenThread-6
2025-01-22 23:29:12,285 - engineio.server:78 - INFO - 7fvxghWuQ9BjYpZdAAAA: Sending packet PING data None - MainProcess:GreenThread-7
2025-01-22 23:29:12,357 - engineio.server:39 - INFO - 7fvxghWuQ9BjYpZdAAAA: Received packet PONG data  - MainProcess:GreenThread-2
2025-01-22 23:29:12,400 - app:184 - INFO - Compilation completed in 3.32s: {'success': True, 'session_id': '5a8f55e4-1ec8-4a30-8804-27bc3251916f', 'interactive': True, 'metrics': {'compilation_time': 0.0, 'execution_time': 0.0, 'total_time': 3.3165364265441895, 'peak_memory': 0.0, 'avg_cpu_usage': 0.0, 'error_count': 0, 'warning_count': 0, 'cached': False, 'build_success_rate': 0, 'stages': {}}} - MainProcess:GreenThread-6
2025-01-22 23:29:12,403 - engineio.server:78 - INFO - 3K1f4m1LL7DIkNbwAAAE: Sending packet MESSAGE data 2["compilation_result",{"success":true,"session_id":"5a8f55e4-1ec8-4a30-8804-27bc3251916f","interactive":true,"metrics":{"compilation_time":3.317899227142334}}] - MainProcess:GreenThread-6
2025-01-22 23:29:12,479 - compiler_service:533 - DEBUG - Early input prompt detected in buffer: [?1h=Enter your name:
 - MainProcess:Thread-2 (monitor_output)
2025-01-22 23:29:12,480 - compiler_service:541 - DEBUG - Output received: Enter your name: - MainProcess:Thread-2 (monitor_output)
2025-01-22 23:29:13,783 - engineio.server:78 - INFO - 3K1f4m1LL7DIkNbwAAAE: Sending packet PING data None - MainProcess:GreenThread-8
2025-01-22 23:29:13,857 - engineio.server:39 - INFO - 3K1f4m1LL7DIkNbwAAAE: Received packet PONG data  - MainProcess:GreenThread-5
2025-01-22 23:29:33,643 - app:141 - INFO - Client disconnected: 5iCR2lOExWdw_wu7AAAF - MainProcess:GreenThread-5
2025-01-22 23:29:37,366 - engineio.server:78 - INFO - 7fvxghWuQ9BjYpZdAAAA: Sending packet PING data None - MainProcess:GreenThread-9
2025-01-22 23:29:37,438 - engineio.server:39 - INFO - 7fvxghWuQ9BjYpZdAAAA: Received packet PONG data  - MainProcess:GreenThread-2
2025-01-22 23:30:02,439 - engineio.server:78 - INFO - 7fvxghWuQ9BjYpZdAAAA: Sending packet PING data None - MainProcess:GreenThread-10
2025-01-22 23:30:02,514 - engineio.server:39 - INFO - 7fvxghWuQ9BjYpZdAAAA: Received packet PONG data  - MainProcess:GreenThread-2
