2025-01-23 02:26:21,410 - database:111 - DEBUG - Logging initialized for database - MainProcess:MainThread
2025-01-23 02:26:21,411 - app:30 - WARNING - Redis not available, falling back to in-memory queue - MainProcess:MainThread
2025-01-23 02:26:21,540 - engineio.server:112 - INFO - Server initialized for eventlet. - MainProcess:MainThread
2025-01-23 02:26:21,542 - app:55 - INFO - Initializing Flask application - MainProcess:MainThread
2025-01-23 02:26:21,548 - app:70 - DEBUG - Application configuration loaded - MainProcess:MainThread
2025-01-23 02:26:21,694 - app:75 - INFO - Database initialized - MainProcess:MainThread
2025-01-23 02:26:21,694 - engineio.server:112 - INFO - Server initialized for eventlet. - MainProcess:MainThread
2025-01-23 02:26:21,696 - app:82 - INFO - Socket.IO initialized - MainProcess:MainThread
2025-01-23 02:26:21,723 - app:91 - INFO - CORS, Session, and CSRF protection initialized - MainProcess:MainThread
2025-01-23 02:26:21,952 - database:111 - DEBUG - Logging initialized for database - MainProcess:MainThread
2025-01-23 02:26:21,953 - app:30 - WARNING - Redis not available, falling back to in-memory queue - MainProcess:MainThread
2025-01-23 02:26:22,088 - engineio.server:112 - INFO - Server initialized for eventlet. - MainProcess:MainThread
2025-01-23 02:26:22,089 - app:55 - INFO - Initializing Flask application - MainProcess:MainThread
2025-01-23 02:26:22,090 - app:70 - DEBUG - Application configuration loaded - MainProcess:MainThread
2025-01-23 02:26:22,170 - app:75 - INFO - Database initialized - MainProcess:MainThread
2025-01-23 02:26:22,170 - engineio.server:112 - INFO - Server initialized for eventlet. - MainProcess:MainThread
2025-01-23 02:26:22,170 - app:82 - INFO - Socket.IO initialized - MainProcess:MainThread
2025-01-23 02:26:22,181 - app:91 - INFO - CORS, Session, and CSRF protection initialized - MainProcess:MainThread
2025-01-23 02:26:25,364 - app:98 - INFO - Database tables created - MainProcess:MainThread
2025-01-23 02:26:25,366 - app:113 - INFO - Application initialized successfully - MainProcess:MainThread
2025-01-23 02:26:25,405 - __main__:23 - INFO - Starting database table creation... - MainProcess:MainThread
2025-01-23 02:26:25,617 - __main__:30 - INFO - Existing tables: ['code_submission', 'courses', 'strands', 'overall_expectations', 'specific_expectations', 'shared_code', 'audit_log', 'coding_activity', 'student', 'student_achievement', 'achievement', 'student_progress'] - MainProcess:MainThread
2025-01-23 02:26:25,657 - app:98 - INFO - Database tables created - MainProcess:MainThread
2025-01-23 02:26:25,658 - app:113 - INFO - Application initialized successfully - MainProcess:MainThread
2025-01-23 02:26:25,700 - __main__:47 - INFO - Starting ICS3U curriculum import process... - MainProcess:MainThread
2025-01-23 02:26:25,741 - __main__:89 - ERROR - Import failed: The current Flask app is not registered with this 'SQLAlchemy' instance. Did you forget to call 'init_app', or did you create multiple 'SQLAlchemy' instances? - MainProcess:MainThread
2025-01-23 02:26:25,815 - __main__:37 - INFO - Tables after creation: ['code_submission', 'courses', 'strands', 'overall_expectations', 'specific_expectations', 'shared_code', 'audit_log', 'coding_activity', 'student', 'student_achievement', 'achievement', 'student_progress'] - MainProcess:MainThread
2025-01-23 02:26:25,815 - __main__:46 - INFO - Database tables created successfully! - MainProcess:MainThread
