2025-01-22 23:28:39,207 - database:111 - DEBUG - Logging initialized for database - MainProcess:MainThread
2025-01-22 23:28:39,214 - app:30 - WARNING - Redis not available, falling back to in-memory queue - MainProcess:MainThread
2025-01-22 23:28:39,425 - engineio.server:112 - INFO - Server initialized for eventlet. - MainProcess:MainThread
2025-01-22 23:28:39,434 - app:55 - INFO - Initializing Flask application - MainProcess:MainThread
2025-01-22 23:28:39,448 - app:70 - DEBUG - Application configuration loaded - MainProcess:MainThread
2025-01-22 23:28:39,602 - app:75 - INFO - Database initialized - MainProcess:MainThread
2025-01-22 23:28:39,603 - engineio.server:112 - INFO - Server initialized for eventlet. - MainProcess:MainThread
2025-01-22 23:28:39,608 - app:82 - INFO - Socket.IO initialized - MainProcess:MainThread
2025-01-22 23:28:39,634 - app:91 - INFO - CORS, Session, and CSRF protection initialized - MainProcess:MainThread
2025-01-22 23:28:39,946 - database:111 - DEBUG - Logging initialized for database - MainProcess:MainThread
2025-01-22 23:28:39,947 - app:30 - WARNING - Redis not available, falling back to in-memory queue - MainProcess:MainThread
2025-01-22 23:28:40,240 - engineio.server:112 - INFO - Server initialized for eventlet. - MainProcess:MainThread
2025-01-22 23:28:40,249 - app:55 - INFO - Initializing Flask application - MainProcess:MainThread
2025-01-22 23:28:40,261 - app:70 - DEBUG - Application configuration loaded - MainProcess:MainThread
2025-01-22 23:28:40,523 - app:75 - INFO - Database initialized - MainProcess:MainThread
2025-01-22 23:28:40,524 - engineio.server:112 - INFO - Server initialized for eventlet. - MainProcess:MainThread
2025-01-22 23:28:40,526 - app:82 - INFO - Socket.IO initialized - MainProcess:MainThread
2025-01-22 23:28:40,537 - app:91 - INFO - CORS, Session, and CSRF protection initialized - MainProcess:MainThread
2025-01-22 23:28:40,648 - app:98 - INFO - Database tables created - MainProcess:MainThread
2025-01-22 23:28:40,649 - app:113 - INFO - Application initialized successfully - MainProcess:MainThread
2025-01-22 23:28:40,776 - __main__:333 - INFO - Starting ICD2O curriculum import process... - MainProcess:MainThread
2025-01-22 23:28:40,962 - __main__:58 - ERROR - Error clearing existing data: The current Flask app is not registered with this 'SQLAlchemy' instance. Did you forget to call 'init_app', or did you create multiple 'SQLAlchemy' instances? - MainProcess:MainThread
2025-01-22 23:28:40,977 - __main__:387 - ERROR - Import failed: The current Flask app is not registered with this 'SQLAlchemy' instance. Did you forget to call 'init_app', or did you create multiple 'SQLAlchemy' instances? - MainProcess:MainThread
2025-01-22 23:28:43,510 - app:98 - INFO - Database tables created - MainProcess:MainThread
2025-01-22 23:28:43,511 - app:113 - INFO - Application initialized successfully - MainProcess:MainThread
