2025-01-23 02:56:24,277 - database:111 - DEBUG - Logging initialized for database - MainProcess:MainThread
2025-01-23 02:56:24,278 - app:30 - WARNING - Redis not available, falling back to in-memory queue - MainProcess:MainThread
2025-01-23 02:56:24,283 - engineio.server:112 - INFO - Server initialized for eventlet. - MainProcess:MainThread
2025-01-23 02:56:24,284 - app:55 - INFO - Initializing Flask application - MainProcess:MainThread
2025-01-23 02:56:24,285 - app:70 - DEBUG - Application configuration loaded - MainProcess:MainThread
2025-01-23 02:56:24,344 - app:75 - INFO - Database initialized - MainProcess:MainThread
2025-01-23 02:56:24,344 - engineio.server:112 - INFO - Server initialized for eventlet. - MainProcess:MainThread
2025-01-23 02:56:24,344 - app:82 - INFO - Socket.IO initialized - MainProcess:MainThread
2025-01-23 02:56:24,357 - app:91 - INFO - CORS, Session, and CSRF protection initialized - MainProcess:MainThread
2025-01-23 02:56:25,312 - app:98 - INFO - Database tables created - MainProcess:MainThread
2025-01-23 02:56:25,324 - app:113 - INFO - Application initialized successfully - MainProcess:MainThread
2025-01-23 02:56:25,326 - __main__:25 - INFO - Starting Flask server with SocketIO on port 5000 - MainProcess:MainThread
2025-01-23 02:56:25,327 - werkzeug:96 - WARNING -  * Debugger is active! - MainProcess:MainThread
2025-01-23 02:56:25,338 - werkzeug:96 - INFO -  * Debugger PIN: 408-642-850 - MainProcess:MainThread
2025-01-23 02:56:25,599 - app:107 - DEBUG - Rendering console page - MainProcess:GreenThread-1
2025-01-23 02:56:25,709 - app:107 - DEBUG - Rendering console page - MainProcess:GreenThread-1
2025-01-23 02:56:27,659 - app:107 - DEBUG - Rendering console page - MainProcess:GreenThread-1
2025-01-23 02:56:28,206 - app:107 - DEBUG - Rendering console page - MainProcess:GreenThread-1
2025-01-23 02:56:59,041 - app:107 - DEBUG - Rendering console page - MainProcess:GreenThread-1
2025-01-23 02:56:59,429 - app:107 - DEBUG - Rendering console page - MainProcess:GreenThread-1
