2025-01-22 23:47:43,023 - database:111 - DEBUG - Logging initialized for database - MainProcess:MainThread
2025-01-22 23:47:43,024 - app:30 - WARNING - Redis not available, falling back to in-memory queue - MainProcess:MainThread
2025-01-22 23:47:43,029 - engineio.server:112 - INFO - Server initialized for eventlet. - MainProcess:MainThread
2025-01-22 23:47:43,029 - app:55 - INFO - Initializing Flask application - MainProcess:MainThread
2025-01-22 23:47:43,031 - app:70 - DEBUG - Application configuration loaded - MainProcess:MainThread
2025-01-22 23:47:43,071 - app:75 - INFO - Database initialized - MainProcess:MainThread
2025-01-22 23:47:43,072 - engineio.server:112 - INFO - Server initialized for eventlet. - MainProcess:MainThread
2025-01-22 23:47:43,072 - app:82 - INFO - Socket.IO initialized - MainProcess:MainThread
2025-01-22 23:47:43,082 - app:91 - INFO - CORS, Session, and CSRF protection initialized - MainProcess:MainThread
2025-01-22 23:47:43,606 - database:111 - DEBUG - Logging initialized for database - MainProcess:MainThread
2025-01-22 23:47:43,607 - app:30 - WARNING - Redis not available, falling back to in-memory queue - MainProcess:MainThread
2025-01-22 23:47:43,787 - engineio.server:112 - INFO - Server initialized for eventlet. - MainProcess:MainThread
2025-01-22 23:47:43,789 - app:55 - INFO - Initializing Flask application - MainProcess:MainThread
2025-01-22 23:47:43,798 - app:70 - DEBUG - Application configuration loaded - MainProcess:MainThread
2025-01-22 23:47:43,922 - database:111 - DEBUG - Logging initialized for database - MainProcess:MainThread
2025-01-22 23:47:43,923 - app:30 - WARNING - Redis not available, falling back to in-memory queue - MainProcess:MainThread
2025-01-22 23:47:43,935 - app:75 - INFO - Database initialized - MainProcess:MainThread
2025-01-22 23:47:43,935 - engineio.server:112 - INFO - Server initialized for eventlet. - MainProcess:MainThread
2025-01-22 23:47:43,935 - app:82 - INFO - Socket.IO initialized - MainProcess:MainThread
2025-01-22 23:47:43,962 - app:91 - INFO - CORS, Session, and CSRF protection initialized - MainProcess:MainThread
2025-01-22 23:47:44,117 - engineio.server:112 - INFO - Server initialized for eventlet. - MainProcess:MainThread
2025-01-22 23:47:44,118 - app:55 - INFO - Initializing Flask application - MainProcess:MainThread
2025-01-22 23:47:44,122 - app:70 - DEBUG - Application configuration loaded - MainProcess:MainThread
2025-01-22 23:47:44,250 - app:75 - INFO - Database initialized - MainProcess:MainThread
2025-01-22 23:47:44,250 - engineio.server:112 - INFO - Server initialized for eventlet. - MainProcess:MainThread
2025-01-22 23:47:44,250 - app:82 - INFO - Socket.IO initialized - MainProcess:MainThread
2025-01-22 23:47:44,264 - app:98 - INFO - Database tables created - MainProcess:MainThread
2025-01-22 23:47:44,265 - app:113 - INFO - Application initialized successfully - MainProcess:MainThread
2025-01-22 23:47:44,265 - __main__:25 - INFO - Starting Flask server with SocketIO on port 5000 - MainProcess:MainThread
2025-01-22 23:47:44,266 - app:91 - INFO - CORS, Session, and CSRF protection initialized - MainProcess:MainThread
2025-01-22 23:47:44,280 - werkzeug:96 - WARNING -  * Debugger is active! - MainProcess:MainThread
2025-01-22 23:47:44,281 - werkzeug:96 - INFO -  * Debugger PIN: 136-832-749 - MainProcess:MainThread
2025-01-22 23:47:44,614 - app:107 - DEBUG - Rendering console page - MainProcess:GreenThread-1
2025-01-22 23:47:44,957 - app:98 - INFO - Database tables created - MainProcess:MainThread
2025-01-22 23:47:44,964 - app:113 - INFO - Application initialized successfully - MainProcess:MainThread
2025-01-22 23:47:45,025 - __main__:47 - INFO - Starting ICS3U curriculum import process... - MainProcess:MainThread
2025-01-22 23:47:45,070 - __main__:89 - ERROR - Import failed: The current Flask app is not registered with this 'SQLAlchemy' instance. Did you forget to call 'init_app', or did you create multiple 'SQLAlchemy' instances? - MainProcess:MainThread
2025-01-22 23:47:45,562 - engineio.server:78 - INFO - uGpfEeFfmiGtYen4AAAA: Sending packet OPEN data {'sid': 'uGpfEeFfmiGtYen4AAAA', 'upgrades': [], 'pingTimeout': 60000, 'pingInterval': 25000, 'maxPayload': 100000000.0} - MainProcess:GreenThread-2
2025-01-22 23:47:45,563 - engineio.server:90 - INFO - uGpfEeFfmiGtYen4AAAA: Received request to upgrade to websocket - MainProcess:GreenThread-2
2025-01-22 23:47:45,564 - engineio.server:219 - INFO - uGpfEeFfmiGtYen4AAAA: Upgrade to websocket successful - MainProcess:GreenThread-2
2025-01-22 23:47:45,652 - engineio.server:39 - INFO - uGpfEeFfmiGtYen4AAAA: Received packet MESSAGE data 0 - MainProcess:GreenThread-2
2025-01-22 23:47:45,654 - engineio.server:78 - INFO - uGpfEeFfmiGtYen4AAAA: Sending packet MESSAGE data 0{"sid":"1Hq8YbciMFOjKeckAAAB"} - MainProcess:GreenThread-2
2025-01-22 23:47:45,658 - app:132 - INFO - Client connected: 1Hq8YbciMFOjKeckAAAB - MainProcess:GreenThread-2
2025-01-22 23:47:45,664 - engineio.server:78 - INFO - uGpfEeFfmiGtYen4AAAA: Sending packet MESSAGE data 2["connection_established",{"status":"connected","sid":"1Hq8YbciMFOjKeckAAAB"}] - MainProcess:GreenThread-2
2025-01-22 23:47:47,265 - app:98 - INFO - Database tables created - MainProcess:MainThread
2025-01-22 23:47:47,266 - app:113 - INFO - Application initialized successfully - MainProcess:MainThread
2025-01-22 23:47:47,319 - __main__:47 - INFO - Starting ICS3U curriculum import process... - MainProcess:MainThread
2025-01-22 23:47:47,374 - __main__:89 - ERROR - Import failed: The current Flask app is not registered with this 'SQLAlchemy' instance. Did you forget to call 'init_app', or did you create multiple 'SQLAlchemy' instances? - MainProcess:MainThread
