2025-01-23 00:52:16,398 - database:111 - DEBUG - Logging initialized for database - MainProcess:MainThread
2025-01-23 00:52:16,400 - app:30 - WARNING - Redis not available, falling back to in-memory queue - MainProcess:MainThread
2025-01-23 00:52:16,404 - engineio.server:112 - INFO - Server initialized for eventlet. - MainProcess:MainThread
2025-01-23 00:52:16,405 - app:55 - INFO - Initializing Flask application - MainProcess:MainThread
2025-01-23 00:52:16,407 - app:70 - DEBUG - Application configuration loaded - MainProcess:MainThread
2025-01-23 00:52:16,444 - app:75 - INFO - Database initialized - MainProcess:MainThread
2025-01-23 00:52:16,444 - engineio.server:112 - INFO - Server initialized for eventlet. - MainProcess:MainThread
2025-01-23 00:52:16,444 - app:82 - INFO - Socket.IO initialized - MainProcess:MainThread
2025-01-23 00:52:16,455 - app:91 - INFO - CORS, Session, and CSRF protection initialized - MainProcess:MainThread
2025-01-23 00:52:17,475 - app:98 - INFO - Database tables created - MainProcess:MainThread
2025-01-23 00:52:17,476 - app:113 - INFO - Application initialized successfully - MainProcess:MainThread
2025-01-23 00:52:17,476 - __main__:25 - INFO - Starting Flask server with SocketIO on port 5000 - MainProcess:MainThread
2025-01-23 00:52:17,476 - werkzeug:96 - WARNING -  * Debugger is active! - MainProcess:MainThread
2025-01-23 00:52:17,477 - werkzeug:96 - INFO -  * Debugger PIN: 372-379-542 - MainProcess:MainThread
2025-01-23 00:52:17,794 - app:107 - DEBUG - Rendering console page - MainProcess:GreenThread-1
2025-01-23 00:52:18,769 - engineio.server:78 - INFO - 8Dwi6lnxAwmOFroTAAAA: Sending packet OPEN data {'sid': '8Dwi6lnxAwmOFroTAAAA', 'upgrades': [], 'pingTimeout': 60000, 'pingInterval': 25000, 'maxPayload': 100000000.0} - MainProcess:GreenThread-2
2025-01-23 00:52:18,769 - engineio.server:90 - INFO - 8Dwi6lnxAwmOFroTAAAA: Received request to upgrade to websocket - MainProcess:GreenThread-2
2025-01-23 00:52:18,770 - engineio.server:219 - INFO - 8Dwi6lnxAwmOFroTAAAA: Upgrade to websocket successful - MainProcess:GreenThread-2
2025-01-23 00:52:18,895 - engineio.server:39 - INFO - 8Dwi6lnxAwmOFroTAAAA: Received packet MESSAGE data 0 - MainProcess:GreenThread-2
2025-01-23 00:52:18,896 - engineio.server:78 - INFO - 8Dwi6lnxAwmOFroTAAAA: Sending packet MESSAGE data 0{"sid":"IFcXeq6CaJk6DIkFAAAB"} - MainProcess:GreenThread-2
2025-01-23 00:52:18,897 - app:132 - INFO - Client connected: IFcXeq6CaJk6DIkFAAAB - MainProcess:GreenThread-2
2025-01-23 00:52:18,898 - engineio.server:78 - INFO - 8Dwi6lnxAwmOFroTAAAA: Sending packet MESSAGE data 2["connection_established",{"status":"connected","sid":"IFcXeq6CaJk6DIkFAAAB"}] - MainProcess:GreenThread-2
2025-01-23 00:52:29,852 - app:107 - DEBUG - Rendering console page - MainProcess:GreenThread-3
2025-01-23 00:52:30,108 - engineio.server:78 - INFO - RF9rmDXIGXURDzyPAAAC: Sending packet OPEN data {'sid': 'RF9rmDXIGXURDzyPAAAC', 'upgrades': [], 'pingTimeout': 60000, 'pingInterval': 25000, 'maxPayload': 100000000.0} - MainProcess:GreenThread-4
2025-01-23 00:52:30,108 - engineio.server:90 - INFO - RF9rmDXIGXURDzyPAAAC: Received request to upgrade to websocket - MainProcess:GreenThread-4
2025-01-23 00:52:30,109 - engineio.server:219 - INFO - RF9rmDXIGXURDzyPAAAC: Upgrade to websocket successful - MainProcess:GreenThread-4
2025-01-23 00:52:30,115 - engineio.server:39 - INFO - RF9rmDXIGXURDzyPAAAC: Received packet MESSAGE data 0 - MainProcess:GreenThread-4
2025-01-23 00:52:30,115 - engineio.server:78 - INFO - RF9rmDXIGXURDzyPAAAC: Sending packet MESSAGE data 0{"sid":"UdioZSJJ9Sbn9--PAAAD"} - MainProcess:GreenThread-4
2025-01-23 00:52:30,116 - app:132 - INFO - Client connected: UdioZSJJ9Sbn9--PAAAD - MainProcess:GreenThread-4
2025-01-23 00:52:30,117 - engineio.server:78 - INFO - RF9rmDXIGXURDzyPAAAC: Sending packet MESSAGE data 2["connection_established",{"status":"connected","sid":"UdioZSJJ9Sbn9--PAAAD"}] - MainProcess:GreenThread-4
2025-01-23 00:52:30,660 - app:141 - INFO - Client disconnected: UdioZSJJ9Sbn9--PAAAD - MainProcess:GreenThread-4
