2025-01-23 02:37:42,390 - database:111 - DEBUG - Logging initialized for database - MainProcess:MainThread
2025-01-23 02:37:42,391 - app:30 - WARNING - Redis not available, falling back to in-memory queue - MainProcess:MainThread
2025-01-23 02:37:42,396 - engineio.server:112 - INFO - Server initialized for eventlet. - MainProcess:MainThread
2025-01-23 02:37:42,397 - app:55 - INFO - Initializing Flask application - MainProcess:MainThread
2025-01-23 02:37:42,399 - app:70 - DEBUG - Application configuration loaded - MainProcess:MainThread
2025-01-23 02:37:42,437 - app:75 - INFO - Database initialized - MainProcess:MainThread
2025-01-23 02:37:42,437 - engineio.server:112 - INFO - Server initialized for eventlet. - MainProcess:MainThread
2025-01-23 02:37:42,438 - app:82 - INFO - Socket.IO initialized - MainProcess:MainThread
2025-01-23 02:37:42,449 - app:91 - INFO - CORS, Session, and CSRF protection initialized - MainProcess:MainThread
2025-01-23 02:37:43,424 - app:98 - INFO - Database tables created - MainProcess:MainThread
2025-01-23 02:37:43,426 - app:113 - INFO - Application initialized successfully - MainProcess:MainThread
2025-01-23 02:37:43,426 - __main__:25 - INFO - Starting Flask server with SocketIO on port 5000 - MainProcess:MainThread
2025-01-23 02:37:43,437 - werkzeug:96 - WARNING -  * Debugger is active! - MainProcess:MainThread
2025-01-23 02:37:43,438 - werkzeug:96 - INFO -  * Debugger PIN: 115-507-887 - MainProcess:MainThread
2025-01-23 02:37:43,735 - app:107 - DEBUG - Rendering console page - MainProcess:GreenThread-1
2025-01-23 02:37:43,863 - app:107 - DEBUG - Rendering console page - MainProcess:GreenThread-1
2025-01-23 02:37:45,535 - app:107 - DEBUG - Rendering console page - MainProcess:GreenThread-1
2025-01-23 02:37:46,674 - app:107 - DEBUG - Rendering console page - MainProcess:GreenThread-2
2025-01-23 02:38:02,112 - app:107 - DEBUG - Rendering console page - MainProcess:GreenThread-2
2025-01-23 02:38:02,376 - app:107 - DEBUG - Rendering console page - MainProcess:GreenThread-2
