2025-01-23 01:09:59,652 - database:111 - DEBUG - Logging initialized for database - MainProcess:MainThread
2025-01-23 01:09:59,653 - app:30 - WARNING - Redis not available, falling back to in-memory queue - MainProcess:MainThread
2025-01-23 01:09:59,659 - engineio.server:112 - INFO - Server initialized for eventlet. - MainProcess:MainThread
2025-01-23 01:09:59,660 - app:55 - INFO - Initializing Flask application - MainProcess:MainThread
2025-01-23 01:09:59,661 - app:70 - DEBUG - Application configuration loaded - MainProcess:MainThread
2025-01-23 01:09:59,710 - app:75 - INFO - Database initialized - MainProcess:MainThread
2025-01-23 01:09:59,710 - engineio.server:112 - INFO - Server initialized for eventlet. - MainProcess:MainThread
2025-01-23 01:09:59,710 - app:82 - INFO - Socket.IO initialized - MainProcess:MainThread
2025-01-23 01:09:59,727 - app:91 - INFO - CORS, Session, and CSRF protection initialized - MainProcess:MainThread
2025-01-23 01:10:00,709 - app:98 - INFO - Database tables created - MainProcess:MainThread
2025-01-23 01:10:00,711 - app:113 - INFO - Application initialized successfully - MainProcess:MainThread
2025-01-23 01:10:00,711 - __main__:25 - INFO - Starting Flask server with SocketIO on port 5000 - MainProcess:MainThread
2025-01-23 01:10:00,711 - werkzeug:96 - WARNING -  * Debugger is active! - MainProcess:MainThread
2025-01-23 01:10:00,713 - werkzeug:96 - INFO -  * Debugger PIN: 630-472-940 - MainProcess:MainThread
2025-01-23 01:10:00,944 - app:107 - DEBUG - Rendering console page - MainProcess:GreenThread-1
2025-01-23 01:10:01,837 - engineio.server:78 - INFO - zYsure-b1KDJI4wyAAAA: Sending packet OPEN data {'sid': 'zYsure-b1KDJI4wyAAAA', 'upgrades': [], 'pingTimeout': 60000, 'pingInterval': 25000, 'maxPayload': 100000000.0} - MainProcess:GreenThread-2
2025-01-23 01:10:01,842 - engineio.server:90 - INFO - zYsure-b1KDJI4wyAAAA: Received request to upgrade to websocket - MainProcess:GreenThread-2
2025-01-23 01:10:01,842 - engineio.server:219 - INFO - zYsure-b1KDJI4wyAAAA: Upgrade to websocket successful - MainProcess:GreenThread-2
2025-01-23 01:10:01,944 - engineio.server:39 - INFO - zYsure-b1KDJI4wyAAAA: Received packet MESSAGE data 0 - MainProcess:GreenThread-2
2025-01-23 01:10:01,950 - engineio.server:78 - INFO - zYsure-b1KDJI4wyAAAA: Sending packet MESSAGE data 0{"sid":"eA7ObwyYlWVjpnzlAAAB"} - MainProcess:GreenThread-2
2025-01-23 01:10:01,960 - app:132 - INFO - Client connected: eA7ObwyYlWVjpnzlAAAB - MainProcess:GreenThread-2
2025-01-23 01:10:01,960 - engineio.server:78 - INFO - zYsure-b1KDJI4wyAAAA: Sending packet MESSAGE data 2["connection_established",{"status":"connected","sid":"eA7ObwyYlWVjpnzlAAAB"}] - MainProcess:GreenThread-2
2025-01-23 01:10:26,852 - engineio.server:78 - INFO - zYsure-b1KDJI4wyAAAA: Sending packet PING data None - MainProcess:GreenThread-3
2025-01-23 01:10:26,929 - engineio.server:39 - INFO - zYsure-b1KDJI4wyAAAA: Received packet PONG data  - MainProcess:GreenThread-2
2025-01-23 01:10:51,930 - engineio.server:78 - INFO - zYsure-b1KDJI4wyAAAA: Sending packet PING data None - MainProcess:GreenThread-4
2025-01-23 01:10:52,006 - engineio.server:39 - INFO - zYsure-b1KDJI4wyAAAA: Received packet PONG data  - MainProcess:GreenThread-2
2025-01-23 01:11:17,007 - engineio.server:78 - INFO - zYsure-b1KDJI4wyAAAA: Sending packet PING data None - MainProcess:GreenThread-5
2025-01-23 01:11:17,083 - engineio.server:39 - INFO - zYsure-b1KDJI4wyAAAA: Received packet PONG data  - MainProcess:GreenThread-2
2025-01-23 01:11:29,966 - werkzeug:96 - INFO -  * Detected change in '/home/runner/workspace/compiler.py', reloading - MainProcess:MainThread
