2025-01-23 02:41:34,089 - database:111 - DEBUG - Logging initialized for database - MainProcess:MainThread
2025-01-23 02:41:34,096 - database:111 - DEBUG - Logging initialized for database - MainProcess:MainThread
2025-01-23 02:41:34,098 - app:30 - WARNING - Redis not available, falling back to in-memory queue - MainProcess:MainThread
2025-01-23 02:41:34,090 - app:30 - WARNING - Redis not available, falling back to in-memory queue - MainProcess:MainThread
2025-01-23 02:41:34,540 - database:111 - DEBUG - Logging initialized for database - MainProcess:MainThread
2025-01-23 02:41:34,541 - app:30 - WARNING - Redis not available, falling back to in-memory queue - MainProcess:MainThread
2025-01-23 02:41:34,795 - engineio.server:112 - INFO - Server initialized for eventlet. - MainProcess:MainThread
2025-01-23 02:41:34,796 - app:55 - INFO - Initializing Flask application - MainProcess:MainThread
2025-01-23 02:41:34,798 - app:70 - DEBUG - Application configuration loaded - MainProcess:MainThread
2025-01-23 02:41:34,871 - engineio.server:112 - INFO - Server initialized for eventlet. - MainProcess:MainThread
2025-01-23 02:41:34,872 - app:55 - INFO - Initializing Flask application - MainProcess:MainThread
2025-01-23 02:41:34,875 - app:70 - DEBUG - Application configuration loaded - MainProcess:MainThread
2025-01-23 02:41:35,268 - engineio.server:112 - INFO - Server initialized for eventlet. - MainProcess:MainThread
2025-01-23 02:41:35,288 - app:55 - INFO - Initializing Flask application - MainProcess:MainThread
2025-01-23 02:41:35,303 - app:70 - DEBUG - Application configuration loaded - MainProcess:MainThread
2025-01-23 02:41:36,055 - app:75 - INFO - Database initialized - MainProcess:MainThread
2025-01-23 02:41:36,058 - engineio.server:112 - INFO - Server initialized for eventlet. - MainProcess:MainThread
2025-01-23 02:41:36,061 - app:82 - INFO - Socket.IO initialized - MainProcess:MainThread
2025-01-23 02:41:36,200 - app:91 - INFO - CORS, Session, and CSRF protection initialized - MainProcess:MainThread
2025-01-23 02:41:36,578 - app:75 - INFO - Database initialized - MainProcess:MainThread
2025-01-23 02:41:36,578 - engineio.server:112 - INFO - Server initialized for eventlet. - MainProcess:MainThread
2025-01-23 02:41:36,578 - app:82 - INFO - Socket.IO initialized - MainProcess:MainThread
2025-01-23 02:41:36,589 - app:91 - INFO - CORS, Session, and CSRF protection initialized - MainProcess:MainThread
2025-01-23 02:41:36,812 - app:75 - INFO - Database initialized - MainProcess:MainThread
2025-01-23 02:41:36,832 - engineio.server:112 - INFO - Server initialized for eventlet. - MainProcess:MainThread
2025-01-23 02:41:36,832 - app:82 - INFO - Socket.IO initialized - MainProcess:MainThread
2025-01-23 02:41:36,918 - app:91 - INFO - CORS, Session, and CSRF protection initialized - MainProcess:MainThread
2025-01-23 02:41:37,181 - app:98 - INFO - Database tables created - MainProcess:MainThread
2025-01-23 02:41:37,196 - app:113 - INFO - Application initialized successfully - MainProcess:MainThread
2025-01-23 02:41:37,339 - __main__:47 - INFO - Starting ICS3U curriculum import process... - MainProcess:MainThread
2025-01-23 02:41:37,642 - app:98 - INFO - Database tables created - MainProcess:MainThread
2025-01-23 02:41:37,649 - app:113 - INFO - Application initialized successfully - MainProcess:MainThread
2025-01-23 02:41:37,747 - __main__:89 - ERROR - Import failed: The current Flask app is not registered with this 'SQLAlchemy' instance. Did you forget to call 'init_app', or did you create multiple 'SQLAlchemy' instances? - MainProcess:MainThread
2025-01-23 02:41:37,906 - __main__:47 - INFO - Starting ICS3U curriculum import process... - MainProcess:MainThread
2025-01-23 02:41:37,968 - __main__:89 - ERROR - Import failed: The current Flask app is not registered with this 'SQLAlchemy' instance. Did you forget to call 'init_app', or did you create multiple 'SQLAlchemy' instances? - MainProcess:MainThread
2025-01-23 02:41:37,979 - app:98 - INFO - Database tables created - MainProcess:MainThread
2025-01-23 02:41:37,983 - app:113 - INFO - Application initialized successfully - MainProcess:MainThread
2025-01-23 02:41:38,283 - __main__:23 - INFO - Starting database table creation... - MainProcess:MainThread
2025-01-23 02:41:38,510 - __main__:30 - INFO - Existing tables: ['code_submission', 'courses', 'strands', 'overall_expectations', 'specific_expectations', 'shared_code', 'audit_log', 'coding_activity', 'student', 'student_achievement', 'achievement', 'student_progress'] - MainProcess:MainThread
2025-01-23 02:41:38,720 - __main__:37 - INFO - Tables after creation: ['code_submission', 'courses', 'strands', 'overall_expectations', 'specific_expectations', 'shared_code', 'audit_log', 'coding_activity', 'student', 'student_achievement', 'achievement', 'student_progress'] - MainProcess:MainThread
2025-01-23 02:41:38,720 - __main__:46 - INFO - Database tables created successfully! - MainProcess:MainThread
