2025-01-23 02:34:01,052 - database:111 - DEBUG - Logging initialized for database - MainProcess:MainThread
2025-01-23 02:34:01,053 - app:30 - WARNING - Redis not available, falling back to in-memory queue - MainProcess:MainThread
2025-01-23 02:34:01,293 - engineio.server:112 - INFO - Server initialized for eventlet. - MainProcess:MainThread
2025-01-23 02:34:01,294 - app:55 - INFO - Initializing Flask application - MainProcess:MainThread
2025-01-23 02:34:01,295 - app:70 - DEBUG - Application configuration loaded - MainProcess:MainThread
2025-01-23 02:34:01,296 - database:111 - DEBUG - Logging initialized for database - MainProcess:MainThread
2025-01-23 02:34:01,298 - app:30 - WARNING - Redis not available, falling back to in-memory queue - MainProcess:MainThread
2025-01-23 02:34:01,343 - database:111 - DEBUG - Logging initialized for database - MainProcess:MainThread
2025-01-23 02:34:01,345 - app:30 - WARNING - Redis not available, falling back to in-memory queue - MainProcess:MainThread
2025-01-23 02:34:01,391 - app:75 - INFO - Database initialized - MainProcess:MainThread
2025-01-23 02:34:01,391 - engineio.server:112 - INFO - Server initialized for eventlet. - MainProcess:MainThread
2025-01-23 02:34:01,392 - app:82 - INFO - Socket.IO initialized - MainProcess:MainThread
2025-01-23 02:34:01,404 - app:91 - INFO - CORS, Session, and CSRF protection initialized - MainProcess:MainThread
2025-01-23 02:34:01,458 - engineio.server:112 - INFO - Server initialized for eventlet. - MainProcess:MainThread
2025-01-23 02:34:01,459 - app:55 - INFO - Initializing Flask application - MainProcess:MainThread
2025-01-23 02:34:01,461 - app:70 - DEBUG - Application configuration loaded - MainProcess:MainThread
2025-01-23 02:34:01,539 - engineio.server:112 - INFO - Server initialized for eventlet. - MainProcess:MainThread
2025-01-23 02:34:01,540 - app:55 - INFO - Initializing Flask application - MainProcess:MainThread
2025-01-23 02:34:01,544 - app:70 - DEBUG - Application configuration loaded - MainProcess:MainThread
2025-01-23 02:34:01,571 - app:75 - INFO - Database initialized - MainProcess:MainThread
2025-01-23 02:34:01,571 - engineio.server:112 - INFO - Server initialized for eventlet. - MainProcess:MainThread
2025-01-23 02:34:01,572 - app:82 - INFO - Socket.IO initialized - MainProcess:MainThread
2025-01-23 02:34:01,604 - app:91 - INFO - CORS, Session, and CSRF protection initialized - MainProcess:MainThread
2025-01-23 02:34:01,683 - app:75 - INFO - Database initialized - MainProcess:MainThread
2025-01-23 02:34:01,683 - engineio.server:112 - INFO - Server initialized for eventlet. - MainProcess:MainThread
2025-01-23 02:34:01,684 - app:82 - INFO - Socket.IO initialized - MainProcess:MainThread
2025-01-23 02:34:01,697 - app:91 - INFO - CORS, Session, and CSRF protection initialized - MainProcess:MainThread
2025-01-23 02:34:01,720 - database:111 - DEBUG - Logging initialized for database - MainProcess:MainThread
2025-01-23 02:34:01,721 - app:30 - WARNING - Redis not available, falling back to in-memory queue - MainProcess:MainThread
2025-01-23 02:34:01,900 - engineio.server:112 - INFO - Server initialized for eventlet. - MainProcess:MainThread
2025-01-23 02:34:01,901 - app:55 - INFO - Initializing Flask application - MainProcess:MainThread
2025-01-23 02:34:01,903 - app:70 - DEBUG - Application configuration loaded - MainProcess:MainThread
2025-01-23 02:34:02,055 - app:75 - INFO - Database initialized - MainProcess:MainThread
2025-01-23 02:34:02,056 - engineio.server:112 - INFO - Server initialized for eventlet. - MainProcess:MainThread
2025-01-23 02:34:02,057 - app:82 - INFO - Socket.IO initialized - MainProcess:MainThread
2025-01-23 02:34:02,082 - app:91 - INFO - CORS, Session, and CSRF protection initialized - MainProcess:MainThread
2025-01-23 02:34:04,398 - app:98 - INFO - Database tables created - MainProcess:MainThread
2025-01-23 02:34:04,400 - app:113 - INFO - Application initialized successfully - MainProcess:MainThread
2025-01-23 02:34:04,516 - __main__:47 - INFO - Starting ICS3U curriculum import process... - MainProcess:MainThread
2025-01-23 02:34:04,593 - app:98 - INFO - Database tables created - MainProcess:MainThread
2025-01-23 02:34:04,594 - app:113 - INFO - Application initialized successfully - MainProcess:MainThread
2025-01-23 02:34:04,681 - __main__:48 - INFO - Found in file: c2.1 concevoir des algorithmes qui répondent à des problèmes mathématiques donnés.
 - MainProcess:MainThread
2025-01-23 02:34:04,697 - __main__:89 - ERROR - Import failed: The current Flask app is not registered with this 'SQLAlchemy' instance. Did you forget to call 'init_app', or did you create multiple 'SQLAlchemy' instances? - MainProcess:MainThread
2025-01-23 02:34:04,728 - app:98 - INFO - Database tables created - MainProcess:MainThread
2025-01-23 02:34:04,731 - app:113 - INFO - Application initialized successfully - MainProcess:MainThread
2025-01-23 02:34:04,728 - __main__:108 - ERROR - Error during verification: The current Flask app is not registered with this 'SQLAlchemy' instance. Did you forget to call 'init_app', or did you create multiple 'SQLAlchemy' instances? - MainProcess:MainThread
Traceback (most recent call last):
  File "/home/runner/workspace/scripts/verify_c21.py", line 55, in verify_c21
    ).first()
      ^^^^^^^
  File "/home/runner/workspace/.pythonlibs/lib/python3.11/site-packages/sqlalchemy/orm/query.py", line 2728, in first
    return self.limit(1)._iter().first()  # type: ignore
           ^^^^^^^^^^^^^^^^^^^^^
  File "/home/runner/workspace/.pythonlibs/lib/python3.11/site-packages/sqlalchemy/orm/query.py", line 2827, in _iter
    result: Union[ScalarResult[_T], Result[_T]] = self.session.execute(
                                                  ^^^^^^^^^^^^^^^^^^^^^
  File "/home/runner/workspace/.pythonlibs/lib/python3.11/site-packages/sqlalchemy/orm/session.py", line 2362, in execute
    return self._execute_internal(
           ^^^^^^^^^^^^^^^^^^^^^^^
  File "/home/runner/workspace/.pythonlibs/lib/python3.11/site-packages/sqlalchemy/orm/session.py", line 2235, in _execute_internal
    bind = self.get_bind(**bind_arguments)
           ^^^^^^^^^^^^^^^^^^^^^^^^^^^^^^^
  File "/home/runner/workspace/.pythonlibs/lib/python3.11/site-packages/flask_sqlalchemy/session.py", line 53, in get_bind
    engines = self._db.engines
              ^^^^^^^^^^^^^^^^
  File "/home/runner/workspace/.pythonlibs/lib/python3.11/site-packages/flask_sqlalchemy/extension.py", line 690, in engines
    raise RuntimeError(
RuntimeError: The current Flask app is not registered with this 'SQLAlchemy' instance. Did you forget to call 'init_app', or did you create multiple 'SQLAlchemy' instances?
2025-01-23 02:34:04,805 - __main__:333 - INFO - Starting ICD2O curriculum import process... - MainProcess:MainThread
2025-01-23 02:34:04,895 - __main__:58 - ERROR - Error clearing existing data: The current Flask app is not registered with this 'SQLAlchemy' instance. Did you forget to call 'init_app', or did you create multiple 'SQLAlchemy' instances? - MainProcess:MainThread
2025-01-23 02:34:04,896 - __main__:387 - ERROR - Import failed: The current Flask app is not registered with this 'SQLAlchemy' instance. Did you forget to call 'init_app', or did you create multiple 'SQLAlchemy' instances? - MainProcess:MainThread
2025-01-23 02:34:05,061 - app:98 - INFO - Database tables created - MainProcess:MainThread
2025-01-23 02:34:05,062 - app:113 - INFO - Application initialized successfully - MainProcess:MainThread
