2025-01-22 23:31:20,110 - database:111 - DEBUG - Logging initialized for database - MainProcess:MainThread
2025-01-22 23:31:20,111 - app:30 - WARNING - Redis not available, falling back to in-memory queue - MainProcess:MainThread
2025-01-22 23:31:20,384 - engineio.server:112 - INFO - Server initialized for eventlet. - MainProcess:MainThread
2025-01-22 23:31:20,396 - app:55 - INFO - Initializing Flask application - MainProcess:MainThread
2025-01-22 23:31:20,399 - app:70 - DEBUG - Application configuration loaded - MainProcess:MainThread
2025-01-22 23:31:20,553 - database:111 - DEBUG - Logging initialized for database - MainProcess:MainThread
2025-01-22 23:31:20,557 - app:30 - WARNING - Redis not available, falling back to in-memory queue - MainProcess:MainThread
2025-01-22 23:31:20,643 - app:75 - INFO - Database initialized - MainProcess:MainThread
2025-01-22 23:31:20,645 - engineio.server:112 - INFO - Server initialized for eventlet. - MainProcess:MainThread
2025-01-22 23:31:20,647 - app:82 - INFO - Socket.IO initialized - MainProcess:MainThread
2025-01-22 23:31:20,721 - app:91 - INFO - CORS, Session, and CSRF protection initialized - MainProcess:MainThread
2025-01-22 23:31:20,798 - engineio.server:112 - INFO - Server initialized for eventlet. - MainProcess:MainThread
2025-01-22 23:31:20,799 - app:55 - INFO - Initializing Flask application - MainProcess:MainThread
2025-01-22 23:31:20,802 - app:70 - DEBUG - Application configuration loaded - MainProcess:MainThread
2025-01-22 23:31:20,905 - app:75 - INFO - Database initialized - MainProcess:MainThread
2025-01-22 23:31:20,907 - engineio.server:112 - INFO - Server initialized for eventlet. - MainProcess:MainThread
2025-01-22 23:31:20,907 - app:82 - INFO - Socket.IO initialized - MainProcess:MainThread
2025-01-22 23:31:20,923 - app:91 - INFO - CORS, Session, and CSRF protection initialized - MainProcess:MainThread
2025-01-22 23:31:21,689 - app:98 - INFO - Database tables created - MainProcess:MainThread
2025-01-22 23:31:21,723 - app:113 - INFO - Application initialized successfully - MainProcess:MainThread
2025-01-22 23:31:21,800 - __main__:333 - INFO - Starting ICD2O curriculum import process... - MainProcess:MainThread
2025-01-22 23:31:21,936 - __main__:58 - ERROR - Error clearing existing data: The current Flask app is not registered with this 'SQLAlchemy' instance. Did you forget to call 'init_app', or did you create multiple 'SQLAlchemy' instances? - MainProcess:MainThread
2025-01-22 23:31:21,938 - __main__:387 - ERROR - Import failed: The current Flask app is not registered with this 'SQLAlchemy' instance. Did you forget to call 'init_app', or did you create multiple 'SQLAlchemy' instances? - MainProcess:MainThread
2025-01-22 23:31:23,900 - app:98 - INFO - Database tables created - MainProcess:MainThread
2025-01-22 23:31:23,906 - app:113 - INFO - Application initialized successfully - MainProcess:MainThread
