2025-01-22 23:38:43,933 - database:111 - DEBUG - Logging initialized for database - MainProcess:MainThread
2025-01-22 23:38:43,934 - app:30 - WARNING - Redis not available, falling back to in-memory queue - MainProcess:MainThread
2025-01-22 23:38:43,939 - engineio.server:112 - INFO - Server initialized for eventlet. - MainProcess:MainThread
2025-01-22 23:38:43,940 - app:55 - INFO - Initializing Flask application - MainProcess:MainThread
2025-01-22 23:38:43,942 - app:70 - DEBUG - Application configuration loaded - MainProcess:MainThread
2025-01-22 23:38:43,992 - app:75 - INFO - Database initialized - MainProcess:MainThread
2025-01-22 23:38:43,994 - engineio.server:112 - INFO - Server initialized for eventlet. - MainProcess:MainThread
2025-01-22 23:38:43,994 - app:82 - INFO - Socket.IO initialized - MainProcess:MainThread
2025-01-22 23:38:44,020 - app:91 - INFO - CORS, Session, and CSRF protection initialized - MainProcess:MainThread
2025-01-22 23:38:44,979 - app:98 - INFO - Database tables created - MainProcess:MainThread
2025-01-22 23:38:44,981 - app:113 - INFO - Application initialized successfully - MainProcess:MainThread
2025-01-22 23:38:44,982 - __main__:25 - INFO - Starting Flask server with SocketIO on port 5000 - MainProcess:MainThread
2025-01-22 23:38:44,983 - werkzeug:96 - WARNING -  * Debugger is active! - MainProcess:MainThread
2025-01-22 23:38:44,985 - werkzeug:96 - INFO -  * Debugger PIN: 100-265-435 - MainProcess:MainThread
2025-01-22 23:38:45,245 - app:107 - DEBUG - Rendering console page - MainProcess:GreenThread-1
2025-01-22 23:38:45,342 - app:107 - DEBUG - Rendering console page - MainProcess:GreenThread-1
2025-01-22 23:38:46,176 - engineio.server:78 - INFO - 4yYgkzrI4COEfrSDAAAA: Sending packet OPEN data {'sid': '4yYgkzrI4COEfrSDAAAA', 'upgrades': [], 'pingTimeout': 60000, 'pingInterval': 25000, 'maxPayload': 100000000.0} - MainProcess:GreenThread-2
2025-01-22 23:38:46,177 - engineio.server:90 - INFO - 4yYgkzrI4COEfrSDAAAA: Received request to upgrade to websocket - MainProcess:GreenThread-2
2025-01-22 23:38:46,178 - engineio.server:219 - INFO - 4yYgkzrI4COEfrSDAAAA: Upgrade to websocket successful - MainProcess:GreenThread-2
2025-01-22 23:38:46,263 - engineio.server:39 - INFO - 4yYgkzrI4COEfrSDAAAA: Received packet MESSAGE data 0 - MainProcess:GreenThread-2
2025-01-22 23:38:46,274 - engineio.server:78 - INFO - 4yYgkzrI4COEfrSDAAAA: Sending packet MESSAGE data 0{"sid":"OdLMG_ql_Q-B718rAAAB"} - MainProcess:GreenThread-2
2025-01-22 23:38:46,277 - app:132 - INFO - Client connected: OdLMG_ql_Q-B718rAAAB - MainProcess:GreenThread-2
2025-01-22 23:38:46,280 - engineio.server:78 - INFO - 4yYgkzrI4COEfrSDAAAA: Sending packet MESSAGE data 2["connection_established",{"status":"connected","sid":"OdLMG_ql_Q-B718rAAAB"}] - MainProcess:GreenThread-2
2025-01-22 23:38:46,498 - engineio.server:78 - INFO - 7gkkdvCbRtXsRVJjAAAC: Sending packet OPEN data {'sid': '7gkkdvCbRtXsRVJjAAAC', 'upgrades': [], 'pingTimeout': 60000, 'pingInterval': 25000, 'maxPayload': 100000000.0} - MainProcess:GreenThread-3
2025-01-22 23:38:46,500 - engineio.server:90 - INFO - 7gkkdvCbRtXsRVJjAAAC: Received request to upgrade to websocket - MainProcess:GreenThread-3
2025-01-22 23:38:46,501 - engineio.server:219 - INFO - 7gkkdvCbRtXsRVJjAAAC: Upgrade to websocket successful - MainProcess:GreenThread-3
2025-01-22 23:38:46,588 - engineio.server:39 - INFO - 7gkkdvCbRtXsRVJjAAAC: Received packet MESSAGE data 0 - MainProcess:GreenThread-3
2025-01-22 23:38:46,596 - engineio.server:78 - INFO - 7gkkdvCbRtXsRVJjAAAC: Sending packet MESSAGE data 0{"sid":"AXzk8k1u3N3detcJAAAD"} - MainProcess:GreenThread-3
2025-01-22 23:38:46,602 - app:132 - INFO - Client connected: AXzk8k1u3N3detcJAAAD - MainProcess:GreenThread-3
2025-01-22 23:38:46,607 - engineio.server:78 - INFO - 7gkkdvCbRtXsRVJjAAAC: Sending packet MESSAGE data 2["connection_established",{"status":"connected","sid":"AXzk8k1u3N3detcJAAAD"}] - MainProcess:GreenThread-3
2025-01-22 23:38:47,532 - app:141 - INFO - Client disconnected: AXzk8k1u3N3detcJAAAD - MainProcess:GreenThread-3
2025-01-22 23:38:47,630 - app:107 - DEBUG - Rendering console page - MainProcess:GreenThread-1
2025-01-22 23:38:47,873 - app:107 - DEBUG - Rendering console page - MainProcess:GreenThread-1
2025-01-22 23:38:48,213 - engineio.server:78 - INFO - 6s-1jrRRPeyrlwEcAAAE: Sending packet OPEN data {'sid': '6s-1jrRRPeyrlwEcAAAE', 'upgrades': [], 'pingTimeout': 60000, 'pingInterval': 25000, 'maxPayload': 100000000.0} - MainProcess:GreenThread-4
2025-01-22 23:38:48,213 - engineio.server:90 - INFO - 6s-1jrRRPeyrlwEcAAAE: Received request to upgrade to websocket - MainProcess:GreenThread-4
2025-01-22 23:38:48,214 - engineio.server:219 - INFO - 6s-1jrRRPeyrlwEcAAAE: Upgrade to websocket successful - MainProcess:GreenThread-4
2025-01-22 23:38:48,223 - engineio.server:39 - INFO - 6s-1jrRRPeyrlwEcAAAE: Received packet MESSAGE data 0 - MainProcess:GreenThread-4
2025-01-22 23:38:48,224 - engineio.server:78 - INFO - 6s-1jrRRPeyrlwEcAAAE: Sending packet MESSAGE data 0{"sid":"pb7P0-jlP4dAPwkjAAAF"} - MainProcess:GreenThread-4
2025-01-22 23:38:48,226 - app:132 - INFO - Client connected: pb7P0-jlP4dAPwkjAAAF - MainProcess:GreenThread-4
2025-01-22 23:38:48,227 - engineio.server:78 - INFO - 6s-1jrRRPeyrlwEcAAAE: Sending packet MESSAGE data 2["connection_established",{"status":"connected","sid":"pb7P0-jlP4dAPwkjAAAF"}] - MainProcess:GreenThread-4
2025-01-22 23:38:48,532 - engineio.server:78 - INFO - NUfI0rLtg3m5_gIrAAAG: Sending packet OPEN data {'sid': 'NUfI0rLtg3m5_gIrAAAG', 'upgrades': [], 'pingTimeout': 60000, 'pingInterval': 25000, 'maxPayload': 100000000.0} - MainProcess:GreenThread-5
2025-01-22 23:38:48,533 - engineio.server:90 - INFO - NUfI0rLtg3m5_gIrAAAG: Received request to upgrade to websocket - MainProcess:GreenThread-5
2025-01-22 23:38:48,533 - engineio.server:219 - INFO - NUfI0rLtg3m5_gIrAAAG: Upgrade to websocket successful - MainProcess:GreenThread-5
2025-01-22 23:38:48,617 - engineio.server:39 - INFO - NUfI0rLtg3m5_gIrAAAG: Received packet MESSAGE data 0 - MainProcess:GreenThread-5
2025-01-22 23:38:48,618 - engineio.server:78 - INFO - NUfI0rLtg3m5_gIrAAAG: Sending packet MESSAGE data 0{"sid":"OuqUdS_3LIC1uXL7AAAH"} - MainProcess:GreenThread-5
2025-01-22 23:38:48,619 - app:132 - INFO - Client connected: OuqUdS_3LIC1uXL7AAAH - MainProcess:GreenThread-5
2025-01-22 23:38:48,620 - engineio.server:78 - INFO - NUfI0rLtg3m5_gIrAAAG: Sending packet MESSAGE data 2["connection_established",{"status":"connected","sid":"OuqUdS_3LIC1uXL7AAAH"}] - MainProcess:GreenThread-5
2025-01-22 23:38:48,734 - app:141 - INFO - Client disconnected: pb7P0-jlP4dAPwkjAAAF - MainProcess:GreenThread-4
2025-01-22 23:39:11,180 - engineio.server:78 - INFO - 4yYgkzrI4COEfrSDAAAA: Sending packet PING data None - MainProcess:GreenThread-6
2025-01-22 23:39:11,255 - engineio.server:39 - INFO - 4yYgkzrI4COEfrSDAAAA: Received packet PONG data  - MainProcess:GreenThread-2
2025-01-22 23:39:13,534 - engineio.server:78 - INFO - NUfI0rLtg3m5_gIrAAAG: Sending packet PING data None - MainProcess:GreenThread-7
2025-01-22 23:39:13,608 - engineio.server:39 - INFO - NUfI0rLtg3m5_gIrAAAG: Received packet PONG data  - MainProcess:GreenThread-5
2025-01-22 23:39:36,258 - engineio.server:78 - INFO - 4yYgkzrI4COEfrSDAAAA: Sending packet PING data None - MainProcess:GreenThread-8
2025-01-22 23:39:36,333 - engineio.server:39 - INFO - 4yYgkzrI4COEfrSDAAAA: Received packet PONG data  - MainProcess:GreenThread-2
2025-01-22 23:39:38,610 - engineio.server:78 - INFO - NUfI0rLtg3m5_gIrAAAG: Sending packet PING data None - MainProcess:GreenThread-9
2025-01-22 23:39:38,682 - engineio.server:39 - INFO - NUfI0rLtg3m5_gIrAAAG: Received packet PONG data  - MainProcess:GreenThread-5
2025-01-22 23:40:01,335 - engineio.server:78 - INFO - 4yYgkzrI4COEfrSDAAAA: Sending packet PING data None - MainProcess:GreenThread-10
2025-01-22 23:40:01,409 - engineio.server:39 - INFO - 4yYgkzrI4COEfrSDAAAA: Received packet PONG data  - MainProcess:GreenThread-2
2025-01-22 23:40:03,683 - engineio.server:78 - INFO - NUfI0rLtg3m5_gIrAAAG: Sending packet PING data None - MainProcess:GreenThread-11
2025-01-22 23:40:03,784 - engineio.server:39 - INFO - NUfI0rLtg3m5_gIrAAAG: Received packet PONG data  - MainProcess:GreenThread-5
2025-01-22 23:40:26,410 - engineio.server:78 - INFO - 4yYgkzrI4COEfrSDAAAA: Sending packet PING data None - MainProcess:GreenThread-12
2025-01-22 23:40:26,482 - engineio.server:39 - INFO - 4yYgkzrI4COEfrSDAAAA: Received packet PONG data  - MainProcess:GreenThread-2
2025-01-22 23:40:28,791 - engineio.server:78 - INFO - NUfI0rLtg3m5_gIrAAAG: Sending packet PING data None - MainProcess:GreenThread-13
2025-01-22 23:40:28,863 - engineio.server:39 - INFO - NUfI0rLtg3m5_gIrAAAG: Received packet PONG data  - MainProcess:GreenThread-5
2025-01-22 23:40:34,270 - werkzeug:96 - INFO -  * Detected change in '/home/runner/workspace/compiler_service.py', reloading - MainProcess:MainThread
