2025-01-23 00:42:35,071 - database:111 - DEBUG - Logging initialized for database - MainProcess:MainThread
2025-01-23 00:42:35,072 - app:30 - WARNING - Redis not available, falling back to in-memory queue - MainProcess:MainThread
2025-01-23 00:42:35,768 - database:111 - DEBUG - Logging initialized for database - MainProcess:MainThread
2025-01-23 00:42:35,769 - app:30 - WARNING - Redis not available, falling back to in-memory queue - MainProcess:MainThread
2025-01-23 00:42:36,521 - engineio.server:112 - INFO - Server initialized for eventlet. - MainProcess:MainThread
2025-01-23 00:42:36,547 - app:55 - INFO - Initializing Flask application - MainProcess:MainThread
2025-01-23 00:42:36,554 - app:70 - DEBUG - Application configuration loaded - MainProcess:MainThread
2025-01-23 00:42:37,553 - engineio.server:112 - INFO - Server initialized for eventlet. - MainProcess:MainThread
2025-01-23 00:42:37,557 - app:55 - INFO - Initializing Flask application - MainProcess:MainThread
2025-01-23 00:42:37,566 - app:70 - DEBUG - Application configuration loaded - MainProcess:MainThread
2025-01-23 00:42:37,910 - app:75 - INFO - Database initialized - MainProcess:MainThread
2025-01-23 00:42:37,910 - engineio.server:112 - INFO - Server initialized for eventlet. - MainProcess:MainThread
2025-01-23 00:42:37,910 - app:82 - INFO - Socket.IO initialized - MainProcess:MainThread
2025-01-23 00:42:38,083 - app:91 - INFO - CORS, Session, and CSRF protection initialized - MainProcess:MainThread
2025-01-23 00:42:39,077 - app:98 - INFO - Database tables created - MainProcess:MainThread
2025-01-23 00:42:39,078 - app:113 - INFO - Application initialized successfully - MainProcess:MainThread
2025-01-23 00:42:39,172 - __main__:48 - INFO - Found in file: c2.1 concevoir des algorithmes qui répondent à des problèmes mathématiques donnés.
 - MainProcess:MainThread
2025-01-23 00:42:39,290 - app:75 - INFO - Database initialized - MainProcess:MainThread
2025-01-23 00:42:39,290 - engineio.server:112 - INFO - Server initialized for eventlet. - MainProcess:MainThread
2025-01-23 00:42:39,291 - app:82 - INFO - Socket.IO initialized - MainProcess:MainThread
2025-01-23 00:42:39,361 - __main__:108 - ERROR - Error during verification: The current Flask app is not registered with this 'SQLAlchemy' instance. Did you forget to call 'init_app', or did you create multiple 'SQLAlchemy' instances? - MainProcess:MainThread
Traceback (most recent call last):
  File "/home/runner/workspace/scripts/verify_c21.py", line 55, in verify_c21
    ).first()
      ^^^^^^^
  File "/home/runner/workspace/.pythonlibs/lib/python3.11/site-packages/sqlalchemy/orm/query.py", line 2728, in first
    return self.limit(1)._iter().first()  # type: ignore
           ^^^^^^^^^^^^^^^^^^^^^
  File "/home/runner/workspace/.pythonlibs/lib/python3.11/site-packages/sqlalchemy/orm/query.py", line 2827, in _iter
    result: Union[ScalarResult[_T], Result[_T]] = self.session.execute(
                                                  ^^^^^^^^^^^^^^^^^^^^^
  File "/home/runner/workspace/.pythonlibs/lib/python3.11/site-packages/sqlalchemy/orm/session.py", line 2362, in execute
    return self._execute_internal(
           ^^^^^^^^^^^^^^^^^^^^^^^
  File "/home/runner/workspace/.pythonlibs/lib/python3.11/site-packages/sqlalchemy/orm/session.py", line 2235, in _execute_internal
    bind = self.get_bind(**bind_arguments)
           ^^^^^^^^^^^^^^^^^^^^^^^^^^^^^^^
  File "/home/runner/workspace/.pythonlibs/lib/python3.11/site-packages/flask_sqlalchemy/session.py", line 53, in get_bind
    engines = self._db.engines
              ^^^^^^^^^^^^^^^^
  File "/home/runner/workspace/.pythonlibs/lib/python3.11/site-packages/flask_sqlalchemy/extension.py", line 690, in engines
    raise RuntimeError(
RuntimeError: The current Flask app is not registered with this 'SQLAlchemy' instance. Did you forget to call 'init_app', or did you create multiple 'SQLAlchemy' instances?
2025-01-23 00:42:39,509 - app:91 - INFO - CORS, Session, and CSRF protection initialized - MainProcess:MainThread
2025-01-23 00:42:40,537 - app:98 - INFO - Database tables created - MainProcess:MainThread
2025-01-23 00:42:40,538 - app:113 - INFO - Application initialized successfully - MainProcess:MainThread
2025-01-23 00:42:40,844 - __main__:23 - INFO - Starting database table creation... - MainProcess:MainThread
2025-01-23 00:42:41,152 - __main__:30 - INFO - Existing tables: ['code_submission', 'courses', 'strands', 'overall_expectations', 'specific_expectations', 'shared_code', 'audit_log', 'coding_activity', 'student', 'student_achievement', 'achievement', 'student_progress'] - MainProcess:MainThread
2025-01-23 00:42:41,364 - __main__:37 - INFO - Tables after creation: ['code_submission', 'courses', 'strands', 'overall_expectations', 'specific_expectations', 'shared_code', 'audit_log', 'coding_activity', 'student', 'student_achievement', 'achievement', 'student_progress'] - MainProcess:MainThread
2025-01-23 00:42:41,364 - __main__:46 - INFO - Database tables created successfully! - MainProcess:MainThread
