2025-01-23 02:55:24,376 - database:111 - DEBUG - Logging initialized for database - MainProcess:MainThread
2025-01-23 02:55:24,383 - app:30 - WARNING - Redis not available, falling back to in-memory queue - MainProcess:MainThread
2025-01-23 02:55:24,403 - database:111 - DEBUG - Logging initialized for database - MainProcess:MainThread
2025-01-23 02:55:24,403 - database:111 - DEBUG - Logging initialized for database - MainProcess:MainThread
2025-01-23 02:55:24,405 - app:30 - WARNING - Redis not available, falling back to in-memory queue - MainProcess:MainThread
2025-01-23 02:55:24,405 - app:30 - WARNING - Redis not available, falling back to in-memory queue - MainProcess:MainThread
2025-01-23 02:55:24,596 - database:111 - DEBUG - Logging initialized for database - MainProcess:MainThread
2025-01-23 02:55:24,601 - app:30 - WARNING - Redis not available, falling back to in-memory queue - MainProcess:MainThread
2025-01-23 02:55:25,308 - engineio.server:112 - INFO - Server initialized for eventlet. - MainProcess:MainThread
2025-01-23 02:55:25,313 - app:55 - INFO - Initializing Flask application - MainProcess:MainThread
2025-01-23 02:55:25,325 - app:70 - DEBUG - Application configuration loaded - MainProcess:MainThread
2025-01-23 02:55:25,343 - engineio.server:112 - INFO - Server initialized for eventlet. - MainProcess:MainThread
2025-01-23 02:55:25,344 - app:55 - INFO - Initializing Flask application - MainProcess:MainThread
2025-01-23 02:55:25,346 - app:70 - DEBUG - Application configuration loaded - MainProcess:MainThread
2025-01-23 02:55:25,594 - engineio.server:112 - INFO - Server initialized for eventlet. - MainProcess:MainThread
2025-01-23 02:55:25,595 - app:55 - INFO - Initializing Flask application - MainProcess:MainThread
2025-01-23 02:55:25,596 - app:70 - DEBUG - Application configuration loaded - MainProcess:MainThread
2025-01-23 02:55:25,648 - app:75 - INFO - Database initialized - MainProcess:MainThread
2025-01-23 02:55:25,655 - engineio.server:112 - INFO - Server initialized for eventlet. - MainProcess:MainThread
2025-01-23 02:55:25,660 - app:82 - INFO - Socket.IO initialized - MainProcess:MainThread
2025-01-23 02:55:25,839 - app:91 - INFO - CORS, Session, and CSRF protection initialized - MainProcess:MainThread
2025-01-23 02:55:25,853 - engineio.server:112 - INFO - Server initialized for eventlet. - MainProcess:MainThread
2025-01-23 02:55:25,857 - app:55 - INFO - Initializing Flask application - MainProcess:MainThread
2025-01-23 02:55:25,859 - app:70 - DEBUG - Application configuration loaded - MainProcess:MainThread
2025-01-23 02:55:25,966 - app:75 - INFO - Database initialized - MainProcess:MainThread
2025-01-23 02:55:25,966 - engineio.server:112 - INFO - Server initialized for eventlet. - MainProcess:MainThread
2025-01-23 02:55:25,966 - app:82 - INFO - Socket.IO initialized - MainProcess:MainThread
2025-01-23 02:55:25,977 - app:91 - INFO - CORS, Session, and CSRF protection initialized - MainProcess:MainThread
2025-01-23 02:55:26,142 - app:75 - INFO - Database initialized - MainProcess:MainThread
2025-01-23 02:55:26,143 - engineio.server:112 - INFO - Server initialized for eventlet. - MainProcess:MainThread
2025-01-23 02:55:26,144 - app:82 - INFO - Socket.IO initialized - MainProcess:MainThread
2025-01-23 02:55:26,162 - app:91 - INFO - CORS, Session, and CSRF protection initialized - MainProcess:MainThread
2025-01-23 02:55:26,211 - app:75 - INFO - Database initialized - MainProcess:MainThread
2025-01-23 02:55:26,212 - engineio.server:112 - INFO - Server initialized for eventlet. - MainProcess:MainThread
2025-01-23 02:55:26,216 - app:82 - INFO - Socket.IO initialized - MainProcess:MainThread
2025-01-23 02:55:26,240 - app:91 - INFO - CORS, Session, and CSRF protection initialized - MainProcess:MainThread
2025-01-23 02:55:26,891 - app:98 - INFO - Database tables created - MainProcess:MainThread
2025-01-23 02:55:26,892 - app:113 - INFO - Application initialized successfully - MainProcess:MainThread
2025-01-23 02:55:26,957 - __main__:23 - INFO - Starting database table creation... - MainProcess:MainThread
2025-01-23 02:55:26,994 - app:98 - INFO - Database tables created - MainProcess:MainThread
2025-01-23 02:55:26,996 - app:113 - INFO - Application initialized successfully - MainProcess:MainThread
2025-01-23 02:55:27,062 - __main__:48 - INFO - Found in file: c2.1 concevoir des algorithmes qui répondent à des problèmes mathématiques donnés.
 - MainProcess:MainThread
2025-01-23 02:55:27,159 - __main__:30 - INFO - Existing tables: ['code_submission', 'courses', 'strands', 'overall_expectations', 'specific_expectations', 'shared_code', 'audit_log', 'coding_activity', 'student', 'student_achievement', 'achievement', 'student_progress'] - MainProcess:MainThread
2025-01-23 02:55:27,205 - app:98 - INFO - Database tables created - MainProcess:MainThread
2025-01-23 02:55:27,208 - app:113 - INFO - Application initialized successfully - MainProcess:MainThread
2025-01-23 02:55:27,278 - app:98 - INFO - Database tables created - MainProcess:MainThread
2025-01-23 02:55:27,279 - app:113 - INFO - Application initialized successfully - MainProcess:MainThread
2025-01-23 02:55:27,326 - __main__:108 - ERROR - Error during verification: The current Flask app is not registered with this 'SQLAlchemy' instance. Did you forget to call 'init_app', or did you create multiple 'SQLAlchemy' instances? - MainProcess:MainThread
Traceback (most recent call last):
  File "/home/runner/workspace/scripts/verify_c21.py", line 55, in verify_c21
    ).first()
      ^^^^^^^
  File "/home/runner/workspace/.pythonlibs/lib/python3.11/site-packages/sqlalchemy/orm/query.py", line 2728, in first
    return self.limit(1)._iter().first()  # type: ignore
           ^^^^^^^^^^^^^^^^^^^^^
  File "/home/runner/workspace/.pythonlibs/lib/python3.11/site-packages/sqlalchemy/orm/query.py", line 2827, in _iter
    result: Union[ScalarResult[_T], Result[_T]] = self.session.execute(
                                                  ^^^^^^^^^^^^^^^^^^^^^
  File "/home/runner/workspace/.pythonlibs/lib/python3.11/site-packages/sqlalchemy/orm/session.py", line 2362, in execute
    return self._execute_internal(
           ^^^^^^^^^^^^^^^^^^^^^^^
  File "/home/runner/workspace/.pythonlibs/lib/python3.11/site-packages/sqlalchemy/orm/session.py", line 2235, in _execute_internal
    bind = self.get_bind(**bind_arguments)
           ^^^^^^^^^^^^^^^^^^^^^^^^^^^^^^^
  File "/home/runner/workspace/.pythonlibs/lib/python3.11/site-packages/flask_sqlalchemy/session.py", line 53, in get_bind
    engines = self._db.engines
              ^^^^^^^^^^^^^^^^
  File "/home/runner/workspace/.pythonlibs/lib/python3.11/site-packages/flask_sqlalchemy/extension.py", line 690, in engines
    raise RuntimeError(
RuntimeError: The current Flask app is not registered with this 'SQLAlchemy' instance. Did you forget to call 'init_app', or did you create multiple 'SQLAlchemy' instances?
2025-01-23 02:55:27,378 - __main__:37 - INFO - Tables after creation: ['code_submission', 'courses', 'strands', 'overall_expectations', 'specific_expectations', 'shared_code', 'audit_log', 'coding_activity', 'student', 'student_achievement', 'achievement', 'student_progress'] - MainProcess:MainThread
2025-01-23 02:55:27,387 - __main__:46 - INFO - Database tables created successfully! - MainProcess:MainThread
2025-01-23 02:55:27,583 - __main__:47 - INFO - Starting ICS3U curriculum import process... - MainProcess:MainThread
2025-01-23 02:55:27,634 - __main__:89 - ERROR - Import failed: The current Flask app is not registered with this 'SQLAlchemy' instance. Did you forget to call 'init_app', or did you create multiple 'SQLAlchemy' instances? - MainProcess:MainThread
2025-01-23 02:55:27,704 - __main__:47 - INFO - Starting ICS3U curriculum import process... - MainProcess:MainThread
2025-01-23 02:55:27,820 - __main__:89 - ERROR - Import failed: The current Flask app is not registered with this 'SQLAlchemy' instance. Did you forget to call 'init_app', or did you create multiple 'SQLAlchemy' instances? - MainProcess:MainThread
