2025-01-23 01:28:24,551 - database:111 - DEBUG - Logging initialized for database - MainProcess:MainThread
2025-01-23 01:28:24,552 - app:30 - WARNING - Redis not available, falling back to in-memory queue - MainProcess:MainThread
2025-01-23 01:28:24,735 - database:111 - DEBUG - Logging initialized for database - MainProcess:MainThread
2025-01-23 01:28:24,736 - app:30 - WARNING - Redis not available, falling back to in-memory queue - MainProcess:MainThread
2025-01-23 01:28:25,108 - engineio.server:112 - INFO - Server initialized for eventlet. - MainProcess:MainThread
2025-01-23 01:28:25,169 - app:55 - INFO - Initializing Flask application - MainProcess:MainThread
2025-01-23 01:28:25,176 - app:70 - DEBUG - Application configuration loaded - MainProcess:MainThread
2025-01-23 01:28:25,240 - engineio.server:112 - INFO - Server initialized for eventlet. - MainProcess:MainThread
2025-01-23 01:28:25,243 - app:55 - INFO - Initializing Flask application - MainProcess:MainThread
2025-01-23 01:28:25,246 - app:70 - DEBUG - Application configuration loaded - MainProcess:MainThread
2025-01-23 01:28:25,427 - app:75 - INFO - Database initialized - MainProcess:MainThread
2025-01-23 01:28:25,428 - engineio.server:112 - INFO - Server initialized for eventlet. - MainProcess:MainThread
2025-01-23 01:28:25,428 - app:82 - INFO - Socket.IO initialized - MainProcess:MainThread
2025-01-23 01:28:25,521 - app:91 - INFO - CORS, Session, and CSRF protection initialized - MainProcess:MainThread
2025-01-23 01:28:25,826 - app:75 - INFO - Database initialized - MainProcess:MainThread
2025-01-23 01:28:25,937 - engineio.server:112 - INFO - Server initialized for eventlet. - MainProcess:MainThread
2025-01-23 01:28:25,937 - app:82 - INFO - Socket.IO initialized - MainProcess:MainThread
2025-01-23 01:28:26,211 - app:91 - INFO - CORS, Session, and CSRF protection initialized - MainProcess:MainThread
2025-01-23 01:28:28,556 - app:98 - INFO - Database tables created - MainProcess:MainThread
2025-01-23 01:28:28,568 - app:113 - INFO - Application initialized successfully - MainProcess:MainThread
2025-01-23 01:28:28,956 - __main__:47 - INFO - Starting ICS3U curriculum import process... - MainProcess:MainThread
2025-01-23 01:28:29,058 - __main__:89 - ERROR - Import failed: The current Flask app is not registered with this 'SQLAlchemy' instance. Did you forget to call 'init_app', or did you create multiple 'SQLAlchemy' instances? - MainProcess:MainThread
2025-01-23 01:28:29,282 - app:98 - INFO - Database tables created - MainProcess:MainThread
2025-01-23 01:28:29,283 - app:113 - INFO - Application initialized successfully - MainProcess:MainThread
2025-01-23 01:28:29,337 - __main__:47 - INFO - Starting ICS3U curriculum import process... - MainProcess:MainThread
2025-01-23 01:28:29,379 - __main__:89 - ERROR - Import failed: The current Flask app is not registered with this 'SQLAlchemy' instance. Did you forget to call 'init_app', or did you create multiple 'SQLAlchemy' instances? - MainProcess:MainThread
