2025-01-22 23:26:43,143 - database:111 - DEBUG - Logging initialized for database - MainProcess:MainThread
2025-01-22 23:26:43,144 - app:30 - WARNING - Redis not available, falling back to in-memory queue - MainProcess:MainThread
2025-01-22 23:26:43,271 - engineio.server:112 - INFO - Server initialized for eventlet. - MainProcess:MainThread
2025-01-22 23:26:43,280 - app:55 - INFO - Initializing Flask application - MainProcess:MainThread
2025-01-22 23:26:43,282 - app:70 - DEBUG - Application configuration loaded - MainProcess:MainThread
2025-01-22 23:26:43,381 - app:75 - INFO - Database initialized - MainProcess:MainThread
2025-01-22 23:26:43,381 - engineio.server:112 - INFO - Server initialized for eventlet. - MainProcess:MainThread
2025-01-22 23:26:43,382 - app:82 - INFO - Socket.IO initialized - MainProcess:MainThread
2025-01-22 23:26:43,393 - app:91 - INFO - CORS, Session, and CSRF protection initialized - MainProcess:MainThread
2025-01-22 23:26:43,752 - database:111 - DEBUG - Logging initialized for database - MainProcess:MainThread
2025-01-22 23:26:43,754 - app:30 - WARNING - Redis not available, falling back to in-memory queue - MainProcess:MainThread
2025-01-22 23:26:43,887 - engineio.server:112 - INFO - Server initialized for eventlet. - MainProcess:MainThread
2025-01-22 23:26:43,889 - app:55 - INFO - Initializing Flask application - MainProcess:MainThread
2025-01-22 23:26:43,894 - app:70 - DEBUG - Application configuration loaded - MainProcess:MainThread
2025-01-22 23:26:44,007 - database:111 - DEBUG - Logging initialized for database - MainProcess:MainThread
2025-01-22 23:26:44,008 - app:30 - WARNING - Redis not available, falling back to in-memory queue - MainProcess:MainThread
2025-01-22 23:26:44,052 - app:75 - INFO - Database initialized - MainProcess:MainThread
2025-01-22 23:26:44,053 - engineio.server:112 - INFO - Server initialized for eventlet. - MainProcess:MainThread
2025-01-22 23:26:44,054 - app:82 - INFO - Socket.IO initialized - MainProcess:MainThread
2025-01-22 23:26:44,104 - app:91 - INFO - CORS, Session, and CSRF protection initialized - MainProcess:MainThread
2025-01-22 23:26:44,244 - engineio.server:112 - INFO - Server initialized for eventlet. - MainProcess:MainThread
2025-01-22 23:26:44,253 - app:55 - INFO - Initializing Flask application - MainProcess:MainThread
2025-01-22 23:26:44,268 - app:70 - DEBUG - Application configuration loaded - MainProcess:MainThread
2025-01-22 23:26:44,564 - app:75 - INFO - Database initialized - MainProcess:MainThread
2025-01-22 23:26:44,572 - engineio.server:112 - INFO - Server initialized for eventlet. - MainProcess:MainThread
2025-01-22 23:26:44,572 - app:82 - INFO - Socket.IO initialized - MainProcess:MainThread
2025-01-22 23:26:44,617 - app:91 - INFO - CORS, Session, and CSRF protection initialized - MainProcess:MainThread
2025-01-22 23:26:46,373 - app:98 - INFO - Database tables created - MainProcess:MainThread
2025-01-22 23:26:46,375 - app:113 - INFO - Application initialized successfully - MainProcess:MainThread
2025-01-22 23:26:46,444 - __main__:23 - INFO - Starting database table creation... - MainProcess:MainThread
2025-01-22 23:26:46,679 - __main__:30 - INFO - Existing tables: ['code_submission', 'courses', 'strands', 'overall_expectations', 'specific_expectations', 'shared_code', 'audit_log', 'coding_activity', 'student', 'student_achievement', 'achievement', 'student_progress'] - MainProcess:MainThread
2025-01-22 23:26:46,880 - __main__:37 - INFO - Tables after creation: ['code_submission', 'courses', 'strands', 'overall_expectations', 'specific_expectations', 'shared_code', 'audit_log', 'coding_activity', 'student', 'student_achievement', 'achievement', 'student_progress'] - MainProcess:MainThread
2025-01-22 23:26:46,884 - __main__:46 - INFO - Database tables created successfully! - MainProcess:MainThread
2025-01-22 23:26:47,101 - app:98 - INFO - Database tables created - MainProcess:MainThread
2025-01-22 23:26:47,102 - app:113 - INFO - Application initialized successfully - MainProcess:MainThread
2025-01-22 23:26:47,270 - __main__:47 - INFO - Starting ICS3U curriculum import process... - MainProcess:MainThread
2025-01-22 23:26:47,397 - __main__:89 - ERROR - Import failed: The current Flask app is not registered with this 'SQLAlchemy' instance. Did you forget to call 'init_app', or did you create multiple 'SQLAlchemy' instances? - MainProcess:MainThread
2025-01-22 23:26:47,624 - app:98 - INFO - Database tables created - MainProcess:MainThread
2025-01-22 23:26:47,625 - app:113 - INFO - Application initialized successfully - MainProcess:MainThread
2025-01-22 23:26:47,690 - __main__:47 - INFO - Starting ICS3U curriculum import process... - MainProcess:MainThread
2025-01-22 23:26:47,765 - __main__:89 - ERROR - Import failed: The current Flask app is not registered with this 'SQLAlchemy' instance. Did you forget to call 'init_app', or did you create multiple 'SQLAlchemy' instances? - MainProcess:MainThread
