2025-01-23 02:07:15,302 - database:111 - DEBUG - Logging initialized for database - MainProcess:MainThread
2025-01-23 02:07:15,316 - app:30 - WARNING - Redis not available, falling back to in-memory queue - MainProcess:MainThread
2025-01-23 02:07:15,459 - database:111 - DEBUG - Logging initialized for database - MainProcess:MainThread
2025-01-23 02:07:15,459 - app:30 - WARNING - Redis not available, falling back to in-memory queue - MainProcess:MainThread
2025-01-23 02:07:15,548 - engineio.server:112 - INFO - Server initialized for eventlet. - MainProcess:MainThread
2025-01-23 02:07:15,561 - app:55 - INFO - Initializing Flask application - MainProcess:MainThread
2025-01-23 02:07:15,562 - app:70 - DEBUG - Application configuration loaded - MainProcess:MainThread
2025-01-23 02:07:15,939 - app:75 - INFO - Database initialized - MainProcess:MainThread
2025-01-23 02:07:15,939 - engineio.server:112 - INFO - Server initialized for eventlet. - MainProcess:MainThread
2025-01-23 02:07:15,940 - app:82 - INFO - Socket.IO initialized - MainProcess:MainThread
2025-01-23 02:07:15,963 - app:91 - INFO - CORS, Session, and CSRF protection initialized - MainProcess:MainThread
2025-01-23 02:07:16,198 - engineio.server:112 - INFO - Server initialized for eventlet. - MainProcess:MainThread
2025-01-23 02:07:16,210 - app:55 - INFO - Initializing Flask application - MainProcess:MainThread
2025-01-23 02:07:16,220 - app:70 - DEBUG - Application configuration loaded - MainProcess:MainThread
2025-01-23 02:07:16,574 - app:75 - INFO - Database initialized - MainProcess:MainThread
2025-01-23 02:07:16,574 - engineio.server:112 - INFO - Server initialized for eventlet. - MainProcess:MainThread
2025-01-23 02:07:16,574 - app:82 - INFO - Socket.IO initialized - MainProcess:MainThread
2025-01-23 02:07:16,587 - app:91 - INFO - CORS, Session, and CSRF protection initialized - MainProcess:MainThread
2025-01-23 02:07:18,977 - app:98 - INFO - Database tables created - MainProcess:MainThread
2025-01-23 02:07:18,983 - app:113 - INFO - Application initialized successfully - MainProcess:MainThread
2025-01-23 02:07:19,258 - __main__:47 - INFO - Starting ICS3U curriculum import process... - MainProcess:MainThread
2025-01-23 02:07:19,304 - __main__:89 - ERROR - Import failed: The current Flask app is not registered with this 'SQLAlchemy' instance. Did you forget to call 'init_app', or did you create multiple 'SQLAlchemy' instances? - MainProcess:MainThread
2025-01-23 02:07:19,577 - app:98 - INFO - Database tables created - MainProcess:MainThread
2025-01-23 02:07:19,578 - app:113 - INFO - Application initialized successfully - MainProcess:MainThread
2025-01-23 02:07:19,626 - __main__:47 - INFO - Starting ICS3U curriculum import process... - MainProcess:MainThread
2025-01-23 02:07:19,683 - __main__:89 - ERROR - Import failed: The current Flask app is not registered with this 'SQLAlchemy' instance. Did you forget to call 'init_app', or did you create multiple 'SQLAlchemy' instances? - MainProcess:MainThread
