2025-01-23 01:21:40,593 - database:111 - DEBUG - Logging initialized for database - MainProcess:MainThread
2025-01-23 01:21:40,594 - app:30 - WARNING - Redis not available, falling back to in-memory queue - MainProcess:MainThread
2025-01-23 01:21:40,882 - engineio.server:112 - INFO - Server initialized for eventlet. - MainProcess:MainThread
2025-01-23 01:21:40,885 - app:55 - INFO - Initializing Flask application - MainProcess:MainThread
2025-01-23 01:21:40,894 - app:70 - DEBUG - Application configuration loaded - MainProcess:MainThread
2025-01-23 01:21:41,039 - database:111 - DEBUG - Logging initialized for database - MainProcess:MainThread
2025-01-23 01:21:41,039 - app:30 - WARNING - Redis not available, falling back to in-memory queue - MainProcess:MainThread
2025-01-23 01:21:41,133 - app:75 - INFO - Database initialized - MainProcess:MainThread
2025-01-23 01:21:41,136 - engineio.server:112 - INFO - Server initialized for eventlet. - MainProcess:MainThread
2025-01-23 01:21:41,136 - app:82 - INFO - Socket.IO initialized - MainProcess:MainThread
2025-01-23 01:21:41,179 - app:91 - INFO - CORS, Session, and CSRF protection initialized - MainProcess:MainThread
2025-01-23 01:21:41,490 - engineio.server:112 - INFO - Server initialized for eventlet. - MainProcess:MainThread
2025-01-23 01:21:41,507 - app:55 - INFO - Initializing Flask application - MainProcess:MainThread
2025-01-23 01:21:41,509 - app:70 - DEBUG - Application configuration loaded - MainProcess:MainThread
2025-01-23 01:21:41,777 - app:75 - INFO - Database initialized - MainProcess:MainThread
2025-01-23 01:21:41,777 - engineio.server:112 - INFO - Server initialized for eventlet. - MainProcess:MainThread
2025-01-23 01:21:41,777 - app:82 - INFO - Socket.IO initialized - MainProcess:MainThread
2025-01-23 01:21:41,789 - app:91 - INFO - CORS, Session, and CSRF protection initialized - MainProcess:MainThread
2025-01-23 01:21:44,150 - app:98 - INFO - Database tables created - MainProcess:MainThread
2025-01-23 01:21:44,151 - app:113 - INFO - Application initialized successfully - MainProcess:MainThread
2025-01-23 01:21:44,195 - __main__:47 - INFO - Starting ICS3U curriculum import process... - MainProcess:MainThread
2025-01-23 01:21:44,244 - __main__:89 - ERROR - Import failed: The current Flask app is not registered with this 'SQLAlchemy' instance. Did you forget to call 'init_app', or did you create multiple 'SQLAlchemy' instances? - MainProcess:MainThread
2025-01-23 01:21:44,766 - app:98 - INFO - Database tables created - MainProcess:MainThread
2025-01-23 01:21:44,780 - app:113 - INFO - Application initialized successfully - MainProcess:MainThread
2025-01-23 01:21:44,897 - __main__:47 - INFO - Starting ICS3U curriculum import process... - MainProcess:MainThread
2025-01-23 01:21:44,939 - __main__:89 - ERROR - Import failed: The current Flask app is not registered with this 'SQLAlchemy' instance. Did you forget to call 'init_app', or did you create multiple 'SQLAlchemy' instances? - MainProcess:MainThread
