2025-01-22 23:34:37,039 - database:111 - DEBUG - Logging initialized for database - MainProcess:MainThread
2025-01-22 23:34:37,040 - app:30 - WARNING - Redis not available, falling back to in-memory queue - MainProcess:MainThread
2025-01-22 23:34:37,093 - database:111 - DEBUG - Logging initialized for database - MainProcess:MainThread
2025-01-22 23:34:37,094 - app:30 - WARNING - Redis not available, falling back to in-memory queue - MainProcess:MainThread
2025-01-22 23:34:37,104 - engineio.server:112 - INFO - Server initialized for eventlet. - MainProcess:MainThread
2025-01-22 23:34:37,105 - app:55 - INFO - Initializing Flask application - MainProcess:MainThread
2025-01-22 23:34:37,107 - app:70 - DEBUG - Application configuration loaded - MainProcess:MainThread
2025-01-22 23:34:37,173 - app:75 - INFO - Database initialized - MainProcess:MainThread
2025-01-22 23:34:37,174 - engineio.server:112 - INFO - Server initialized for eventlet. - MainProcess:MainThread
2025-01-22 23:34:37,174 - app:82 - INFO - Socket.IO initialized - MainProcess:MainThread
2025-01-22 23:34:37,189 - app:91 - INFO - CORS, Session, and CSRF protection initialized - MainProcess:MainThread
2025-01-22 23:34:37,246 - engineio.server:112 - INFO - Server initialized for eventlet. - MainProcess:MainThread
2025-01-22 23:34:37,248 - app:55 - INFO - Initializing Flask application - MainProcess:MainThread
2025-01-22 23:34:37,251 - app:70 - DEBUG - Application configuration loaded - MainProcess:MainThread
2025-01-22 23:34:37,441 - app:75 - INFO - Database initialized - MainProcess:MainThread
2025-01-22 23:34:37,442 - engineio.server:112 - INFO - Server initialized for eventlet. - MainProcess:MainThread
2025-01-22 23:34:37,442 - app:82 - INFO - Socket.IO initialized - MainProcess:MainThread
2025-01-22 23:34:37,450 - app:91 - INFO - CORS, Session, and CSRF protection initialized - MainProcess:MainThread
2025-01-22 23:34:37,548 - database:111 - DEBUG - Logging initialized for database - MainProcess:MainThread
2025-01-22 23:34:37,549 - app:30 - WARNING - Redis not available, falling back to in-memory queue - MainProcess:MainThread
2025-01-22 23:34:37,885 - engineio.server:112 - INFO - Server initialized for eventlet. - MainProcess:MainThread
2025-01-22 23:34:37,892 - app:55 - INFO - Initializing Flask application - MainProcess:MainThread
2025-01-22 23:34:37,902 - app:70 - DEBUG - Application configuration loaded - MainProcess:MainThread
2025-01-22 23:34:38,254 - app:75 - INFO - Database initialized - MainProcess:MainThread
2025-01-22 23:34:38,263 - engineio.server:112 - INFO - Server initialized for eventlet. - MainProcess:MainThread
2025-01-22 23:34:38,265 - app:82 - INFO - Socket.IO initialized - MainProcess:MainThread
2025-01-22 23:34:38,300 - app:91 - INFO - CORS, Session, and CSRF protection initialized - MainProcess:MainThread
2025-01-22 23:34:39,284 - app:98 - INFO - Database tables created - MainProcess:MainThread
2025-01-22 23:34:39,284 - app:113 - INFO - Application initialized successfully - MainProcess:MainThread
2025-01-22 23:34:40,455 - app:98 - INFO - Database tables created - MainProcess:MainThread
2025-01-22 23:34:40,457 - app:113 - INFO - Application initialized successfully - MainProcess:MainThread
2025-01-22 23:34:40,541 - __main__:48 - INFO - Found in file: c2.1 concevoir des algorithmes qui répondent à des problèmes mathématiques donnés.
 - MainProcess:MainThread
2025-01-22 23:34:40,585 - __main__:108 - ERROR - Error during verification: The current Flask app is not registered with this 'SQLAlchemy' instance. Did you forget to call 'init_app', or did you create multiple 'SQLAlchemy' instances? - MainProcess:MainThread
Traceback (most recent call last):
  File "/home/runner/workspace/scripts/verify_c21.py", line 55, in verify_c21
    ).first()
      ^^^^^^^
  File "/home/runner/workspace/.pythonlibs/lib/python3.11/site-packages/sqlalchemy/orm/query.py", line 2728, in first
    return self.limit(1)._iter().first()  # type: ignore
           ^^^^^^^^^^^^^^^^^^^^^
  File "/home/runner/workspace/.pythonlibs/lib/python3.11/site-packages/sqlalchemy/orm/query.py", line 2827, in _iter
    result: Union[ScalarResult[_T], Result[_T]] = self.session.execute(
                                                  ^^^^^^^^^^^^^^^^^^^^^
  File "/home/runner/workspace/.pythonlibs/lib/python3.11/site-packages/sqlalchemy/orm/session.py", line 2362, in execute
    return self._execute_internal(
           ^^^^^^^^^^^^^^^^^^^^^^^
  File "/home/runner/workspace/.pythonlibs/lib/python3.11/site-packages/sqlalchemy/orm/session.py", line 2235, in _execute_internal
    bind = self.get_bind(**bind_arguments)
           ^^^^^^^^^^^^^^^^^^^^^^^^^^^^^^^
  File "/home/runner/workspace/.pythonlibs/lib/python3.11/site-packages/flask_sqlalchemy/session.py", line 53, in get_bind
    engines = self._db.engines
              ^^^^^^^^^^^^^^^^
  File "/home/runner/workspace/.pythonlibs/lib/python3.11/site-packages/flask_sqlalchemy/extension.py", line 690, in engines
    raise RuntimeError(
RuntimeError: The current Flask app is not registered with this 'SQLAlchemy' instance. Did you forget to call 'init_app', or did you create multiple 'SQLAlchemy' instances?
