2025-01-22 23:24:37,395 - database:111 - DEBUG - Logging initialized for database - MainProcess:MainThread
2025-01-22 23:24:37,396 - app:30 - WARNING - Redis not available, falling back to in-memory queue - MainProcess:MainThread
2025-01-22 23:24:37,565 - database:111 - DEBUG - Logging initialized for database - MainProcess:MainThread
2025-01-22 23:24:37,566 - app:30 - WARNING - Redis not available, falling back to in-memory queue - MainProcess:MainThread
2025-01-22 23:24:37,615 - engineio.server:112 - INFO - Server initialized for eventlet. - MainProcess:MainThread
2025-01-22 23:24:37,617 - app:55 - INFO - Initializing Flask application - MainProcess:MainThread
2025-01-22 23:24:37,619 - app:70 - DEBUG - Application configuration loaded - MainProcess:MainThread
2025-01-22 23:24:37,750 - engineio.server:112 - INFO - Server initialized for eventlet. - MainProcess:MainThread
2025-01-22 23:24:37,765 - app:75 - INFO - Database initialized - MainProcess:MainThread
2025-01-22 23:24:37,766 - engineio.server:112 - INFO - Server initialized for eventlet. - MainProcess:MainThread
2025-01-22 23:24:37,766 - app:82 - INFO - Socket.IO initialized - MainProcess:MainThread
2025-01-22 23:24:37,786 - app:91 - INFO - CORS, Session, and CSRF protection initialized - MainProcess:MainThread
2025-01-22 23:24:37,788 - app:55 - INFO - Initializing Flask application - MainProcess:MainThread
2025-01-22 23:24:37,791 - app:70 - DEBUG - Application configuration loaded - MainProcess:MainThread
2025-01-22 23:24:37,908 - app:75 - INFO - Database initialized - MainProcess:MainThread
2025-01-22 23:24:37,908 - engineio.server:112 - INFO - Server initialized for eventlet. - MainProcess:MainThread
2025-01-22 23:24:37,908 - app:82 - INFO - Socket.IO initialized - MainProcess:MainThread
2025-01-22 23:24:37,923 - app:91 - INFO - CORS, Session, and CSRF protection initialized - MainProcess:MainThread
2025-01-22 23:24:38,738 - app:98 - INFO - Database tables created - MainProcess:MainThread
2025-01-22 23:24:38,742 - app:113 - INFO - Application initialized successfully - MainProcess:MainThread
2025-01-22 23:24:38,803 - __main__:333 - INFO - Starting ICD2O curriculum import process... - MainProcess:MainThread
2025-01-22 23:24:38,881 - __main__:58 - ERROR - Error clearing existing data: The current Flask app is not registered with this 'SQLAlchemy' instance. Did you forget to call 'init_app', or did you create multiple 'SQLAlchemy' instances? - MainProcess:MainThread
2025-01-22 23:24:38,883 - __main__:387 - ERROR - Import failed: The current Flask app is not registered with this 'SQLAlchemy' instance. Did you forget to call 'init_app', or did you create multiple 'SQLAlchemy' instances? - MainProcess:MainThread
2025-01-22 23:24:38,925 - app:98 - INFO - Database tables created - MainProcess:MainThread
2025-01-22 23:24:38,928 - app:113 - INFO - Application initialized successfully - MainProcess:MainThread
