2025-01-23 02:16:47,316 - database:111 - DEBUG - Logging initialized for database - MainProcess:MainThread
2025-01-23 02:16:47,317 - app:30 - WARNING - Redis not available, falling back to in-memory queue - MainProcess:MainThread
2025-01-23 02:16:47,594 - engineio.server:112 - INFO - Server initialized for eventlet. - MainProcess:MainThread
2025-01-23 02:16:47,596 - app:55 - INFO - Initializing Flask application - MainProcess:MainThread
2025-01-23 02:16:47,600 - app:70 - DEBUG - Application configuration loaded - MainProcess:MainThread
2025-01-23 02:16:47,782 - database:111 - DEBUG - Logging initialized for database - MainProcess:MainThread
2025-01-23 02:16:47,783 - app:30 - WARNING - Redis not available, falling back to in-memory queue - MainProcess:MainThread
2025-01-23 02:16:47,861 - app:75 - INFO - Database initialized - MainProcess:MainThread
2025-01-23 02:16:47,862 - engineio.server:112 - INFO - Server initialized for eventlet. - MainProcess:MainThread
2025-01-23 02:16:47,862 - app:82 - INFO - Socket.IO initialized - MainProcess:MainThread
2025-01-23 02:16:47,877 - app:91 - INFO - CORS, Session, and CSRF protection initialized - MainProcess:MainThread
2025-01-23 02:16:47,940 - database:111 - DEBUG - Logging initialized for database - MainProcess:MainThread
2025-01-23 02:16:47,941 - app:30 - WARNING - Redis not available, falling back to in-memory queue - MainProcess:MainThread
2025-01-23 02:16:48,096 - engineio.server:112 - INFO - Server initialized for eventlet. - MainProcess:MainThread
2025-01-23 02:16:48,098 - app:55 - INFO - Initializing Flask application - MainProcess:MainThread
2025-01-23 02:16:48,104 - app:70 - DEBUG - Application configuration loaded - MainProcess:MainThread
2025-01-23 02:16:48,275 - engineio.server:112 - INFO - Server initialized for eventlet. - MainProcess:MainThread
2025-01-23 02:16:48,277 - app:55 - INFO - Initializing Flask application - MainProcess:MainThread
2025-01-23 02:16:48,279 - app:70 - DEBUG - Application configuration loaded - MainProcess:MainThread
2025-01-23 02:16:48,426 - app:75 - INFO - Database initialized - MainProcess:MainThread
2025-01-23 02:16:48,426 - engineio.server:112 - INFO - Server initialized for eventlet. - MainProcess:MainThread
2025-01-23 02:16:48,426 - app:82 - INFO - Socket.IO initialized - MainProcess:MainThread
2025-01-23 02:16:48,442 - app:91 - INFO - CORS, Session, and CSRF protection initialized - MainProcess:MainThread
2025-01-23 02:16:48,585 - app:75 - INFO - Database initialized - MainProcess:MainThread
2025-01-23 02:16:48,585 - engineio.server:112 - INFO - Server initialized for eventlet. - MainProcess:MainThread
2025-01-23 02:16:48,585 - app:82 - INFO - Socket.IO initialized - MainProcess:MainThread
2025-01-23 02:16:48,615 - app:91 - INFO - CORS, Session, and CSRF protection initialized - MainProcess:MainThread
2025-01-23 02:16:51,117 - app:98 - INFO - Database tables created - MainProcess:MainThread
2025-01-23 02:16:51,118 - app:113 - INFO - Application initialized successfully - MainProcess:MainThread
2025-01-23 02:16:51,199 - __main__:47 - INFO - Starting ICS3U curriculum import process... - MainProcess:MainThread
2025-01-23 02:16:51,232 - __main__:89 - ERROR - Import failed: The current Flask app is not registered with this 'SQLAlchemy' instance. Did you forget to call 'init_app', or did you create multiple 'SQLAlchemy' instances? - MainProcess:MainThread
2025-01-23 02:16:51,434 - app:98 - INFO - Database tables created - MainProcess:MainThread
2025-01-23 02:16:51,435 - app:113 - INFO - Application initialized successfully - MainProcess:MainThread
2025-01-23 02:16:51,570 - __main__:47 - INFO - Starting ICS3U curriculum import process... - MainProcess:MainThread
2025-01-23 02:16:51,612 - __main__:89 - ERROR - Import failed: The current Flask app is not registered with this 'SQLAlchemy' instance. Did you forget to call 'init_app', or did you create multiple 'SQLAlchemy' instances? - MainProcess:MainThread
2025-01-23 02:16:51,627 - app:98 - INFO - Database tables created - MainProcess:MainThread
2025-01-23 02:16:51,628 - app:113 - INFO - Application initialized successfully - MainProcess:MainThread
2025-01-23 02:16:51,764 - __main__:48 - INFO - Found in file: c2.1 concevoir des algorithmes qui répondent à des problèmes mathématiques donnés.
 - MainProcess:MainThread
2025-01-23 02:16:51,971 - __main__:108 - ERROR - Error during verification: The current Flask app is not registered with this 'SQLAlchemy' instance. Did you forget to call 'init_app', or did you create multiple 'SQLAlchemy' instances? - MainProcess:MainThread
Traceback (most recent call last):
  File "/home/runner/workspace/scripts/verify_c21.py", line 55, in verify_c21
    ).first()
      ^^^^^^^
  File "/home/runner/workspace/.pythonlibs/lib/python3.11/site-packages/sqlalchemy/orm/query.py", line 2728, in first
    return self.limit(1)._iter().first()  # type: ignore
           ^^^^^^^^^^^^^^^^^^^^^
  File "/home/runner/workspace/.pythonlibs/lib/python3.11/site-packages/sqlalchemy/orm/query.py", line 2827, in _iter
    result: Union[ScalarResult[_T], Result[_T]] = self.session.execute(
                                                  ^^^^^^^^^^^^^^^^^^^^^
  File "/home/runner/workspace/.pythonlibs/lib/python3.11/site-packages/sqlalchemy/orm/session.py", line 2362, in execute
    return self._execute_internal(
           ^^^^^^^^^^^^^^^^^^^^^^^
  File "/home/runner/workspace/.pythonlibs/lib/python3.11/site-packages/sqlalchemy/orm/session.py", line 2235, in _execute_internal
    bind = self.get_bind(**bind_arguments)
           ^^^^^^^^^^^^^^^^^^^^^^^^^^^^^^^
  File "/home/runner/workspace/.pythonlibs/lib/python3.11/site-packages/flask_sqlalchemy/session.py", line 53, in get_bind
    engines = self._db.engines
              ^^^^^^^^^^^^^^^^
  File "/home/runner/workspace/.pythonlibs/lib/python3.11/site-packages/flask_sqlalchemy/extension.py", line 690, in engines
    raise RuntimeError(
RuntimeError: The current Flask app is not registered with this 'SQLAlchemy' instance. Did you forget to call 'init_app', or did you create multiple 'SQLAlchemy' instances?
