2025-01-22 23:28:32,527 - database:111 - DEBUG - Logging initialized for database - MainProcess:MainThread
2025-01-22 23:28:32,528 - app:30 - WARNING - Redis not available, falling back to in-memory queue - MainProcess:MainThread
2025-01-22 23:28:32,533 - engineio.server:112 - INFO - Server initialized for eventlet. - MainProcess:MainThread
2025-01-22 23:28:32,534 - app:55 - INFO - Initializing Flask application - MainProcess:MainThread
2025-01-22 23:28:32,535 - app:70 - DEBUG - Application configuration loaded - MainProcess:MainThread
2025-01-22 23:28:32,572 - app:75 - INFO - Database initialized - MainProcess:MainThread
2025-01-22 23:28:32,572 - engineio.server:112 - INFO - Server initialized for eventlet. - MainProcess:MainThread
2025-01-22 23:28:32,572 - app:82 - INFO - Socket.IO initialized - MainProcess:MainThread
2025-01-22 23:28:32,584 - app:91 - INFO - CORS, Session, and CSRF protection initialized - MainProcess:MainThread
2025-01-22 23:28:35,579 - app:98 - INFO - Database tables created - MainProcess:MainThread
2025-01-22 23:28:35,580 - app:113 - INFO - Application initialized successfully - MainProcess:MainThread
2025-01-22 23:28:35,580 - __main__:25 - INFO - Starting Flask server with SocketIO on port 5000 - MainProcess:MainThread
2025-01-22 23:28:35,580 - werkzeug:96 - WARNING -  * Debugger is active! - MainProcess:MainThread
2025-01-22 23:28:35,582 - werkzeug:96 - INFO -  * Debugger PIN: 505-348-444 - MainProcess:MainThread
2025-01-22 23:28:35,812 - app:107 - DEBUG - Rendering console page - MainProcess:GreenThread-1
2025-01-22 23:28:36,600 - engineio.server:78 - INFO - Ho_o82XxsjYGO7gCAAAA: Sending packet OPEN data {'sid': 'Ho_o82XxsjYGO7gCAAAA', 'upgrades': [], 'pingTimeout': 60000, 'pingInterval': 25000, 'maxPayload': 100000000.0} - MainProcess:GreenThread-2
2025-01-22 23:28:36,608 - engineio.server:90 - INFO - Ho_o82XxsjYGO7gCAAAA: Received request to upgrade to websocket - MainProcess:GreenThread-2
2025-01-22 23:28:36,618 - engineio.server:219 - INFO - Ho_o82XxsjYGO7gCAAAA: Upgrade to websocket successful - MainProcess:GreenThread-2
2025-01-22 23:28:36,721 - engineio.server:39 - INFO - Ho_o82XxsjYGO7gCAAAA: Received packet MESSAGE data 0 - MainProcess:GreenThread-2
2025-01-22 23:28:36,722 - engineio.server:78 - INFO - Ho_o82XxsjYGO7gCAAAA: Sending packet MESSAGE data 0{"sid":"gQTQcpqX3WKk9MO1AAAB"} - MainProcess:GreenThread-2
2025-01-22 23:28:36,723 - app:132 - INFO - Client connected: gQTQcpqX3WKk9MO1AAAB - MainProcess:GreenThread-2
2025-01-22 23:28:36,725 - engineio.server:78 - INFO - Ho_o82XxsjYGO7gCAAAA: Sending packet MESSAGE data 2["connection_established",{"status":"connected","sid":"gQTQcpqX3WKk9MO1AAAB"}] - MainProcess:GreenThread-2
