2025-01-23 02:31:38,214 - database:111 - DEBUG - Logging initialized for database - MainProcess:MainThread
2025-01-23 02:31:38,215 - app:30 - WARNING - Redis not available, falling back to in-memory queue - MainProcess:MainThread
2025-01-23 02:31:38,362 - engineio.server:112 - INFO - Server initialized for eventlet. - MainProcess:MainThread
2025-01-23 02:31:38,364 - app:55 - INFO - Initializing Flask application - MainProcess:MainThread
2025-01-23 02:31:38,365 - app:70 - DEBUG - Application configuration loaded - MainProcess:MainThread
2025-01-23 02:31:38,512 - app:75 - INFO - Database initialized - MainProcess:MainThread
2025-01-23 02:31:38,512 - engineio.server:112 - INFO - Server initialized for eventlet. - MainProcess:MainThread
2025-01-23 02:31:38,513 - app:82 - INFO - Socket.IO initialized - MainProcess:MainThread
2025-01-23 02:31:38,527 - app:91 - INFO - CORS, Session, and CSRF protection initialized - MainProcess:MainThread
2025-01-23 02:31:38,696 - database:111 - DEBUG - Logging initialized for database - MainProcess:MainThread
2025-01-23 02:31:38,699 - app:30 - WARNING - Redis not available, falling back to in-memory queue - MainProcess:MainThread
2025-01-23 02:31:39,164 - engineio.server:112 - INFO - Server initialized for eventlet. - MainProcess:MainThread
2025-01-23 02:31:39,167 - app:55 - INFO - Initializing Flask application - MainProcess:MainThread
2025-01-23 02:31:39,171 - app:70 - DEBUG - Application configuration loaded - MainProcess:MainThread
2025-01-23 02:31:39,429 - app:75 - INFO - Database initialized - MainProcess:MainThread
2025-01-23 02:31:39,431 - engineio.server:112 - INFO - Server initialized for eventlet. - MainProcess:MainThread
2025-01-23 02:31:39,432 - app:82 - INFO - Socket.IO initialized - MainProcess:MainThread
2025-01-23 02:31:39,446 - app:91 - INFO - CORS, Session, and CSRF protection initialized - MainProcess:MainThread
2025-01-23 02:31:39,521 - app:98 - INFO - Database tables created - MainProcess:MainThread
2025-01-23 02:31:39,522 - app:113 - INFO - Application initialized successfully - MainProcess:MainThread
2025-01-23 02:31:39,687 - __main__:47 - INFO - Starting ICS3U curriculum import process... - MainProcess:MainThread
2025-01-23 02:31:39,782 - __main__:89 - ERROR - Import failed: The current Flask app is not registered with this 'SQLAlchemy' instance. Did you forget to call 'init_app', or did you create multiple 'SQLAlchemy' instances? - MainProcess:MainThread
2025-01-23 02:31:40,490 - app:98 - INFO - Database tables created - MainProcess:MainThread
2025-01-23 02:31:40,491 - app:113 - INFO - Application initialized successfully - MainProcess:MainThread
2025-01-23 02:31:40,592 - __main__:47 - INFO - Starting ICS3U curriculum import process... - MainProcess:MainThread
2025-01-23 02:31:40,624 - __main__:89 - ERROR - Import failed: The current Flask app is not registered with this 'SQLAlchemy' instance. Did you forget to call 'init_app', or did you create multiple 'SQLAlchemy' instances? - MainProcess:MainThread
