2025-01-23 01:19:11,040 - database:111 - DEBUG - Logging initialized for database - MainProcess:MainThread
2025-01-23 01:19:11,041 - app:30 - WARNING - Redis not available, falling back to in-memory queue - MainProcess:MainThread
2025-01-23 01:19:11,176 - engineio.server:112 - INFO - Server initialized for eventlet. - MainProcess:MainThread
2025-01-23 01:19:11,178 - app:55 - INFO - Initializing Flask application - MainProcess:MainThread
2025-01-23 01:19:11,179 - app:70 - DEBUG - Application configuration loaded - MainProcess:MainThread
2025-01-23 01:19:11,254 - app:75 - INFO - Database initialized - MainProcess:MainThread
2025-01-23 01:19:11,254 - engineio.server:112 - INFO - Server initialized for eventlet. - MainProcess:MainThread
2025-01-23 01:19:11,254 - app:82 - INFO - Socket.IO initialized - MainProcess:MainThread
2025-01-23 01:19:11,263 - app:91 - INFO - CORS, Session, and CSRF protection initialized - MainProcess:MainThread
2025-01-23 01:19:11,390 - database:111 - DEBUG - Logging initialized for database - MainProcess:MainThread
2025-01-23 01:19:11,390 - app:30 - WARNING - Redis not available, falling back to in-memory queue - MainProcess:MainThread
2025-01-23 01:19:11,519 - engineio.server:112 - INFO - Server initialized for eventlet. - MainProcess:MainThread
2025-01-23 01:19:11,520 - app:55 - INFO - Initializing Flask application - MainProcess:MainThread
2025-01-23 01:19:11,521 - app:70 - DEBUG - Application configuration loaded - MainProcess:MainThread
2025-01-23 01:19:11,650 - app:75 - INFO - Database initialized - MainProcess:MainThread
2025-01-23 01:19:11,650 - engineio.server:112 - INFO - Server initialized for eventlet. - MainProcess:MainThread
2025-01-23 01:19:11,651 - app:82 - INFO - Socket.IO initialized - MainProcess:MainThread
2025-01-23 01:19:11,661 - app:91 - INFO - CORS, Session, and CSRF protection initialized - MainProcess:MainThread
2025-01-23 01:19:12,258 - app:98 - INFO - Database tables created - MainProcess:MainThread
2025-01-23 01:19:12,260 - app:113 - INFO - Application initialized successfully - MainProcess:MainThread
2025-01-23 01:19:12,377 - __main__:47 - INFO - Starting ICS3U curriculum import process... - MainProcess:MainThread
2025-01-23 01:19:12,464 - __main__:89 - ERROR - Import failed: The current Flask app is not registered with this 'SQLAlchemy' instance. Did you forget to call 'init_app', or did you create multiple 'SQLAlchemy' instances? - MainProcess:MainThread
2025-01-23 01:19:12,628 - app:98 - INFO - Database tables created - MainProcess:MainThread
2025-01-23 01:19:12,629 - app:113 - INFO - Application initialized successfully - MainProcess:MainThread
2025-01-23 01:19:12,739 - __main__:47 - INFO - Starting ICS3U curriculum import process... - MainProcess:MainThread
2025-01-23 01:19:12,903 - __main__:89 - ERROR - Import failed: The current Flask app is not registered with this 'SQLAlchemy' instance. Did you forget to call 'init_app', or did you create multiple 'SQLAlchemy' instances? - MainProcess:MainThread
