2025-01-22 23:09:02,865 - app:43 - INFO - Initializing Flask application
2025-01-22 23:09:02,894 - app:43 - INFO - Initializing Flask application
2025-01-22 23:09:02,973 - app:58 - DEBUG - Application configuration loaded
2025-01-22 23:09:02,930 - app:58 - DEBUG - Application configuration loaded
2025-01-22 23:09:03,195 - app:63 - INFO - Database initialized
2025-01-22 23:09:03,258 - app:63 - INFO - Database initialized
2025-01-22 23:09:03,573 - engineio.server:112 - INFO - Server initialized for eventlet.
2025-01-22 23:09:03,576 - app:70 - INFO - Socket.IO initialized
2025-01-22 23:09:03,605 - app:79 - INFO - CORS, Session, and CSRF protection initialized
2025-01-22 23:09:04,124 - engineio.server:112 - INFO - Server initialized for eventlet.
2025-01-22 23:09:04,130 - app:70 - INFO - Socket.IO initialized
2025-01-22 23:09:04,200 - app:79 - INFO - CORS, Session, and CSRF protection initialized
2025-01-22 23:09:04,737 - app:86 - INFO - Database tables created
2025-01-22 23:09:04,744 - app:101 - INFO - Application initialized successfully
2025-01-22 23:09:04,873 - __main__:23 - INFO - Starting database table creation...
2025-01-22 23:09:05,095 - __main__:30 - INFO - Existing tables: ['code_submission', 'courses', 'strands', 'overall_expectations', 'specific_expectations', 'shared_code', 'audit_log', 'coding_activity', 'student', 'student_achievement', 'achievement', 'student_progress']
2025-01-22 23:09:05,231 - app:86 - INFO - Database tables created
2025-01-22 23:09:05,236 - app:101 - INFO - Application initialized successfully
2025-01-22 23:09:05,246 - __main__:22 - INFO - Starting Flask server with SocketIO on port 5000
2025-01-22 23:09:05,247 - werkzeug:96 - WARNING -  * Debugger is active!
2025-01-22 23:09:05,256 - werkzeug:96 - INFO -  * Debugger PIN: 773-145-060
2025-01-22 23:09:05,309 - __main__:37 - INFO - Tables after creation: ['code_submission', 'courses', 'strands', 'overall_expectations', 'specific_expectations', 'shared_code', 'audit_log', 'coding_activity', 'student', 'student_achievement', 'achievement', 'student_progress']
2025-01-22 23:09:05,310 - __main__:46 - INFO - Database tables created successfully!
2025-01-22 23:09:05,651 - app:95 - DEBUG - Rendering console page
2025-01-22 23:09:06,603 - engineio.server:78 - INFO - cRq6cUUkKXpCFjqOAAAA: Sending packet OPEN data {'sid': 'cRq6cUUkKXpCFjqOAAAA', 'upgrades': [], 'pingTimeout': 60000, 'pingInterval': 25000, 'maxPayload': 100000000.0}
2025-01-22 23:09:06,608 - engineio.server:90 - INFO - cRq6cUUkKXpCFjqOAAAA: Received request to upgrade to websocket
2025-01-22 23:09:06,619 - engineio.server:219 - INFO - cRq6cUUkKXpCFjqOAAAA: Upgrade to websocket successful
2025-01-22 23:09:06,709 - engineio.server:39 - INFO - cRq6cUUkKXpCFjqOAAAA: Received packet MESSAGE data 0
2025-01-22 23:09:06,793 - socketio:84 - DEBUG - Socket.IO event handle_connect started at 2025-01-22 23:09:06.793401
2025-01-22 23:09:06,793 - socketio:85 - DEBUG - Event context: {'args': '(None,)', 'kwargs': '{}'}
2025-01-22 23:09:06,794 - socketio:43 - ERROR - Socket.IO error in handle_connect: setup_websocket_handlers.<locals>.handle_connect() takes 0 positional arguments but 1 was given
Traceback (most recent call last):
  File "/home/runner/workspace/utils/socketio_logger.py", line 87, in wrapper
    result = func(*args, **kwargs)
             ^^^^^^^^^^^^^^^^^^^^^
TypeError: setup_websocket_handlers.<locals>.handle_connect() takes 0 positional arguments but 1 was given
2025-01-22 23:09:06,795 - socketio:99 - ERROR - Error in Socket.IO event handle_connect after 0.001s: setup_websocket_handlers.<locals>.handle_connect() takes 0 positional arguments but 1 was given
Traceback (most recent call last):
  File "/home/runner/workspace/utils/socketio_logger.py", line 87, in wrapper
    result = func(*args, **kwargs)
             ^^^^^^^^^^^^^^^^^^^^^
TypeError: setup_websocket_handlers.<locals>.handle_connect() takes 0 positional arguments but 1 was given
2025-01-22 23:09:06,796 - socketio:84 - DEBUG - Socket.IO event handle_connect started at 2025-01-22 23:09:06.796919
2025-01-22 23:09:06,797 - socketio:85 - DEBUG - Event context: {'args': '()', 'kwargs': '{}'}
2025-01-22 23:09:06,798 - app:120 - INFO - Client connected: jQpvO-SNpOaRZ6QTAAAB
2025-01-22 23:09:06,798 - socketio:108 - INFO - New connection established. Total connections: 1
2025-01-22 23:09:06,799 - socketio:110 - DEBUG - Client info: {'sid': 'jQpvO-SNpOaRZ6QTAAAB', 'remote_addr': '172.31.196.32', 'user_agent': 'Mozilla/5.0 (Macintosh; Intel Mac OS X 10_15_7) AppleWebKit/537.36 (KHTML, like Gecko) Chrome/131.0.0.0 Safari/537.36'}
2025-01-22 23:09:06,799 - socketio.server:164 - INFO - emitting event "connection_established" to jQpvO-SNpOaRZ6QTAAAB [/]
2025-01-22 23:09:06,800 - engineio.server:78 - INFO - cRq6cUUkKXpCFjqOAAAA: Sending packet MESSAGE data 2["connection_established",{"status":"connected","sid":"jQpvO-SNpOaRZ6QTAAAB"}]
2025-01-22 23:09:06,800 - socketio:31 - DEBUG - Event tracked: handle_connect, Duration: 0.004s, Context: {'args': '()', 'kwargs': '{}'}
2025-01-22 23:09:06,800 - socketio:92 - DEBUG - Socket.IO event handle_connect completed in 0.004s
2025-01-22 23:09:06,801 - socketio:93 - DEBUG - Event result: None
2025-01-22 23:09:06,801 - engineio.server:78 - INFO - cRq6cUUkKXpCFjqOAAAA: Sending packet MESSAGE data 0{"sid":"jQpvO-SNpOaRZ6QTAAAB"}
