2025-01-22 23:34:35,286 - database:111 - DEBUG - Logging initialized for database - MainProcess:MainThread
2025-01-22 23:34:35,287 - app:30 - WARNING - Redis not available, falling back to in-memory queue - MainProcess:MainThread
2025-01-22 23:34:35,534 - engineio.server:112 - INFO - Server initialized for eventlet. - MainProcess:MainThread
2025-01-22 23:34:35,544 - app:55 - INFO - Initializing Flask application - MainProcess:MainThread
2025-01-22 23:34:35,621 - app:70 - DEBUG - Application configuration loaded - MainProcess:MainThread
2025-01-22 23:34:35,770 - database:111 - DEBUG - Logging initialized for database - MainProcess:MainThread
2025-01-22 23:34:35,771 - app:30 - WARNING - Redis not available, falling back to in-memory queue - MainProcess:MainThread
2025-01-22 23:34:35,976 - engineio.server:112 - INFO - Server initialized for eventlet. - MainProcess:MainThread
2025-01-22 23:34:35,981 - app:55 - INFO - Initializing Flask application - MainProcess:MainThread
2025-01-22 23:34:35,994 - app:70 - DEBUG - Application configuration loaded - MainProcess:MainThread
2025-01-22 23:34:36,215 - app:75 - INFO - Database initialized - MainProcess:MainThread
2025-01-22 23:34:36,223 - engineio.server:112 - INFO - Server initialized for eventlet. - MainProcess:MainThread
2025-01-22 23:34:36,227 - app:82 - INFO - Socket.IO initialized - MainProcess:MainThread
2025-01-22 23:34:36,234 - app:75 - INFO - Database initialized - MainProcess:MainThread
2025-01-22 23:34:36,234 - engineio.server:112 - INFO - Server initialized for eventlet. - MainProcess:MainThread
2025-01-22 23:34:36,235 - app:82 - INFO - Socket.IO initialized - MainProcess:MainThread
2025-01-22 23:34:36,251 - app:91 - INFO - CORS, Session, and CSRF protection initialized - MainProcess:MainThread
2025-01-22 23:34:36,277 - app:91 - INFO - CORS, Session, and CSRF protection initialized - MainProcess:MainThread
2025-01-22 23:34:39,266 - app:98 - INFO - Database tables created - MainProcess:MainThread
2025-01-22 23:34:39,267 - app:113 - INFO - Application initialized successfully - MainProcess:MainThread
2025-01-22 23:34:39,276 - app:98 - INFO - Database tables created - MainProcess:MainThread
2025-01-22 23:34:39,277 - app:113 - INFO - Application initialized successfully - MainProcess:MainThread
2025-01-22 23:34:39,330 - __main__:47 - INFO - Starting ICS3U curriculum import process... - MainProcess:MainThread
2025-01-22 23:34:39,367 - __main__:47 - INFO - Starting ICS3U curriculum import process... - MainProcess:MainThread
2025-01-22 23:34:39,405 - __main__:89 - ERROR - Import failed: The current Flask app is not registered with this 'SQLAlchemy' instance. Did you forget to call 'init_app', or did you create multiple 'SQLAlchemy' instances? - MainProcess:MainThread
2025-01-22 23:34:39,422 - __main__:89 - ERROR - Import failed: The current Flask app is not registered with this 'SQLAlchemy' instance. Did you forget to call 'init_app', or did you create multiple 'SQLAlchemy' instances? - MainProcess:MainThread
