2025-01-22 23:24:43,505 - database:111 - DEBUG - Logging initialized for database - MainProcess:MainThread
2025-01-22 23:24:43,508 - app:30 - WARNING - Redis not available, falling back to in-memory queue - MainProcess:MainThread
2025-01-22 23:24:43,514 - engineio.server:112 - INFO - Server initialized for eventlet. - MainProcess:MainThread
2025-01-22 23:24:43,515 - app:55 - INFO - Initializing Flask application - MainProcess:MainThread
2025-01-22 23:24:43,517 - app:70 - DEBUG - Application configuration loaded - MainProcess:MainThread
2025-01-22 23:24:43,575 - app:75 - INFO - Database initialized - MainProcess:MainThread
2025-01-22 23:24:43,575 - engineio.server:112 - INFO - Server initialized for eventlet. - MainProcess:MainThread
2025-01-22 23:24:43,575 - app:82 - INFO - Socket.IO initialized - MainProcess:MainThread
2025-01-22 23:24:43,592 - app:91 - INFO - CORS, Session, and CSRF protection initialized - MainProcess:MainThread
2025-01-22 23:24:44,594 - app:98 - INFO - Database tables created - MainProcess:MainThread
2025-01-22 23:24:44,596 - app:113 - INFO - Application initialized successfully - MainProcess:MainThread
2025-01-22 23:24:44,596 - __main__:25 - INFO - Starting Flask server with SocketIO on port 5000 - MainProcess:MainThread
2025-01-22 23:24:44,597 - werkzeug:96 - WARNING -  * Debugger is active! - MainProcess:MainThread
2025-01-22 23:24:44,598 - werkzeug:96 - INFO -  * Debugger PIN: 682-611-889 - MainProcess:MainThread
2025-01-22 23:24:44,879 - app:107 - DEBUG - Rendering console page - MainProcess:GreenThread-1
2025-01-22 23:24:45,859 - engineio.server:78 - INFO - VrWvNz1TgBK_rdIrAAAA: Sending packet OPEN data {'sid': 'VrWvNz1TgBK_rdIrAAAA', 'upgrades': [], 'pingTimeout': 60000, 'pingInterval': 25000, 'maxPayload': 100000000.0} - MainProcess:GreenThread-2
2025-01-22 23:24:45,862 - engineio.server:90 - INFO - VrWvNz1TgBK_rdIrAAAA: Received request to upgrade to websocket - MainProcess:GreenThread-2
2025-01-22 23:24:45,880 - engineio.server:219 - INFO - VrWvNz1TgBK_rdIrAAAA: Upgrade to websocket successful - MainProcess:GreenThread-2
2025-01-22 23:24:45,992 - engineio.server:39 - INFO - VrWvNz1TgBK_rdIrAAAA: Received packet MESSAGE data 0 - MainProcess:GreenThread-2
2025-01-22 23:24:46,007 - engineio.server:78 - INFO - VrWvNz1TgBK_rdIrAAAA: Sending packet MESSAGE data 0{"sid":"rvoOJQPZtAIn-gu0AAAB"} - MainProcess:GreenThread-2
2025-01-22 23:24:46,009 - app:132 - INFO - Client connected: rvoOJQPZtAIn-gu0AAAB - MainProcess:GreenThread-2
2025-01-22 23:24:46,010 - engineio.server:78 - INFO - VrWvNz1TgBK_rdIrAAAA: Sending packet MESSAGE data 2["connection_established",{"status":"connected","sid":"rvoOJQPZtAIn-gu0AAAB"}] - MainProcess:GreenThread-2
2025-01-22 23:24:46,570 - app:107 - DEBUG - Rendering console page - MainProcess:GreenThread-1
2025-01-22 23:24:47,402 - app:107 - DEBUG - Rendering console page - MainProcess:GreenThread-3
2025-01-22 23:24:47,461 - engineio.server:78 - INFO - do_bgMwzigqXniCxAAAC: Sending packet OPEN data {'sid': 'do_bgMwzigqXniCxAAAC', 'upgrades': [], 'pingTimeout': 60000, 'pingInterval': 25000, 'maxPayload': 100000000.0} - MainProcess:GreenThread-4
2025-01-22 23:24:47,465 - engineio.server:90 - INFO - do_bgMwzigqXniCxAAAC: Received request to upgrade to websocket - MainProcess:GreenThread-4
2025-01-22 23:24:47,466 - engineio.server:219 - INFO - do_bgMwzigqXniCxAAAC: Upgrade to websocket successful - MainProcess:GreenThread-4
2025-01-22 23:24:47,552 - engineio.server:39 - INFO - do_bgMwzigqXniCxAAAC: Received packet MESSAGE data 0 - MainProcess:GreenThread-4
2025-01-22 23:24:47,554 - engineio.server:78 - INFO - do_bgMwzigqXniCxAAAC: Sending packet MESSAGE data 0{"sid":"8HqY6zVxoIMm1ZwnAAAD"} - MainProcess:GreenThread-4
2025-01-22 23:24:47,559 - app:132 - INFO - Client connected: 8HqY6zVxoIMm1ZwnAAAD - MainProcess:GreenThread-4
2025-01-22 23:24:47,560 - engineio.server:78 - INFO - do_bgMwzigqXniCxAAAC: Sending packet MESSAGE data 2["connection_established",{"status":"connected","sid":"8HqY6zVxoIMm1ZwnAAAD"}] - MainProcess:GreenThread-4
2025-01-22 23:24:47,863 - engineio.server:78 - INFO - rUV5Vu8wxLK6_WtqAAAE: Sending packet OPEN data {'sid': 'rUV5Vu8wxLK6_WtqAAAE', 'upgrades': [], 'pingTimeout': 60000, 'pingInterval': 25000, 'maxPayload': 100000000.0} - MainProcess:GreenThread-5
2025-01-22 23:24:47,863 - engineio.server:90 - INFO - rUV5Vu8wxLK6_WtqAAAE: Received request to upgrade to websocket - MainProcess:GreenThread-5
2025-01-22 23:24:47,864 - engineio.server:219 - INFO - rUV5Vu8wxLK6_WtqAAAE: Upgrade to websocket successful - MainProcess:GreenThread-5
2025-01-22 23:24:47,895 - engineio.server:39 - INFO - rUV5Vu8wxLK6_WtqAAAE: Received packet MESSAGE data 0 - MainProcess:GreenThread-5
2025-01-22 23:24:47,896 - engineio.server:78 - INFO - rUV5Vu8wxLK6_WtqAAAE: Sending packet MESSAGE data 0{"sid":"jxVBZX6I_viQ8IIzAAAF"} - MainProcess:GreenThread-5
2025-01-22 23:24:47,897 - app:132 - INFO - Client connected: jxVBZX6I_viQ8IIzAAAF - MainProcess:GreenThread-5
2025-01-22 23:24:47,897 - engineio.server:78 - INFO - rUV5Vu8wxLK6_WtqAAAE: Sending packet MESSAGE data 2["connection_established",{"status":"connected","sid":"jxVBZX6I_viQ8IIzAAAF"}] - MainProcess:GreenThread-5
2025-01-22 23:24:48,457 - app:141 - INFO - Client disconnected: jxVBZX6I_viQ8IIzAAAF - MainProcess:GreenThread-5
2025-01-22 23:25:10,912 - engineio.server:78 - INFO - VrWvNz1TgBK_rdIrAAAA: Sending packet PING data None - MainProcess:GreenThread-6
2025-01-22 23:25:10,987 - engineio.server:39 - INFO - VrWvNz1TgBK_rdIrAAAA: Received packet PONG data  - MainProcess:GreenThread-2
2025-01-22 23:25:12,466 - engineio.server:78 - INFO - do_bgMwzigqXniCxAAAC: Sending packet PING data None - MainProcess:GreenThread-7
2025-01-22 23:25:12,539 - engineio.server:39 - INFO - do_bgMwzigqXniCxAAAC: Received packet PONG data  - MainProcess:GreenThread-4
2025-01-22 23:25:17,870 - engineio.server:39 - INFO - do_bgMwzigqXniCxAAAC: Received packet MESSAGE data 2["compile_and_run",{"code":"using System;\n\nclass Program {\n    static void Main() {\n        Console.WriteLine(\"Enter your name:\");\n        string name = Console.ReadLine();\n        Console.WriteLine($\"Hello, {name}!\");\n    }\n}","language":"csharp"}] - MainProcess:GreenThread-4
2025-01-22 23:25:17,871 - app:164 - INFO - Starting csharp code compilation - MainProcess:GreenThread-8
2025-01-22 23:25:17,871 - app:165 - DEBUG - Code to compile: using System;

class Program {
    static void Main() {
        Console.WriteLine("Enter your name:");
        string name = Console.ReadLine();
        Console.WriteLine($"Hello, {name}!");
    }
} - MainProcess:GreenThread-8
2025-01-22 23:25:17,872 - engineio.server:78 - INFO - do_bgMwzigqXniCxAAAC: Sending packet MESSAGE data 2["compilation_start",{"session_id":"c10cf988-8a84-4a30-ba1d-6adc6ee68579","timestamp":1737588317.8718677}] - MainProcess:GreenThread-8
2025-01-22 23:25:17,872 - compiler_service:982 - DEBUG - Starting compilation for code length: 198, language: csharp - MainProcess:GreenThread-8
2025-01-22 23:25:17,873 - compiler_service:584 - INFO - Starting interactive session for csharp - MainProcess:GreenThread-8
2025-01-22 23:25:17,873 - compiler_service:585 - DEBUG - Session ID: c10cf988-8a84-4a30-ba1d-6adc6ee68579 - MainProcess:GreenThread-8
2025-01-22 23:25:17,873 - compiler_service:595 - INFO - Creating isolated environment - MainProcess:GreenThread-8
2025-01-22 23:25:17,874 - compiler_service:923 - DEBUG - Created C# project in /tmp/compiler_env_csharp_923pcgw8 - MainProcess:GreenThread-8
2025-01-22 23:25:21,975 - app:184 - INFO - Compilation completed in 4.10s: {'success': True, 'session_id': 'c10cf988-8a84-4a30-ba1d-6adc6ee68579', 'interactive': True, 'metrics': {'compilation_time': 0.0, 'execution_time': 0.0, 'total_time': 4.101925611495972, 'peak_memory': 0.0, 'avg_cpu_usage': 0.0, 'error_count': 0, 'warning_count': 0, 'cached': False, 'build_success_rate': 0, 'stages': {}}} - MainProcess:GreenThread-8
2025-01-22 23:25:21,976 - engineio.server:78 - INFO - do_bgMwzigqXniCxAAAC: Sending packet MESSAGE data 2["compilation_result",{"success":true,"session_id":"c10cf988-8a84-4a30-ba1d-6adc6ee68579","interactive":true,"metrics":{"compilation_time":4.103536605834961}}] - MainProcess:GreenThread-8
2025-01-22 23:25:35,988 - engineio.server:78 - INFO - VrWvNz1TgBK_rdIrAAAA: Sending packet PING data None - MainProcess:GreenThread-9
2025-01-22 23:25:36,062 - engineio.server:39 - INFO - VrWvNz1TgBK_rdIrAAAA: Received packet PONG data  - MainProcess:GreenThread-2
2025-01-22 23:25:37,541 - engineio.server:78 - INFO - do_bgMwzigqXniCxAAAC: Sending packet PING data None - MainProcess:GreenThread-10
2025-01-22 23:25:37,616 - engineio.server:39 - INFO - do_bgMwzigqXniCxAAAC: Received packet PONG data  - MainProcess:GreenThread-4
2025-01-22 23:26:01,063 - engineio.server:78 - INFO - VrWvNz1TgBK_rdIrAAAA: Sending packet PING data None - MainProcess:GreenThread-11
2025-01-22 23:26:01,140 - engineio.server:39 - INFO - VrWvNz1TgBK_rdIrAAAA: Received packet PONG data  - MainProcess:GreenThread-2
2025-01-22 23:26:02,618 - engineio.server:78 - INFO - do_bgMwzigqXniCxAAAC: Sending packet PING data None - MainProcess:GreenThread-12
2025-01-22 23:26:02,689 - engineio.server:39 - INFO - do_bgMwzigqXniCxAAAC: Received packet PONG data  - MainProcess:GreenThread-4
2025-01-22 23:26:21,289 - werkzeug:96 - INFO -  * Detected change in '/home/runner/workspace/app.py', reloading - MainProcess:MainThread
