2025-01-23 02:29:02,282 - database:111 - DEBUG - Logging initialized for database - MainProcess:MainThread
2025-01-23 02:29:02,283 - app:30 - WARNING - Redis not available, falling back to in-memory queue - MainProcess:MainThread
2025-01-23 02:29:02,417 - database:111 - DEBUG - Logging initialized for database - MainProcess:MainThread
2025-01-23 02:29:02,418 - app:30 - WARNING - Redis not available, falling back to in-memory queue - MainProcess:MainThread
2025-01-23 02:29:02,636 - engineio.server:112 - INFO - Server initialized for eventlet. - MainProcess:MainThread
2025-01-23 02:29:02,646 - app:55 - INFO - Initializing Flask application - MainProcess:MainThread
2025-01-23 02:29:02,652 - app:70 - DEBUG - Application configuration loaded - MainProcess:MainThread
2025-01-23 02:29:02,749 - engineio.server:112 - INFO - Server initialized for eventlet. - MainProcess:MainThread
2025-01-23 02:29:02,751 - app:55 - INFO - Initializing Flask application - MainProcess:MainThread
2025-01-23 02:29:02,752 - app:70 - DEBUG - Application configuration loaded - MainProcess:MainThread
2025-01-23 02:29:02,851 - app:75 - INFO - Database initialized - MainProcess:MainThread
2025-01-23 02:29:02,854 - engineio.server:112 - INFO - Server initialized for eventlet. - MainProcess:MainThread
2025-01-23 02:29:02,877 - app:82 - INFO - Socket.IO initialized - MainProcess:MainThread
2025-01-23 02:29:02,965 - app:91 - INFO - CORS, Session, and CSRF protection initialized - MainProcess:MainThread
2025-01-23 02:29:02,969 - app:75 - INFO - Database initialized - MainProcess:MainThread
2025-01-23 02:29:02,969 - engineio.server:112 - INFO - Server initialized for eventlet. - MainProcess:MainThread
2025-01-23 02:29:02,969 - app:82 - INFO - Socket.IO initialized - MainProcess:MainThread
2025-01-23 02:29:02,983 - app:91 - INFO - CORS, Session, and CSRF protection initialized - MainProcess:MainThread
2025-01-23 02:29:04,011 - app:98 - INFO - Database tables created - MainProcess:MainThread
2025-01-23 02:29:04,012 - app:113 - INFO - Application initialized successfully - MainProcess:MainThread
2025-01-23 02:29:04,213 - __main__:333 - INFO - Starting ICD2O curriculum import process... - MainProcess:MainThread
2025-01-23 02:29:04,265 - __main__:58 - ERROR - Error clearing existing data: The current Flask app is not registered with this 'SQLAlchemy' instance. Did you forget to call 'init_app', or did you create multiple 'SQLAlchemy' instances? - MainProcess:MainThread
2025-01-23 02:29:04,266 - __main__:387 - ERROR - Import failed: The current Flask app is not registered with this 'SQLAlchemy' instance. Did you forget to call 'init_app', or did you create multiple 'SQLAlchemy' instances? - MainProcess:MainThread
2025-01-23 02:29:06,008 - app:98 - INFO - Database tables created - MainProcess:MainThread
2025-01-23 02:29:06,009 - app:113 - INFO - Application initialized successfully - MainProcess:MainThread
