2025-01-23 02:53:38,807 - database:111 - DEBUG - Logging initialized for database - MainProcess:MainThread
2025-01-23 02:53:38,808 - app:30 - WARNING - Redis not available, falling back to in-memory queue - MainProcess:MainThread
2025-01-23 02:53:38,898 - database:111 - DEBUG - Logging initialized for database - MainProcess:MainThread
2025-01-23 02:53:38,919 - app:30 - WARNING - Redis not available, falling back to in-memory queue - MainProcess:MainThread
2025-01-23 02:53:38,925 - database:111 - DEBUG - Logging initialized for database - MainProcess:MainThread
2025-01-23 02:53:38,926 - app:30 - WARNING - Redis not available, falling back to in-memory queue - MainProcess:MainThread
2025-01-23 02:53:39,352 - engineio.server:112 - INFO - Server initialized for eventlet. - MainProcess:MainThread
2025-01-23 02:53:39,364 - app:55 - INFO - Initializing Flask application - MainProcess:MainThread
2025-01-23 02:53:39,367 - app:70 - DEBUG - Application configuration loaded - MainProcess:MainThread
2025-01-23 02:53:39,395 - engineio.server:112 - INFO - Server initialized for eventlet. - MainProcess:MainThread
2025-01-23 02:53:39,396 - app:55 - INFO - Initializing Flask application - MainProcess:MainThread
2025-01-23 02:53:39,400 - app:70 - DEBUG - Application configuration loaded - MainProcess:MainThread
2025-01-23 02:53:39,483 - engineio.server:112 - INFO - Server initialized for eventlet. - MainProcess:MainThread
2025-01-23 02:53:39,484 - app:55 - INFO - Initializing Flask application - MainProcess:MainThread
2025-01-23 02:53:39,485 - app:70 - DEBUG - Application configuration loaded - MainProcess:MainThread
2025-01-23 02:53:39,548 - app:75 - INFO - Database initialized - MainProcess:MainThread
2025-01-23 02:53:39,549 - engineio.server:112 - INFO - Server initialized for eventlet. - MainProcess:MainThread
2025-01-23 02:53:39,551 - app:82 - INFO - Socket.IO initialized - MainProcess:MainThread
2025-01-23 02:53:39,620 - app:91 - INFO - CORS, Session, and CSRF protection initialized - MainProcess:MainThread
2025-01-23 02:53:39,645 - app:75 - INFO - Database initialized - MainProcess:MainThread
2025-01-23 02:53:39,646 - engineio.server:112 - INFO - Server initialized for eventlet. - MainProcess:MainThread
2025-01-23 02:53:39,646 - app:82 - INFO - Socket.IO initialized - MainProcess:MainThread
2025-01-23 02:53:39,660 - app:91 - INFO - CORS, Session, and CSRF protection initialized - MainProcess:MainThread
2025-01-23 02:53:39,843 - app:75 - INFO - Database initialized - MainProcess:MainThread
2025-01-23 02:53:39,856 - engineio.server:112 - INFO - Server initialized for eventlet. - MainProcess:MainThread
2025-01-23 02:53:39,857 - app:82 - INFO - Socket.IO initialized - MainProcess:MainThread
2025-01-23 02:53:39,895 - app:91 - INFO - CORS, Session, and CSRF protection initialized - MainProcess:MainThread
2025-01-23 02:53:40,590 - app:98 - INFO - Database tables created - MainProcess:MainThread
2025-01-23 02:53:40,593 - app:113 - INFO - Application initialized successfully - MainProcess:MainThread
2025-01-23 02:53:40,653 - app:98 - INFO - Database tables created - MainProcess:MainThread
2025-01-23 02:53:40,654 - app:113 - INFO - Application initialized successfully - MainProcess:MainThread
2025-01-23 02:53:40,719 - __main__:47 - INFO - Starting ICS3U curriculum import process... - MainProcess:MainThread
2025-01-23 02:53:40,736 - __main__:47 - INFO - Starting ICS3U curriculum import process... - MainProcess:MainThread
2025-01-23 02:53:40,773 - __main__:89 - ERROR - Import failed: The current Flask app is not registered with this 'SQLAlchemy' instance. Did you forget to call 'init_app', or did you create multiple 'SQLAlchemy' instances? - MainProcess:MainThread
2025-01-23 02:53:40,876 - __main__:89 - ERROR - Import failed: The current Flask app is not registered with this 'SQLAlchemy' instance. Did you forget to call 'init_app', or did you create multiple 'SQLAlchemy' instances? - MainProcess:MainThread
2025-01-23 02:53:40,886 - app:98 - INFO - Database tables created - MainProcess:MainThread
2025-01-23 02:53:40,887 - app:113 - INFO - Application initialized successfully - MainProcess:MainThread
2025-01-23 02:53:40,923 - __main__:23 - INFO - Starting database table creation... - MainProcess:MainThread
2025-01-23 02:53:41,201 - __main__:30 - INFO - Existing tables: ['code_submission', 'courses', 'strands', 'overall_expectations', 'specific_expectations', 'shared_code', 'audit_log', 'coding_activity', 'student', 'student_achievement', 'achievement', 'student_progress'] - MainProcess:MainThread
2025-01-23 02:53:41,403 - __main__:37 - INFO - Tables after creation: ['code_submission', 'courses', 'strands', 'overall_expectations', 'specific_expectations', 'shared_code', 'audit_log', 'coding_activity', 'student', 'student_achievement', 'achievement', 'student_progress'] - MainProcess:MainThread
2025-01-23 02:53:41,403 - __main__:46 - INFO - Database tables created successfully! - MainProcess:MainThread
