2025-01-22 23:26:41,163 - database:111 - DEBUG - Logging initialized for database - MainProcess:MainThread
2025-01-22 23:26:41,164 - app:30 - WARNING - Redis not available, falling back to in-memory queue - MainProcess:MainThread
2025-01-22 23:26:41,169 - engineio.server:112 - INFO - Server initialized for eventlet. - MainProcess:MainThread
2025-01-22 23:26:41,170 - app:55 - INFO - Initializing Flask application - MainProcess:MainThread
2025-01-22 23:26:41,172 - app:70 - DEBUG - Application configuration loaded - MainProcess:MainThread
2025-01-22 23:26:41,206 - app:75 - INFO - Database initialized - MainProcess:MainThread
2025-01-22 23:26:41,206 - engineio.server:112 - INFO - Server initialized for eventlet. - MainProcess:MainThread
2025-01-22 23:26:41,206 - app:82 - INFO - Socket.IO initialized - MainProcess:MainThread
2025-01-22 23:26:41,217 - app:91 - INFO - CORS, Session, and CSRF protection initialized - MainProcess:MainThread
2025-01-22 23:26:42,166 - app:98 - INFO - Database tables created - MainProcess:MainThread
2025-01-22 23:26:42,167 - app:113 - INFO - Application initialized successfully - MainProcess:MainThread
2025-01-22 23:26:42,168 - __main__:25 - INFO - Starting Flask server with SocketIO on port 5000 - MainProcess:MainThread
2025-01-22 23:26:42,168 - werkzeug:96 - WARNING -  * Debugger is active! - MainProcess:MainThread
2025-01-22 23:26:42,170 - werkzeug:96 - INFO -  * Debugger PIN: 111-126-560 - MainProcess:MainThread
2025-01-22 23:26:42,536 - app:107 - DEBUG - Rendering console page - MainProcess:GreenThread-1
2025-01-22 23:26:43,426 - engineio.server:78 - INFO - El8rY42zHeLKAnJaAAAA: Sending packet OPEN data {'sid': 'El8rY42zHeLKAnJaAAAA', 'upgrades': [], 'pingTimeout': 60000, 'pingInterval': 25000, 'maxPayload': 100000000.0} - MainProcess:GreenThread-2
2025-01-22 23:26:43,428 - engineio.server:90 - INFO - El8rY42zHeLKAnJaAAAA: Received request to upgrade to websocket - MainProcess:GreenThread-2
2025-01-22 23:26:43,428 - engineio.server:219 - INFO - El8rY42zHeLKAnJaAAAA: Upgrade to websocket successful - MainProcess:GreenThread-2
2025-01-22 23:26:43,513 - engineio.server:39 - INFO - El8rY42zHeLKAnJaAAAA: Received packet MESSAGE data 0 - MainProcess:GreenThread-2
2025-01-22 23:26:43,516 - engineio.server:78 - INFO - El8rY42zHeLKAnJaAAAA: Sending packet MESSAGE data 0{"sid":"EhXGRNJiOqpqXgNhAAAB"} - MainProcess:GreenThread-2
2025-01-22 23:26:43,518 - app:132 - INFO - Client connected: EhXGRNJiOqpqXgNhAAAB - MainProcess:GreenThread-2
2025-01-22 23:26:43,522 - engineio.server:78 - INFO - El8rY42zHeLKAnJaAAAA: Sending packet MESSAGE data 2["connection_established",{"status":"connected","sid":"EhXGRNJiOqpqXgNhAAAB"}] - MainProcess:GreenThread-2
