2025-01-23 02:49:35,047 - database:111 - DEBUG - Logging initialized for database - MainProcess:MainThread
2025-01-23 02:49:35,054 - app:30 - WARNING - Redis not available, falling back to in-memory queue - MainProcess:MainThread
2025-01-23 02:49:35,382 - engineio.server:112 - INFO - Server initialized for eventlet. - MainProcess:MainThread
2025-01-23 02:49:35,384 - app:55 - INFO - Initializing Flask application - MainProcess:MainThread
2025-01-23 02:49:35,391 - app:70 - DEBUG - Application configuration loaded - MainProcess:MainThread
2025-01-23 02:49:35,574 - database:111 - DEBUG - Logging initialized for database - MainProcess:MainThread
2025-01-23 02:49:35,575 - app:30 - WARNING - Redis not available, falling back to in-memory queue - MainProcess:MainThread
2025-01-23 02:49:35,795 - app:75 - INFO - Database initialized - MainProcess:MainThread
2025-01-23 02:49:35,799 - engineio.server:112 - INFO - Server initialized for eventlet. - MainProcess:MainThread
2025-01-23 02:49:35,799 - app:82 - INFO - Socket.IO initialized - MainProcess:MainThread
2025-01-23 02:49:35,837 - app:91 - INFO - CORS, Session, and CSRF protection initialized - MainProcess:MainThread
2025-01-23 02:49:35,899 - engineio.server:112 - INFO - Server initialized for eventlet. - MainProcess:MainThread
2025-01-23 02:49:35,900 - app:55 - INFO - Initializing Flask application - MainProcess:MainThread
2025-01-23 02:49:35,902 - app:70 - DEBUG - Application configuration loaded - MainProcess:MainThread
2025-01-23 02:49:36,091 - app:75 - INFO - Database initialized - MainProcess:MainThread
2025-01-23 02:49:36,092 - engineio.server:112 - INFO - Server initialized for eventlet. - MainProcess:MainThread
2025-01-23 02:49:36,092 - app:82 - INFO - Socket.IO initialized - MainProcess:MainThread
2025-01-23 02:49:36,150 - app:91 - INFO - CORS, Session, and CSRF protection initialized - MainProcess:MainThread
2025-01-23 02:49:39,394 - app:98 - INFO - Database tables created - MainProcess:MainThread
2025-01-23 02:49:39,395 - app:113 - INFO - Application initialized successfully - MainProcess:MainThread
2025-01-23 02:49:39,441 - app:98 - INFO - Database tables created - MainProcess:MainThread
2025-01-23 02:49:39,480 - app:113 - INFO - Application initialized successfully - MainProcess:MainThread
2025-01-23 02:49:39,508 - __main__:47 - INFO - Starting ICS3U curriculum import process... - MainProcess:MainThread
2025-01-23 02:49:39,581 - __main__:89 - ERROR - Import failed: The current Flask app is not registered with this 'SQLAlchemy' instance. Did you forget to call 'init_app', or did you create multiple 'SQLAlchemy' instances? - MainProcess:MainThread
2025-01-23 02:49:39,668 - __main__:23 - INFO - Starting database table creation... - MainProcess:MainThread
2025-01-23 02:49:40,025 - __main__:30 - INFO - Existing tables: ['code_submission', 'courses', 'strands', 'overall_expectations', 'specific_expectations', 'shared_code', 'audit_log', 'coding_activity', 'student', 'student_achievement', 'achievement', 'student_progress'] - MainProcess:MainThread
2025-01-23 02:49:40,230 - __main__:37 - INFO - Tables after creation: ['code_submission', 'courses', 'strands', 'overall_expectations', 'specific_expectations', 'shared_code', 'audit_log', 'coding_activity', 'student', 'student_achievement', 'achievement', 'student_progress'] - MainProcess:MainThread
2025-01-23 02:49:40,231 - __main__:46 - INFO - Database tables created successfully! - MainProcess:MainThread
