2025-01-22 23:40:48,458 - database:111 - DEBUG - Logging initialized for database - MainProcess:MainThread
2025-01-22 23:40:48,464 - app:30 - WARNING - Redis not available, falling back to in-memory queue - MainProcess:MainThread
2025-01-22 23:40:48,482 - engineio.server:112 - INFO - Server initialized for eventlet. - MainProcess:MainThread
2025-01-22 23:40:48,486 - app:55 - INFO - Initializing Flask application - MainProcess:MainThread
2025-01-22 23:40:48,488 - app:70 - DEBUG - Application configuration loaded - MainProcess:MainThread
2025-01-22 23:40:48,562 - app:75 - INFO - Database initialized - MainProcess:MainThread
2025-01-22 23:40:48,563 - engineio.server:112 - INFO - Server initialized for eventlet. - MainProcess:MainThread
2025-01-22 23:40:48,563 - app:82 - INFO - Socket.IO initialized - MainProcess:MainThread
2025-01-22 23:40:48,577 - app:91 - INFO - CORS, Session, and CSRF protection initialized - MainProcess:MainThread
2025-01-22 23:40:49,555 - app:98 - INFO - Database tables created - MainProcess:MainThread
2025-01-22 23:40:49,557 - app:113 - INFO - Application initialized successfully - MainProcess:MainThread
2025-01-22 23:40:49,557 - __main__:25 - INFO - Starting Flask server with SocketIO on port 5000 - MainProcess:MainThread
2025-01-22 23:40:49,558 - werkzeug:96 - WARNING -  * Debugger is active! - MainProcess:MainThread
2025-01-22 23:40:49,562 - werkzeug:96 - INFO -  * Debugger PIN: 932-056-881 - MainProcess:MainThread
2025-01-22 23:40:49,862 - app:107 - DEBUG - Rendering console page - MainProcess:GreenThread-1
2025-01-22 23:40:50,093 - app:107 - DEBUG - Rendering console page - MainProcess:GreenThread-1
2025-01-22 23:40:50,776 - engineio.server:78 - INFO - u8EiZKw_AVkcmvdzAAAA: Sending packet OPEN data {'sid': 'u8EiZKw_AVkcmvdzAAAA', 'upgrades': [], 'pingTimeout': 60000, 'pingInterval': 25000, 'maxPayload': 100000000.0} - MainProcess:GreenThread-2
2025-01-22 23:40:50,776 - engineio.server:90 - INFO - u8EiZKw_AVkcmvdzAAAA: Received request to upgrade to websocket - MainProcess:GreenThread-2
2025-01-22 23:40:50,778 - engineio.server:219 - INFO - u8EiZKw_AVkcmvdzAAAA: Upgrade to websocket successful - MainProcess:GreenThread-2
2025-01-22 23:40:50,862 - engineio.server:39 - INFO - u8EiZKw_AVkcmvdzAAAA: Received packet MESSAGE data 0 - MainProcess:GreenThread-2
2025-01-22 23:40:50,863 - engineio.server:78 - INFO - u8EiZKw_AVkcmvdzAAAA: Sending packet MESSAGE data 0{"sid":"u-tIbS-F8KCbO_lTAAAB"} - MainProcess:GreenThread-2
2025-01-22 23:40:50,864 - app:132 - INFO - Client connected: u-tIbS-F8KCbO_lTAAAB - MainProcess:GreenThread-2
2025-01-22 23:40:50,865 - engineio.server:78 - INFO - u8EiZKw_AVkcmvdzAAAA: Sending packet MESSAGE data 2["connection_established",{"status":"connected","sid":"u-tIbS-F8KCbO_lTAAAB"}] - MainProcess:GreenThread-2
2025-01-22 23:40:51,119 - engineio.server:78 - INFO - 1Uz34QK4KpngAAZPAAAC: Sending packet OPEN data {'sid': '1Uz34QK4KpngAAZPAAAC', 'upgrades': [], 'pingTimeout': 60000, 'pingInterval': 25000, 'maxPayload': 100000000.0} - MainProcess:GreenThread-3
2025-01-22 23:40:51,125 - engineio.server:90 - INFO - 1Uz34QK4KpngAAZPAAAC: Received request to upgrade to websocket - MainProcess:GreenThread-3
2025-01-22 23:40:51,127 - engineio.server:219 - INFO - 1Uz34QK4KpngAAZPAAAC: Upgrade to websocket successful - MainProcess:GreenThread-3
2025-01-22 23:40:51,232 - app:107 - DEBUG - Rendering console page - MainProcess:GreenThread-4
2025-01-22 23:40:51,603 - app:107 - DEBUG - Rendering console page - MainProcess:GreenThread-1
2025-01-22 23:40:51,949 - engineio.server:78 - INFO - uxIbxQePNlOvJ-69AAAD: Sending packet OPEN data {'sid': 'uxIbxQePNlOvJ-69AAAD', 'upgrades': [], 'pingTimeout': 60000, 'pingInterval': 25000, 'maxPayload': 100000000.0} - MainProcess:GreenThread-5
2025-01-22 23:40:51,949 - engineio.server:90 - INFO - uxIbxQePNlOvJ-69AAAD: Received request to upgrade to websocket - MainProcess:GreenThread-5
2025-01-22 23:40:51,949 - engineio.server:219 - INFO - uxIbxQePNlOvJ-69AAAD: Upgrade to websocket successful - MainProcess:GreenThread-5
2025-01-22 23:40:51,959 - engineio.server:39 - INFO - uxIbxQePNlOvJ-69AAAD: Received packet MESSAGE data 0 - MainProcess:GreenThread-5
2025-01-22 23:40:51,960 - engineio.server:78 - INFO - uxIbxQePNlOvJ-69AAAD: Sending packet MESSAGE data 0{"sid":"DVNYMWZ37RdHHPOxAAAE"} - MainProcess:GreenThread-5
2025-01-22 23:40:51,961 - app:132 - INFO - Client connected: DVNYMWZ37RdHHPOxAAAE - MainProcess:GreenThread-5
2025-01-22 23:40:51,962 - engineio.server:78 - INFO - uxIbxQePNlOvJ-69AAAD: Sending packet MESSAGE data 2["connection_established",{"status":"connected","sid":"DVNYMWZ37RdHHPOxAAAE"}] - MainProcess:GreenThread-5
2025-01-22 23:40:52,023 - engineio.server:78 - INFO - Q0uhAwpYTK3_dx1vAAAF: Sending packet OPEN data {'sid': 'Q0uhAwpYTK3_dx1vAAAF', 'upgrades': [], 'pingTimeout': 60000, 'pingInterval': 25000, 'maxPayload': 100000000.0} - MainProcess:GreenThread-6
2025-01-22 23:40:52,024 - engineio.server:90 - INFO - Q0uhAwpYTK3_dx1vAAAF: Received request to upgrade to websocket - MainProcess:GreenThread-6
2025-01-22 23:40:52,024 - engineio.server:219 - INFO - Q0uhAwpYTK3_dx1vAAAF: Upgrade to websocket successful - MainProcess:GreenThread-6
2025-01-22 23:40:52,110 - engineio.server:39 - INFO - Q0uhAwpYTK3_dx1vAAAF: Received packet MESSAGE data 0 - MainProcess:GreenThread-6
2025-01-22 23:40:52,110 - engineio.server:78 - INFO - Q0uhAwpYTK3_dx1vAAAF: Sending packet MESSAGE data 0{"sid":"ApLMXbFaIKIgekvBAAAG"} - MainProcess:GreenThread-6
2025-01-22 23:40:52,111 - app:132 - INFO - Client connected: ApLMXbFaIKIgekvBAAAG - MainProcess:GreenThread-6
2025-01-22 23:40:52,112 - engineio.server:78 - INFO - Q0uhAwpYTK3_dx1vAAAF: Sending packet MESSAGE data 2["connection_established",{"status":"connected","sid":"ApLMXbFaIKIgekvBAAAG"}] - MainProcess:GreenThread-6
2025-01-22 23:40:52,528 - app:141 - INFO - Client disconnected: DVNYMWZ37RdHHPOxAAAE - MainProcess:GreenThread-5
