2025-01-23 02:40:17,097 - database:111 - DEBUG - Logging initialized for database - MainProcess:MainThread
2025-01-23 02:40:17,098 - app:30 - WARNING - Redis not available, falling back to in-memory queue - MainProcess:MainThread
2025-01-23 02:40:17,307 - engineio.server:112 - INFO - Server initialized for eventlet. - MainProcess:MainThread
2025-01-23 02:40:17,308 - app:55 - INFO - Initializing Flask application - MainProcess:MainThread
2025-01-23 02:40:17,310 - app:70 - DEBUG - Application configuration loaded - MainProcess:MainThread
2025-01-23 02:40:17,417 - app:75 - INFO - Database initialized - MainProcess:MainThread
2025-01-23 02:40:17,418 - engineio.server:112 - INFO - Server initialized for eventlet. - MainProcess:MainThread
2025-01-23 02:40:17,418 - app:82 - INFO - Socket.IO initialized - MainProcess:MainThread
2025-01-23 02:40:17,431 - app:91 - INFO - CORS, Session, and CSRF protection initialized - MainProcess:MainThread
2025-01-23 02:40:17,831 - database:111 - DEBUG - Logging initialized for database - MainProcess:MainThread
2025-01-23 02:40:17,831 - app:30 - WARNING - Redis not available, falling back to in-memory queue - MainProcess:MainThread
2025-01-23 02:40:18,232 - engineio.server:112 - INFO - Server initialized for eventlet. - MainProcess:MainThread
2025-01-23 02:40:18,233 - app:55 - INFO - Initializing Flask application - MainProcess:MainThread
2025-01-23 02:40:18,247 - app:70 - DEBUG - Application configuration loaded - MainProcess:MainThread
2025-01-23 02:40:18,382 - app:75 - INFO - Database initialized - MainProcess:MainThread
2025-01-23 02:40:18,383 - engineio.server:112 - INFO - Server initialized for eventlet. - MainProcess:MainThread
2025-01-23 02:40:18,384 - app:82 - INFO - Socket.IO initialized - MainProcess:MainThread
2025-01-23 02:40:18,415 - app:91 - INFO - CORS, Session, and CSRF protection initialized - MainProcess:MainThread
2025-01-23 02:40:19,399 - app:98 - INFO - Database tables created - MainProcess:MainThread
2025-01-23 02:40:19,400 - app:113 - INFO - Application initialized successfully - MainProcess:MainThread
2025-01-23 02:40:20,461 - app:98 - INFO - Database tables created - MainProcess:MainThread
2025-01-23 02:40:20,465 - app:113 - INFO - Application initialized successfully - MainProcess:MainThread
2025-01-23 02:40:20,519 - __main__:333 - INFO - Starting ICD2O curriculum import process... - MainProcess:MainThread
2025-01-23 02:40:20,636 - __main__:58 - ERROR - Error clearing existing data: The current Flask app is not registered with this 'SQLAlchemy' instance. Did you forget to call 'init_app', or did you create multiple 'SQLAlchemy' instances? - MainProcess:MainThread
2025-01-23 02:40:20,636 - __main__:387 - ERROR - Import failed: The current Flask app is not registered with this 'SQLAlchemy' instance. Did you forget to call 'init_app', or did you create multiple 'SQLAlchemy' instances? - MainProcess:MainThread
