2025-01-23 02:45:47,011 - database:111 - DEBUG - Logging initialized for database - MainProcess:MainThread
2025-01-23 02:45:47,012 - app:30 - WARNING - Redis not available, falling back to in-memory queue - MainProcess:MainThread
2025-01-23 02:45:47,055 - database:111 - DEBUG - Logging initialized for database - MainProcess:MainThread
2025-01-23 02:45:47,058 - app:30 - WARNING - Redis not available, falling back to in-memory queue - MainProcess:MainThread
2025-01-23 02:45:47,377 - database:111 - DEBUG - Logging initialized for database - MainProcess:MainThread
2025-01-23 02:45:47,384 - app:30 - WARNING - Redis not available, falling back to in-memory queue - MainProcess:MainThread
2025-01-23 02:45:47,464 - engineio.server:112 - INFO - Server initialized for eventlet. - MainProcess:MainThread
2025-01-23 02:45:47,474 - app:55 - INFO - Initializing Flask application - MainProcess:MainThread
2025-01-23 02:45:47,477 - app:70 - DEBUG - Application configuration loaded - MainProcess:MainThread
2025-01-23 02:45:47,480 - engineio.server:112 - INFO - Server initialized for eventlet. - MainProcess:MainThread
2025-01-23 02:45:47,521 - app:55 - INFO - Initializing Flask application - MainProcess:MainThread
2025-01-23 02:45:47,529 - app:70 - DEBUG - Application configuration loaded - MainProcess:MainThread
2025-01-23 02:45:47,747 - engineio.server:112 - INFO - Server initialized for eventlet. - MainProcess:MainThread
2025-01-23 02:45:47,755 - app:55 - INFO - Initializing Flask application - MainProcess:MainThread
2025-01-23 02:45:47,764 - app:70 - DEBUG - Application configuration loaded - MainProcess:MainThread
2025-01-23 02:45:47,896 - database:111 - DEBUG - Logging initialized for database - MainProcess:MainThread
2025-01-23 02:45:47,897 - app:30 - WARNING - Redis not available, falling back to in-memory queue - MainProcess:MainThread
2025-01-23 02:45:47,973 - app:75 - INFO - Database initialized - MainProcess:MainThread
2025-01-23 02:45:47,973 - engineio.server:112 - INFO - Server initialized for eventlet. - MainProcess:MainThread
2025-01-23 02:45:47,973 - app:82 - INFO - Socket.IO initialized - MainProcess:MainThread
2025-01-23 02:45:48,033 - app:91 - INFO - CORS, Session, and CSRF protection initialized - MainProcess:MainThread
2025-01-23 02:45:48,206 - app:75 - INFO - Database initialized - MainProcess:MainThread
2025-01-23 02:45:48,207 - engineio.server:112 - INFO - Server initialized for eventlet. - MainProcess:MainThread
2025-01-23 02:45:48,207 - app:82 - INFO - Socket.IO initialized - MainProcess:MainThread
2025-01-23 02:45:48,242 - app:91 - INFO - CORS, Session, and CSRF protection initialized - MainProcess:MainThread
2025-01-23 02:45:48,322 - app:75 - INFO - Database initialized - MainProcess:MainThread
2025-01-23 02:45:48,322 - engineio.server:112 - INFO - Server initialized for eventlet. - MainProcess:MainThread
2025-01-23 02:45:48,322 - app:82 - INFO - Socket.IO initialized - MainProcess:MainThread
2025-01-23 02:45:48,340 - app:91 - INFO - CORS, Session, and CSRF protection initialized - MainProcess:MainThread
2025-01-23 02:45:48,375 - engineio.server:112 - INFO - Server initialized for eventlet. - MainProcess:MainThread
2025-01-23 02:45:48,380 - app:55 - INFO - Initializing Flask application - MainProcess:MainThread
2025-01-23 02:45:48,392 - app:70 - DEBUG - Application configuration loaded - MainProcess:MainThread
2025-01-23 02:45:48,594 - app:75 - INFO - Database initialized - MainProcess:MainThread
2025-01-23 02:45:48,594 - engineio.server:112 - INFO - Server initialized for eventlet. - MainProcess:MainThread
2025-01-23 02:45:48,594 - app:82 - INFO - Socket.IO initialized - MainProcess:MainThread
2025-01-23 02:45:48,619 - app:91 - INFO - CORS, Session, and CSRF protection initialized - MainProcess:MainThread
2025-01-23 02:45:49,654 - app:98 - INFO - Database tables created - MainProcess:MainThread
2025-01-23 02:45:49,665 - app:113 - INFO - Application initialized successfully - MainProcess:MainThread
2025-01-23 02:45:49,676 - app:98 - INFO - Database tables created - MainProcess:MainThread
2025-01-23 02:45:49,678 - app:113 - INFO - Application initialized successfully - MainProcess:MainThread
2025-01-23 02:45:49,694 - app:98 - INFO - Database tables created - MainProcess:MainThread
2025-01-23 02:45:49,695 - app:113 - INFO - Application initialized successfully - MainProcess:MainThread
2025-01-23 02:45:49,739 - __main__:47 - INFO - Starting ICS3U curriculum import process... - MainProcess:MainThread
2025-01-23 02:45:49,740 - __main__:48 - INFO - Found in file: c2.1 concevoir des algorithmes qui répondent à des problèmes mathématiques donnés.
 - MainProcess:MainThread
2025-01-23 02:45:49,784 - __main__:89 - ERROR - Import failed: The current Flask app is not registered with this 'SQLAlchemy' instance. Did you forget to call 'init_app', or did you create multiple 'SQLAlchemy' instances? - MainProcess:MainThread
2025-01-23 02:45:49,789 - __main__:108 - ERROR - Error during verification: The current Flask app is not registered with this 'SQLAlchemy' instance. Did you forget to call 'init_app', or did you create multiple 'SQLAlchemy' instances? - MainProcess:MainThread
Traceback (most recent call last):
  File "/home/runner/workspace/scripts/verify_c21.py", line 55, in verify_c21
    ).first()
      ^^^^^^^
  File "/home/runner/workspace/.pythonlibs/lib/python3.11/site-packages/sqlalchemy/orm/query.py", line 2728, in first
    return self.limit(1)._iter().first()  # type: ignore
           ^^^^^^^^^^^^^^^^^^^^^
  File "/home/runner/workspace/.pythonlibs/lib/python3.11/site-packages/sqlalchemy/orm/query.py", line 2827, in _iter
    result: Union[ScalarResult[_T], Result[_T]] = self.session.execute(
                                                  ^^^^^^^^^^^^^^^^^^^^^
  File "/home/runner/workspace/.pythonlibs/lib/python3.11/site-packages/sqlalchemy/orm/session.py", line 2362, in execute
    return self._execute_internal(
           ^^^^^^^^^^^^^^^^^^^^^^^
  File "/home/runner/workspace/.pythonlibs/lib/python3.11/site-packages/sqlalchemy/orm/session.py", line 2235, in _execute_internal
    bind = self.get_bind(**bind_arguments)
           ^^^^^^^^^^^^^^^^^^^^^^^^^^^^^^^
  File "/home/runner/workspace/.pythonlibs/lib/python3.11/site-packages/flask_sqlalchemy/session.py", line 53, in get_bind
    engines = self._db.engines
              ^^^^^^^^^^^^^^^^
  File "/home/runner/workspace/.pythonlibs/lib/python3.11/site-packages/flask_sqlalchemy/extension.py", line 690, in engines
    raise RuntimeError(
RuntimeError: The current Flask app is not registered with this 'SQLAlchemy' instance. Did you forget to call 'init_app', or did you create multiple 'SQLAlchemy' instances?
2025-01-23 02:45:49,824 - app:98 - INFO - Database tables created - MainProcess:MainThread
2025-01-23 02:45:49,826 - app:113 - INFO - Application initialized successfully - MainProcess:MainThread
2025-01-23 02:45:49,879 - __main__:47 - INFO - Starting ICS3U curriculum import process... - MainProcess:MainThread
2025-01-23 02:45:49,951 - __main__:23 - INFO - Starting database table creation... - MainProcess:MainThread
2025-01-23 02:45:50,023 - __main__:89 - ERROR - Import failed: The current Flask app is not registered with this 'SQLAlchemy' instance. Did you forget to call 'init_app', or did you create multiple 'SQLAlchemy' instances? - MainProcess:MainThread
2025-01-23 02:45:50,268 - __main__:30 - INFO - Existing tables: ['code_submission', 'courses', 'strands', 'overall_expectations', 'specific_expectations', 'shared_code', 'audit_log', 'coding_activity', 'student', 'student_achievement', 'achievement', 'student_progress'] - MainProcess:MainThread
2025-01-23 02:45:50,492 - __main__:37 - INFO - Tables after creation: ['code_submission', 'courses', 'strands', 'overall_expectations', 'specific_expectations', 'shared_code', 'audit_log', 'coding_activity', 'student', 'student_achievement', 'achievement', 'student_progress'] - MainProcess:MainThread
2025-01-23 02:45:50,492 - __main__:46 - INFO - Database tables created successfully! - MainProcess:MainThread
