2025-01-23 01:31:36,240 - database:111 - DEBUG - Logging initialized for database - MainProcess:MainThread
2025-01-23 01:31:36,241 - app:30 - WARNING - Redis not available, falling back to in-memory queue - MainProcess:MainThread
2025-01-23 01:31:36,542 - engineio.server:112 - INFO - Server initialized for eventlet. - MainProcess:MainThread
2025-01-23 01:31:36,544 - app:55 - INFO - Initializing Flask application - MainProcess:MainThread
2025-01-23 01:31:36,545 - app:70 - DEBUG - Application configuration loaded - MainProcess:MainThread
2025-01-23 01:31:36,875 - database:111 - DEBUG - Logging initialized for database - MainProcess:MainThread
2025-01-23 01:31:36,876 - app:30 - WARNING - Redis not available, falling back to in-memory queue - MainProcess:MainThread
2025-01-23 01:31:36,910 - app:75 - INFO - Database initialized - MainProcess:MainThread
2025-01-23 01:31:36,910 - engineio.server:112 - INFO - Server initialized for eventlet. - MainProcess:MainThread
2025-01-23 01:31:36,910 - app:82 - INFO - Socket.IO initialized - MainProcess:MainThread
2025-01-23 01:31:36,927 - app:91 - INFO - CORS, Session, and CSRF protection initialized - MainProcess:MainThread
2025-01-23 01:31:37,100 - engineio.server:112 - INFO - Server initialized for eventlet. - MainProcess:MainThread
2025-01-23 01:31:37,105 - app:55 - INFO - Initializing Flask application - MainProcess:MainThread
2025-01-23 01:31:37,109 - app:70 - DEBUG - Application configuration loaded - MainProcess:MainThread
2025-01-23 01:31:37,312 - app:75 - INFO - Database initialized - MainProcess:MainThread
2025-01-23 01:31:37,314 - engineio.server:112 - INFO - Server initialized for eventlet. - MainProcess:MainThread
2025-01-23 01:31:37,314 - app:82 - INFO - Socket.IO initialized - MainProcess:MainThread
2025-01-23 01:31:37,358 - app:91 - INFO - CORS, Session, and CSRF protection initialized - MainProcess:MainThread
2025-01-23 01:31:37,944 - app:98 - INFO - Database tables created - MainProcess:MainThread
2025-01-23 01:31:37,946 - app:113 - INFO - Application initialized successfully - MainProcess:MainThread
2025-01-23 01:31:38,188 - __main__:47 - INFO - Starting ICS3U curriculum import process... - MainProcess:MainThread
2025-01-23 01:31:38,234 - __main__:89 - ERROR - Import failed: The current Flask app is not registered with this 'SQLAlchemy' instance. Did you forget to call 'init_app', or did you create multiple 'SQLAlchemy' instances? - MainProcess:MainThread
2025-01-23 01:31:38,451 - app:98 - INFO - Database tables created - MainProcess:MainThread
2025-01-23 01:31:38,465 - app:113 - INFO - Application initialized successfully - MainProcess:MainThread
2025-01-23 01:31:38,892 - __main__:47 - INFO - Starting ICS3U curriculum import process... - MainProcess:MainThread
2025-01-23 01:31:39,155 - __main__:89 - ERROR - Import failed: The current Flask app is not registered with this 'SQLAlchemy' instance. Did you forget to call 'init_app', or did you create multiple 'SQLAlchemy' instances? - MainProcess:MainThread
