2025-01-23 01:34:24,392 - database:111 - DEBUG - Logging initialized for database - MainProcess:MainThread
2025-01-23 01:34:24,395 - app:30 - WARNING - Redis not available, falling back to in-memory queue - MainProcess:MainThread
2025-01-23 01:34:24,718 - engineio.server:112 - INFO - Server initialized for eventlet. - MainProcess:MainThread
2025-01-23 01:34:24,723 - app:55 - INFO - Initializing Flask application - MainProcess:MainThread
2025-01-23 01:34:24,725 - app:70 - DEBUG - Application configuration loaded - MainProcess:MainThread
2025-01-23 01:34:24,973 - database:111 - DEBUG - Logging initialized for database - MainProcess:MainThread
2025-01-23 01:34:24,974 - app:30 - WARNING - Redis not available, falling back to in-memory queue - MainProcess:MainThread
2025-01-23 01:34:24,989 - app:75 - INFO - Database initialized - MainProcess:MainThread
2025-01-23 01:34:24,989 - engineio.server:112 - INFO - Server initialized for eventlet. - MainProcess:MainThread
2025-01-23 01:34:24,989 - app:82 - INFO - Socket.IO initialized - MainProcess:MainThread
2025-01-23 01:34:25,085 - app:91 - INFO - CORS, Session, and CSRF protection initialized - MainProcess:MainThread
2025-01-23 01:34:25,556 - engineio.server:112 - INFO - Server initialized for eventlet. - MainProcess:MainThread
2025-01-23 01:34:25,557 - app:55 - INFO - Initializing Flask application - MainProcess:MainThread
2025-01-23 01:34:25,559 - app:70 - DEBUG - Application configuration loaded - MainProcess:MainThread
2025-01-23 01:34:25,679 - app:75 - INFO - Database initialized - MainProcess:MainThread
2025-01-23 01:34:25,680 - engineio.server:112 - INFO - Server initialized for eventlet. - MainProcess:MainThread
2025-01-23 01:34:25,680 - app:82 - INFO - Socket.IO initialized - MainProcess:MainThread
2025-01-23 01:34:25,701 - app:91 - INFO - CORS, Session, and CSRF protection initialized - MainProcess:MainThread
2025-01-23 01:34:26,134 - app:98 - INFO - Database tables created - MainProcess:MainThread
2025-01-23 01:34:26,142 - app:113 - INFO - Application initialized successfully - MainProcess:MainThread
2025-01-23 01:34:26,257 - __main__:47 - INFO - Starting ICS3U curriculum import process... - MainProcess:MainThread
2025-01-23 01:34:26,331 - __main__:89 - ERROR - Import failed: The current Flask app is not registered with this 'SQLAlchemy' instance. Did you forget to call 'init_app', or did you create multiple 'SQLAlchemy' instances? - MainProcess:MainThread
2025-01-23 01:34:26,739 - app:98 - INFO - Database tables created - MainProcess:MainThread
2025-01-23 01:34:26,740 - app:113 - INFO - Application initialized successfully - MainProcess:MainThread
2025-01-23 01:34:26,839 - __main__:47 - INFO - Starting ICS3U curriculum import process... - MainProcess:MainThread
2025-01-23 01:34:26,888 - __main__:89 - ERROR - Import failed: The current Flask app is not registered with this 'SQLAlchemy' instance. Did you forget to call 'init_app', or did you create multiple 'SQLAlchemy' instances? - MainProcess:MainThread
