2025-01-23 02:37:34,272 - database:111 - DEBUG - Logging initialized for database - MainProcess:MainThread
2025-01-23 02:37:34,273 - app:30 - WARNING - Redis not available, falling back to in-memory queue - MainProcess:MainThread
2025-01-23 02:37:34,675 - engineio.server:112 - INFO - Server initialized for eventlet. - MainProcess:MainThread
2025-01-23 02:37:34,685 - app:55 - INFO - Initializing Flask application - MainProcess:MainThread
2025-01-23 02:37:34,699 - app:70 - DEBUG - Application configuration loaded - MainProcess:MainThread
2025-01-23 02:37:34,890 - app:75 - INFO - Database initialized - MainProcess:MainThread
2025-01-23 02:37:34,890 - engineio.server:112 - INFO - Server initialized for eventlet. - MainProcess:MainThread
2025-01-23 02:37:34,890 - app:82 - INFO - Socket.IO initialized - MainProcess:MainThread
2025-01-23 02:37:34,907 - app:91 - INFO - CORS, Session, and CSRF protection initialized - MainProcess:MainThread
2025-01-23 02:37:34,927 - database:111 - DEBUG - Logging initialized for database - MainProcess:MainThread
2025-01-23 02:37:34,928 - app:30 - WARNING - Redis not available, falling back to in-memory queue - MainProcess:MainThread
2025-01-23 02:37:35,340 - engineio.server:112 - INFO - Server initialized for eventlet. - MainProcess:MainThread
2025-01-23 02:37:35,343 - app:55 - INFO - Initializing Flask application - MainProcess:MainThread
2025-01-23 02:37:35,358 - app:70 - DEBUG - Application configuration loaded - MainProcess:MainThread
2025-01-23 02:37:35,857 - app:75 - INFO - Database initialized - MainProcess:MainThread
2025-01-23 02:37:35,858 - engineio.server:112 - INFO - Server initialized for eventlet. - MainProcess:MainThread
2025-01-23 02:37:35,860 - app:82 - INFO - Socket.IO initialized - MainProcess:MainThread
2025-01-23 02:37:35,883 - app:91 - INFO - CORS, Session, and CSRF protection initialized - MainProcess:MainThread
2025-01-23 02:37:35,986 - app:98 - INFO - Database tables created - MainProcess:MainThread
2025-01-23 02:37:35,996 - app:113 - INFO - Application initialized successfully - MainProcess:MainThread
2025-01-23 02:37:36,261 - __main__:23 - INFO - Starting database table creation... - MainProcess:MainThread
2025-01-23 02:37:36,511 - __main__:30 - INFO - Existing tables: ['code_submission', 'courses', 'strands', 'overall_expectations', 'specific_expectations', 'shared_code', 'audit_log', 'coding_activity', 'student', 'student_achievement', 'achievement', 'student_progress'] - MainProcess:MainThread
2025-01-23 02:37:36,707 - __main__:37 - INFO - Tables after creation: ['code_submission', 'courses', 'strands', 'overall_expectations', 'specific_expectations', 'shared_code', 'audit_log', 'coding_activity', 'student', 'student_achievement', 'achievement', 'student_progress'] - MainProcess:MainThread
2025-01-23 02:37:36,708 - __main__:46 - INFO - Database tables created successfully! - MainProcess:MainThread
2025-01-23 02:37:36,881 - app:98 - INFO - Database tables created - MainProcess:MainThread
2025-01-23 02:37:36,884 - app:113 - INFO - Application initialized successfully - MainProcess:MainThread
2025-01-23 02:37:37,401 - __main__:47 - INFO - Starting ICS3U curriculum import process... - MainProcess:MainThread
2025-01-23 02:37:37,496 - __main__:89 - ERROR - Import failed: The current Flask app is not registered with this 'SQLAlchemy' instance. Did you forget to call 'init_app', or did you create multiple 'SQLAlchemy' instances? - MainProcess:MainThread
