2025-01-23 02:19:19,253 - database:111 - DEBUG - Logging initialized for database - MainProcess:MainThread
2025-01-23 02:19:19,254 - app:30 - WARNING - Redis not available, falling back to in-memory queue - MainProcess:MainThread
2025-01-23 02:19:19,371 - engineio.server:112 - INFO - Server initialized for eventlet. - MainProcess:MainThread
2025-01-23 02:19:19,373 - app:55 - INFO - Initializing Flask application - MainProcess:MainThread
2025-01-23 02:19:19,374 - app:70 - DEBUG - Application configuration loaded - MainProcess:MainThread
2025-01-23 02:19:19,468 - app:75 - INFO - Database initialized - MainProcess:MainThread
2025-01-23 02:19:19,468 - engineio.server:112 - INFO - Server initialized for eventlet. - MainProcess:MainThread
2025-01-23 02:19:19,469 - app:82 - INFO - Socket.IO initialized - MainProcess:MainThread
2025-01-23 02:19:19,480 - app:91 - INFO - CORS, Session, and CSRF protection initialized - MainProcess:MainThread
2025-01-23 02:19:19,933 - database:111 - DEBUG - Logging initialized for database - MainProcess:MainThread
2025-01-23 02:19:19,934 - app:30 - WARNING - Redis not available, falling back to in-memory queue - MainProcess:MainThread
2025-01-23 02:19:20,055 - engineio.server:112 - INFO - Server initialized for eventlet. - MainProcess:MainThread
2025-01-23 02:19:20,056 - app:55 - INFO - Initializing Flask application - MainProcess:MainThread
2025-01-23 02:19:20,057 - app:70 - DEBUG - Application configuration loaded - MainProcess:MainThread
2025-01-23 02:19:20,129 - app:75 - INFO - Database initialized - MainProcess:MainThread
2025-01-23 02:19:20,129 - engineio.server:112 - INFO - Server initialized for eventlet. - MainProcess:MainThread
2025-01-23 02:19:20,129 - app:82 - INFO - Socket.IO initialized - MainProcess:MainThread
2025-01-23 02:19:20,138 - app:91 - INFO - CORS, Session, and CSRF protection initialized - MainProcess:MainThread
2025-01-23 02:19:21,425 - app:98 - INFO - Database tables created - MainProcess:MainThread
2025-01-23 02:19:21,426 - app:113 - INFO - Application initialized successfully - MainProcess:MainThread
2025-01-23 02:19:22,481 - app:98 - INFO - Database tables created - MainProcess:MainThread
2025-01-23 02:19:22,482 - app:113 - INFO - Application initialized successfully - MainProcess:MainThread
2025-01-23 02:19:22,543 - __main__:333 - INFO - Starting ICD2O curriculum import process... - MainProcess:MainThread
2025-01-23 02:19:22,584 - __main__:58 - ERROR - Error clearing existing data: The current Flask app is not registered with this 'SQLAlchemy' instance. Did you forget to call 'init_app', or did you create multiple 'SQLAlchemy' instances? - MainProcess:MainThread
2025-01-23 02:19:22,585 - __main__:387 - ERROR - Import failed: The current Flask app is not registered with this 'SQLAlchemy' instance. Did you forget to call 'init_app', or did you create multiple 'SQLAlchemy' instances? - MainProcess:MainThread
