2025-01-22 23:26:51,275 - database:111 - DEBUG - Logging initialized for database - MainProcess:MainThread
2025-01-22 23:26:51,283 - app:30 - WARNING - Redis not available, falling back to in-memory queue - MainProcess:MainThread
2025-01-22 23:26:51,289 - engineio.server:112 - INFO - Server initialized for eventlet. - MainProcess:MainThread
2025-01-22 23:26:51,290 - app:55 - INFO - Initializing Flask application - MainProcess:MainThread
2025-01-22 23:26:51,291 - app:70 - DEBUG - Application configuration loaded - MainProcess:MainThread
2025-01-22 23:26:51,343 - app:75 - INFO - Database initialized - MainProcess:MainThread
2025-01-22 23:26:51,343 - engineio.server:112 - INFO - Server initialized for eventlet. - MainProcess:MainThread
2025-01-22 23:26:51,343 - app:82 - INFO - Socket.IO initialized - MainProcess:MainThread
2025-01-22 23:26:51,356 - app:91 - INFO - CORS, Session, and CSRF protection initialized - MainProcess:MainThread
2025-01-22 23:26:52,325 - app:98 - INFO - Database tables created - MainProcess:MainThread
2025-01-22 23:26:52,327 - app:113 - INFO - Application initialized successfully - MainProcess:MainThread
2025-01-22 23:26:52,328 - __main__:25 - INFO - Starting Flask server with SocketIO on port 5000 - MainProcess:MainThread
2025-01-22 23:26:52,328 - werkzeug:96 - WARNING -  * Debugger is active! - MainProcess:MainThread
2025-01-22 23:26:52,330 - werkzeug:96 - INFO -  * Debugger PIN: 124-199-214 - MainProcess:MainThread
2025-01-22 23:26:52,618 - app:107 - DEBUG - Rendering console page - MainProcess:GreenThread-1
2025-01-22 23:26:53,424 - engineio.server:78 - INFO - hCwEiBpFXtfmVvt9AAAA: Sending packet OPEN data {'sid': 'hCwEiBpFXtfmVvt9AAAA', 'upgrades': [], 'pingTimeout': 60000, 'pingInterval': 25000, 'maxPayload': 100000000.0} - MainProcess:GreenThread-2
2025-01-22 23:26:53,424 - engineio.server:90 - INFO - hCwEiBpFXtfmVvt9AAAA: Received request to upgrade to websocket - MainProcess:GreenThread-2
2025-01-22 23:26:53,425 - engineio.server:219 - INFO - hCwEiBpFXtfmVvt9AAAA: Upgrade to websocket successful - MainProcess:GreenThread-2
2025-01-22 23:26:53,547 - engineio.server:39 - INFO - hCwEiBpFXtfmVvt9AAAA: Received packet MESSAGE data 0 - MainProcess:GreenThread-2
2025-01-22 23:26:53,548 - engineio.server:78 - INFO - hCwEiBpFXtfmVvt9AAAA: Sending packet MESSAGE data 0{"sid":"oNQC6GEXvRdb7LCSAAAB"} - MainProcess:GreenThread-2
2025-01-22 23:26:53,549 - app:132 - INFO - Client connected: oNQC6GEXvRdb7LCSAAAB - MainProcess:GreenThread-2
2025-01-22 23:26:53,549 - engineio.server:78 - INFO - hCwEiBpFXtfmVvt9AAAA: Sending packet MESSAGE data 2["connection_established",{"status":"connected","sid":"oNQC6GEXvRdb7LCSAAAB"}] - MainProcess:GreenThread-2
2025-01-22 23:26:54,104 - app:107 - DEBUG - Rendering console page - MainProcess:GreenThread-3
2025-01-22 23:26:54,425 - app:107 - DEBUG - Rendering console page - MainProcess:GreenThread-1
2025-01-22 23:26:54,710 - engineio.server:78 - INFO - -dHpycocSABbU6MGAAAC: Sending packet OPEN data {'sid': '-dHpycocSABbU6MGAAAC', 'upgrades': [], 'pingTimeout': 60000, 'pingInterval': 25000, 'maxPayload': 100000000.0} - MainProcess:GreenThread-4
2025-01-22 23:26:54,711 - engineio.server:90 - INFO - -dHpycocSABbU6MGAAAC: Received request to upgrade to websocket - MainProcess:GreenThread-4
2025-01-22 23:26:54,711 - engineio.server:219 - INFO - -dHpycocSABbU6MGAAAC: Upgrade to websocket successful - MainProcess:GreenThread-4
2025-01-22 23:26:54,748 - engineio.server:39 - INFO - -dHpycocSABbU6MGAAAC: Received packet MESSAGE data 0 - MainProcess:GreenThread-4
2025-01-22 23:26:54,748 - engineio.server:78 - INFO - -dHpycocSABbU6MGAAAC: Sending packet MESSAGE data 0{"sid":"NTOqTeA5lW50LA7CAAAD"} - MainProcess:GreenThread-4
2025-01-22 23:26:54,751 - app:132 - INFO - Client connected: NTOqTeA5lW50LA7CAAAD - MainProcess:GreenThread-4
2025-01-22 23:26:54,752 - engineio.server:78 - INFO - -dHpycocSABbU6MGAAAC: Sending packet MESSAGE data 2["connection_established",{"status":"connected","sid":"NTOqTeA5lW50LA7CAAAD"}] - MainProcess:GreenThread-4
2025-01-22 23:26:54,958 - engineio.server:78 - INFO - U8nrwYZdwJn8i47vAAAE: Sending packet OPEN data {'sid': 'U8nrwYZdwJn8i47vAAAE', 'upgrades': [], 'pingTimeout': 60000, 'pingInterval': 25000, 'maxPayload': 100000000.0} - MainProcess:GreenThread-5
2025-01-22 23:26:54,958 - engineio.server:90 - INFO - U8nrwYZdwJn8i47vAAAE: Received request to upgrade to websocket - MainProcess:GreenThread-5
2025-01-22 23:26:54,959 - engineio.server:219 - INFO - U8nrwYZdwJn8i47vAAAE: Upgrade to websocket successful - MainProcess:GreenThread-5
2025-01-22 23:26:55,046 - engineio.server:39 - INFO - U8nrwYZdwJn8i47vAAAE: Received packet MESSAGE data 0 - MainProcess:GreenThread-5
2025-01-22 23:26:55,047 - engineio.server:78 - INFO - U8nrwYZdwJn8i47vAAAE: Sending packet MESSAGE data 0{"sid":"Bz0PEWtThtTX2kivAAAF"} - MainProcess:GreenThread-5
2025-01-22 23:26:55,048 - app:132 - INFO - Client connected: Bz0PEWtThtTX2kivAAAF - MainProcess:GreenThread-5
2025-01-22 23:26:55,050 - engineio.server:78 - INFO - U8nrwYZdwJn8i47vAAAE: Sending packet MESSAGE data 2["connection_established",{"status":"connected","sid":"Bz0PEWtThtTX2kivAAAF"}] - MainProcess:GreenThread-5
2025-01-22 23:26:55,352 - app:141 - INFO - Client disconnected: NTOqTeA5lW50LA7CAAAD - MainProcess:GreenThread-4
