2025-01-23 01:56:40,180 - database:111 - DEBUG - Logging initialized for database - MainProcess:MainThread
2025-01-23 01:56:40,181 - app:30 - WARNING - Redis not available, falling back to in-memory queue - MainProcess:MainThread
2025-01-23 01:56:40,332 - engineio.server:112 - INFO - Server initialized for eventlet. - MainProcess:MainThread
2025-01-23 01:56:40,334 - app:55 - INFO - Initializing Flask application - MainProcess:MainThread
2025-01-23 01:56:40,338 - app:70 - DEBUG - Application configuration loaded - MainProcess:MainThread
2025-01-23 01:56:40,459 - app:75 - INFO - Database initialized - MainProcess:MainThread
2025-01-23 01:56:40,459 - engineio.server:112 - INFO - Server initialized for eventlet. - MainProcess:MainThread
2025-01-23 01:56:40,459 - app:82 - INFO - Socket.IO initialized - MainProcess:MainThread
2025-01-23 01:56:40,479 - app:91 - INFO - CORS, Session, and CSRF protection initialized - MainProcess:MainThread
2025-01-23 01:56:40,799 - database:111 - DEBUG - Logging initialized for database - MainProcess:MainThread
2025-01-23 01:56:40,800 - app:30 - WARNING - Redis not available, falling back to in-memory queue - MainProcess:MainThread
2025-01-23 01:56:41,019 - engineio.server:112 - INFO - Server initialized for eventlet. - MainProcess:MainThread
2025-01-23 01:56:41,020 - app:55 - INFO - Initializing Flask application - MainProcess:MainThread
2025-01-23 01:56:41,027 - app:70 - DEBUG - Application configuration loaded - MainProcess:MainThread
2025-01-23 01:56:41,205 - app:75 - INFO - Database initialized - MainProcess:MainThread
2025-01-23 01:56:41,205 - engineio.server:112 - INFO - Server initialized for eventlet. - MainProcess:MainThread
2025-01-23 01:56:41,205 - app:82 - INFO - Socket.IO initialized - MainProcess:MainThread
2025-01-23 01:56:41,223 - app:91 - INFO - CORS, Session, and CSRF protection initialized - MainProcess:MainThread
2025-01-23 01:56:43,910 - app:98 - INFO - Database tables created - MainProcess:MainThread
2025-01-23 01:56:43,912 - app:113 - INFO - Application initialized successfully - MainProcess:MainThread
2025-01-23 01:56:43,976 - __main__:23 - INFO - Starting database table creation... - MainProcess:MainThread
2025-01-23 01:56:44,221 - app:98 - INFO - Database tables created - MainProcess:MainThread
2025-01-23 01:56:44,235 - __main__:30 - INFO - Existing tables: ['code_submission', 'courses', 'strands', 'overall_expectations', 'specific_expectations', 'shared_code', 'audit_log', 'coding_activity', 'student', 'student_achievement', 'achievement', 'student_progress'] - MainProcess:MainThread
2025-01-23 01:56:44,246 - app:113 - INFO - Application initialized successfully - MainProcess:MainThread
2025-01-23 01:56:44,316 - __main__:47 - INFO - Starting ICS3U curriculum import process... - MainProcess:MainThread
2025-01-23 01:56:44,401 - __main__:89 - ERROR - Import failed: The current Flask app is not registered with this 'SQLAlchemy' instance. Did you forget to call 'init_app', or did you create multiple 'SQLAlchemy' instances? - MainProcess:MainThread
2025-01-23 01:56:44,448 - __main__:37 - INFO - Tables after creation: ['code_submission', 'courses', 'strands', 'overall_expectations', 'specific_expectations', 'shared_code', 'audit_log', 'coding_activity', 'student', 'student_achievement', 'achievement', 'student_progress'] - MainProcess:MainThread
2025-01-23 01:56:44,449 - __main__:46 - INFO - Database tables created successfully! - MainProcess:MainThread
