2025-01-22 23:24:31,518 - database:111 - DEBUG - Logging initialized for database - MainProcess:MainThread
2025-01-22 23:24:31,519 - app:30 - WARNING - Redis not available, falling back to in-memory queue - MainProcess:MainThread
2025-01-22 23:24:31,524 - engineio.server:112 - INFO - Server initialized for eventlet. - MainProcess:MainThread
2025-01-22 23:24:31,524 - app:55 - INFO - Initializing Flask application - MainProcess:MainThread
2025-01-22 23:24:31,526 - app:70 - DEBUG - Application configuration loaded - MainProcess:MainThread
2025-01-22 23:24:31,556 - app:75 - INFO - Database initialized - MainProcess:MainThread
2025-01-22 23:24:31,556 - engineio.server:112 - INFO - Server initialized for eventlet. - MainProcess:MainThread
2025-01-22 23:24:31,557 - app:82 - INFO - Socket.IO initialized - MainProcess:MainThread
2025-01-22 23:24:31,565 - app:91 - INFO - CORS, Session, and CSRF protection initialized - MainProcess:MainThread
2025-01-22 23:24:34,529 - app:98 - INFO - Database tables created - MainProcess:MainThread
2025-01-22 23:24:34,530 - app:113 - INFO - Application initialized successfully - MainProcess:MainThread
2025-01-22 23:24:34,530 - __main__:25 - INFO - Starting Flask server with SocketIO on port 5000 - MainProcess:MainThread
2025-01-22 23:24:34,530 - werkzeug:96 - WARNING -  * Debugger is active! - MainProcess:MainThread
2025-01-22 23:24:34,532 - werkzeug:96 - INFO -  * Debugger PIN: 136-962-149 - MainProcess:MainThread
2025-01-22 23:24:34,749 - app:107 - DEBUG - Rendering console page - MainProcess:GreenThread-1
2025-01-22 23:24:35,688 - engineio.server:78 - INFO - MOzSlvJKtPZR_Js1AAAA: Sending packet OPEN data {'sid': 'MOzSlvJKtPZR_Js1AAAA', 'upgrades': [], 'pingTimeout': 60000, 'pingInterval': 25000, 'maxPayload': 100000000.0} - MainProcess:GreenThread-2
2025-01-22 23:24:35,689 - engineio.server:90 - INFO - MOzSlvJKtPZR_Js1AAAA: Received request to upgrade to websocket - MainProcess:GreenThread-2
2025-01-22 23:24:35,695 - engineio.server:219 - INFO - MOzSlvJKtPZR_Js1AAAA: Upgrade to websocket successful - MainProcess:GreenThread-2
2025-01-22 23:24:35,794 - engineio.server:39 - INFO - MOzSlvJKtPZR_Js1AAAA: Received packet MESSAGE data 0 - MainProcess:GreenThread-2
2025-01-22 23:24:35,797 - engineio.server:78 - INFO - MOzSlvJKtPZR_Js1AAAA: Sending packet MESSAGE data 0{"sid":"vaLEYeohaf424JjFAAAB"} - MainProcess:GreenThread-2
2025-01-22 23:24:35,798 - app:132 - INFO - Client connected: vaLEYeohaf424JjFAAAB - MainProcess:GreenThread-2
2025-01-22 23:24:35,799 - engineio.server:78 - INFO - MOzSlvJKtPZR_Js1AAAA: Sending packet MESSAGE data 2["connection_established",{"status":"connected","sid":"vaLEYeohaf424JjFAAAB"}] - MainProcess:GreenThread-2
