2025-01-23 01:09:52,130 - database:111 - DEBUG - Logging initialized for database - MainProcess:MainThread
2025-01-23 01:09:52,131 - app:30 - WARNING - Redis not available, falling back to in-memory queue - MainProcess:MainThread
2025-01-23 01:09:52,545 - engineio.server:112 - INFO - Server initialized for eventlet. - MainProcess:MainThread
2025-01-23 01:09:52,610 - database:111 - DEBUG - Logging initialized for database - MainProcess:MainThread
2025-01-23 01:09:52,611 - app:30 - WARNING - Redis not available, falling back to in-memory queue - MainProcess:MainThread
2025-01-23 01:09:52,614 - app:55 - INFO - Initializing Flask application - MainProcess:MainThread
2025-01-23 01:09:52,620 - app:70 - DEBUG - Application configuration loaded - MainProcess:MainThread
2025-01-23 01:09:52,771 - engineio.server:112 - INFO - Server initialized for eventlet. - MainProcess:MainThread
2025-01-23 01:09:52,772 - app:55 - INFO - Initializing Flask application - MainProcess:MainThread
2025-01-23 01:09:52,773 - app:70 - DEBUG - Application configuration loaded - MainProcess:MainThread
2025-01-23 01:09:52,887 - app:75 - INFO - Database initialized - MainProcess:MainThread
2025-01-23 01:09:52,887 - engineio.server:112 - INFO - Server initialized for eventlet. - MainProcess:MainThread
2025-01-23 01:09:52,888 - app:82 - INFO - Socket.IO initialized - MainProcess:MainThread
2025-01-23 01:09:52,912 - app:91 - INFO - CORS, Session, and CSRF protection initialized - MainProcess:MainThread
2025-01-23 01:09:52,954 - database:111 - DEBUG - Logging initialized for database - MainProcess:MainThread
2025-01-23 01:09:52,955 - app:30 - WARNING - Redis not available, falling back to in-memory queue - MainProcess:MainThread
2025-01-23 01:09:53,015 - app:75 - INFO - Database initialized - MainProcess:MainThread
2025-01-23 01:09:53,016 - engineio.server:112 - INFO - Server initialized for eventlet. - MainProcess:MainThread
2025-01-23 01:09:53,016 - app:82 - INFO - Socket.IO initialized - MainProcess:MainThread
2025-01-23 01:09:53,031 - app:91 - INFO - CORS, Session, and CSRF protection initialized - MainProcess:MainThread
2025-01-23 01:09:53,156 - engineio.server:112 - INFO - Server initialized for eventlet. - MainProcess:MainThread
2025-01-23 01:09:53,157 - app:55 - INFO - Initializing Flask application - MainProcess:MainThread
2025-01-23 01:09:53,173 - app:70 - DEBUG - Application configuration loaded - MainProcess:MainThread
2025-01-23 01:09:53,535 - app:75 - INFO - Database initialized - MainProcess:MainThread
2025-01-23 01:09:53,538 - engineio.server:112 - INFO - Server initialized for eventlet. - MainProcess:MainThread
2025-01-23 01:09:53,542 - app:82 - INFO - Socket.IO initialized - MainProcess:MainThread
2025-01-23 01:09:53,603 - app:91 - INFO - CORS, Session, and CSRF protection initialized - MainProcess:MainThread
2025-01-23 01:09:53,928 - app:98 - INFO - Database tables created - MainProcess:MainThread
2025-01-23 01:09:53,931 - app:113 - INFO - Application initialized successfully - MainProcess:MainThread
2025-01-23 01:09:53,986 - __main__:47 - INFO - Starting ICS3U curriculum import process... - MainProcess:MainThread
2025-01-23 01:09:54,023 - __main__:89 - ERROR - Import failed: The current Flask app is not registered with this 'SQLAlchemy' instance. Did you forget to call 'init_app', or did you create multiple 'SQLAlchemy' instances? - MainProcess:MainThread
2025-01-23 01:09:54,101 - app:98 - INFO - Database tables created - MainProcess:MainThread
2025-01-23 01:09:54,102 - app:113 - INFO - Application initialized successfully - MainProcess:MainThread
2025-01-23 01:09:54,171 - __main__:47 - INFO - Starting ICS3U curriculum import process... - MainProcess:MainThread
2025-01-23 01:09:54,236 - __main__:89 - ERROR - Import failed: The current Flask app is not registered with this 'SQLAlchemy' instance. Did you forget to call 'init_app', or did you create multiple 'SQLAlchemy' instances? - MainProcess:MainThread
2025-01-23 01:09:54,595 - app:98 - INFO - Database tables created - MainProcess:MainThread
2025-01-23 01:09:54,597 - app:113 - INFO - Application initialized successfully - MainProcess:MainThread
2025-01-23 01:09:54,700 - __main__:333 - INFO - Starting ICD2O curriculum import process... - MainProcess:MainThread
2025-01-23 01:09:54,763 - __main__:58 - ERROR - Error clearing existing data: The current Flask app is not registered with this 'SQLAlchemy' instance. Did you forget to call 'init_app', or did you create multiple 'SQLAlchemy' instances? - MainProcess:MainThread
2025-01-23 01:09:54,763 - __main__:387 - ERROR - Import failed: The current Flask app is not registered with this 'SQLAlchemy' instance. Did you forget to call 'init_app', or did you create multiple 'SQLAlchemy' instances? - MainProcess:MainThread
