2025-01-23 01:24:13,278 - database:111 - DEBUG - Logging initialized for database - MainProcess:MainThread
2025-01-23 01:24:13,279 - app:30 - WARNING - Redis not available, falling back to in-memory queue - MainProcess:MainThread
2025-01-23 01:24:13,643 - database:111 - DEBUG - Logging initialized for database - MainProcess:MainThread
2025-01-23 01:24:13,652 - app:30 - WARNING - Redis not available, falling back to in-memory queue - MainProcess:MainThread
2025-01-23 01:24:13,726 - engineio.server:112 - INFO - Server initialized for eventlet. - MainProcess:MainThread
2025-01-23 01:24:13,727 - app:55 - INFO - Initializing Flask application - MainProcess:MainThread
2025-01-23 01:24:13,730 - app:70 - DEBUG - Application configuration loaded - MainProcess:MainThread
2025-01-23 01:24:13,869 - database:111 - DEBUG - Logging initialized for database - MainProcess:MainThread
2025-01-23 01:24:13,870 - app:30 - WARNING - Redis not available, falling back to in-memory queue - MainProcess:MainThread
2025-01-23 01:24:13,974 - engineio.server:112 - INFO - Server initialized for eventlet. - MainProcess:MainThread
2025-01-23 01:24:13,975 - app:55 - INFO - Initializing Flask application - MainProcess:MainThread
2025-01-23 01:24:13,976 - app:70 - DEBUG - Application configuration loaded - MainProcess:MainThread
2025-01-23 01:24:14,060 - app:75 - INFO - Database initialized - MainProcess:MainThread
2025-01-23 01:24:14,063 - engineio.server:112 - INFO - Server initialized for eventlet. - MainProcess:MainThread
2025-01-23 01:24:14,064 - app:82 - INFO - Socket.IO initialized - MainProcess:MainThread
2025-01-23 01:24:14,093 - app:91 - INFO - CORS, Session, and CSRF protection initialized - MainProcess:MainThread
2025-01-23 01:24:14,199 - engineio.server:112 - INFO - Server initialized for eventlet. - MainProcess:MainThread
2025-01-23 01:24:14,201 - app:55 - INFO - Initializing Flask application - MainProcess:MainThread
2025-01-23 01:24:14,203 - app:70 - DEBUG - Application configuration loaded - MainProcess:MainThread
2025-01-23 01:24:14,241 - app:75 - INFO - Database initialized - MainProcess:MainThread
2025-01-23 01:24:14,241 - engineio.server:112 - INFO - Server initialized for eventlet. - MainProcess:MainThread
2025-01-23 01:24:14,242 - app:82 - INFO - Socket.IO initialized - MainProcess:MainThread
2025-01-23 01:24:14,324 - app:75 - INFO - Database initialized - MainProcess:MainThread
2025-01-23 01:24:14,324 - engineio.server:112 - INFO - Server initialized for eventlet. - MainProcess:MainThread
2025-01-23 01:24:14,327 - app:82 - INFO - Socket.IO initialized - MainProcess:MainThread
2025-01-23 01:24:14,336 - app:91 - INFO - CORS, Session, and CSRF protection initialized - MainProcess:MainThread
2025-01-23 01:24:14,357 - app:91 - INFO - CORS, Session, and CSRF protection initialized - MainProcess:MainThread
2025-01-23 01:24:17,181 - app:98 - INFO - Database tables created - MainProcess:MainThread
2025-01-23 01:24:17,190 - app:113 - INFO - Application initialized successfully - MainProcess:MainThread
2025-01-23 01:24:17,234 - __main__:47 - INFO - Starting ICS3U curriculum import process... - MainProcess:MainThread
2025-01-23 01:24:17,288 - __main__:89 - ERROR - Import failed: The current Flask app is not registered with this 'SQLAlchemy' instance. Did you forget to call 'init_app', or did you create multiple 'SQLAlchemy' instances? - MainProcess:MainThread
2025-01-23 01:24:17,346 - app:98 - INFO - Database tables created - MainProcess:MainThread
2025-01-23 01:24:17,348 - app:113 - INFO - Application initialized successfully - MainProcess:MainThread
2025-01-23 01:24:17,422 - app:98 - INFO - Database tables created - MainProcess:MainThread
2025-01-23 01:24:17,423 - app:113 - INFO - Application initialized successfully - MainProcess:MainThread
2025-01-23 01:24:17,441 - __main__:48 - INFO - Found in file: c2.1 concevoir des algorithmes qui répondent à des problèmes mathématiques donnés.
 - MainProcess:MainThread
2025-01-23 01:24:17,586 - __main__:108 - ERROR - Error during verification: The current Flask app is not registered with this 'SQLAlchemy' instance. Did you forget to call 'init_app', or did you create multiple 'SQLAlchemy' instances? - MainProcess:MainThread
Traceback (most recent call last):
  File "/home/runner/workspace/scripts/verify_c21.py", line 55, in verify_c21
    ).first()
      ^^^^^^^
  File "/home/runner/workspace/.pythonlibs/lib/python3.11/site-packages/sqlalchemy/orm/query.py", line 2728, in first
    return self.limit(1)._iter().first()  # type: ignore
           ^^^^^^^^^^^^^^^^^^^^^
  File "/home/runner/workspace/.pythonlibs/lib/python3.11/site-packages/sqlalchemy/orm/query.py", line 2827, in _iter
    result: Union[ScalarResult[_T], Result[_T]] = self.session.execute(
                                                  ^^^^^^^^^^^^^^^^^^^^^
  File "/home/runner/workspace/.pythonlibs/lib/python3.11/site-packages/sqlalchemy/orm/session.py", line 2362, in execute
    return self._execute_internal(
           ^^^^^^^^^^^^^^^^^^^^^^^
  File "/home/runner/workspace/.pythonlibs/lib/python3.11/site-packages/sqlalchemy/orm/session.py", line 2235, in _execute_internal
    bind = self.get_bind(**bind_arguments)
           ^^^^^^^^^^^^^^^^^^^^^^^^^^^^^^^
  File "/home/runner/workspace/.pythonlibs/lib/python3.11/site-packages/flask_sqlalchemy/session.py", line 53, in get_bind
    engines = self._db.engines
              ^^^^^^^^^^^^^^^^
  File "/home/runner/workspace/.pythonlibs/lib/python3.11/site-packages/flask_sqlalchemy/extension.py", line 690, in engines
    raise RuntimeError(
RuntimeError: The current Flask app is not registered with this 'SQLAlchemy' instance. Did you forget to call 'init_app', or did you create multiple 'SQLAlchemy' instances?
2025-01-23 01:24:17,664 - __main__:47 - INFO - Starting ICS3U curriculum import process... - MainProcess:MainThread
2025-01-23 01:24:17,802 - __main__:89 - ERROR - Import failed: The current Flask app is not registered with this 'SQLAlchemy' instance. Did you forget to call 'init_app', or did you create multiple 'SQLAlchemy' instances? - MainProcess:MainThread
