2025-01-23 01:25:39,017 - database:111 - DEBUG - Logging initialized for database - MainProcess:MainThread
2025-01-23 01:25:39,020 - app:30 - WARNING - Redis not available, falling back to in-memory queue - MainProcess:MainThread
2025-01-23 01:25:39,029 - engineio.server:112 - INFO - Server initialized for eventlet. - MainProcess:MainThread
2025-01-23 01:25:39,032 - app:55 - INFO - Initializing Flask application - MainProcess:MainThread
2025-01-23 01:25:39,036 - app:70 - DEBUG - Application configuration loaded - MainProcess:MainThread
2025-01-23 01:25:39,109 - app:75 - INFO - Database initialized - MainProcess:MainThread
2025-01-23 01:25:39,110 - engineio.server:112 - INFO - Server initialized for eventlet. - MainProcess:MainThread
2025-01-23 01:25:39,111 - app:82 - INFO - Socket.IO initialized - MainProcess:MainThread
2025-01-23 01:25:39,133 - app:91 - INFO - CORS, Session, and CSRF protection initialized - MainProcess:MainThread
2025-01-23 01:25:40,095 - app:98 - INFO - Database tables created - MainProcess:MainThread
2025-01-23 01:25:40,098 - app:113 - INFO - Application initialized successfully - MainProcess:MainThread
2025-01-23 01:25:40,098 - __main__:25 - INFO - Starting Flask server with SocketIO on port 5000 - MainProcess:MainThread
2025-01-23 01:25:40,099 - werkzeug:96 - WARNING -  * Debugger is active! - MainProcess:MainThread
2025-01-23 01:25:40,101 - werkzeug:96 - INFO -  * Debugger PIN: 485-654-306 - MainProcess:MainThread
2025-01-23 01:25:40,399 - app:107 - DEBUG - Rendering console page - MainProcess:GreenThread-1
2025-01-23 01:25:40,511 - app:107 - DEBUG - Rendering console page - MainProcess:GreenThread-1
2025-01-23 01:25:41,937 - app:107 - DEBUG - Rendering console page - MainProcess:GreenThread-1
2025-01-23 01:25:42,334 - app:107 - DEBUG - Rendering console page - MainProcess:GreenThread-1
2025-01-23 01:26:51,283 - app:107 - DEBUG - Rendering console page - MainProcess:GreenThread-1
2025-01-23 01:26:51,380 - app:107 - DEBUG - Rendering console page - MainProcess:GreenThread-1
2025-01-23 01:27:08,122 - app:107 - DEBUG - Rendering console page - MainProcess:GreenThread-1
