2025-01-22 23:12:17,447 - app:43 - INFO - Initializing Flask application
2025-01-22 23:12:17,449 - app:58 - DEBUG - Application configuration loaded
2025-01-22 23:12:17,507 - app:63 - INFO - Database initialized
2025-01-22 23:12:17,659 - engineio.server:112 - INFO - Server initialized for eventlet.
2025-01-22 23:12:17,660 - app:70 - INFO - Socket.IO initialized
2025-01-22 23:12:17,671 - app:79 - INFO - CORS, Session, and CSRF protection initialized
2025-01-22 23:12:20,637 - app:86 - INFO - Database tables created
2025-01-22 23:12:20,638 - app:101 - INFO - Application initialized successfully
2025-01-22 23:12:20,639 - __main__:22 - INFO - Starting Flask server with SocketIO on port 5000
2025-01-22 23:12:20,639 - werkzeug:96 - WARNING -  * Debugger is active!
2025-01-22 23:12:20,641 - werkzeug:96 - INFO -  * Debugger PIN: 316-554-077
2025-01-22 23:12:20,857 - app:95 - DEBUG - Rendering console page
2025-01-22 23:12:21,740 - engineio.server:78 - INFO - BGpMpKeqJ_t35V0uAAAA: Sending packet OPEN data {'sid': 'BGpMpKeqJ_t35V0uAAAA', 'upgrades': [], 'pingTimeout': 60000, 'pingInterval': 25000, 'maxPayload': 100000000.0}
2025-01-22 23:12:21,743 - engineio.server:90 - INFO - BGpMpKeqJ_t35V0uAAAA: Received request to upgrade to websocket
2025-01-22 23:12:21,745 - engineio.server:219 - INFO - BGpMpKeqJ_t35V0uAAAA: Upgrade to websocket successful
2025-01-22 23:12:21,832 - engineio.server:39 - INFO - BGpMpKeqJ_t35V0uAAAA: Received packet MESSAGE data 0
2025-01-22 23:12:21,842 - socketio:84 - DEBUG - Socket.IO event handle_connect started at 2025-01-22 23:12:21.842787
2025-01-22 23:12:21,842 - socketio:85 - DEBUG - Event context: {'args': '(None,)', 'kwargs': '{}'}
2025-01-22 23:12:21,843 - socketio:43 - ERROR - Socket.IO error in handle_connect: setup_websocket_handlers.<locals>.handle_connect() takes 0 positional arguments but 1 was given
Traceback (most recent call last):
  File "/home/runner/workspace/utils/socketio_logger.py", line 87, in wrapper
    result = func(*args, **kwargs)
             ^^^^^^^^^^^^^^^^^^^^^
TypeError: setup_websocket_handlers.<locals>.handle_connect() takes 0 positional arguments but 1 was given
2025-01-22 23:12:21,843 - socketio:99 - ERROR - Error in Socket.IO event handle_connect after 0.000s: setup_websocket_handlers.<locals>.handle_connect() takes 0 positional arguments but 1 was given
Traceback (most recent call last):
  File "/home/runner/workspace/utils/socketio_logger.py", line 87, in wrapper
    result = func(*args, **kwargs)
             ^^^^^^^^^^^^^^^^^^^^^
TypeError: setup_websocket_handlers.<locals>.handle_connect() takes 0 positional arguments but 1 was given
2025-01-22 23:12:21,844 - socketio:84 - DEBUG - Socket.IO event handle_connect started at 2025-01-22 23:12:21.844059
2025-01-22 23:12:21,844 - socketio:85 - DEBUG - Event context: {'args': '()', 'kwargs': '{}'}
2025-01-22 23:12:21,844 - app:120 - INFO - Client connected: fp_K5LWAK9FXpf-6AAAB
2025-01-22 23:12:21,844 - socketio:108 - INFO - New connection established. Total connections: 1
2025-01-22 23:12:21,844 - socketio:110 - DEBUG - Client info: {'sid': 'fp_K5LWAK9FXpf-6AAAB', 'remote_addr': '172.31.196.32', 'user_agent': 'Mozilla/5.0 (Macintosh; Intel Mac OS X 10_15_7) AppleWebKit/537.36 (KHTML, like Gecko) Chrome/131.0.0.0 Safari/537.36'}
2025-01-22 23:12:21,844 - socketio.server:164 - INFO - emitting event "connection_established" to fp_K5LWAK9FXpf-6AAAB [/]
2025-01-22 23:12:21,844 - engineio.server:78 - INFO - BGpMpKeqJ_t35V0uAAAA: Sending packet MESSAGE data 2["connection_established",{"status":"connected","sid":"fp_K5LWAK9FXpf-6AAAB"}]
2025-01-22 23:12:21,844 - socketio:31 - DEBUG - Event tracked: handle_connect, Duration: 0.001s, Context: {'args': '()', 'kwargs': '{}'}
2025-01-22 23:12:21,844 - socketio:92 - DEBUG - Socket.IO event handle_connect completed in 0.001s
2025-01-22 23:12:21,844 - socketio:93 - DEBUG - Event result: None
2025-01-22 23:12:21,844 - engineio.server:78 - INFO - BGpMpKeqJ_t35V0uAAAA: Sending packet MESSAGE data 0{"sid":"fp_K5LWAK9FXpf-6AAAB"}
2025-01-22 23:12:22,362 - app:95 - DEBUG - Rendering console page
2025-01-22 23:12:22,712 - app:95 - DEBUG - Rendering console page
2025-01-22 23:12:23,021 - engineio.server:78 - INFO - D9OX5kzKQNnE_69gAAAC: Sending packet OPEN data {'sid': 'D9OX5kzKQNnE_69gAAAC', 'upgrades': [], 'pingTimeout': 60000, 'pingInterval': 25000, 'maxPayload': 100000000.0}
2025-01-22 23:12:23,021 - engineio.server:90 - INFO - D9OX5kzKQNnE_69gAAAC: Received request to upgrade to websocket
2025-01-22 23:12:23,022 - engineio.server:219 - INFO - D9OX5kzKQNnE_69gAAAC: Upgrade to websocket successful
2025-01-22 23:12:23,053 - engineio.server:39 - INFO - D9OX5kzKQNnE_69gAAAC: Received packet MESSAGE data 0
2025-01-22 23:12:23,080 - socketio:84 - DEBUG - Socket.IO event handle_connect started at 2025-01-22 23:12:23.080916
2025-01-22 23:12:23,081 - socketio:85 - DEBUG - Event context: {'args': '(None,)', 'kwargs': '{}'}
2025-01-22 23:12:23,081 - socketio:43 - ERROR - Socket.IO error in handle_connect: setup_websocket_handlers.<locals>.handle_connect() takes 0 positional arguments but 1 was given
Traceback (most recent call last):
  File "/home/runner/workspace/utils/socketio_logger.py", line 87, in wrapper
    result = func(*args, **kwargs)
             ^^^^^^^^^^^^^^^^^^^^^
TypeError: setup_websocket_handlers.<locals>.handle_connect() takes 0 positional arguments but 1 was given
2025-01-22 23:12:23,081 - socketio:99 - ERROR - Error in Socket.IO event handle_connect after 0.000s: setup_websocket_handlers.<locals>.handle_connect() takes 0 positional arguments but 1 was given
Traceback (most recent call last):
  File "/home/runner/workspace/utils/socketio_logger.py", line 87, in wrapper
    result = func(*args, **kwargs)
             ^^^^^^^^^^^^^^^^^^^^^
TypeError: setup_websocket_handlers.<locals>.handle_connect() takes 0 positional arguments but 1 was given
2025-01-22 23:12:23,082 - socketio:84 - DEBUG - Socket.IO event handle_connect started at 2025-01-22 23:12:23.082311
2025-01-22 23:12:23,082 - socketio:85 - DEBUG - Event context: {'args': '()', 'kwargs': '{}'}
2025-01-22 23:12:23,082 - app:120 - INFO - Client connected: rzriP6fsiR66H3uTAAAD
2025-01-22 23:12:23,082 - socketio:108 - INFO - New connection established. Total connections: 2
2025-01-22 23:12:23,082 - socketio:110 - DEBUG - Client info: {'sid': 'rzriP6fsiR66H3uTAAAD', 'remote_addr': '172.31.196.32', 'user_agent': 'Mozilla/5.0 (X11; Linux x86_64) AppleWebKit/537.36 (KHTML, like Gecko) HeadlessChrome/118.0.5993.88 Safari/537.36'}
2025-01-22 23:12:23,082 - socketio.server:164 - INFO - emitting event "connection_established" to rzriP6fsiR66H3uTAAAD [/]
2025-01-22 23:12:23,083 - engineio.server:78 - INFO - D9OX5kzKQNnE_69gAAAC: Sending packet MESSAGE data 2["connection_established",{"status":"connected","sid":"rzriP6fsiR66H3uTAAAD"}]
2025-01-22 23:12:23,083 - socketio:31 - DEBUG - Event tracked: handle_connect, Duration: 0.001s, Context: {'args': '()', 'kwargs': '{}'}
2025-01-22 23:12:23,083 - socketio:92 - DEBUG - Socket.IO event handle_connect completed in 0.001s
2025-01-22 23:12:23,083 - socketio:93 - DEBUG - Event result: None
2025-01-22 23:12:23,083 - engineio.server:78 - INFO - D9OX5kzKQNnE_69gAAAC: Sending packet MESSAGE data 0{"sid":"rzriP6fsiR66H3uTAAAD"}
2025-01-22 23:12:23,234 - engineio.server:78 - INFO - D9p86hDIeRdH0FB-AAAE: Sending packet OPEN data {'sid': 'D9p86hDIeRdH0FB-AAAE', 'upgrades': [], 'pingTimeout': 60000, 'pingInterval': 25000, 'maxPayload': 100000000.0}
2025-01-22 23:12:23,235 - engineio.server:90 - INFO - D9p86hDIeRdH0FB-AAAE: Received request to upgrade to websocket
2025-01-22 23:12:23,236 - engineio.server:219 - INFO - D9p86hDIeRdH0FB-AAAE: Upgrade to websocket successful
2025-01-22 23:12:23,323 - engineio.server:39 - INFO - D9p86hDIeRdH0FB-AAAE: Received packet MESSAGE data 0
2025-01-22 23:12:23,331 - socketio:84 - DEBUG - Socket.IO event handle_connect started at 2025-01-22 23:12:23.331544
2025-01-22 23:12:23,333 - socketio:85 - DEBUG - Event context: {'args': '(None,)', 'kwargs': '{}'}
2025-01-22 23:12:23,342 - socketio:43 - ERROR - Socket.IO error in handle_connect: setup_websocket_handlers.<locals>.handle_connect() takes 0 positional arguments but 1 was given
Traceback (most recent call last):
  File "/home/runner/workspace/utils/socketio_logger.py", line 87, in wrapper
    result = func(*args, **kwargs)
             ^^^^^^^^^^^^^^^^^^^^^
TypeError: setup_websocket_handlers.<locals>.handle_connect() takes 0 positional arguments but 1 was given
2025-01-22 23:12:23,342 - socketio:99 - ERROR - Error in Socket.IO event handle_connect after 0.007s: setup_websocket_handlers.<locals>.handle_connect() takes 0 positional arguments but 1 was given
Traceback (most recent call last):
  File "/home/runner/workspace/utils/socketio_logger.py", line 87, in wrapper
    result = func(*args, **kwargs)
             ^^^^^^^^^^^^^^^^^^^^^
TypeError: setup_websocket_handlers.<locals>.handle_connect() takes 0 positional arguments but 1 was given
2025-01-22 23:12:23,343 - socketio:84 - DEBUG - Socket.IO event handle_connect started at 2025-01-22 23:12:23.343153
2025-01-22 23:12:23,343 - socketio:85 - DEBUG - Event context: {'args': '()', 'kwargs': '{}'}
2025-01-22 23:12:23,343 - app:120 - INFO - Client connected: Y8948FSxFo_D7c4xAAAF
2025-01-22 23:12:23,343 - socketio:108 - INFO - New connection established. Total connections: 3
2025-01-22 23:12:23,343 - socketio:110 - DEBUG - Client info: {'sid': 'Y8948FSxFo_D7c4xAAAF', 'remote_addr': '172.31.196.32', 'user_agent': 'Mozilla/5.0 (Macintosh; Intel Mac OS X 10_15_7) AppleWebKit/537.36 (KHTML, like Gecko) Chrome/131.0.0.0 Safari/537.36'}
2025-01-22 23:12:23,343 - socketio.server:164 - INFO - emitting event "connection_established" to Y8948FSxFo_D7c4xAAAF [/]
2025-01-22 23:12:23,343 - engineio.server:78 - INFO - D9p86hDIeRdH0FB-AAAE: Sending packet MESSAGE data 2["connection_established",{"status":"connected","sid":"Y8948FSxFo_D7c4xAAAF"}]
2025-01-22 23:12:23,344 - socketio:31 - DEBUG - Event tracked: handle_connect, Duration: 0.001s, Context: {'args': '()', 'kwargs': '{}'}
2025-01-22 23:12:23,344 - socketio:92 - DEBUG - Socket.IO event handle_connect completed in 0.001s
2025-01-22 23:12:23,344 - socketio:93 - DEBUG - Event result: None
2025-01-22 23:12:23,344 - engineio.server:78 - INFO - D9p86hDIeRdH0FB-AAAE: Sending packet MESSAGE data 0{"sid":"Y8948FSxFo_D7c4xAAAF"}
2025-01-22 23:12:23,655 - socketio:84 - DEBUG - Socket.IO event handle_disconnect started at 2025-01-22 23:12:23.655432
2025-01-22 23:12:23,655 - socketio:85 - DEBUG - Event context: {'args': "('transport close',)", 'kwargs': '{}'}
2025-01-22 23:12:23,655 - socketio:43 - ERROR - Socket.IO error in handle_disconnect: setup_websocket_handlers.<locals>.handle_disconnect() takes 0 positional arguments but 1 was given
Traceback (most recent call last):
  File "/home/runner/workspace/utils/socketio_logger.py", line 87, in wrapper
    result = func(*args, **kwargs)
             ^^^^^^^^^^^^^^^^^^^^^
TypeError: setup_websocket_handlers.<locals>.handle_disconnect() takes 0 positional arguments but 1 was given
2025-01-22 23:12:23,656 - socketio:99 - ERROR - Error in Socket.IO event handle_disconnect after 0.001s: setup_websocket_handlers.<locals>.handle_disconnect() takes 0 positional arguments but 1 was given
Traceback (most recent call last):
  File "/home/runner/workspace/utils/socketio_logger.py", line 87, in wrapper
    result = func(*args, **kwargs)
             ^^^^^^^^^^^^^^^^^^^^^
TypeError: setup_websocket_handlers.<locals>.handle_disconnect() takes 0 positional arguments but 1 was given
2025-01-22 23:12:23,656 - socketio:134 - ERROR - socketio_error: Socket.IO error: setup_websocket_handlers.<locals>.handle_disconnect() takes 0 positional arguments but 1 was given
Traceback (most recent call last):
  File "/home/runner/workspace/.pythonlibs/lib/python3.11/site-packages/flask_socketio/__init__.py", line 835, in _handle_event
    ret = handler(*args)
          ^^^^^^^^^^^^^^
  File "/home/runner/workspace/utils/socketio_logger.py", line 87, in wrapper
    result = func(*args, **kwargs)
             ^^^^^^^^^^^^^^^^^^^^^
TypeError: setup_websocket_handlers.<locals>.handle_disconnect() takes 0 positional arguments but 1 was given
2025-01-22 23:12:23,660 - socketio:43 - ERROR - Socket.IO error in socketio_error: Socket.IO error: setup_websocket_handlers.<locals>.handle_disconnect() takes 0 positional arguments but 1 was given
Traceback (most recent call last):
  File "/home/runner/workspace/.pythonlibs/lib/python3.11/site-packages/flask_socketio/__init__.py", line 835, in _handle_event
    ret = handler(*args)
          ^^^^^^^^^^^^^^
  File "/home/runner/workspace/utils/socketio_logger.py", line 87, in wrapper
    result = func(*args, **kwargs)
             ^^^^^^^^^^^^^^^^^^^^^
TypeError: setup_websocket_handlers.<locals>.handle_disconnect() takes 0 positional arguments but 1 was given
2025-01-22 23:12:23,662 - socketio.server:164 - INFO - emitting event "error" to rzriP6fsiR66H3uTAAAD [/]
2025-01-22 23:12:23,663 - engineio.server:78 - INFO - D9OX5kzKQNnE_69gAAAC: Sending packet MESSAGE data 2["error",{"message":"An unexpected error occurred"}]
2025-01-22 23:12:40,792 - engineio.server:39 - INFO - D9p86hDIeRdH0FB-AAAE: Received packet MESSAGE data 2["compile_and_run",{"code":"using System;\n\nclass Program {\n    static void Main() {\n        Console.WriteLine(\"Enter your name:\");\n        string name = Console.ReadLine();\n        Console.WriteLine($\"Hello, {name}!\");\n    }\n}","language":"csharp"}]
2025-01-22 23:12:40,795 - socketio.server:576 - INFO - received event "compile_and_run" from Y8948FSxFo_D7c4xAAAF [/]
2025-01-22 23:12:40,799 - socketio:84 - DEBUG - Socket.IO event handle_compile_and_run started at 2025-01-22 23:12:40.799434
2025-01-22 23:12:40,799 - socketio:85 - DEBUG - Event context: {'args': '({\'code\': \'using System;\\n\\nclass Program {\\n    static void Main() {\\n        Console.WriteLine("Enter your name:");\\n        string name = Console.ReadLine();\\n        Console.WriteLine($"Hello, {name}!");\\n    }\\n}\', \'language\': \'csharp\'},)', 'kwargs': '{}'}
2025-01-22 23:12:40,799 - app:152 - INFO - Starting csharp code compilation
2025-01-22 23:12:40,800 - app:153 - DEBUG - Code to compile: using System;

class Program {
    static void Main() {
        Console.WriteLine("Enter your name:");
        string name = Console.ReadLine();
        Console.WriteLine($"Hello, {name}!");
    }
}
2025-01-22 23:12:40,800 - socketio:134 - ERROR - compilation_error: Error in compile_and_run: 'CompilerLogger' object has no attribute 'info'
Traceback (most recent call last):
  File "/home/runner/workspace/app.py", line 157, in handle_compile_and_run
    compiler_logger.info(f"Created compilation session ID: {compilation_session_id}")
    ^^^^^^^^^^^^^^^^^^^^
AttributeError: 'CompilerLogger' object has no attribute 'info'
2025-01-22 23:12:40,801 - socketio:43 - ERROR - Socket.IO error in compilation_error: Error in compile_and_run: 'CompilerLogger' object has no attribute 'info'
Traceback (most recent call last):
  File "/home/runner/workspace/app.py", line 157, in handle_compile_and_run
    compiler_logger.info(f"Created compilation session ID: {compilation_session_id}")
    ^^^^^^^^^^^^^^^^^^^^
AttributeError: 'CompilerLogger' object has no attribute 'info'
2025-01-22 23:12:40,801 - socketio.server:164 - INFO - emitting event "error" to Y8948FSxFo_D7c4xAAAF [/]
2025-01-22 23:12:40,802 - engineio.server:78 - INFO - D9p86hDIeRdH0FB-AAAE: Sending packet MESSAGE data 2["error",{"message":"Failed to compile and run: 'CompilerLogger' object has no attribute 'info'"}]
2025-01-22 23:12:40,802 - socketio:31 - DEBUG - Event tracked: handle_compile_and_run, Duration: 0.003s, Context: {'args': '({\'code\': \'using System;\\n\\nclass Program {\\n    static void Main() {\\n        Console.WriteLine("Enter your name:");\\n        string name = Console.ReadLine();\\n        Console.WriteLine($"Hello, {name}!");\\n    }\\n}\', \'language\': \'csharp\'},)', 'kwargs': '{}'}
2025-01-22 23:12:40,802 - socketio:92 - DEBUG - Socket.IO event handle_compile_and_run completed in 0.003s
2025-01-22 23:12:40,802 - socketio:93 - DEBUG - Event result: None
2025-01-22 23:12:46,752 - engineio.server:78 - INFO - BGpMpKeqJ_t35V0uAAAA: Sending packet PING data None
2025-01-22 23:12:46,825 - engineio.server:39 - INFO - BGpMpKeqJ_t35V0uAAAA: Received packet PONG data 
2025-01-22 23:12:48,237 - engineio.server:78 - INFO - D9p86hDIeRdH0FB-AAAE: Sending packet PING data None
2025-01-22 23:12:48,313 - engineio.server:39 - INFO - D9p86hDIeRdH0FB-AAAE: Received packet PONG data 
2025-01-22 23:13:10,792 - engineio.server:39 - INFO - D9p86hDIeRdH0FB-AAAE: Received packet MESSAGE data 1
2025-01-22 23:13:10,794 - socketio:84 - DEBUG - Socket.IO event handle_disconnect started at 2025-01-22 23:13:10.794271
2025-01-22 23:13:10,794 - socketio:85 - DEBUG - Event context: {'args': "('client disconnect',)", 'kwargs': '{}'}
2025-01-22 23:13:10,794 - socketio:43 - ERROR - Socket.IO error in handle_disconnect: setup_websocket_handlers.<locals>.handle_disconnect() takes 0 positional arguments but 1 was given
Traceback (most recent call last):
  File "/home/runner/workspace/utils/socketio_logger.py", line 87, in wrapper
    result = func(*args, **kwargs)
             ^^^^^^^^^^^^^^^^^^^^^
TypeError: setup_websocket_handlers.<locals>.handle_disconnect() takes 0 positional arguments but 1 was given
2025-01-22 23:13:10,795 - socketio:99 - ERROR - Error in Socket.IO event handle_disconnect after 0.000s: setup_websocket_handlers.<locals>.handle_disconnect() takes 0 positional arguments but 1 was given
Traceback (most recent call last):
  File "/home/runner/workspace/utils/socketio_logger.py", line 87, in wrapper
    result = func(*args, **kwargs)
             ^^^^^^^^^^^^^^^^^^^^^
TypeError: setup_websocket_handlers.<locals>.handle_disconnect() takes 0 positional arguments but 1 was given
2025-01-22 23:13:10,795 - socketio:134 - ERROR - socketio_error: Socket.IO error: setup_websocket_handlers.<locals>.handle_disconnect() takes 0 positional arguments but 1 was given
Traceback (most recent call last):
  File "/home/runner/workspace/.pythonlibs/lib/python3.11/site-packages/flask_socketio/__init__.py", line 835, in _handle_event
    ret = handler(*args)
          ^^^^^^^^^^^^^^
  File "/home/runner/workspace/utils/socketio_logger.py", line 87, in wrapper
    result = func(*args, **kwargs)
             ^^^^^^^^^^^^^^^^^^^^^
TypeError: setup_websocket_handlers.<locals>.handle_disconnect() takes 0 positional arguments but 1 was given
2025-01-22 23:13:10,796 - socketio:43 - ERROR - Socket.IO error in socketio_error: Socket.IO error: setup_websocket_handlers.<locals>.handle_disconnect() takes 0 positional arguments but 1 was given
Traceback (most recent call last):
  File "/home/runner/workspace/.pythonlibs/lib/python3.11/site-packages/flask_socketio/__init__.py", line 835, in _handle_event
    ret = handler(*args)
          ^^^^^^^^^^^^^^
  File "/home/runner/workspace/utils/socketio_logger.py", line 87, in wrapper
    result = func(*args, **kwargs)
             ^^^^^^^^^^^^^^^^^^^^^
TypeError: setup_websocket_handlers.<locals>.handle_disconnect() takes 0 positional arguments but 1 was given
2025-01-22 23:13:10,796 - socketio.server:164 - INFO - emitting event "error" to Y8948FSxFo_D7c4xAAAF [/]
2025-01-22 23:13:10,796 - engineio.server:78 - INFO - D9p86hDIeRdH0FB-AAAE: Sending packet MESSAGE data 2["error",{"message":"An unexpected error occurred"}]
2025-01-22 23:13:11,024 - engineio.server:78 - INFO - RwIs37u-MoOsGMkLAAAG: Sending packet OPEN data {'sid': 'RwIs37u-MoOsGMkLAAAG', 'upgrades': [], 'pingTimeout': 60000, 'pingInterval': 25000, 'maxPayload': 100000000.0}
2025-01-22 23:13:11,024 - engineio.server:90 - INFO - RwIs37u-MoOsGMkLAAAG: Received request to upgrade to websocket
2025-01-22 23:13:11,025 - engineio.server:219 - INFO - RwIs37u-MoOsGMkLAAAG: Upgrade to websocket successful
2025-01-22 23:13:11,805 - engineio.server:78 - INFO - 82CF8sIshQDWH3PZAAAH: Sending packet OPEN data {'sid': '82CF8sIshQDWH3PZAAAH', 'upgrades': [], 'pingTimeout': 60000, 'pingInterval': 25000, 'maxPayload': 100000000.0}
2025-01-22 23:13:11,806 - engineio.server:90 - INFO - 82CF8sIshQDWH3PZAAAH: Received request to upgrade to websocket
2025-01-22 23:13:11,806 - engineio.server:219 - INFO - 82CF8sIshQDWH3PZAAAH: Upgrade to websocket successful
2025-01-22 23:13:11,827 - engineio.server:78 - INFO - BGpMpKeqJ_t35V0uAAAA: Sending packet PING data None
2025-01-22 23:13:11,895 - engineio.server:39 - INFO - 82CF8sIshQDWH3PZAAAH: Received packet MESSAGE data 0
2025-01-22 23:13:11,896 - socketio:84 - DEBUG - Socket.IO event handle_connect started at 2025-01-22 23:13:11.896410
2025-01-22 23:13:11,896 - socketio:85 - DEBUG - Event context: {'args': '(None,)', 'kwargs': '{}'}
2025-01-22 23:13:11,896 - socketio:43 - ERROR - Socket.IO error in handle_connect: setup_websocket_handlers.<locals>.handle_connect() takes 0 positional arguments but 1 was given
Traceback (most recent call last):
  File "/home/runner/workspace/utils/socketio_logger.py", line 87, in wrapper
    result = func(*args, **kwargs)
             ^^^^^^^^^^^^^^^^^^^^^
TypeError: setup_websocket_handlers.<locals>.handle_connect() takes 0 positional arguments but 1 was given
2025-01-22 23:13:11,897 - socketio:99 - ERROR - Error in Socket.IO event handle_connect after 0.000s: setup_websocket_handlers.<locals>.handle_connect() takes 0 positional arguments but 1 was given
Traceback (most recent call last):
  File "/home/runner/workspace/utils/socketio_logger.py", line 87, in wrapper
    result = func(*args, **kwargs)
             ^^^^^^^^^^^^^^^^^^^^^
TypeError: setup_websocket_handlers.<locals>.handle_connect() takes 0 positional arguments but 1 was given
2025-01-22 23:13:11,897 - socketio:84 - DEBUG - Socket.IO event handle_connect started at 2025-01-22 23:13:11.897545
2025-01-22 23:13:11,897 - socketio:85 - DEBUG - Event context: {'args': '()', 'kwargs': '{}'}
2025-01-22 23:13:11,897 - app:120 - INFO - Client connected: kaixFUcNZDBpVI3iAAAI
2025-01-22 23:13:11,897 - socketio:108 - INFO - New connection established. Total connections: 4
2025-01-22 23:13:11,898 - socketio:110 - DEBUG - Client info: {'sid': 'kaixFUcNZDBpVI3iAAAI', 'remote_addr': '172.31.196.32', 'user_agent': 'Mozilla/5.0 (Macintosh; Intel Mac OS X 10_15_7) AppleWebKit/537.36 (KHTML, like Gecko) Chrome/131.0.0.0 Safari/537.36'}
2025-01-22 23:13:11,898 - socketio.server:164 - INFO - emitting event "connection_established" to kaixFUcNZDBpVI3iAAAI [/]
2025-01-22 23:13:11,898 - engineio.server:78 - INFO - 82CF8sIshQDWH3PZAAAH: Sending packet MESSAGE data 2["connection_established",{"status":"connected","sid":"kaixFUcNZDBpVI3iAAAI"}]
2025-01-22 23:13:11,898 - socketio:31 - DEBUG - Event tracked: handle_connect, Duration: 0.001s, Context: {'args': '()', 'kwargs': '{}'}
2025-01-22 23:13:11,898 - socketio:92 - DEBUG - Socket.IO event handle_connect completed in 0.001s
2025-01-22 23:13:11,898 - socketio:93 - DEBUG - Event result: None
2025-01-22 23:13:11,898 - engineio.server:78 - INFO - 82CF8sIshQDWH3PZAAAH: Sending packet MESSAGE data 0{"sid":"kaixFUcNZDBpVI3iAAAI"}
2025-01-22 23:13:11,900 - engineio.server:39 - INFO - BGpMpKeqJ_t35V0uAAAA: Received packet PONG data 
2025-01-22 23:13:33,786 - socketio:84 - DEBUG - Socket.IO event handle_disconnect started at 2025-01-22 23:13:33.786784
2025-01-22 23:13:33,786 - socketio:85 - DEBUG - Event context: {'args': "('transport close',)", 'kwargs': '{}'}
2025-01-22 23:13:33,787 - socketio:43 - ERROR - Socket.IO error in handle_disconnect: setup_websocket_handlers.<locals>.handle_disconnect() takes 0 positional arguments but 1 was given
Traceback (most recent call last):
  File "/home/runner/workspace/utils/socketio_logger.py", line 87, in wrapper
    result = func(*args, **kwargs)
             ^^^^^^^^^^^^^^^^^^^^^
TypeError: setup_websocket_handlers.<locals>.handle_disconnect() takes 0 positional arguments but 1 was given
2025-01-22 23:13:33,787 - socketio:99 - ERROR - Error in Socket.IO event handle_disconnect after 0.000s: setup_websocket_handlers.<locals>.handle_disconnect() takes 0 positional arguments but 1 was given
Traceback (most recent call last):
  File "/home/runner/workspace/utils/socketio_logger.py", line 87, in wrapper
    result = func(*args, **kwargs)
             ^^^^^^^^^^^^^^^^^^^^^
TypeError: setup_websocket_handlers.<locals>.handle_disconnect() takes 0 positional arguments but 1 was given
2025-01-22 23:13:33,787 - socketio:134 - ERROR - socketio_error: Socket.IO error: setup_websocket_handlers.<locals>.handle_disconnect() takes 0 positional arguments but 1 was given
Traceback (most recent call last):
  File "/home/runner/workspace/.pythonlibs/lib/python3.11/site-packages/flask_socketio/__init__.py", line 835, in _handle_event
    ret = handler(*args)
          ^^^^^^^^^^^^^^
  File "/home/runner/workspace/utils/socketio_logger.py", line 87, in wrapper
    result = func(*args, **kwargs)
             ^^^^^^^^^^^^^^^^^^^^^
TypeError: setup_websocket_handlers.<locals>.handle_disconnect() takes 0 positional arguments but 1 was given
2025-01-22 23:13:33,788 - socketio:43 - ERROR - Socket.IO error in socketio_error: Socket.IO error: setup_websocket_handlers.<locals>.handle_disconnect() takes 0 positional arguments but 1 was given
Traceback (most recent call last):
  File "/home/runner/workspace/.pythonlibs/lib/python3.11/site-packages/flask_socketio/__init__.py", line 835, in _handle_event
    ret = handler(*args)
          ^^^^^^^^^^^^^^
  File "/home/runner/workspace/utils/socketio_logger.py", line 87, in wrapper
    result = func(*args, **kwargs)
             ^^^^^^^^^^^^^^^^^^^^^
TypeError: setup_websocket_handlers.<locals>.handle_disconnect() takes 0 positional arguments but 1 was given
2025-01-22 23:13:33,788 - socketio.server:164 - INFO - emitting event "error" to kaixFUcNZDBpVI3iAAAI [/]
2025-01-22 23:13:33,788 - engineio.server:78 - INFO - 82CF8sIshQDWH3PZAAAH: Sending packet MESSAGE data 2["error",{"message":"An unexpected error occurred"}]
2025-01-22 23:13:34,377 - werkzeug:96 - INFO -  * Detected change in '/home/runner/workspace/utils/compiler_logger.py', reloading
