2025-01-22 23:11:02,352 - app:43 - INFO - Initializing Flask application
2025-01-22 23:11:02,359 - app:58 - DEBUG - Application configuration loaded
2025-01-22 23:11:02,404 - app:63 - INFO - Database initialized
2025-01-22 23:11:02,566 - engineio.server:112 - INFO - Server initialized for eventlet.
2025-01-22 23:11:02,569 - app:70 - INFO - Socket.IO initialized
2025-01-22 23:11:02,581 - app:79 - INFO - CORS, Session, and CSRF protection initialized
2025-01-22 23:11:03,541 - app:86 - INFO - Database tables created
2025-01-22 23:11:03,543 - app:101 - INFO - Application initialized successfully
2025-01-22 23:11:03,543 - __main__:22 - INFO - Starting Flask server with SocketIO on port 5000
2025-01-22 23:11:03,543 - werkzeug:96 - WARNING -  * Debugger is active!
2025-01-22 23:11:03,544 - werkzeug:96 - INFO -  * Debugger PIN: 102-084-119
2025-01-22 23:11:03,811 - app:95 - DEBUG - Rendering console page
2025-01-22 23:11:04,728 - engineio.server:78 - INFO - Uyg8-9GGAfkUahEvAAAA: Sending packet OPEN data {'sid': 'Uyg8-9GGAfkUahEvAAAA', 'upgrades': [], 'pingTimeout': 60000, 'pingInterval': 25000, 'maxPayload': 100000000.0}
2025-01-22 23:11:04,731 - engineio.server:90 - INFO - Uyg8-9GGAfkUahEvAAAA: Received request to upgrade to websocket
2025-01-22 23:11:04,733 - engineio.server:219 - INFO - Uyg8-9GGAfkUahEvAAAA: Upgrade to websocket successful
2025-01-22 23:11:04,820 - engineio.server:39 - INFO - Uyg8-9GGAfkUahEvAAAA: Received packet MESSAGE data 0
2025-01-22 23:11:04,826 - socketio:84 - DEBUG - Socket.IO event handle_connect started at 2025-01-22 23:11:04.826171
2025-01-22 23:11:04,826 - socketio:85 - DEBUG - Event context: {'args': '(None,)', 'kwargs': '{}'}
2025-01-22 23:11:04,826 - socketio:43 - ERROR - Socket.IO error in handle_connect: setup_websocket_handlers.<locals>.handle_connect() takes 0 positional arguments but 1 was given
Traceback (most recent call last):
  File "/home/runner/workspace/utils/socketio_logger.py", line 87, in wrapper
    result = func(*args, **kwargs)
             ^^^^^^^^^^^^^^^^^^^^^
TypeError: setup_websocket_handlers.<locals>.handle_connect() takes 0 positional arguments but 1 was given
2025-01-22 23:11:04,827 - socketio:99 - ERROR - Error in Socket.IO event handle_connect after 0.001s: setup_websocket_handlers.<locals>.handle_connect() takes 0 positional arguments but 1 was given
Traceback (most recent call last):
  File "/home/runner/workspace/utils/socketio_logger.py", line 87, in wrapper
    result = func(*args, **kwargs)
             ^^^^^^^^^^^^^^^^^^^^^
TypeError: setup_websocket_handlers.<locals>.handle_connect() takes 0 positional arguments but 1 was given
2025-01-22 23:11:04,828 - socketio:84 - DEBUG - Socket.IO event handle_connect started at 2025-01-22 23:11:04.828321
2025-01-22 23:11:04,828 - socketio:85 - DEBUG - Event context: {'args': '()', 'kwargs': '{}'}
2025-01-22 23:11:04,828 - app:120 - INFO - Client connected: d4OiV1NRVYTKG5lbAAAB
2025-01-22 23:11:04,828 - socketio:108 - INFO - New connection established. Total connections: 1
2025-01-22 23:11:04,829 - socketio:110 - DEBUG - Client info: {'sid': 'd4OiV1NRVYTKG5lbAAAB', 'remote_addr': '172.31.196.32', 'user_agent': 'Mozilla/5.0 (Macintosh; Intel Mac OS X 10_15_7) AppleWebKit/537.36 (KHTML, like Gecko) Chrome/131.0.0.0 Safari/537.36'}
2025-01-22 23:11:04,829 - socketio.server:164 - INFO - emitting event "connection_established" to d4OiV1NRVYTKG5lbAAAB [/]
2025-01-22 23:11:04,829 - engineio.server:78 - INFO - Uyg8-9GGAfkUahEvAAAA: Sending packet MESSAGE data 2["connection_established",{"status":"connected","sid":"d4OiV1NRVYTKG5lbAAAB"}]
2025-01-22 23:11:04,829 - socketio:31 - DEBUG - Event tracked: handle_connect, Duration: 0.002s, Context: {'args': '()', 'kwargs': '{}'}
2025-01-22 23:11:04,830 - socketio:92 - DEBUG - Socket.IO event handle_connect completed in 0.002s
2025-01-22 23:11:04,830 - socketio:93 - DEBUG - Event result: None
2025-01-22 23:11:04,830 - engineio.server:78 - INFO - Uyg8-9GGAfkUahEvAAAA: Sending packet MESSAGE data 0{"sid":"d4OiV1NRVYTKG5lbAAAB"}
2025-01-22 23:11:05,240 - app:95 - DEBUG - Rendering console page
2025-01-22 23:11:05,488 - app:95 - DEBUG - Rendering console page
2025-01-22 23:11:05,733 - engineio.server:78 - INFO - uyovwiDGPA0jczyvAAAC: Sending packet OPEN data {'sid': 'uyovwiDGPA0jczyvAAAC', 'upgrades': [], 'pingTimeout': 60000, 'pingInterval': 25000, 'maxPayload': 100000000.0}
2025-01-22 23:11:05,733 - engineio.server:90 - INFO - uyovwiDGPA0jczyvAAAC: Received request to upgrade to websocket
2025-01-22 23:11:05,733 - engineio.server:219 - INFO - uyovwiDGPA0jczyvAAAC: Upgrade to websocket successful
2025-01-22 23:11:05,741 - engineio.server:39 - INFO - uyovwiDGPA0jczyvAAAC: Received packet MESSAGE data 0
2025-01-22 23:11:05,742 - socketio:84 - DEBUG - Socket.IO event handle_connect started at 2025-01-22 23:11:05.742371
2025-01-22 23:11:05,742 - socketio:85 - DEBUG - Event context: {'args': '(None,)', 'kwargs': '{}'}
2025-01-22 23:11:05,742 - socketio:43 - ERROR - Socket.IO error in handle_connect: setup_websocket_handlers.<locals>.handle_connect() takes 0 positional arguments but 1 was given
Traceback (most recent call last):
  File "/home/runner/workspace/utils/socketio_logger.py", line 87, in wrapper
    result = func(*args, **kwargs)
             ^^^^^^^^^^^^^^^^^^^^^
TypeError: setup_websocket_handlers.<locals>.handle_connect() takes 0 positional arguments but 1 was given
2025-01-22 23:11:05,743 - socketio:99 - ERROR - Error in Socket.IO event handle_connect after 0.000s: setup_websocket_handlers.<locals>.handle_connect() takes 0 positional arguments but 1 was given
Traceback (most recent call last):
  File "/home/runner/workspace/utils/socketio_logger.py", line 87, in wrapper
    result = func(*args, **kwargs)
             ^^^^^^^^^^^^^^^^^^^^^
TypeError: setup_websocket_handlers.<locals>.handle_connect() takes 0 positional arguments but 1 was given
2025-01-22 23:11:05,747 - socketio:84 - DEBUG - Socket.IO event handle_connect started at 2025-01-22 23:11:05.747194
2025-01-22 23:11:05,747 - socketio:85 - DEBUG - Event context: {'args': '()', 'kwargs': '{}'}
2025-01-22 23:11:05,747 - app:120 - INFO - Client connected: DF-OTnRWFzXwibMYAAAD
2025-01-22 23:11:05,747 - socketio:108 - INFO - New connection established. Total connections: 2
2025-01-22 23:11:05,747 - socketio:110 - DEBUG - Client info: {'sid': 'DF-OTnRWFzXwibMYAAAD', 'remote_addr': '172.31.196.32', 'user_agent': 'Mozilla/5.0 (X11; Linux x86_64) AppleWebKit/537.36 (KHTML, like Gecko) HeadlessChrome/118.0.5993.88 Safari/537.36'}
2025-01-22 23:11:05,748 - socketio.server:164 - INFO - emitting event "connection_established" to DF-OTnRWFzXwibMYAAAD [/]
2025-01-22 23:11:05,748 - engineio.server:78 - INFO - uyovwiDGPA0jczyvAAAC: Sending packet MESSAGE data 2["connection_established",{"status":"connected","sid":"DF-OTnRWFzXwibMYAAAD"}]
2025-01-22 23:11:05,752 - socketio:31 - DEBUG - Event tracked: handle_connect, Duration: 0.006s, Context: {'args': '()', 'kwargs': '{}'}
2025-01-22 23:11:05,752 - socketio:92 - DEBUG - Socket.IO event handle_connect completed in 0.006s
2025-01-22 23:11:05,752 - socketio:93 - DEBUG - Event result: None
2025-01-22 23:11:05,753 - engineio.server:78 - INFO - uyovwiDGPA0jczyvAAAC: Sending packet MESSAGE data 0{"sid":"DF-OTnRWFzXwibMYAAAD"}
2025-01-22 23:11:06,100 - engineio.server:78 - INFO - WlHQgy8YoC0D4sKLAAAE: Sending packet OPEN data {'sid': 'WlHQgy8YoC0D4sKLAAAE', 'upgrades': [], 'pingTimeout': 60000, 'pingInterval': 25000, 'maxPayload': 100000000.0}
2025-01-22 23:11:06,101 - engineio.server:90 - INFO - WlHQgy8YoC0D4sKLAAAE: Received request to upgrade to websocket
2025-01-22 23:11:06,102 - engineio.server:219 - INFO - WlHQgy8YoC0D4sKLAAAE: Upgrade to websocket successful
2025-01-22 23:11:06,185 - engineio.server:39 - INFO - WlHQgy8YoC0D4sKLAAAE: Received packet MESSAGE data 0
2025-01-22 23:11:06,189 - socketio:84 - DEBUG - Socket.IO event handle_connect started at 2025-01-22 23:11:06.189874
2025-01-22 23:11:06,190 - socketio:85 - DEBUG - Event context: {'args': '(None,)', 'kwargs': '{}'}
2025-01-22 23:11:06,190 - socketio:43 - ERROR - Socket.IO error in handle_connect: setup_websocket_handlers.<locals>.handle_connect() takes 0 positional arguments but 1 was given
Traceback (most recent call last):
  File "/home/runner/workspace/utils/socketio_logger.py", line 87, in wrapper
    result = func(*args, **kwargs)
             ^^^^^^^^^^^^^^^^^^^^^
TypeError: setup_websocket_handlers.<locals>.handle_connect() takes 0 positional arguments but 1 was given
2025-01-22 23:11:06,192 - socketio:99 - ERROR - Error in Socket.IO event handle_connect after 0.001s: setup_websocket_handlers.<locals>.handle_connect() takes 0 positional arguments but 1 was given
Traceback (most recent call last):
  File "/home/runner/workspace/utils/socketio_logger.py", line 87, in wrapper
    result = func(*args, **kwargs)
             ^^^^^^^^^^^^^^^^^^^^^
TypeError: setup_websocket_handlers.<locals>.handle_connect() takes 0 positional arguments but 1 was given
2025-01-22 23:11:06,193 - socketio:84 - DEBUG - Socket.IO event handle_connect started at 2025-01-22 23:11:06.193364
2025-01-22 23:11:06,193 - socketio:85 - DEBUG - Event context: {'args': '()', 'kwargs': '{}'}
2025-01-22 23:11:06,193 - app:120 - INFO - Client connected: rnFhc0RdaDNTvuZPAAAF
2025-01-22 23:11:06,194 - socketio:108 - INFO - New connection established. Total connections: 3
2025-01-22 23:11:06,194 - socketio:110 - DEBUG - Client info: {'sid': 'rnFhc0RdaDNTvuZPAAAF', 'remote_addr': '172.31.196.32', 'user_agent': 'Mozilla/5.0 (Macintosh; Intel Mac OS X 10_15_7) AppleWebKit/537.36 (KHTML, like Gecko) Chrome/131.0.0.0 Safari/537.36'}
2025-01-22 23:11:06,195 - socketio.server:164 - INFO - emitting event "connection_established" to rnFhc0RdaDNTvuZPAAAF [/]
2025-01-22 23:11:06,195 - engineio.server:78 - INFO - WlHQgy8YoC0D4sKLAAAE: Sending packet MESSAGE data 2["connection_established",{"status":"connected","sid":"rnFhc0RdaDNTvuZPAAAF"}]
2025-01-22 23:11:06,196 - socketio:31 - DEBUG - Event tracked: handle_connect, Duration: 0.003s, Context: {'args': '()', 'kwargs': '{}'}
2025-01-22 23:11:06,196 - socketio:92 - DEBUG - Socket.IO event handle_connect completed in 0.003s
2025-01-22 23:11:06,196 - socketio:93 - DEBUG - Event result: None
2025-01-22 23:11:06,196 - engineio.server:78 - INFO - WlHQgy8YoC0D4sKLAAAE: Sending packet MESSAGE data 0{"sid":"rnFhc0RdaDNTvuZPAAAF"}
2025-01-22 23:11:06,342 - socketio:84 - DEBUG - Socket.IO event handle_disconnect started at 2025-01-22 23:11:06.342755
2025-01-22 23:11:06,343 - socketio:85 - DEBUG - Event context: {'args': "('transport close',)", 'kwargs': '{}'}
2025-01-22 23:11:06,343 - socketio:43 - ERROR - Socket.IO error in handle_disconnect: setup_websocket_handlers.<locals>.handle_disconnect() takes 0 positional arguments but 1 was given
Traceback (most recent call last):
  File "/home/runner/workspace/utils/socketio_logger.py", line 87, in wrapper
    result = func(*args, **kwargs)
             ^^^^^^^^^^^^^^^^^^^^^
TypeError: setup_websocket_handlers.<locals>.handle_disconnect() takes 0 positional arguments but 1 was given
2025-01-22 23:11:06,344 - socketio:99 - ERROR - Error in Socket.IO event handle_disconnect after 0.001s: setup_websocket_handlers.<locals>.handle_disconnect() takes 0 positional arguments but 1 was given
Traceback (most recent call last):
  File "/home/runner/workspace/utils/socketio_logger.py", line 87, in wrapper
    result = func(*args, **kwargs)
             ^^^^^^^^^^^^^^^^^^^^^
TypeError: setup_websocket_handlers.<locals>.handle_disconnect() takes 0 positional arguments but 1 was given
2025-01-22 23:11:06,344 - socketio:134 - ERROR - socketio_error: Socket.IO error: setup_websocket_handlers.<locals>.handle_disconnect() takes 0 positional arguments but 1 was given
Traceback (most recent call last):
  File "/home/runner/workspace/.pythonlibs/lib/python3.11/site-packages/flask_socketio/__init__.py", line 835, in _handle_event
    ret = handler(*args)
          ^^^^^^^^^^^^^^
  File "/home/runner/workspace/utils/socketio_logger.py", line 87, in wrapper
    result = func(*args, **kwargs)
             ^^^^^^^^^^^^^^^^^^^^^
TypeError: setup_websocket_handlers.<locals>.handle_disconnect() takes 0 positional arguments but 1 was given
2025-01-22 23:11:06,345 - socketio:43 - ERROR - Socket.IO error in socketio_error: Socket.IO error: setup_websocket_handlers.<locals>.handle_disconnect() takes 0 positional arguments but 1 was given
Traceback (most recent call last):
  File "/home/runner/workspace/.pythonlibs/lib/python3.11/site-packages/flask_socketio/__init__.py", line 835, in _handle_event
    ret = handler(*args)
          ^^^^^^^^^^^^^^
  File "/home/runner/workspace/utils/socketio_logger.py", line 87, in wrapper
    result = func(*args, **kwargs)
             ^^^^^^^^^^^^^^^^^^^^^
TypeError: setup_websocket_handlers.<locals>.handle_disconnect() takes 0 positional arguments but 1 was given
2025-01-22 23:11:06,346 - socketio.server:164 - INFO - emitting event "error" to DF-OTnRWFzXwibMYAAAD [/]
2025-01-22 23:11:06,346 - engineio.server:78 - INFO - uyovwiDGPA0jczyvAAAC: Sending packet MESSAGE data 2["error",{"message":"An unexpected error occurred"}]
2025-01-22 23:11:25,147 - engineio.server:39 - INFO - WlHQgy8YoC0D4sKLAAAE: Received packet MESSAGE data 2["compile_and_run",{"code":"using System;\n\nclass Program {\n    static void Main() {\n        Console.WriteLine(\"Enter your name:\");\n        string name = Console.ReadLine();\n        Console.WriteLine($\"Hello, {name}!\");\n    }\n}","language":"csharp"}]
2025-01-22 23:11:25,147 - socketio.server:576 - INFO - received event "compile_and_run" from rnFhc0RdaDNTvuZPAAAF [/]
2025-01-22 23:11:25,148 - socketio:84 - DEBUG - Socket.IO event handle_compile_and_run started at 2025-01-22 23:11:25.148333
2025-01-22 23:11:25,148 - socketio:85 - DEBUG - Event context: {'args': '({\'code\': \'using System;\\n\\nclass Program {\\n    static void Main() {\\n        Console.WriteLine("Enter your name:");\\n        string name = Console.ReadLine();\\n        Console.WriteLine($"Hello, {name}!");\\n    }\\n}\', \'language\': \'csharp\'},)', 'kwargs': '{}'}
2025-01-22 23:11:25,148 - app:152 - INFO - Starting csharp code compilation
2025-01-22 23:11:25,148 - app:153 - DEBUG - Code to compile: using System;

class Program {
    static void Main() {
        Console.WriteLine("Enter your name:");
        string name = Console.ReadLine();
        Console.WriteLine($"Hello, {name}!");
    }
}
2025-01-22 23:11:25,149 - compiler:157 - INFO - Created compilation session ID: 3e12fef8-9b68-4cc4-b3f8-fc5ccde5cb1f
2025-01-22 23:11:25,149 - socketio:134 - ERROR - compilation_error: Error in compile_and_run: 'Logger' object has no attribute 'log_compilation_start'
Traceback (most recent call last):
  File "/home/runner/workspace/app.py", line 161, in handle_compile_and_run
    compiler_logger.log_compilation_start(compilation_session_id, code)
    ^^^^^^^^^^^^^^^^^^^^^^^^^^^^^^^^^^^^^
AttributeError: 'Logger' object has no attribute 'log_compilation_start'
2025-01-22 23:11:25,149 - socketio:43 - ERROR - Socket.IO error in compilation_error: Error in compile_and_run: 'Logger' object has no attribute 'log_compilation_start'
Traceback (most recent call last):
  File "/home/runner/workspace/app.py", line 161, in handle_compile_and_run
    compiler_logger.log_compilation_start(compilation_session_id, code)
    ^^^^^^^^^^^^^^^^^^^^^^^^^^^^^^^^^^^^^
AttributeError: 'Logger' object has no attribute 'log_compilation_start'
2025-01-22 23:11:25,150 - socketio.server:164 - INFO - emitting event "error" to rnFhc0RdaDNTvuZPAAAF [/]
2025-01-22 23:11:25,150 - engineio.server:78 - INFO - WlHQgy8YoC0D4sKLAAAE: Sending packet MESSAGE data 2["error",{"message":"Failed to compile and run: 'Logger' object has no attribute 'log_compilation_start'"}]
2025-01-22 23:11:25,150 - socketio:31 - DEBUG - Event tracked: handle_compile_and_run, Duration: 0.002s, Context: {'args': '({\'code\': \'using System;\\n\\nclass Program {\\n    static void Main() {\\n        Console.WriteLine("Enter your name:");\\n        string name = Console.ReadLine();\\n        Console.WriteLine($"Hello, {name}!");\\n    }\\n}\', \'language\': \'csharp\'},)', 'kwargs': '{}'}
2025-01-22 23:11:25,150 - socketio:92 - DEBUG - Socket.IO event handle_compile_and_run completed in 0.002s
2025-01-22 23:11:25,150 - socketio:93 - DEBUG - Event result: None
2025-01-22 23:11:29,741 - engineio.server:78 - INFO - Uyg8-9GGAfkUahEvAAAA: Sending packet PING data None
2025-01-22 23:11:29,815 - engineio.server:39 - INFO - Uyg8-9GGAfkUahEvAAAA: Received packet PONG data 
2025-01-22 23:11:31,103 - engineio.server:78 - INFO - WlHQgy8YoC0D4sKLAAAE: Sending packet PING data None
2025-01-22 23:11:31,177 - engineio.server:39 - INFO - WlHQgy8YoC0D4sKLAAAE: Received packet PONG data 
2025-01-22 23:11:54,839 - engineio.server:78 - INFO - Uyg8-9GGAfkUahEvAAAA: Sending packet PING data None
2025-01-22 23:11:54,914 - engineio.server:39 - INFO - Uyg8-9GGAfkUahEvAAAA: Received packet PONG data 
2025-01-22 23:11:55,147 - engineio.server:39 - INFO - WlHQgy8YoC0D4sKLAAAE: Received packet MESSAGE data 1
2025-01-22 23:11:55,148 - socketio:84 - DEBUG - Socket.IO event handle_disconnect started at 2025-01-22 23:11:55.148482
2025-01-22 23:11:55,148 - socketio:85 - DEBUG - Event context: {'args': "('client disconnect',)", 'kwargs': '{}'}
2025-01-22 23:11:55,148 - socketio:43 - ERROR - Socket.IO error in handle_disconnect: setup_websocket_handlers.<locals>.handle_disconnect() takes 0 positional arguments but 1 was given
Traceback (most recent call last):
  File "/home/runner/workspace/utils/socketio_logger.py", line 87, in wrapper
    result = func(*args, **kwargs)
             ^^^^^^^^^^^^^^^^^^^^^
TypeError: setup_websocket_handlers.<locals>.handle_disconnect() takes 0 positional arguments but 1 was given
2025-01-22 23:11:55,149 - socketio:99 - ERROR - Error in Socket.IO event handle_disconnect after 0.000s: setup_websocket_handlers.<locals>.handle_disconnect() takes 0 positional arguments but 1 was given
Traceback (most recent call last):
  File "/home/runner/workspace/utils/socketio_logger.py", line 87, in wrapper
    result = func(*args, **kwargs)
             ^^^^^^^^^^^^^^^^^^^^^
TypeError: setup_websocket_handlers.<locals>.handle_disconnect() takes 0 positional arguments but 1 was given
2025-01-22 23:11:55,150 - socketio:134 - ERROR - socketio_error: Socket.IO error: setup_websocket_handlers.<locals>.handle_disconnect() takes 0 positional arguments but 1 was given
Traceback (most recent call last):
  File "/home/runner/workspace/.pythonlibs/lib/python3.11/site-packages/flask_socketio/__init__.py", line 835, in _handle_event
    ret = handler(*args)
          ^^^^^^^^^^^^^^
  File "/home/runner/workspace/utils/socketio_logger.py", line 87, in wrapper
    result = func(*args, **kwargs)
             ^^^^^^^^^^^^^^^^^^^^^
TypeError: setup_websocket_handlers.<locals>.handle_disconnect() takes 0 positional arguments but 1 was given
2025-01-22 23:11:55,150 - socketio:43 - ERROR - Socket.IO error in socketio_error: Socket.IO error: setup_websocket_handlers.<locals>.handle_disconnect() takes 0 positional arguments but 1 was given
Traceback (most recent call last):
  File "/home/runner/workspace/.pythonlibs/lib/python3.11/site-packages/flask_socketio/__init__.py", line 835, in _handle_event
    ret = handler(*args)
          ^^^^^^^^^^^^^^
  File "/home/runner/workspace/utils/socketio_logger.py", line 87, in wrapper
    result = func(*args, **kwargs)
             ^^^^^^^^^^^^^^^^^^^^^
TypeError: setup_websocket_handlers.<locals>.handle_disconnect() takes 0 positional arguments but 1 was given
2025-01-22 23:11:55,150 - socketio.server:164 - INFO - emitting event "error" to rnFhc0RdaDNTvuZPAAAF [/]
2025-01-22 23:11:55,152 - engineio.server:78 - INFO - WlHQgy8YoC0D4sKLAAAE: Sending packet MESSAGE data 2["error",{"message":"An unexpected error occurred"}]
2025-01-22 23:11:55,497 - engineio.server:78 - INFO - gEB5EC5riIhWeSZaAAAG: Sending packet OPEN data {'sid': 'gEB5EC5riIhWeSZaAAAG', 'upgrades': [], 'pingTimeout': 60000, 'pingInterval': 25000, 'maxPayload': 100000000.0}
2025-01-22 23:11:55,498 - engineio.server:90 - INFO - gEB5EC5riIhWeSZaAAAG: Received request to upgrade to websocket
2025-01-22 23:11:55,498 - engineio.server:219 - INFO - gEB5EC5riIhWeSZaAAAG: Upgrade to websocket successful
2025-01-22 23:11:56,815 - engineio.server:78 - INFO - EzeluB-yVY4QEU7HAAAH: Sending packet OPEN data {'sid': 'EzeluB-yVY4QEU7HAAAH', 'upgrades': [], 'pingTimeout': 60000, 'pingInterval': 25000, 'maxPayload': 100000000.0}
2025-01-22 23:11:56,816 - engineio.server:90 - INFO - EzeluB-yVY4QEU7HAAAH: Received request to upgrade to websocket
2025-01-22 23:11:56,817 - engineio.server:219 - INFO - EzeluB-yVY4QEU7HAAAH: Upgrade to websocket successful
2025-01-22 23:11:56,902 - engineio.server:39 - INFO - EzeluB-yVY4QEU7HAAAH: Received packet MESSAGE data 0
2025-01-22 23:11:56,903 - socketio:84 - DEBUG - Socket.IO event handle_connect started at 2025-01-22 23:11:56.903723
2025-01-22 23:11:56,903 - socketio:85 - DEBUG - Event context: {'args': '(None,)', 'kwargs': '{}'}
2025-01-22 23:11:56,904 - socketio:43 - ERROR - Socket.IO error in handle_connect: setup_websocket_handlers.<locals>.handle_connect() takes 0 positional arguments but 1 was given
Traceback (most recent call last):
  File "/home/runner/workspace/utils/socketio_logger.py", line 87, in wrapper
    result = func(*args, **kwargs)
             ^^^^^^^^^^^^^^^^^^^^^
TypeError: setup_websocket_handlers.<locals>.handle_connect() takes 0 positional arguments but 1 was given
2025-01-22 23:11:56,904 - socketio:99 - ERROR - Error in Socket.IO event handle_connect after 0.000s: setup_websocket_handlers.<locals>.handle_connect() takes 0 positional arguments but 1 was given
Traceback (most recent call last):
  File "/home/runner/workspace/utils/socketio_logger.py", line 87, in wrapper
    result = func(*args, **kwargs)
             ^^^^^^^^^^^^^^^^^^^^^
TypeError: setup_websocket_handlers.<locals>.handle_connect() takes 0 positional arguments but 1 was given
2025-01-22 23:11:56,904 - socketio:84 - DEBUG - Socket.IO event handle_connect started at 2025-01-22 23:11:56.904756
2025-01-22 23:11:56,904 - socketio:85 - DEBUG - Event context: {'args': '()', 'kwargs': '{}'}
2025-01-22 23:11:56,904 - app:120 - INFO - Client connected: sznx90j5GygMDGrCAAAI
2025-01-22 23:11:56,905 - socketio:108 - INFO - New connection established. Total connections: 4
2025-01-22 23:11:56,905 - socketio:110 - DEBUG - Client info: {'sid': 'sznx90j5GygMDGrCAAAI', 'remote_addr': '172.31.196.32', 'user_agent': 'Mozilla/5.0 (Macintosh; Intel Mac OS X 10_15_7) AppleWebKit/537.36 (KHTML, like Gecko) Chrome/131.0.0.0 Safari/537.36'}
2025-01-22 23:11:56,905 - socketio.server:164 - INFO - emitting event "connection_established" to sznx90j5GygMDGrCAAAI [/]
2025-01-22 23:11:56,905 - engineio.server:78 - INFO - EzeluB-yVY4QEU7HAAAH: Sending packet MESSAGE data 2["connection_established",{"status":"connected","sid":"sznx90j5GygMDGrCAAAI"}]
2025-01-22 23:11:56,905 - socketio:31 - DEBUG - Event tracked: handle_connect, Duration: 0.001s, Context: {'args': '()', 'kwargs': '{}'}
2025-01-22 23:11:56,905 - socketio:92 - DEBUG - Socket.IO event handle_connect completed in 0.001s
2025-01-22 23:11:56,905 - socketio:93 - DEBUG - Event result: None
2025-01-22 23:11:56,905 - engineio.server:78 - INFO - EzeluB-yVY4QEU7HAAAH: Sending packet MESSAGE data 0{"sid":"sznx90j5GygMDGrCAAAI"}
2025-01-22 23:12:08,686 - socketio:84 - DEBUG - Socket.IO event handle_disconnect started at 2025-01-22 23:12:08.686065
2025-01-22 23:12:08,686 - socketio:85 - DEBUG - Event context: {'args': "('transport close',)", 'kwargs': '{}'}
2025-01-22 23:12:08,686 - socketio:43 - ERROR - Socket.IO error in handle_disconnect: setup_websocket_handlers.<locals>.handle_disconnect() takes 0 positional arguments but 1 was given
Traceback (most recent call last):
  File "/home/runner/workspace/utils/socketio_logger.py", line 87, in wrapper
    result = func(*args, **kwargs)
             ^^^^^^^^^^^^^^^^^^^^^
TypeError: setup_websocket_handlers.<locals>.handle_disconnect() takes 0 positional arguments but 1 was given
2025-01-22 23:12:08,686 - socketio:99 - ERROR - Error in Socket.IO event handle_disconnect after 0.000s: setup_websocket_handlers.<locals>.handle_disconnect() takes 0 positional arguments but 1 was given
Traceback (most recent call last):
  File "/home/runner/workspace/utils/socketio_logger.py", line 87, in wrapper
    result = func(*args, **kwargs)
             ^^^^^^^^^^^^^^^^^^^^^
TypeError: setup_websocket_handlers.<locals>.handle_disconnect() takes 0 positional arguments but 1 was given
2025-01-22 23:12:08,687 - socketio:134 - ERROR - socketio_error: Socket.IO error: setup_websocket_handlers.<locals>.handle_disconnect() takes 0 positional arguments but 1 was given
Traceback (most recent call last):
  File "/home/runner/workspace/.pythonlibs/lib/python3.11/site-packages/flask_socketio/__init__.py", line 835, in _handle_event
    ret = handler(*args)
          ^^^^^^^^^^^^^^
  File "/home/runner/workspace/utils/socketio_logger.py", line 87, in wrapper
    result = func(*args, **kwargs)
             ^^^^^^^^^^^^^^^^^^^^^
TypeError: setup_websocket_handlers.<locals>.handle_disconnect() takes 0 positional arguments but 1 was given
2025-01-22 23:12:08,687 - socketio:43 - ERROR - Socket.IO error in socketio_error: Socket.IO error: setup_websocket_handlers.<locals>.handle_disconnect() takes 0 positional arguments but 1 was given
Traceback (most recent call last):
  File "/home/runner/workspace/.pythonlibs/lib/python3.11/site-packages/flask_socketio/__init__.py", line 835, in _handle_event
    ret = handler(*args)
          ^^^^^^^^^^^^^^
  File "/home/runner/workspace/utils/socketio_logger.py", line 87, in wrapper
    result = func(*args, **kwargs)
             ^^^^^^^^^^^^^^^^^^^^^
TypeError: setup_websocket_handlers.<locals>.handle_disconnect() takes 0 positional arguments but 1 was given
2025-01-22 23:12:08,689 - socketio.server:164 - INFO - emitting event "error" to sznx90j5GygMDGrCAAAI [/]
2025-01-22 23:12:08,689 - engineio.server:78 - INFO - EzeluB-yVY4QEU7HAAAH: Sending packet MESSAGE data 2["error",{"message":"An unexpected error occurred"}]
2025-01-22 23:12:09,137 - werkzeug:96 - INFO -  * Detected change in '/home/runner/workspace/app.py', reloading
