2025-01-22 23:45:39,913 - database:111 - DEBUG - Logging initialized for database - MainProcess:MainThread
2025-01-22 23:45:39,914 - app:30 - WARNING - Redis not available, falling back to in-memory queue - MainProcess:MainThread
2025-01-22 23:45:39,918 - engineio.server:112 - INFO - Server initialized for eventlet. - MainProcess:MainThread
2025-01-22 23:45:39,919 - app:55 - INFO - Initializing Flask application - MainProcess:MainThread
2025-01-22 23:45:39,921 - app:70 - DEBUG - Application configuration loaded - MainProcess:MainThread
2025-01-22 23:45:39,960 - app:75 - INFO - Database initialized - MainProcess:MainThread
2025-01-22 23:45:39,960 - engineio.server:112 - INFO - Server initialized for eventlet. - MainProcess:MainThread
2025-01-22 23:45:39,961 - app:82 - INFO - Socket.IO initialized - MainProcess:MainThread
2025-01-22 23:45:40,001 - app:91 - INFO - CORS, Session, and CSRF protection initialized - MainProcess:MainThread
2025-01-22 23:45:41,449 - app:98 - INFO - Database tables created - MainProcess:MainThread
2025-01-22 23:45:41,449 - app:113 - INFO - Application initialized successfully - MainProcess:MainThread
2025-01-22 23:45:41,450 - __main__:25 - INFO - Starting Flask server with SocketIO on port 5000 - MainProcess:MainThread
2025-01-22 23:45:41,450 - werkzeug:96 - WARNING -  * Debugger is active! - MainProcess:MainThread
2025-01-22 23:45:41,451 - werkzeug:96 - INFO -  * Debugger PIN: 556-663-882 - MainProcess:MainThread
2025-01-22 23:45:42,109 - app:107 - DEBUG - Rendering console page - MainProcess:GreenThread-1
2025-01-22 23:45:42,985 - engineio.server:78 - INFO - ztiavfLSiSwhsadtAAAA: Sending packet OPEN data {'sid': 'ztiavfLSiSwhsadtAAAA', 'upgrades': [], 'pingTimeout': 60000, 'pingInterval': 25000, 'maxPayload': 100000000.0} - MainProcess:GreenThread-2
2025-01-22 23:45:42,986 - engineio.server:90 - INFO - ztiavfLSiSwhsadtAAAA: Received request to upgrade to websocket - MainProcess:GreenThread-2
2025-01-22 23:45:42,986 - engineio.server:219 - INFO - ztiavfLSiSwhsadtAAAA: Upgrade to websocket successful - MainProcess:GreenThread-2
2025-01-22 23:45:43,073 - engineio.server:39 - INFO - ztiavfLSiSwhsadtAAAA: Received packet MESSAGE data 0 - MainProcess:GreenThread-2
2025-01-22 23:45:43,073 - engineio.server:78 - INFO - ztiavfLSiSwhsadtAAAA: Sending packet MESSAGE data 0{"sid":"42CPDV6j81QG-CilAAAB"} - MainProcess:GreenThread-2
2025-01-22 23:45:43,074 - app:132 - INFO - Client connected: 42CPDV6j81QG-CilAAAB - MainProcess:GreenThread-2
2025-01-22 23:45:43,076 - engineio.server:78 - INFO - ztiavfLSiSwhsadtAAAA: Sending packet MESSAGE data 2["connection_established",{"status":"connected","sid":"42CPDV6j81QG-CilAAAB"}] - MainProcess:GreenThread-2
2025-01-22 23:46:07,987 - engineio.server:78 - INFO - ztiavfLSiSwhsadtAAAA: Sending packet PING data None - MainProcess:GreenThread-3
2025-01-22 23:46:08,072 - engineio.server:39 - INFO - ztiavfLSiSwhsadtAAAA: Received packet PONG data  - MainProcess:GreenThread-2
2025-01-22 23:46:33,074 - engineio.server:78 - INFO - ztiavfLSiSwhsadtAAAA: Sending packet PING data None - MainProcess:GreenThread-4
2025-01-22 23:46:33,148 - engineio.server:39 - INFO - ztiavfLSiSwhsadtAAAA: Received packet PONG data  - MainProcess:GreenThread-2
2025-01-22 23:46:58,149 - engineio.server:78 - INFO - ztiavfLSiSwhsadtAAAA: Sending packet PING data None - MainProcess:GreenThread-5
2025-01-22 23:46:58,225 - engineio.server:39 - INFO - ztiavfLSiSwhsadtAAAA: Received packet PONG data  - MainProcess:GreenThread-2
2025-01-22 23:47:23,227 - engineio.server:78 - INFO - ztiavfLSiSwhsadtAAAA: Sending packet PING data None - MainProcess:GreenThread-6
2025-01-22 23:47:23,301 - engineio.server:39 - INFO - ztiavfLSiSwhsadtAAAA: Received packet PONG data  - MainProcess:GreenThread-2
2025-01-22 23:47:41,183 - werkzeug:96 - INFO -  * Detected change in '/home/runner/workspace/compiler_service.py', reloading - MainProcess:MainThread
