2025-01-22 23:22:08,154 - app:30 - WARNING - Redis not available, falling back to in-memory queue
2025-01-22 23:22:08,366 - engineio.server:112 - INFO - Server initialized for eventlet.
2025-01-22 23:22:08,374 - app:55 - INFO - Initializing Flask application
2025-01-22 23:22:08,385 - app:70 - DEBUG - Application configuration loaded
2025-01-22 23:22:08,458 - app:30 - WARNING - Redis not available, falling back to in-memory queue
2025-01-22 23:22:08,610 - engineio.server:112 - INFO - Server initialized for eventlet.
2025-01-22 23:22:08,611 - app:55 - INFO - Initializing Flask application
2025-01-22 23:22:08,614 - app:70 - DEBUG - Application configuration loaded
2025-01-22 23:22:08,654 - app:75 - INFO - Database initialized
2025-01-22 23:22:08,661 - engineio.server:112 - INFO - Server initialized for eventlet.
2025-01-22 23:22:08,661 - app:82 - INFO - Socket.IO initialized
2025-01-22 23:22:08,674 - app:91 - INFO - CORS, Session, and CSRF protection initialized
2025-01-22 23:22:08,718 - app:30 - WARNING - Redis not available, falling back to in-memory queue
2025-01-22 23:22:08,750 - app:75 - INFO - Database initialized
2025-01-22 23:22:08,751 - engineio.server:112 - INFO - Server initialized for eventlet.
2025-01-22 23:22:08,752 - app:82 - INFO - Socket.IO initialized
2025-01-22 23:22:08,766 - app:91 - INFO - CORS, Session, and CSRF protection initialized
2025-01-22 23:22:08,998 - engineio.server:112 - INFO - Server initialized for eventlet.
2025-01-22 23:22:09,006 - app:55 - INFO - Initializing Flask application
2025-01-22 23:22:09,011 - app:70 - DEBUG - Application configuration loaded
2025-01-22 23:22:09,286 - app:75 - INFO - Database initialized
2025-01-22 23:22:09,286 - engineio.server:112 - INFO - Server initialized for eventlet.
2025-01-22 23:22:09,286 - app:82 - INFO - Socket.IO initialized
2025-01-22 23:22:09,299 - app:91 - INFO - CORS, Session, and CSRF protection initialized
2025-01-22 23:22:09,673 - app:98 - INFO - Database tables created
2025-01-22 23:22:09,686 - app:113 - INFO - Application initialized successfully
2025-01-22 23:22:09,823 - app:98 - INFO - Database tables created
2025-01-22 23:22:09,825 - app:113 - INFO - Application initialized successfully
2025-01-22 23:22:09,879 - __main__:47 - INFO - Starting ICS3U curriculum import process...
2025-01-22 23:22:09,926 - __main__:89 - ERROR - Import failed: The current Flask app is not registered with this 'SQLAlchemy' instance. Did you forget to call 'init_app', or did you create multiple 'SQLAlchemy' instances?
2025-01-22 23:22:10,045 - __main__:47 - INFO - Starting ICS3U curriculum import process...
2025-01-22 23:22:10,183 - __main__:89 - ERROR - Import failed: The current Flask app is not registered with this 'SQLAlchemy' instance. Did you forget to call 'init_app', or did you create multiple 'SQLAlchemy' instances?
2025-01-22 23:22:10,310 - app:98 - INFO - Database tables created
2025-01-22 23:22:10,311 - app:113 - INFO - Application initialized successfully
2025-01-22 23:22:10,683 - __main__:48 - INFO - Found in file: c2.1 concevoir des algorithmes qui répondent à des problèmes mathématiques donnés.

2025-01-22 23:22:10,843 - __main__:108 - ERROR - Error during verification: The current Flask app is not registered with this 'SQLAlchemy' instance. Did you forget to call 'init_app', or did you create multiple 'SQLAlchemy' instances?
Traceback (most recent call last):
  File "/home/runner/workspace/scripts/verify_c21.py", line 55, in verify_c21
    ).first()
      ^^^^^^^
  File "/home/runner/workspace/.pythonlibs/lib/python3.11/site-packages/sqlalchemy/orm/query.py", line 2728, in first
    return self.limit(1)._iter().first()  # type: ignore
           ^^^^^^^^^^^^^^^^^^^^^
  File "/home/runner/workspace/.pythonlibs/lib/python3.11/site-packages/sqlalchemy/orm/query.py", line 2827, in _iter
    result: Union[ScalarResult[_T], Result[_T]] = self.session.execute(
                                                  ^^^^^^^^^^^^^^^^^^^^^
  File "/home/runner/workspace/.pythonlibs/lib/python3.11/site-packages/sqlalchemy/orm/session.py", line 2362, in execute
    return self._execute_internal(
           ^^^^^^^^^^^^^^^^^^^^^^^
  File "/home/runner/workspace/.pythonlibs/lib/python3.11/site-packages/sqlalchemy/orm/session.py", line 2235, in _execute_internal
    bind = self.get_bind(**bind_arguments)
           ^^^^^^^^^^^^^^^^^^^^^^^^^^^^^^^
  File "/home/runner/workspace/.pythonlibs/lib/python3.11/site-packages/flask_sqlalchemy/session.py", line 53, in get_bind
    engines = self._db.engines
              ^^^^^^^^^^^^^^^^
  File "/home/runner/workspace/.pythonlibs/lib/python3.11/site-packages/flask_sqlalchemy/extension.py", line 690, in engines
    raise RuntimeError(
RuntimeError: The current Flask app is not registered with this 'SQLAlchemy' instance. Did you forget to call 'init_app', or did you create multiple 'SQLAlchemy' instances?
