2025-01-23 02:30:13,479 - database:111 - DEBUG - Logging initialized for database - MainProcess:MainThread
2025-01-23 02:30:13,480 - app:30 - WARNING - Redis not available, falling back to in-memory queue - MainProcess:MainThread
2025-01-23 02:30:13,675 - engineio.server:112 - INFO - Server initialized for eventlet. - MainProcess:MainThread
2025-01-23 02:30:13,676 - app:55 - INFO - Initializing Flask application - MainProcess:MainThread
2025-01-23 02:30:13,677 - app:70 - DEBUG - Application configuration loaded - MainProcess:MainThread
2025-01-23 02:30:13,802 - database:111 - DEBUG - Logging initialized for database - MainProcess:MainThread
2025-01-23 02:30:13,804 - app:30 - WARNING - Redis not available, falling back to in-memory queue - MainProcess:MainThread
2025-01-23 02:30:13,851 - app:75 - INFO - Database initialized - MainProcess:MainThread
2025-01-23 02:30:13,852 - engineio.server:112 - INFO - Server initialized for eventlet. - MainProcess:MainThread
2025-01-23 02:30:13,862 - app:82 - INFO - Socket.IO initialized - MainProcess:MainThread
2025-01-23 02:30:13,879 - app:91 - INFO - CORS, Session, and CSRF protection initialized - MainProcess:MainThread
2025-01-23 02:30:14,014 - engineio.server:112 - INFO - Server initialized for eventlet. - MainProcess:MainThread
2025-01-23 02:30:14,015 - app:55 - INFO - Initializing Flask application - MainProcess:MainThread
2025-01-23 02:30:14,016 - app:70 - DEBUG - Application configuration loaded - MainProcess:MainThread
2025-01-23 02:30:14,175 - app:75 - INFO - Database initialized - MainProcess:MainThread
2025-01-23 02:30:14,175 - engineio.server:112 - INFO - Server initialized for eventlet. - MainProcess:MainThread
2025-01-23 02:30:14,176 - app:82 - INFO - Socket.IO initialized - MainProcess:MainThread
2025-01-23 02:30:14,237 - app:91 - INFO - CORS, Session, and CSRF protection initialized - MainProcess:MainThread
2025-01-23 02:30:14,903 - app:98 - INFO - Database tables created - MainProcess:MainThread
2025-01-23 02:30:14,919 - app:113 - INFO - Application initialized successfully - MainProcess:MainThread
2025-01-23 02:30:15,087 - __main__:47 - INFO - Starting ICS3U curriculum import process... - MainProcess:MainThread
2025-01-23 02:30:15,129 - __main__:89 - ERROR - Import failed: The current Flask app is not registered with this 'SQLAlchemy' instance. Did you forget to call 'init_app', or did you create multiple 'SQLAlchemy' instances? - MainProcess:MainThread
2025-01-23 02:30:15,217 - app:98 - INFO - Database tables created - MainProcess:MainThread
2025-01-23 02:30:15,218 - app:113 - INFO - Application initialized successfully - MainProcess:MainThread
2025-01-23 02:30:15,358 - __main__:47 - INFO - Starting ICS3U curriculum import process... - MainProcess:MainThread
2025-01-23 02:30:15,410 - __main__:89 - ERROR - Import failed: The current Flask app is not registered with this 'SQLAlchemy' instance. Did you forget to call 'init_app', or did you create multiple 'SQLAlchemy' instances? - MainProcess:MainThread
