2025-01-22 23:17:43,918 - engineio.server:112 - INFO - Server initialized for eventlet.
2025-01-22 23:17:43,919 - app:45 - INFO - Initializing Flask application
2025-01-22 23:17:43,920 - app:60 - DEBUG - Application configuration loaded
2025-01-22 23:17:44,026 - app:65 - INFO - Database initialized
2025-01-22 23:17:44,027 - engineio.server:112 - INFO - Server initialized for eventlet.
2025-01-22 23:17:44,028 - app:72 - INFO - Socket.IO initialized
2025-01-22 23:17:44,046 - app:81 - INFO - CORS, Session, and CSRF protection initialized
2025-01-22 23:17:45,023 - app:88 - INFO - Database tables created
2025-01-22 23:17:45,024 - app:103 - INFO - Application initialized successfully
2025-01-22 23:17:45,024 - __main__:22 - INFO - Starting Flask server with SocketIO on port 5000
2025-01-22 23:17:45,025 - werkzeug:96 - WARNING -  * Debugger is active!
2025-01-22 23:17:45,026 - werkzeug:96 - INFO -  * Debugger PIN: 109-731-870
2025-01-22 23:17:45,545 - app:97 - DEBUG - Rendering console page
2025-01-22 23:17:46,481 - engineio.server:78 - INFO - y10elYhfD59ZOboOAAAA: Sending packet OPEN data {'sid': 'y10elYhfD59ZOboOAAAA', 'upgrades': [], 'pingTimeout': 60000, 'pingInterval': 25000, 'maxPayload': 100000000.0}
2025-01-22 23:17:46,481 - socketio.server:37 - INFO - kombu backend initialized.
2025-01-22 23:17:46,482 - engineio.server:460 - ERROR - connect handler error
Traceback (most recent call last):
  File "/home/runner/workspace/.pythonlibs/lib/python3.11/site-packages/engineio/server.py", line 450, in run_handler
    return self.handlers[event](*args)
           ^^^^^^^^^^^^^^^^^^^^^^^^^^^
  File "/home/runner/workspace/.pythonlibs/lib/python3.11/site-packages/socketio/server.py", line 635, in _handle_eio_connect
    self.manager.initialize()
  File "/home/runner/workspace/.pythonlibs/lib/python3.11/site-packages/socketio/kombu_manager.py", line 76, in initialize
    raise RuntimeError(
RuntimeError: Kombu requires a monkey patched socket library to work with eventlet
2025-01-22 23:17:46,486 - engineio.server:412 - WARNING - Application rejected connection
2025-01-22 23:19:02,011 - werkzeug:96 - INFO -  * Detected change in '/home/runner/workspace/main.py', reloading
