2025-01-23 02:58:02,557 - database:111 - DEBUG - Logging initialized for database - MainProcess:MainThread
2025-01-23 02:58:02,582 - app:30 - WARNING - Redis not available, falling back to in-memory queue - MainProcess:MainThread
2025-01-23 02:58:02,796 - database:111 - DEBUG - Logging initialized for database - MainProcess:MainThread
2025-01-23 02:58:02,797 - app:30 - WARNING - Redis not available, falling back to in-memory queue - MainProcess:MainThread
2025-01-23 02:58:03,018 - engineio.server:112 - INFO - Server initialized for eventlet. - MainProcess:MainThread
2025-01-23 02:58:03,022 - app:55 - INFO - Initializing Flask application - MainProcess:MainThread
2025-01-23 02:58:03,025 - app:70 - DEBUG - Application configuration loaded - MainProcess:MainThread
2025-01-23 02:58:03,291 - app:75 - INFO - Database initialized - MainProcess:MainThread
2025-01-23 02:58:03,291 - engineio.server:112 - INFO - Server initialized for eventlet. - MainProcess:MainThread
2025-01-23 02:58:03,292 - app:82 - INFO - Socket.IO initialized - MainProcess:MainThread
2025-01-23 02:58:03,277 - engineio.server:112 - INFO - Server initialized for eventlet. - MainProcess:MainThread
2025-01-23 02:58:03,292 - app:55 - INFO - Initializing Flask application - MainProcess:MainThread
2025-01-23 02:58:03,305 - app:70 - DEBUG - Application configuration loaded - MainProcess:MainThread
2025-01-23 02:58:03,350 - app:91 - INFO - CORS, Session, and CSRF protection initialized - MainProcess:MainThread
2025-01-23 02:58:03,561 - app:75 - INFO - Database initialized - MainProcess:MainThread
2025-01-23 02:58:03,561 - engineio.server:112 - INFO - Server initialized for eventlet. - MainProcess:MainThread
2025-01-23 02:58:03,561 - app:82 - INFO - Socket.IO initialized - MainProcess:MainThread
2025-01-23 02:58:03,573 - app:91 - INFO - CORS, Session, and CSRF protection initialized - MainProcess:MainThread
2025-01-23 02:58:04,419 - app:98 - INFO - Database tables created - MainProcess:MainThread
2025-01-23 02:58:04,423 - app:113 - INFO - Application initialized successfully - MainProcess:MainThread
2025-01-23 02:58:04,591 - app:98 - INFO - Database tables created - MainProcess:MainThread
2025-01-23 02:58:04,592 - app:113 - INFO - Application initialized successfully - MainProcess:MainThread
2025-01-23 02:58:04,665 - __main__:47 - INFO - Starting ICS3U curriculum import process... - MainProcess:MainThread
2025-01-23 02:58:04,730 - __main__:23 - INFO - Starting database table creation... - MainProcess:MainThread
2025-01-23 02:58:04,929 - __main__:30 - INFO - Existing tables: ['code_submission', 'courses', 'strands', 'overall_expectations', 'specific_expectations', 'shared_code', 'audit_log', 'coding_activity', 'student', 'student_achievement', 'achievement', 'student_progress'] - MainProcess:MainThread
2025-01-23 02:58:05,053 - __main__:89 - ERROR - Import failed: The current Flask app is not registered with this 'SQLAlchemy' instance. Did you forget to call 'init_app', or did you create multiple 'SQLAlchemy' instances? - MainProcess:MainThread
2025-01-23 02:58:05,140 - __main__:37 - INFO - Tables after creation: ['code_submission', 'courses', 'strands', 'overall_expectations', 'specific_expectations', 'shared_code', 'audit_log', 'coding_activity', 'student', 'student_achievement', 'achievement', 'student_progress'] - MainProcess:MainThread
2025-01-23 02:58:05,141 - __main__:46 - INFO - Database tables created successfully! - MainProcess:MainThread
