2025-01-23 02:47:13,155 - database:111 - DEBUG - Logging initialized for database - MainProcess:MainThread
2025-01-23 02:47:13,156 - app:30 - WARNING - Redis not available, falling back to in-memory queue - MainProcess:MainThread
2025-01-23 02:47:13,480 - database:111 - DEBUG - Logging initialized for database - MainProcess:MainThread
2025-01-23 02:47:13,481 - app:30 - WARNING - Redis not available, falling back to in-memory queue - MainProcess:MainThread
2025-01-23 02:47:13,539 - engineio.server:112 - INFO - Server initialized for eventlet. - MainProcess:MainThread
2025-01-23 02:47:13,542 - app:55 - INFO - Initializing Flask application - MainProcess:MainThread
2025-01-23 02:47:13,546 - app:70 - DEBUG - Application configuration loaded - MainProcess:MainThread
2025-01-23 02:47:13,656 - engineio.server:112 - INFO - Server initialized for eventlet. - MainProcess:MainThread
2025-01-23 02:47:13,656 - app:55 - INFO - Initializing Flask application - MainProcess:MainThread
2025-01-23 02:47:13,658 - app:70 - DEBUG - Application configuration loaded - MainProcess:MainThread
2025-01-23 02:47:13,784 - app:75 - INFO - Database initialized - MainProcess:MainThread
2025-01-23 02:47:13,785 - engineio.server:112 - INFO - Server initialized for eventlet. - MainProcess:MainThread
2025-01-23 02:47:13,785 - app:82 - INFO - Socket.IO initialized - MainProcess:MainThread
2025-01-23 02:47:13,814 - app:91 - INFO - CORS, Session, and CSRF protection initialized - MainProcess:MainThread
2025-01-23 02:47:13,895 - app:75 - INFO - Database initialized - MainProcess:MainThread
2025-01-23 02:47:13,895 - engineio.server:112 - INFO - Server initialized for eventlet. - MainProcess:MainThread
2025-01-23 02:47:13,896 - app:82 - INFO - Socket.IO initialized - MainProcess:MainThread
2025-01-23 02:47:13,906 - app:91 - INFO - CORS, Session, and CSRF protection initialized - MainProcess:MainThread
2025-01-23 02:47:14,820 - app:98 - INFO - Database tables created - MainProcess:MainThread
2025-01-23 02:47:14,821 - app:113 - INFO - Application initialized successfully - MainProcess:MainThread
2025-01-23 02:47:14,887 - __main__:47 - INFO - Starting ICS3U curriculum import process... - MainProcess:MainThread
2025-01-23 02:47:14,907 - app:98 - INFO - Database tables created - MainProcess:MainThread
2025-01-23 02:47:14,909 - app:113 - INFO - Application initialized successfully - MainProcess:MainThread
2025-01-23 02:47:14,925 - __main__:89 - ERROR - Import failed: The current Flask app is not registered with this 'SQLAlchemy' instance. Did you forget to call 'init_app', or did you create multiple 'SQLAlchemy' instances? - MainProcess:MainThread
2025-01-23 02:47:15,014 - __main__:47 - INFO - Starting ICS3U curriculum import process... - MainProcess:MainThread
2025-01-23 02:47:15,060 - __main__:89 - ERROR - Import failed: The current Flask app is not registered with this 'SQLAlchemy' instance. Did you forget to call 'init_app', or did you create multiple 'SQLAlchemy' instances? - MainProcess:MainThread
