2025-01-23 15:35:40,103 - app:25 - INFO - Starting application initialization... - MainProcess:MainThread
2025-01-23 15:35:40,131 - engineio.server:112 - INFO - Server initialized for eventlet. - MainProcess:MainThread
2025-01-23 15:35:40,514 - app:25 - INFO - Starting application initialization... - MainProcess:MainThread
2025-01-23 15:35:40,542 - engineio.server:112 - INFO - Server initialized for eventlet. - MainProcess:MainThread
2025-01-23 15:35:40,577 - app:25 - INFO - Starting application initialization... - MainProcess:MainThread
2025-01-23 15:35:40,628 - engineio.server:112 - INFO - Server initialized for eventlet. - MainProcess:MainThread
2025-01-23 15:35:43,113 - app:90 - INFO - Database tables created successfully - MainProcess:MainThread
2025-01-23 15:35:43,190 - __main__:47 - INFO - Starting ICS3U curriculum import process... - MainProcess:MainThread
2025-01-23 15:35:43,496 - app:90 - INFO - Database tables created successfully - MainProcess:MainThread
2025-01-23 15:35:43,545 - app:90 - INFO - Database tables created successfully - MainProcess:MainThread
2025-01-23 15:35:43,565 - __main__:47 - INFO - Starting ICS3U curriculum import process... - MainProcess:MainThread
2025-01-23 15:35:43,574 - __main__:86 - INFO - Successfully updated strand titles and overall descriptions - MainProcess:MainThread
2025-01-23 15:35:43,647 - __main__:48 - INFO - Found in file: c2.1 concevoir des algorithmes qui répondent à des problèmes mathématiques donnés.
 - MainProcess:MainThread
2025-01-23 15:35:43,998 - __main__:86 - INFO - Successfully updated strand titles and overall descriptions - MainProcess:MainThread
2025-01-23 15:35:44,087 - __main__:62 - INFO - Database Content: - MainProcess:MainThread
2025-01-23 15:35:44,109 - __main__:63 - INFO - -------------------------------------------------- - MainProcess:MainThread
2025-01-23 15:35:44,109 - __main__:64 - INFO - Strand: - MainProcess:MainThread
2025-01-23 15:35:44,109 - __main__:65 - INFO - - Code: C - MainProcess:MainThread
2025-01-23 15:35:44,109 - __main__:66 - INFO - - Title (FR): Programmation - MainProcess:MainThread
2025-01-23 15:35:44,109 - __main__:67 - INFO - - Title (EN): Programming - MainProcess:MainThread
2025-01-23 15:35:44,110 - __main__:69 - INFO - 
Overall Expectation: - MainProcess:MainThread
2025-01-23 15:35:44,110 - __main__:70 - INFO - - Code: C2 - MainProcess:MainThread
2025-01-23 15:35:44,110 - __main__:71 - INFO - - Description (FR): Écriture - MainProcess:MainThread
2025-01-23 15:35:44,110 - __main__:72 - INFO - - Description (EN): Writing - MainProcess:MainThread
2025-01-23 15:35:44,111 - __main__:74 - INFO - 
Specific Expectation: - MainProcess:MainThread
2025-01-23 15:35:44,111 - __main__:75 - INFO - - Code: C2.1 - MainProcess:MainThread
2025-01-23 15:35:44,111 - __main__:76 - INFO - - Description (FR): Écrire du code clair et maintenable en utilisant les conventions appropriées - MainProcess:MainThread
2025-01-23 15:35:44,111 - __main__:77 - INFO - - Description (EN): Write clear and maintainable code using proper conventions - MainProcess:MainThread
2025-01-23 15:35:44,112 - __main__:93 - INFO - 
All required fields are present - MainProcess:MainThread
