2025-01-23 16:37:11,840 - __main__:25 - INFO - Starting application initialization... - MainProcess:MainThread
2025-01-23 16:37:11,869 - engineio.server:112 - INFO - Server initialized for eventlet. - MainProcess:MainThread
2025-01-23 16:37:15,232 - __main__:113 - INFO - Database tables created successfully - MainProcess:MainThread
2025-01-23 16:37:15,233 - werkzeug:96 - WARNING -  * Debugger is active! - MainProcess:MainThread
2025-01-23 16:37:15,235 - werkzeug:96 - INFO -  * Debugger PIN: 565-029-015 - MainProcess:MainThread
2025-01-23 16:37:15,548 - __main__:122 - INFO - Starting index page render - MainProcess:Thread-1 (run_server)
2025-01-23 16:37:15,549 - __main__:123 - DEBUG - Rendering index page with template parameters: title='Ontario Secondary Computer Science Curriculum', lang='en' - MainProcess:Thread-1 (run_server)
2025-01-23 16:37:15,565 - __main__:129 - INFO - Successfully rendered index page - MainProcess:Thread-1 (run_server)
2025-01-23 16:37:16,788 - engineio.server:78 - INFO - xXKoVeRmCAvWJXrsAAAA: Sending packet OPEN data {'sid': 'xXKoVeRmCAvWJXrsAAAA', 'upgrades': [], 'pingTimeout': 60000, 'pingInterval': 25000, 'maxPayload': 100000000.0} - MainProcess:Thread-1 (run_server)
2025-01-23 16:37:16,788 - engineio.server:90 - INFO - xXKoVeRmCAvWJXrsAAAA: Received request to upgrade to websocket - MainProcess:Thread-1 (run_server)
2025-01-23 16:37:16,789 - engineio.server:219 - INFO - xXKoVeRmCAvWJXrsAAAA: Upgrade to websocket successful - MainProcess:Thread-1 (run_server)
2025-01-23 16:37:16,858 - engineio.server:39 - INFO - xXKoVeRmCAvWJXrsAAAA: Received packet MESSAGE data 0 - MainProcess:Thread-1 (run_server)
2025-01-23 16:37:16,860 - __main__:147 - INFO - Client connected: {"sid": "QW77mhsRv9TXbmmuAAAB", "transport": "websocket", "user_agent": "Mozilla/5.0 (Macintosh; Intel Mac OS X 10_15_7) AppleWebKit/537.36 (KHTML, like Gecko) Chrome/132.0.0.0 Safari/537.36", "remote_addr": "172.31.196.39"} - MainProcess:Thread-1 (run_server)
2025-01-23 16:37:16,861 - engineio.server:78 - INFO - xXKoVeRmCAvWJXrsAAAA: Sending packet MESSAGE data 2["connected",{"status":"success","message":"Connected to server","sid":"QW77mhsRv9TXbmmuAAAB"}] - MainProcess:Thread-1 (run_server)
2025-01-23 16:37:16,862 - engineio.server:78 - INFO - xXKoVeRmCAvWJXrsAAAA: Sending packet MESSAGE data 0{"sid":"QW77mhsRv9TXbmmuAAAB"} - MainProcess:Thread-1 (run_server)
2025-01-23 16:37:41,814 - engineio.server:78 - INFO - xXKoVeRmCAvWJXrsAAAA: Sending packet PING data None - MainProcess:Thread-1 (run_server)
2025-01-23 16:37:41,882 - engineio.server:39 - INFO - xXKoVeRmCAvWJXrsAAAA: Received packet PONG data  - MainProcess:Thread-1 (run_server)
2025-01-23 16:38:06,907 - engineio.server:78 - INFO - xXKoVeRmCAvWJXrsAAAA: Sending packet PING data None - MainProcess:Thread-1 (run_server)
2025-01-23 16:38:06,975 - engineio.server:39 - INFO - xXKoVeRmCAvWJXrsAAAA: Received packet PONG data  - MainProcess:Thread-1 (run_server)
2025-01-23 16:38:31,991 - engineio.server:78 - INFO - xXKoVeRmCAvWJXrsAAAA: Sending packet PING data None - MainProcess:Thread-1 (run_server)
2025-01-23 16:38:32,060 - engineio.server:39 - INFO - xXKoVeRmCAvWJXrsAAAA: Received packet PONG data  - MainProcess:Thread-1 (run_server)
2025-01-23 16:38:57,072 - engineio.server:78 - INFO - xXKoVeRmCAvWJXrsAAAA: Sending packet PING data None - MainProcess:Thread-1 (run_server)
2025-01-23 16:38:57,140 - engineio.server:39 - INFO - xXKoVeRmCAvWJXrsAAAA: Received packet PONG data  - MainProcess:Thread-1 (run_server)
2025-01-23 16:39:22,146 - engineio.server:78 - INFO - xXKoVeRmCAvWJXrsAAAA: Sending packet PING data None - MainProcess:Thread-1 (run_server)
2025-01-23 16:39:22,213 - engineio.server:39 - INFO - xXKoVeRmCAvWJXrsAAAA: Received packet PONG data  - MainProcess:Thread-1 (run_server)
2025-01-23 16:39:22,983 - werkzeug:96 - INFO -  * Detected change in '/home/runner/workspace/compiler_service.py', reloading - MainProcess:MainThread
