2025-01-23 15:31:59,734 - __main__:25 - INFO - Starting application initialization... - MainProcess:MainThread
2025-01-23 15:31:59,841 - engineio.server:112 - INFO - Server initialized for eventlet. - MainProcess:MainThread
2025-01-23 15:32:00,764 - __main__:90 - INFO - Database tables created successfully - MainProcess:MainThread
2025-01-23 15:32:00,771 - werkzeug:96 - WARNING -  * Debugger is active! - MainProcess:MainThread
2025-01-23 15:32:00,773 - werkzeug:96 - INFO -  * Debugger PIN: 934-251-762 - MainProcess:MainThread
2025-01-23 15:32:01,132 - __main__:97 - DEBUG - Rendering index page - MainProcess:Thread-1 (run_server)
2025-01-23 15:32:01,945 - __main__:97 - DEBUG - Rendering index page - MainProcess:Thread-1 (run_server)
2025-01-23 15:32:02,019 - engineio.server:78 - INFO - ms8tzhvj1x3iWut5AAAA: Sending packet OPEN data {'sid': 'ms8tzhvj1x3iWut5AAAA', 'upgrades': [], 'pingTimeout': 60000, 'pingInterval': 25000, 'maxPayload': 100000000.0} - MainProcess:Thread-1 (run_server)
2025-01-23 15:32:02,019 - engineio.server:90 - INFO - ms8tzhvj1x3iWut5AAAA: Received request to upgrade to websocket - MainProcess:Thread-1 (run_server)
2025-01-23 15:32:02,019 - engineio.server:219 - INFO - ms8tzhvj1x3iWut5AAAA: Upgrade to websocket successful - MainProcess:Thread-1 (run_server)
2025-01-23 15:32:02,109 - engineio.server:39 - INFO - ms8tzhvj1x3iWut5AAAA: Received packet MESSAGE data 0 - MainProcess:Thread-1 (run_server)
2025-01-23 15:32:02,115 - __main__:114 - INFO - Client connected: {"sid": "HxjnN5QNqr1gnZh2AAAB", "transport": "websocket", "user_agent": "Mozilla/5.0 (Macintosh; Intel Mac OS X 10_15_7) AppleWebKit/537.36 (KHTML, like Gecko) Chrome/132.0.0.0 Safari/537.36", "remote_addr": "172.31.196.39"} - MainProcess:Thread-1 (run_server)
2025-01-23 15:32:02,115 - engineio.server:78 - INFO - ms8tzhvj1x3iWut5AAAA: Sending packet MESSAGE data 2["connected",{"status":"success","message":"Connected to server","sid":"HxjnN5QNqr1gnZh2AAAB"}] - MainProcess:Thread-1 (run_server)
2025-01-23 15:32:02,116 - engineio.server:78 - INFO - ms8tzhvj1x3iWut5AAAA: Sending packet MESSAGE data 0{"sid":"HxjnN5QNqr1gnZh2AAAB"} - MainProcess:Thread-1 (run_server)
2025-01-23 15:32:02,509 - engineio.server:78 - INFO - 8gfJzvvNTgq2hHUHAAAC: Sending packet OPEN data {'sid': '8gfJzvvNTgq2hHUHAAAC', 'upgrades': [], 'pingTimeout': 60000, 'pingInterval': 25000, 'maxPayload': 100000000.0} - MainProcess:Thread-1 (run_server)
2025-01-23 15:32:02,509 - engineio.server:90 - INFO - 8gfJzvvNTgq2hHUHAAAC: Received request to upgrade to websocket - MainProcess:Thread-1 (run_server)
2025-01-23 15:32:02,512 - engineio.server:219 - INFO - 8gfJzvvNTgq2hHUHAAAC: Upgrade to websocket successful - MainProcess:Thread-1 (run_server)
2025-01-23 15:32:02,528 - engineio.server:39 - INFO - 8gfJzvvNTgq2hHUHAAAC: Received packet MESSAGE data 0 - MainProcess:Thread-1 (run_server)
2025-01-23 15:32:02,530 - __main__:114 - INFO - Client connected: {"sid": "A6JDJHiW4Hgvr60TAAAD", "transport": "websocket", "user_agent": "Mozilla/5.0 (X11; Linux x86_64) AppleWebKit/537.36 (KHTML, like Gecko) HeadlessChrome/118.0.5993.88 Safari/537.36", "remote_addr": "172.31.196.39"} - MainProcess:Thread-1 (run_server)
2025-01-23 15:32:02,530 - engineio.server:78 - INFO - 8gfJzvvNTgq2hHUHAAAC: Sending packet MESSAGE data 2["connected",{"status":"success","message":"Connected to server","sid":"A6JDJHiW4Hgvr60TAAAD"}] - MainProcess:Thread-1 (run_server)
2025-01-23 15:32:02,534 - engineio.server:78 - INFO - 8gfJzvvNTgq2hHUHAAAC: Sending packet MESSAGE data 0{"sid":"A6JDJHiW4Hgvr60TAAAD"} - MainProcess:Thread-1 (run_server)
2025-01-23 15:32:03,024 - __main__:133 - INFO - Client disconnecting: A6JDJHiW4Hgvr60TAAAD - MainProcess:Thread-1 (run_server)
2025-01-23 15:32:03,024 - __main__:143 - INFO - Client disconnected: A6JDJHiW4Hgvr60TAAAD - MainProcess:Thread-1 (run_server)
