2025-01-23 18:12:28,299 - __main__:25 - INFO - Starting application initialization... - MainProcess:MainThread
2025-01-23 18:12:28,372 - engineio.server:112 - INFO - Server initialized for eventlet. - MainProcess:MainThread
2025-01-23 18:12:29,248 - __main__:113 - INFO - Database tables created successfully - MainProcess:MainThread
2025-01-23 18:12:29,261 - werkzeug:96 - WARNING -  * Debugger is active! - MainProcess:MainThread
2025-01-23 18:12:29,263 - werkzeug:96 - INFO -  * Debugger PIN: 807-730-571 - MainProcess:MainThread
2025-01-23 18:12:29,532 - __main__:122 - INFO - Starting index page render - MainProcess:Thread-1 (run_server)
2025-01-23 18:12:29,532 - __main__:123 - DEBUG - Rendering index page with template parameters: title='Ontario Secondary Computer Science Curriculum', lang='en' - MainProcess:Thread-1 (run_server)
2025-01-23 18:12:29,593 - __main__:129 - INFO - Successfully rendered index page - MainProcess:Thread-1 (run_server)
2025-01-23 18:12:30,508 - engineio.server:78 - INFO - r7JvgD3hyjAwhz92AAAA: Sending packet OPEN data {'sid': 'r7JvgD3hyjAwhz92AAAA', 'upgrades': [], 'pingTimeout': 60000, 'pingInterval': 25000, 'maxPayload': 100000000.0} - MainProcess:Thread-1 (run_server)
2025-01-23 18:12:30,510 - engineio.server:90 - INFO - r7JvgD3hyjAwhz92AAAA: Received request to upgrade to websocket - MainProcess:Thread-1 (run_server)
2025-01-23 18:12:30,511 - engineio.server:219 - INFO - r7JvgD3hyjAwhz92AAAA: Upgrade to websocket successful - MainProcess:Thread-1 (run_server)
2025-01-23 18:12:30,578 - __main__:122 - INFO - Starting index page render - MainProcess:Thread-1 (run_server)
2025-01-23 18:12:30,578 - __main__:123 - DEBUG - Rendering index page with template parameters: title='Ontario Secondary Computer Science Curriculum', lang='en' - MainProcess:Thread-1 (run_server)
2025-01-23 18:12:30,579 - __main__:129 - INFO - Successfully rendered index page - MainProcess:Thread-1 (run_server)
2025-01-23 18:12:30,580 - engineio.server:39 - INFO - r7JvgD3hyjAwhz92AAAA: Received packet MESSAGE data 0 - MainProcess:Thread-1 (run_server)
2025-01-23 18:12:30,589 - __main__:147 - INFO - Client connected: {"sid": "i09kR9sWVQvcR1ZjAAAB", "transport": "websocket", "user_agent": "Mozilla/5.0 (Macintosh; Intel Mac OS X 10_15_7) AppleWebKit/537.36 (KHTML, like Gecko) Chrome/132.0.0.0 Safari/537.36", "remote_addr": "172.31.196.39"} - MainProcess:Thread-1 (run_server)
2025-01-23 18:12:30,590 - engineio.server:78 - INFO - r7JvgD3hyjAwhz92AAAA: Sending packet MESSAGE data 2["connected",{"status":"success","message":"Connected to server","sid":"i09kR9sWVQvcR1ZjAAAB"}] - MainProcess:Thread-1 (run_server)
2025-01-23 18:12:30,591 - engineio.server:78 - INFO - r7JvgD3hyjAwhz92AAAA: Sending packet MESSAGE data 0{"sid":"i09kR9sWVQvcR1ZjAAAB"} - MainProcess:Thread-1 (run_server)
2025-01-23 18:12:31,175 - engineio.server:78 - INFO - WU4r6S7dSIUGVSs3AAAC: Sending packet OPEN data {'sid': 'WU4r6S7dSIUGVSs3AAAC', 'upgrades': [], 'pingTimeout': 60000, 'pingInterval': 25000, 'maxPayload': 100000000.0} - MainProcess:Thread-1 (run_server)
2025-01-23 18:12:31,176 - engineio.server:90 - INFO - WU4r6S7dSIUGVSs3AAAC: Received request to upgrade to websocket - MainProcess:Thread-1 (run_server)
2025-01-23 18:12:31,176 - engineio.server:219 - INFO - WU4r6S7dSIUGVSs3AAAC: Upgrade to websocket successful - MainProcess:Thread-1 (run_server)
2025-01-23 18:12:31,252 - engineio.server:39 - INFO - WU4r6S7dSIUGVSs3AAAC: Received packet MESSAGE data 0 - MainProcess:Thread-1 (run_server)
2025-01-23 18:12:31,254 - __main__:147 - INFO - Client connected: {"sid": "0XQpu0eCGyayVCP_AAAD", "transport": "websocket", "user_agent": "Mozilla/5.0 (Macintosh; Intel Mac OS X 10_15_7) AppleWebKit/537.36 (KHTML, like Gecko) Chrome/132.0.0.0 Safari/537.36", "remote_addr": "172.31.196.39"} - MainProcess:Thread-1 (run_server)
2025-01-23 18:12:31,255 - engineio.server:78 - INFO - WU4r6S7dSIUGVSs3AAAC: Sending packet MESSAGE data 2["connected",{"status":"success","message":"Connected to server","sid":"0XQpu0eCGyayVCP_AAAD"}] - MainProcess:Thread-1 (run_server)
2025-01-23 18:12:31,255 - engineio.server:78 - INFO - WU4r6S7dSIUGVSs3AAAC: Sending packet MESSAGE data 0{"sid":"0XQpu0eCGyayVCP_AAAD"} - MainProcess:Thread-1 (run_server)
2025-01-23 18:12:31,436 - __main__:122 - INFO - Starting index page render - MainProcess:Thread-1 (run_server)
2025-01-23 18:12:31,437 - __main__:123 - DEBUG - Rendering index page with template parameters: title='Ontario Secondary Computer Science Curriculum', lang='en' - MainProcess:Thread-1 (run_server)
2025-01-23 18:12:31,438 - __main__:129 - INFO - Successfully rendered index page - MainProcess:Thread-1 (run_server)
2025-01-23 18:12:32,093 - engineio.server:78 - INFO - ZHdtiKRn6B7QM0fGAAAE: Sending packet OPEN data {'sid': 'ZHdtiKRn6B7QM0fGAAAE', 'upgrades': [], 'pingTimeout': 60000, 'pingInterval': 25000, 'maxPayload': 100000000.0} - MainProcess:Thread-1 (run_server)
2025-01-23 18:12:32,094 - engineio.server:90 - INFO - ZHdtiKRn6B7QM0fGAAAE: Received request to upgrade to websocket - MainProcess:Thread-1 (run_server)
2025-01-23 18:12:32,095 - engineio.server:219 - INFO - ZHdtiKRn6B7QM0fGAAAE: Upgrade to websocket successful - MainProcess:Thread-1 (run_server)
2025-01-23 18:12:32,126 - engineio.server:39 - INFO - ZHdtiKRn6B7QM0fGAAAE: Received packet MESSAGE data 0 - MainProcess:Thread-1 (run_server)
2025-01-23 18:12:32,129 - __main__:147 - INFO - Client connected: {"sid": "SPjcGBQEyyTb-wqEAAAF", "transport": "websocket", "user_agent": "Mozilla/5.0 (X11; Linux x86_64) AppleWebKit/537.36 (KHTML, like Gecko) HeadlessChrome/118.0.5993.88 Safari/537.36", "remote_addr": "172.31.196.39"} - MainProcess:Thread-1 (run_server)
2025-01-23 18:12:32,129 - engineio.server:78 - INFO - ZHdtiKRn6B7QM0fGAAAE: Sending packet MESSAGE data 2["connected",{"status":"success","message":"Connected to server","sid":"SPjcGBQEyyTb-wqEAAAF"}] - MainProcess:Thread-1 (run_server)
2025-01-23 18:12:32,130 - engineio.server:78 - INFO - ZHdtiKRn6B7QM0fGAAAE: Sending packet MESSAGE data 0{"sid":"SPjcGBQEyyTb-wqEAAAF"} - MainProcess:Thread-1 (run_server)
2025-01-23 18:12:32,477 - __main__:166 - INFO - Client disconnecting: SPjcGBQEyyTb-wqEAAAF - MainProcess:Thread-1 (run_server)
2025-01-23 18:12:32,478 - __main__:177 - INFO - Client disconnected: SPjcGBQEyyTb-wqEAAAF - MainProcess:Thread-1 (run_server)
