2025-01-23 17:42:40,477 - app:25 - INFO - Starting application initialization... - MainProcess:MainThread
2025-01-23 17:42:40,479 - app:25 - INFO - Starting application initialization... - MainProcess:MainThread
2025-01-23 17:42:40,527 - engineio.server:112 - INFO - Server initialized for eventlet. - MainProcess:MainThread
2025-01-23 17:42:40,534 - engineio.server:112 - INFO - Server initialized for eventlet. - MainProcess:MainThread
2025-01-23 17:42:40,785 - app:25 - INFO - Starting application initialization... - MainProcess:MainThread
2025-01-23 17:42:40,833 - engineio.server:112 - INFO - Server initialized for eventlet. - MainProcess:MainThread
2025-01-23 17:42:41,398 - app:113 - INFO - Database tables created successfully - MainProcess:MainThread
2025-01-23 17:42:41,425 - app:113 - INFO - Database tables created successfully - MainProcess:MainThread
2025-01-23 17:42:41,441 - __main__:48 - INFO - Found in file: c2.1 concevoir des algorithmes qui répondent à des problèmes mathématiques donnés.
 - MainProcess:MainThread
2025-01-23 17:42:41,463 - __main__:333 - INFO - Starting ICD2O curriculum import process... - MainProcess:MainThread
2025-01-23 17:42:41,698 - app:113 - INFO - Database tables created successfully - MainProcess:MainThread
2025-01-23 17:42:41,813 - __main__:62 - INFO - Database Content: - MainProcess:MainThread
2025-01-23 17:42:41,813 - __main__:63 - INFO - -------------------------------------------------- - MainProcess:MainThread
2025-01-23 17:42:41,813 - __main__:64 - INFO - Strand: - MainProcess:MainThread
2025-01-23 17:42:41,814 - __main__:65 - INFO - - Code: C - MainProcess:MainThread
2025-01-23 17:42:41,814 - __main__:66 - INFO - - Title (FR): Programmation - MainProcess:MainThread
2025-01-23 17:42:41,814 - __main__:67 - INFO - - Title (EN): Programming - MainProcess:MainThread
2025-01-23 17:42:41,814 - __main__:69 - INFO - 
Overall Expectation: - MainProcess:MainThread
2025-01-23 17:42:41,814 - __main__:70 - INFO - - Code: C2 - MainProcess:MainThread
2025-01-23 17:42:41,815 - __main__:71 - INFO - - Description (FR): Écriture - MainProcess:MainThread
2025-01-23 17:42:41,815 - __main__:72 - INFO - - Description (EN): Writing - MainProcess:MainThread
2025-01-23 17:42:41,816 - __main__:74 - INFO - 
Specific Expectation: - MainProcess:MainThread
2025-01-23 17:42:41,816 - __main__:75 - INFO - - Code: C2.1 - MainProcess:MainThread
2025-01-23 17:42:41,816 - __main__:76 - INFO - - Description (FR): Écrire du code clair et maintenable en utilisant les conventions appropriées - MainProcess:MainThread
2025-01-23 17:42:41,817 - __main__:77 - INFO - - Description (EN): Write clear and maintainable code using proper conventions - MainProcess:MainThread
2025-01-23 17:42:41,818 - __main__:93 - INFO - 
All required fields are present - MainProcess:MainThread
2025-01-23 17:42:41,825 - __main__:47 - INFO - Starting ICS3U curriculum import process... - MainProcess:MainThread
2025-01-23 17:42:42,180 - __main__:55 - INFO - Successfully cleared existing data for course ICD2O - MainProcess:MainThread
2025-01-23 17:42:42,341 - __main__:86 - INFO - Successfully updated strand titles and overall descriptions - MainProcess:MainThread
2025-01-23 17:42:42,609 - __main__:354 - INFO - Created course: ICD2O - MainProcess:MainThread
2025-01-23 17:42:42,609 - __main__:86 - INFO - Creating strand A - MainProcess:MainThread
2025-01-23 17:42:42,672 - __main__:96 - INFO - Created strand A: Computational Thinking and Making Connections - MainProcess:MainThread
2025-01-23 17:42:42,672 - __main__:86 - INFO - Creating strand B - MainProcess:MainThread
2025-01-23 17:42:42,731 - __main__:96 - INFO - Created strand B: Hardware, Software, and Innovations - MainProcess:MainThread
2025-01-23 17:42:42,732 - __main__:86 - INFO - Creating strand C - MainProcess:MainThread
2025-01-23 17:42:42,809 - __main__:96 - INFO - Created strand C: Programming - MainProcess:MainThread
2025-01-23 17:42:43,166 - __main__:282 - INFO - Processing expectations for strand A - MainProcess:MainThread
2025-01-23 17:42:43,167 - __main__:285 - INFO - Creating overall expectation A1 - MainProcess:MainThread
2025-01-23 17:42:43,230 - __main__:304 - DEBUG - Creating specific expectation A1.1 - MainProcess:MainThread
2025-01-23 17:42:43,231 - __main__:304 - DEBUG - Creating specific expectation A1.2 - MainProcess:MainThread
2025-01-23 17:42:43,231 - __main__:304 - DEBUG - Creating specific expectation A1.3 - MainProcess:MainThread
2025-01-23 17:42:43,309 - __main__:314 - INFO - Created overall expectation A1 with its specific expectations - MainProcess:MainThread
2025-01-23 17:42:43,309 - __main__:285 - INFO - Creating overall expectation A2 - MainProcess:MainThread
2025-01-23 17:42:43,367 - __main__:304 - DEBUG - Creating specific expectation A2.1 - MainProcess:MainThread
2025-01-23 17:42:43,368 - __main__:304 - DEBUG - Creating specific expectation A2.2 - MainProcess:MainThread
2025-01-23 17:42:43,428 - __main__:314 - INFO - Created overall expectation A2 with its specific expectations - MainProcess:MainThread
2025-01-23 17:42:43,429 - __main__:285 - INFO - Creating overall expectation A3 - MainProcess:MainThread
2025-01-23 17:42:43,488 - __main__:304 - DEBUG - Creating specific expectation A3.1 - MainProcess:MainThread
2025-01-23 17:42:43,492 - __main__:304 - DEBUG - Creating specific expectation A3.2 - MainProcess:MainThread
2025-01-23 17:42:43,557 - __main__:314 - INFO - Created overall expectation A3 with its specific expectations - MainProcess:MainThread
2025-01-23 17:42:43,558 - __main__:316 - INFO - Completed processing expectations for strand A - MainProcess:MainThread
2025-01-23 17:42:43,616 - __main__:282 - INFO - Processing expectations for strand B - MainProcess:MainThread
2025-01-23 17:42:43,616 - __main__:285 - INFO - Creating overall expectation B1 - MainProcess:MainThread
2025-01-23 17:42:43,847 - __main__:304 - DEBUG - Creating specific expectation B1.1 - MainProcess:MainThread
2025-01-23 17:42:43,848 - __main__:304 - DEBUG - Creating specific expectation B1.2 - MainProcess:MainThread
2025-01-23 17:42:43,907 - __main__:314 - INFO - Created overall expectation B1 with its specific expectations - MainProcess:MainThread
2025-01-23 17:42:43,907 - __main__:285 - INFO - Creating overall expectation B2 - MainProcess:MainThread
2025-01-23 17:42:43,966 - __main__:304 - DEBUG - Creating specific expectation B2.1 - MainProcess:MainThread
2025-01-23 17:42:43,966 - __main__:304 - DEBUG - Creating specific expectation B2.2 - MainProcess:MainThread
2025-01-23 17:42:44,027 - __main__:314 - INFO - Created overall expectation B2 with its specific expectations - MainProcess:MainThread
2025-01-23 17:42:44,027 - __main__:285 - INFO - Creating overall expectation B3 - MainProcess:MainThread
2025-01-23 17:42:44,086 - __main__:304 - DEBUG - Creating specific expectation B3.1 - MainProcess:MainThread
2025-01-23 17:42:44,086 - __main__:304 - DEBUG - Creating specific expectation B3.2 - MainProcess:MainThread
2025-01-23 17:42:44,145 - __main__:314 - INFO - Created overall expectation B3 with its specific expectations - MainProcess:MainThread
2025-01-23 17:42:44,145 - __main__:285 - INFO - Creating overall expectation B4 - MainProcess:MainThread
2025-01-23 17:42:44,204 - __main__:304 - DEBUG - Creating specific expectation B4.1 - MainProcess:MainThread
2025-01-23 17:42:44,204 - __main__:304 - DEBUG - Creating specific expectation B4.2 - MainProcess:MainThread
2025-01-23 17:42:44,263 - __main__:314 - INFO - Created overall expectation B4 with its specific expectations - MainProcess:MainThread
2025-01-23 17:42:44,263 - __main__:316 - INFO - Completed processing expectations for strand B - MainProcess:MainThread
2025-01-23 17:42:44,322 - __main__:282 - INFO - Processing expectations for strand C - MainProcess:MainThread
2025-01-23 17:42:44,322 - __main__:285 - INFO - Creating overall expectation C1 - MainProcess:MainThread
2025-01-23 17:42:44,558 - __main__:304 - DEBUG - Creating specific expectation C1.1 - MainProcess:MainThread
2025-01-23 17:42:44,560 - __main__:304 - DEBUG - Creating specific expectation C1.2 - MainProcess:MainThread
2025-01-23 17:42:44,560 - __main__:304 - DEBUG - Creating specific expectation C1.3 - MainProcess:MainThread
2025-01-23 17:42:44,625 - __main__:314 - INFO - Created overall expectation C1 with its specific expectations - MainProcess:MainThread
2025-01-23 17:42:44,625 - __main__:285 - INFO - Creating overall expectation C2 - MainProcess:MainThread
2025-01-23 17:42:44,684 - __main__:304 - DEBUG - Creating specific expectation C2.1 - MainProcess:MainThread
2025-01-23 17:42:44,685 - __main__:304 - DEBUG - Creating specific expectation C2.2 - MainProcess:MainThread
2025-01-23 17:42:44,745 - __main__:314 - INFO - Created overall expectation C2 with its specific expectations - MainProcess:MainThread
2025-01-23 17:42:44,745 - __main__:285 - INFO - Creating overall expectation C3 - MainProcess:MainThread
2025-01-23 17:42:44,804 - __main__:304 - DEBUG - Creating specific expectation C3.1 - MainProcess:MainThread
2025-01-23 17:42:44,806 - __main__:304 - DEBUG - Creating specific expectation C3.2 - MainProcess:MainThread
2025-01-23 17:42:44,866 - __main__:314 - INFO - Created overall expectation C3 with its specific expectations - MainProcess:MainThread
2025-01-23 17:42:44,867 - __main__:316 - INFO - Completed processing expectations for strand C - MainProcess:MainThread
2025-01-23 17:42:45,297 - __main__:377 - INFO - Final verification: - MainProcess:MainThread
2025-01-23 17:42:45,297 - __main__:378 - INFO - - Course: ICD2O - MainProcess:MainThread
2025-01-23 17:42:45,297 - __main__:379 - INFO - - Strands: 3 - MainProcess:MainThread
2025-01-23 17:42:45,297 - __main__:380 - INFO - - Overall Expectations: 10 - MainProcess:MainThread
2025-01-23 17:42:45,297 - __main__:381 - INFO - - Specific Expectations: 22 - MainProcess:MainThread
