2025-01-23 15:45:18,752 - __main__:25 - INFO - Starting application initialization... - MainProcess:MainThread
2025-01-23 15:45:18,843 - engineio.server:112 - INFO - Server initialized for eventlet. - MainProcess:MainThread
2025-01-23 15:45:19,821 - __main__:113 - INFO - Database tables created successfully - MainProcess:MainThread
2025-01-23 15:45:19,823 - werkzeug:96 - WARNING -  * Debugger is active! - MainProcess:MainThread
2025-01-23 15:45:19,825 - werkzeug:96 - INFO -  * Debugger PIN: 595-857-436 - MainProcess:MainThread
2025-01-23 15:45:20,116 - __main__:120 - DEBUG - Rendering index page - MainProcess:Thread-1 (run_server)
2025-01-23 15:45:20,609 - __main__:120 - DEBUG - Rendering index page - MainProcess:Thread-1 (run_server)
2025-01-23 15:45:20,995 - engineio.server:78 - INFO - erzWX_rTFx1cbIsVAAAA: Sending packet OPEN data {'sid': 'erzWX_rTFx1cbIsVAAAA', 'upgrades': [], 'pingTimeout': 60000, 'pingInterval': 25000, 'maxPayload': 100000000.0} - MainProcess:Thread-1 (run_server)
2025-01-23 15:45:21,019 - engineio.server:90 - INFO - erzWX_rTFx1cbIsVAAAA: Received request to upgrade to websocket - MainProcess:Thread-1 (run_server)
2025-01-23 15:45:21,019 - engineio.server:219 - INFO - erzWX_rTFx1cbIsVAAAA: Upgrade to websocket successful - MainProcess:Thread-1 (run_server)
2025-01-23 15:45:21,111 - engineio.server:39 - INFO - erzWX_rTFx1cbIsVAAAA: Received packet MESSAGE data 0 - MainProcess:Thread-1 (run_server)
2025-01-23 15:45:21,113 - __main__:137 - INFO - Client connected: {"sid": "lHHZsVJeGunNydwkAAAB", "transport": "websocket", "user_agent": "Mozilla/5.0 (Macintosh; Intel Mac OS X 10_15_7) AppleWebKit/537.36 (KHTML, like Gecko) Chrome/132.0.0.0 Safari/537.36", "remote_addr": "172.31.196.39"} - MainProcess:Thread-1 (run_server)
2025-01-23 15:45:21,113 - engineio.server:78 - INFO - erzWX_rTFx1cbIsVAAAA: Sending packet MESSAGE data 2["connected",{"status":"success","message":"Connected to server","sid":"lHHZsVJeGunNydwkAAAB"}] - MainProcess:Thread-1 (run_server)
2025-01-23 15:45:21,113 - engineio.server:78 - INFO - erzWX_rTFx1cbIsVAAAA: Sending packet MESSAGE data 0{"sid":"lHHZsVJeGunNydwkAAAB"} - MainProcess:Thread-1 (run_server)
2025-01-23 15:45:21,184 - __main__:120 - DEBUG - Rendering index page - MainProcess:Thread-1 (run_server)
2025-01-23 15:45:21,321 - engineio.server:78 - INFO - -8TUcdWc8Wcl2LAYAAAC: Sending packet OPEN data {'sid': '-8TUcdWc8Wcl2LAYAAAC', 'upgrades': [], 'pingTimeout': 60000, 'pingInterval': 25000, 'maxPayload': 100000000.0} - MainProcess:Thread-1 (run_server)
2025-01-23 15:45:21,321 - engineio.server:90 - INFO - -8TUcdWc8Wcl2LAYAAAC: Received request to upgrade to websocket - MainProcess:Thread-1 (run_server)
2025-01-23 15:45:21,322 - engineio.server:219 - INFO - -8TUcdWc8Wcl2LAYAAAC: Upgrade to websocket successful - MainProcess:Thread-1 (run_server)
2025-01-23 15:45:21,390 - engineio.server:39 - INFO - -8TUcdWc8Wcl2LAYAAAC: Received packet MESSAGE data 0 - MainProcess:Thread-1 (run_server)
2025-01-23 15:45:21,392 - __main__:137 - INFO - Client connected: {"sid": "ZRuvrL4hnoLAXxhIAAAD", "transport": "websocket", "user_agent": "Mozilla/5.0 (Macintosh; Intel Mac OS X 10_15_7) AppleWebKit/537.36 (KHTML, like Gecko) Chrome/132.0.0.0 Safari/537.36", "remote_addr": "172.31.196.39"} - MainProcess:Thread-1 (run_server)
2025-01-23 15:45:21,392 - engineio.server:78 - INFO - -8TUcdWc8Wcl2LAYAAAC: Sending packet MESSAGE data 2["connected",{"status":"success","message":"Connected to server","sid":"ZRuvrL4hnoLAXxhIAAAD"}] - MainProcess:Thread-1 (run_server)
2025-01-23 15:45:21,393 - engineio.server:78 - INFO - -8TUcdWc8Wcl2LAYAAAC: Sending packet MESSAGE data 0{"sid":"ZRuvrL4hnoLAXxhIAAAD"} - MainProcess:Thread-1 (run_server)
2025-01-23 15:45:21,723 - engineio.server:78 - INFO - lmwZBMphFFe2D2aEAAAE: Sending packet OPEN data {'sid': 'lmwZBMphFFe2D2aEAAAE', 'upgrades': [], 'pingTimeout': 60000, 'pingInterval': 25000, 'maxPayload': 100000000.0} - MainProcess:Thread-1 (run_server)
2025-01-23 15:45:21,723 - engineio.server:90 - INFO - lmwZBMphFFe2D2aEAAAE: Received request to upgrade to websocket - MainProcess:Thread-1 (run_server)
2025-01-23 15:45:21,724 - engineio.server:219 - INFO - lmwZBMphFFe2D2aEAAAE: Upgrade to websocket successful - MainProcess:Thread-1 (run_server)
2025-01-23 15:45:21,736 - engineio.server:39 - INFO - lmwZBMphFFe2D2aEAAAE: Received packet MESSAGE data 0 - MainProcess:Thread-1 (run_server)
2025-01-23 15:45:21,743 - __main__:137 - INFO - Client connected: {"sid": "6gkNCs5S2xTrX5q3AAAF", "transport": "websocket", "user_agent": "Mozilla/5.0 (X11; Linux x86_64) AppleWebKit/537.36 (KHTML, like Gecko) HeadlessChrome/118.0.5993.88 Safari/537.36", "remote_addr": "172.31.196.39"} - MainProcess:Thread-1 (run_server)
2025-01-23 15:45:21,744 - engineio.server:78 - INFO - lmwZBMphFFe2D2aEAAAE: Sending packet MESSAGE data 2["connected",{"status":"success","message":"Connected to server","sid":"6gkNCs5S2xTrX5q3AAAF"}] - MainProcess:Thread-1 (run_server)
2025-01-23 15:45:21,744 - engineio.server:78 - INFO - lmwZBMphFFe2D2aEAAAE: Sending packet MESSAGE data 0{"sid":"6gkNCs5S2xTrX5q3AAAF"} - MainProcess:Thread-1 (run_server)
2025-01-23 15:45:22,294 - __main__:156 - INFO - Client disconnecting: 6gkNCs5S2xTrX5q3AAAF - MainProcess:Thread-1 (run_server)
2025-01-23 15:45:22,294 - __main__:167 - INFO - Client disconnected: 6gkNCs5S2xTrX5q3AAAF - MainProcess:Thread-1 (run_server)
