2025-01-23 15:48:25,049 - app:25 - INFO - Starting application initialization... - MainProcess:MainThread
2025-01-23 15:48:25,055 - app:25 - INFO - Starting application initialization... - MainProcess:MainThread
2025-01-23 15:48:25,056 - app:25 - INFO - Starting application initialization... - MainProcess:MainThread
2025-01-23 15:48:25,056 - app:25 - INFO - Starting application initialization... - MainProcess:MainThread
2025-01-23 15:48:25,075 - app:25 - INFO - Starting application initialization... - MainProcess:MainThread
2025-01-23 15:48:25,141 - engineio.server:112 - INFO - Server initialized for eventlet. - MainProcess:MainThread
2025-01-23 15:48:25,143 - engineio.server:112 - INFO - Server initialized for eventlet. - MainProcess:MainThread
2025-01-23 15:48:25,146 - engineio.server:112 - INFO - Server initialized for eventlet. - MainProcess:MainThread
2025-01-23 15:48:25,165 - engineio.server:112 - INFO - Server initialized for eventlet. - MainProcess:MainThread
2025-01-23 15:48:25,173 - engineio.server:112 - INFO - Server initialized for eventlet. - MainProcess:MainThread
2025-01-23 15:48:25,210 - app:25 - INFO - Starting application initialization... - MainProcess:MainThread
2025-01-23 15:48:25,237 - engineio.server:112 - INFO - Server initialized for eventlet. - MainProcess:MainThread
2025-01-23 15:48:26,083 - app:113 - INFO - Database tables created successfully - MainProcess:MainThread
2025-01-23 15:48:26,082 - app:113 - INFO - Database tables created successfully - MainProcess:MainThread
2025-01-23 15:48:26,138 - __main__:47 - INFO - Starting ICS3U curriculum import process... - MainProcess:MainThread
2025-01-23 15:48:26,143 - __main__:333 - INFO - Starting ICD2O curriculum import process... - MainProcess:MainThread
2025-01-23 15:48:26,492 - __main__:86 - INFO - Successfully updated strand titles and overall descriptions - MainProcess:MainThread
2025-01-23 15:48:26,824 - __main__:55 - INFO - Successfully cleared existing data for course ICD2O - MainProcess:MainThread
2025-01-23 15:48:27,264 - __main__:354 - INFO - Created course: ICD2O - MainProcess:MainThread
2025-01-23 15:48:27,265 - __main__:86 - INFO - Creating strand A - MainProcess:MainThread
2025-01-23 15:48:27,334 - __main__:96 - INFO - Created strand A: Computational Thinking and Making Connections - MainProcess:MainThread
2025-01-23 15:48:27,334 - __main__:86 - INFO - Creating strand B - MainProcess:MainThread
2025-01-23 15:48:27,408 - __main__:96 - INFO - Created strand B: Hardware, Software, and Innovations - MainProcess:MainThread
2025-01-23 15:48:27,408 - __main__:86 - INFO - Creating strand C - MainProcess:MainThread
2025-01-23 15:48:27,465 - __main__:96 - INFO - Created strand C: Programming - MainProcess:MainThread
2025-01-23 15:48:27,822 - __main__:282 - INFO - Processing expectations for strand A - MainProcess:MainThread
2025-01-23 15:48:27,823 - __main__:285 - INFO - Creating overall expectation A1 - MainProcess:MainThread
2025-01-23 15:48:27,908 - __main__:304 - DEBUG - Creating specific expectation A1.1 - MainProcess:MainThread
2025-01-23 15:48:27,930 - __main__:304 - DEBUG - Creating specific expectation A1.2 - MainProcess:MainThread
2025-01-23 15:48:27,931 - __main__:304 - DEBUG - Creating specific expectation A1.3 - MainProcess:MainThread
2025-01-23 15:48:28,009 - __main__:314 - INFO - Created overall expectation A1 with its specific expectations - MainProcess:MainThread
2025-01-23 15:48:28,010 - __main__:285 - INFO - Creating overall expectation A2 - MainProcess:MainThread
2025-01-23 15:48:28,041 - app:113 - INFO - Database tables created successfully - MainProcess:MainThread
2025-01-23 15:48:28,067 - __main__:304 - DEBUG - Creating specific expectation A2.1 - MainProcess:MainThread
2025-01-23 15:48:28,067 - __main__:304 - DEBUG - Creating specific expectation A2.2 - MainProcess:MainThread
2025-01-23 15:48:28,069 - app:113 - INFO - Database tables created successfully - MainProcess:MainThread
2025-01-23 15:48:28,083 - app:113 - INFO - Database tables created successfully - MainProcess:MainThread
2025-01-23 15:48:28,125 - __main__:314 - INFO - Created overall expectation A2 with its specific expectations - MainProcess:MainThread
2025-01-23 15:48:28,126 - __main__:285 - INFO - Creating overall expectation A3 - MainProcess:MainThread
2025-01-23 15:48:28,136 - __main__:47 - INFO - Starting ICS3U curriculum import process... - MainProcess:MainThread
2025-01-23 15:48:28,160 - __main__:23 - INFO - Starting database table creation... - MainProcess:MainThread
2025-01-23 15:48:28,208 - __main__:304 - DEBUG - Creating specific expectation A3.1 - MainProcess:MainThread
2025-01-23 15:48:28,209 - __main__:304 - DEBUG - Creating specific expectation A3.2 - MainProcess:MainThread
2025-01-23 15:48:28,221 - app:113 - INFO - Database tables created successfully - MainProcess:MainThread
2025-01-23 15:48:28,228 - __main__:48 - INFO - Found in file: c2.1 concevoir des algorithmes qui répondent à des problèmes mathématiques donnés.
 - MainProcess:MainThread
2025-01-23 15:48:28,266 - __main__:314 - INFO - Created overall expectation A3 with its specific expectations - MainProcess:MainThread
2025-01-23 15:48:28,266 - __main__:316 - INFO - Completed processing expectations for strand A - MainProcess:MainThread
2025-01-23 15:48:28,323 - __main__:282 - INFO - Processing expectations for strand B - MainProcess:MainThread
2025-01-23 15:48:28,325 - __main__:285 - INFO - Creating overall expectation B1 - MainProcess:MainThread
2025-01-23 15:48:28,508 - __main__:30 - INFO - Existing tables: ['student', 'student_achievement', 'achievement', 'student_progress', 'coding_activity', 'code_submission', 'shared_code', 'audit_log', 'courses', 'strands', 'overall_expectations', 'specific_expectations'] - MainProcess:MainThread
2025-01-23 15:48:28,565 - __main__:304 - DEBUG - Creating specific expectation B1.1 - MainProcess:MainThread
2025-01-23 15:48:28,566 - __main__:304 - DEBUG - Creating specific expectation B1.2 - MainProcess:MainThread
2025-01-23 15:48:28,577 - __main__:96 - ERROR - 
C2.1 expectation not found in database - MainProcess:MainThread
2025-01-23 15:48:28,623 - __main__:314 - INFO - Created overall expectation B1 with its specific expectations - MainProcess:MainThread
2025-01-23 15:48:28,623 - __main__:285 - INFO - Creating overall expectation B2 - MainProcess:MainThread
2025-01-23 15:48:28,666 - __main__:101 - INFO - 
Available codes: - MainProcess:MainThread
2025-01-23 15:48:28,667 - __main__:103 - INFO - - A1.1 - MainProcess:MainThread
2025-01-23 15:48:28,667 - __main__:103 - INFO - - A1.2 - MainProcess:MainThread
2025-01-23 15:48:28,667 - __main__:103 - INFO - - A1.3 - MainProcess:MainThread
2025-01-23 15:48:28,667 - __main__:103 - INFO - - A2.1 - MainProcess:MainThread
2025-01-23 15:48:28,667 - __main__:103 - INFO - - A2.2 - MainProcess:MainThread
2025-01-23 15:48:28,667 - __main__:103 - INFO - - A3.1 - MainProcess:MainThread
2025-01-23 15:48:28,667 - __main__:103 - INFO - - A3.2 - MainProcess:MainThread
2025-01-23 15:48:28,709 - __main__:304 - DEBUG - Creating specific expectation B2.1 - MainProcess:MainThread
2025-01-23 15:48:28,710 - __main__:304 - DEBUG - Creating specific expectation B2.2 - MainProcess:MainThread
2025-01-23 15:48:28,731 - __main__:86 - INFO - Successfully updated strand titles and overall descriptions - MainProcess:MainThread
2025-01-23 15:48:28,770 - __main__:314 - INFO - Created overall expectation B2 with its specific expectations - MainProcess:MainThread
2025-01-23 15:48:28,771 - __main__:285 - INFO - Creating overall expectation B3 - MainProcess:MainThread
2025-01-23 15:48:28,827 - __main__:304 - DEBUG - Creating specific expectation B3.1 - MainProcess:MainThread
2025-01-23 15:48:28,828 - __main__:304 - DEBUG - Creating specific expectation B3.2 - MainProcess:MainThread
2025-01-23 15:48:28,910 - __main__:314 - INFO - Created overall expectation B3 with its specific expectations - MainProcess:MainThread
2025-01-23 15:48:28,912 - __main__:285 - INFO - Creating overall expectation B4 - MainProcess:MainThread
2025-01-23 15:48:28,969 - __main__:304 - DEBUG - Creating specific expectation B4.1 - MainProcess:MainThread
2025-01-23 15:48:28,969 - __main__:304 - DEBUG - Creating specific expectation B4.2 - MainProcess:MainThread
2025-01-23 15:48:29,030 - __main__:314 - INFO - Created overall expectation B4 with its specific expectations - MainProcess:MainThread
2025-01-23 15:48:29,031 - __main__:316 - INFO - Completed processing expectations for strand B - MainProcess:MainThread
2025-01-23 15:48:29,109 - __main__:282 - INFO - Processing expectations for strand C - MainProcess:MainThread
2025-01-23 15:48:29,109 - __main__:285 - INFO - Creating overall expectation C1 - MainProcess:MainThread
2025-01-23 15:48:29,367 - __main__:304 - DEBUG - Creating specific expectation C1.1 - MainProcess:MainThread
2025-01-23 15:48:29,368 - __main__:304 - DEBUG - Creating specific expectation C1.2 - MainProcess:MainThread
2025-01-23 15:48:29,368 - __main__:304 - DEBUG - Creating specific expectation C1.3 - MainProcess:MainThread
2025-01-23 15:48:29,443 - __main__:314 - INFO - Created overall expectation C1 with its specific expectations - MainProcess:MainThread
2025-01-23 15:48:29,446 - __main__:285 - INFO - Creating overall expectation C2 - MainProcess:MainThread
2025-01-23 15:48:29,513 - __main__:304 - DEBUG - Creating specific expectation C2.1 - MainProcess:MainThread
2025-01-23 15:48:29,513 - __main__:304 - DEBUG - Creating specific expectation C2.2 - MainProcess:MainThread
2025-01-23 15:48:29,608 - __main__:314 - INFO - Created overall expectation C2 with its specific expectations - MainProcess:MainThread
2025-01-23 15:48:29,609 - __main__:285 - INFO - Creating overall expectation C3 - MainProcess:MainThread
2025-01-23 15:48:29,666 - __main__:304 - DEBUG - Creating specific expectation C3.1 - MainProcess:MainThread
2025-01-23 15:48:29,667 - __main__:304 - DEBUG - Creating specific expectation C3.2 - MainProcess:MainThread
2025-01-23 15:48:29,739 - __main__:314 - INFO - Created overall expectation C3 with its specific expectations - MainProcess:MainThread
2025-01-23 15:48:29,739 - __main__:316 - INFO - Completed processing expectations for strand C - MainProcess:MainThread
2025-01-23 15:48:29,820 - __main__:37 - INFO - Tables after creation: ['student', 'student_achievement', 'achievement', 'student_progress', 'coding_activity', 'code_submission', 'shared_code', 'audit_log', 'courses', 'strands', 'overall_expectations', 'specific_expectations'] - MainProcess:MainThread
2025-01-23 15:48:29,820 - __main__:46 - INFO - Database tables created successfully! - MainProcess:MainThread
2025-01-23 15:48:30,208 - __main__:377 - INFO - Final verification: - MainProcess:MainThread
2025-01-23 15:48:30,210 - __main__:378 - INFO - - Course: ICD2O - MainProcess:MainThread
2025-01-23 15:48:30,212 - __main__:379 - INFO - - Strands: 3 - MainProcess:MainThread
2025-01-23 15:48:30,215 - __main__:380 - INFO - - Overall Expectations: 10 - MainProcess:MainThread
2025-01-23 15:48:30,217 - __main__:381 - INFO - - Specific Expectations: 22 - MainProcess:MainThread
