2025-01-23 17:31:50,170 - app:25 - INFO - Starting application initialization... - MainProcess:MainThread
2025-01-23 17:31:50,268 - engineio.server:112 - INFO - Server initialized for eventlet. - MainProcess:MainThread
2025-01-23 17:31:50,415 - __main__:25 - INFO - Starting application initialization... - MainProcess:MainThread
2025-01-23 17:31:50,489 - engineio.server:112 - INFO - Server initialized for eventlet. - MainProcess:MainThread
2025-01-23 17:31:50,763 - app:25 - INFO - Starting application initialization... - MainProcess:MainThread
2025-01-23 17:31:50,793 - engineio.server:112 - INFO - Server initialized for eventlet. - MainProcess:MainThread
2025-01-23 17:31:51,163 - app:113 - INFO - Database tables created successfully - MainProcess:MainThread
2025-01-23 17:31:51,255 - __main__:48 - INFO - Found in file: c2.1 concevoir des algorithmes qui répondent à des problèmes mathématiques donnés.
 - MainProcess:MainThread
2025-01-23 17:31:51,352 - __main__:113 - INFO - Database tables created successfully - MainProcess:MainThread
2025-01-23 17:31:51,354 - werkzeug:96 - WARNING -  * Debugger is active! - MainProcess:MainThread
2025-01-23 17:31:51,356 - werkzeug:96 - INFO -  * Debugger PIN: 108-420-370 - MainProcess:MainThread
2025-01-23 17:31:51,651 - __main__:62 - INFO - Database Content: - MainProcess:MainThread
2025-01-23 17:31:51,652 - __main__:63 - INFO - -------------------------------------------------- - MainProcess:MainThread
2025-01-23 17:31:51,652 - __main__:64 - INFO - Strand: - MainProcess:MainThread
2025-01-23 17:31:51,653 - __main__:65 - INFO - - Code: C - MainProcess:MainThread
2025-01-23 17:31:51,653 - __main__:66 - INFO - - Title (FR): Programmation - MainProcess:MainThread
2025-01-23 17:31:51,653 - __main__:67 - INFO - - Title (EN): Programming - MainProcess:MainThread
2025-01-23 17:31:51,653 - __main__:69 - INFO - 
Overall Expectation: - MainProcess:MainThread
2025-01-23 17:31:51,654 - __main__:70 - INFO - - Code: C2 - MainProcess:MainThread
2025-01-23 17:31:51,654 - __main__:71 - INFO - - Description (FR): Écriture - MainProcess:MainThread
2025-01-23 17:31:51,654 - __main__:72 - INFO - - Description (EN): Writing - MainProcess:MainThread
2025-01-23 17:31:51,654 - __main__:74 - INFO - 
Specific Expectation: - MainProcess:MainThread
2025-01-23 17:31:51,655 - __main__:75 - INFO - - Code: C2.1 - MainProcess:MainThread
2025-01-23 17:31:51,655 - __main__:76 - INFO - - Description (FR): Écrire du code clair et maintenable en utilisant les conventions appropriées - MainProcess:MainThread
2025-01-23 17:31:51,655 - __main__:77 - INFO - - Description (EN): Write clear and maintainable code using proper conventions - MainProcess:MainThread
2025-01-23 17:31:51,655 - __main__:93 - INFO - 
All required fields are present - MainProcess:MainThread
2025-01-23 17:31:51,711 - __main__:122 - INFO - Starting index page render - MainProcess:Thread-1 (run_server)
2025-01-23 17:31:51,712 - __main__:123 - DEBUG - Rendering index page with template parameters: title='Ontario Secondary Computer Science Curriculum', lang='en' - MainProcess:Thread-1 (run_server)
2025-01-23 17:31:51,749 - __main__:129 - INFO - Successfully rendered index page - MainProcess:Thread-1 (run_server)
2025-01-23 17:31:52,680 - engineio.server:78 - INFO - wkkuH3BWHpYaxPfNAAAA: Sending packet OPEN data {'sid': 'wkkuH3BWHpYaxPfNAAAA', 'upgrades': [], 'pingTimeout': 60000, 'pingInterval': 25000, 'maxPayload': 100000000.0} - MainProcess:Thread-1 (run_server)
2025-01-23 17:31:52,680 - engineio.server:90 - INFO - wkkuH3BWHpYaxPfNAAAA: Received request to upgrade to websocket - MainProcess:Thread-1 (run_server)
2025-01-23 17:31:52,681 - engineio.server:219 - INFO - wkkuH3BWHpYaxPfNAAAA: Upgrade to websocket successful - MainProcess:Thread-1 (run_server)
2025-01-23 17:31:52,749 - engineio.server:39 - INFO - wkkuH3BWHpYaxPfNAAAA: Received packet MESSAGE data 0 - MainProcess:Thread-1 (run_server)
2025-01-23 17:31:52,754 - __main__:147 - INFO - Client connected: {"sid": "lufVGjFp2MDr1K8sAAAB", "transport": "websocket", "user_agent": "Mozilla/5.0 (Macintosh; Intel Mac OS X 10_15_7) AppleWebKit/537.36 (KHTML, like Gecko) Chrome/132.0.0.0 Safari/537.36", "remote_addr": "172.31.196.39"} - MainProcess:Thread-1 (run_server)
2025-01-23 17:31:52,757 - engineio.server:78 - INFO - wkkuH3BWHpYaxPfNAAAA: Sending packet MESSAGE data 2["connected",{"status":"success","message":"Connected to server","sid":"lufVGjFp2MDr1K8sAAAB"}] - MainProcess:Thread-1 (run_server)
2025-01-23 17:31:52,758 - engineio.server:78 - INFO - wkkuH3BWHpYaxPfNAAAA: Sending packet MESSAGE data 0{"sid":"lufVGjFp2MDr1K8sAAAB"} - MainProcess:Thread-1 (run_server)
2025-01-23 17:31:53,685 - app:113 - INFO - Database tables created successfully - MainProcess:MainThread
2025-01-23 17:31:53,847 - __main__:333 - INFO - Starting ICD2O curriculum import process... - MainProcess:MainThread
2025-01-23 17:31:54,557 - __main__:55 - INFO - Successfully cleared existing data for course ICD2O - MainProcess:MainThread
2025-01-23 17:31:54,971 - __main__:354 - INFO - Created course: ICD2O - MainProcess:MainThread
2025-01-23 17:31:54,973 - __main__:86 - INFO - Creating strand A - MainProcess:MainThread
2025-01-23 17:31:55,057 - __main__:96 - INFO - Created strand A: Computational Thinking and Making Connections - MainProcess:MainThread
2025-01-23 17:31:55,058 - __main__:86 - INFO - Creating strand B - MainProcess:MainThread
2025-01-23 17:31:55,120 - __main__:96 - INFO - Created strand B: Hardware, Software, and Innovations - MainProcess:MainThread
2025-01-23 17:31:55,120 - __main__:86 - INFO - Creating strand C - MainProcess:MainThread
2025-01-23 17:31:55,178 - __main__:96 - INFO - Created strand C: Programming - MainProcess:MainThread
2025-01-23 17:31:55,533 - __main__:282 - INFO - Processing expectations for strand A - MainProcess:MainThread
2025-01-23 17:31:55,534 - __main__:285 - INFO - Creating overall expectation A1 - MainProcess:MainThread
2025-01-23 17:31:55,595 - __main__:304 - DEBUG - Creating specific expectation A1.1 - MainProcess:MainThread
2025-01-23 17:31:55,596 - __main__:304 - DEBUG - Creating specific expectation A1.2 - MainProcess:MainThread
2025-01-23 17:31:55,597 - __main__:304 - DEBUG - Creating specific expectation A1.3 - MainProcess:MainThread
2025-01-23 17:31:55,659 - __main__:314 - INFO - Created overall expectation A1 with its specific expectations - MainProcess:MainThread
2025-01-23 17:31:55,660 - __main__:285 - INFO - Creating overall expectation A2 - MainProcess:MainThread
2025-01-23 17:31:55,717 - __main__:304 - DEBUG - Creating specific expectation A2.1 - MainProcess:MainThread
2025-01-23 17:31:55,718 - __main__:304 - DEBUG - Creating specific expectation A2.2 - MainProcess:MainThread
2025-01-23 17:31:55,775 - __main__:314 - INFO - Created overall expectation A2 with its specific expectations - MainProcess:MainThread
2025-01-23 17:31:55,776 - __main__:285 - INFO - Creating overall expectation A3 - MainProcess:MainThread
2025-01-23 17:31:55,834 - __main__:304 - DEBUG - Creating specific expectation A3.1 - MainProcess:MainThread
2025-01-23 17:31:55,835 - __main__:304 - DEBUG - Creating specific expectation A3.2 - MainProcess:MainThread
2025-01-23 17:31:55,892 - __main__:314 - INFO - Created overall expectation A3 with its specific expectations - MainProcess:MainThread
2025-01-23 17:31:55,893 - __main__:316 - INFO - Completed processing expectations for strand A - MainProcess:MainThread
2025-01-23 17:31:55,950 - __main__:282 - INFO - Processing expectations for strand B - MainProcess:MainThread
2025-01-23 17:31:55,951 - __main__:285 - INFO - Creating overall expectation B1 - MainProcess:MainThread
2025-01-23 17:31:56,200 - __main__:304 - DEBUG - Creating specific expectation B1.1 - MainProcess:MainThread
2025-01-23 17:31:56,200 - __main__:304 - DEBUG - Creating specific expectation B1.2 - MainProcess:MainThread
2025-01-23 17:31:56,258 - __main__:314 - INFO - Created overall expectation B1 with its specific expectations - MainProcess:MainThread
2025-01-23 17:31:56,259 - __main__:285 - INFO - Creating overall expectation B2 - MainProcess:MainThread
2025-01-23 17:31:56,317 - __main__:304 - DEBUG - Creating specific expectation B2.1 - MainProcess:MainThread
2025-01-23 17:31:56,318 - __main__:304 - DEBUG - Creating specific expectation B2.2 - MainProcess:MainThread
2025-01-23 17:31:56,376 - __main__:314 - INFO - Created overall expectation B2 with its specific expectations - MainProcess:MainThread
2025-01-23 17:31:56,377 - __main__:285 - INFO - Creating overall expectation B3 - MainProcess:MainThread
2025-01-23 17:31:56,436 - __main__:304 - DEBUG - Creating specific expectation B3.1 - MainProcess:MainThread
2025-01-23 17:31:56,436 - __main__:304 - DEBUG - Creating specific expectation B3.2 - MainProcess:MainThread
2025-01-23 17:31:56,494 - __main__:314 - INFO - Created overall expectation B3 with its specific expectations - MainProcess:MainThread
2025-01-23 17:31:56,496 - __main__:285 - INFO - Creating overall expectation B4 - MainProcess:MainThread
2025-01-23 17:31:56,553 - __main__:304 - DEBUG - Creating specific expectation B4.1 - MainProcess:MainThread
2025-01-23 17:31:56,554 - __main__:304 - DEBUG - Creating specific expectation B4.2 - MainProcess:MainThread
2025-01-23 17:31:56,612 - __main__:314 - INFO - Created overall expectation B4 with its specific expectations - MainProcess:MainThread
2025-01-23 17:31:56,612 - __main__:316 - INFO - Completed processing expectations for strand B - MainProcess:MainThread
2025-01-23 17:31:56,670 - __main__:282 - INFO - Processing expectations for strand C - MainProcess:MainThread
2025-01-23 17:31:56,670 - __main__:285 - INFO - Creating overall expectation C1 - MainProcess:MainThread
2025-01-23 17:31:56,909 - __main__:304 - DEBUG - Creating specific expectation C1.1 - MainProcess:MainThread
2025-01-23 17:31:56,910 - __main__:304 - DEBUG - Creating specific expectation C1.2 - MainProcess:MainThread
2025-01-23 17:31:56,911 - __main__:304 - DEBUG - Creating specific expectation C1.3 - MainProcess:MainThread
2025-01-23 17:31:56,969 - __main__:314 - INFO - Created overall expectation C1 with its specific expectations - MainProcess:MainThread
2025-01-23 17:31:56,972 - __main__:285 - INFO - Creating overall expectation C2 - MainProcess:MainThread
2025-01-23 17:31:57,052 - __main__:304 - DEBUG - Creating specific expectation C2.1 - MainProcess:MainThread
2025-01-23 17:31:57,053 - __main__:304 - DEBUG - Creating specific expectation C2.2 - MainProcess:MainThread
2025-01-23 17:31:57,111 - __main__:314 - INFO - Created overall expectation C2 with its specific expectations - MainProcess:MainThread
2025-01-23 17:31:57,112 - __main__:285 - INFO - Creating overall expectation C3 - MainProcess:MainThread
2025-01-23 17:31:57,171 - __main__:304 - DEBUG - Creating specific expectation C3.1 - MainProcess:MainThread
2025-01-23 17:31:57,171 - __main__:304 - DEBUG - Creating specific expectation C3.2 - MainProcess:MainThread
2025-01-23 17:31:57,231 - __main__:314 - INFO - Created overall expectation C3 with its specific expectations - MainProcess:MainThread
2025-01-23 17:31:57,232 - __main__:316 - INFO - Completed processing expectations for strand C - MainProcess:MainThread
2025-01-23 17:31:57,698 - __main__:377 - INFO - Final verification: - MainProcess:MainThread
2025-01-23 17:31:57,715 - __main__:378 - INFO - - Course: ICD2O - MainProcess:MainThread
2025-01-23 17:31:57,715 - __main__:379 - INFO - - Strands: 3 - MainProcess:MainThread
2025-01-23 17:31:57,715 - __main__:380 - INFO - - Overall Expectations: 10 - MainProcess:MainThread
2025-01-23 17:31:57,715 - __main__:381 - INFO - - Specific Expectations: 22 - MainProcess:MainThread
