2025-01-23 17:38:05,825 - __main__:25 - INFO - Starting application initialization... - MainProcess:MainThread
2025-01-23 17:38:05,862 - engineio.server:112 - INFO - Server initialized for eventlet. - MainProcess:MainThread
2025-01-23 17:38:06,733 - __main__:113 - INFO - Database tables created successfully - MainProcess:MainThread
2025-01-23 17:38:06,746 - werkzeug:96 - WARNING -  * Debugger is active! - MainProcess:MainThread
2025-01-23 17:38:06,756 - werkzeug:96 - INFO -  * Debugger PIN: 128-266-479 - MainProcess:MainThread
2025-01-23 17:38:07,034 - __main__:122 - INFO - Starting index page render - MainProcess:Thread-1 (run_server)
2025-01-23 17:38:07,034 - __main__:123 - DEBUG - Rendering index page with template parameters: title='Ontario Secondary Computer Science Curriculum', lang='en' - MainProcess:Thread-1 (run_server)
2025-01-23 17:38:07,057 - __main__:129 - INFO - Successfully rendered index page - MainProcess:Thread-1 (run_server)
2025-01-23 17:38:07,813 - __main__:122 - INFO - Starting index page render - MainProcess:Thread-1 (run_server)
2025-01-23 17:38:07,814 - __main__:123 - DEBUG - Rendering index page with template parameters: title='Ontario Secondary Computer Science Curriculum', lang='en' - MainProcess:Thread-1 (run_server)
2025-01-23 17:38:07,814 - __main__:129 - INFO - Successfully rendered index page - MainProcess:Thread-1 (run_server)
2025-01-23 17:38:07,964 - engineio.server:78 - INFO - vmKoucEFLHfVUNGqAAAA: Sending packet OPEN data {'sid': 'vmKoucEFLHfVUNGqAAAA', 'upgrades': [], 'pingTimeout': 60000, 'pingInterval': 25000, 'maxPayload': 100000000.0} - MainProcess:Thread-1 (run_server)
2025-01-23 17:38:07,965 - engineio.server:90 - INFO - vmKoucEFLHfVUNGqAAAA: Received request to upgrade to websocket - MainProcess:Thread-1 (run_server)
2025-01-23 17:38:07,971 - engineio.server:219 - INFO - vmKoucEFLHfVUNGqAAAA: Upgrade to websocket successful - MainProcess:Thread-1 (run_server)
2025-01-23 17:38:08,083 - engineio.server:39 - INFO - vmKoucEFLHfVUNGqAAAA: Received packet MESSAGE data 0 - MainProcess:Thread-1 (run_server)
2025-01-23 17:38:08,085 - __main__:147 - INFO - Client connected: {"sid": "0NGsxKlK5gMGOK6NAAAB", "transport": "websocket", "user_agent": "Mozilla/5.0 (Macintosh; Intel Mac OS X 10_15_7) AppleWebKit/537.36 (KHTML, like Gecko) Chrome/132.0.0.0 Safari/537.36", "remote_addr": "172.31.196.39"} - MainProcess:Thread-1 (run_server)
2025-01-23 17:38:08,085 - engineio.server:78 - INFO - vmKoucEFLHfVUNGqAAAA: Sending packet MESSAGE data 2["connected",{"status":"success","message":"Connected to server","sid":"0NGsxKlK5gMGOK6NAAAB"}] - MainProcess:Thread-1 (run_server)
2025-01-23 17:38:08,086 - engineio.server:78 - INFO - vmKoucEFLHfVUNGqAAAA: Sending packet MESSAGE data 0{"sid":"0NGsxKlK5gMGOK6NAAAB"} - MainProcess:Thread-1 (run_server)
2025-01-23 17:38:08,410 - engineio.server:78 - INFO - p6gAHRyUoAxhIlOmAAAC: Sending packet OPEN data {'sid': 'p6gAHRyUoAxhIlOmAAAC', 'upgrades': [], 'pingTimeout': 60000, 'pingInterval': 25000, 'maxPayload': 100000000.0} - MainProcess:Thread-1 (run_server)
2025-01-23 17:38:08,411 - engineio.server:90 - INFO - p6gAHRyUoAxhIlOmAAAC: Received request to upgrade to websocket - MainProcess:Thread-1 (run_server)
2025-01-23 17:38:08,411 - engineio.server:219 - INFO - p6gAHRyUoAxhIlOmAAAC: Upgrade to websocket successful - MainProcess:Thread-1 (run_server)
2025-01-23 17:38:08,422 - __main__:122 - INFO - Starting index page render - MainProcess:Thread-1 (run_server)
2025-01-23 17:38:08,422 - __main__:123 - DEBUG - Rendering index page with template parameters: title='Ontario Secondary Computer Science Curriculum', lang='en' - MainProcess:Thread-1 (run_server)
2025-01-23 17:38:08,423 - __main__:129 - INFO - Successfully rendered index page - MainProcess:Thread-1 (run_server)
2025-01-23 17:38:08,481 - engineio.server:39 - INFO - p6gAHRyUoAxhIlOmAAAC: Received packet MESSAGE data 0 - MainProcess:Thread-1 (run_server)
2025-01-23 17:38:08,482 - __main__:147 - INFO - Client connected: {"sid": "9c1UeGrxMXmJnolAAAAD", "transport": "websocket", "user_agent": "Mozilla/5.0 (Macintosh; Intel Mac OS X 10_15_7) AppleWebKit/537.36 (KHTML, like Gecko) Chrome/132.0.0.0 Safari/537.36", "remote_addr": "172.31.196.39"} - MainProcess:Thread-1 (run_server)
2025-01-23 17:38:08,483 - engineio.server:78 - INFO - p6gAHRyUoAxhIlOmAAAC: Sending packet MESSAGE data 2["connected",{"status":"success","message":"Connected to server","sid":"9c1UeGrxMXmJnolAAAAD"}] - MainProcess:Thread-1 (run_server)
2025-01-23 17:38:08,483 - engineio.server:78 - INFO - p6gAHRyUoAxhIlOmAAAC: Sending packet MESSAGE data 0{"sid":"9c1UeGrxMXmJnolAAAAD"} - MainProcess:Thread-1 (run_server)
2025-01-23 17:38:08,961 - engineio.server:78 - INFO - KnQDtX3tKD1Kk7ClAAAE: Sending packet OPEN data {'sid': 'KnQDtX3tKD1Kk7ClAAAE', 'upgrades': [], 'pingTimeout': 60000, 'pingInterval': 25000, 'maxPayload': 100000000.0} - MainProcess:Thread-1 (run_server)
2025-01-23 17:38:08,962 - engineio.server:90 - INFO - KnQDtX3tKD1Kk7ClAAAE: Received request to upgrade to websocket - MainProcess:Thread-1 (run_server)
2025-01-23 17:38:08,962 - engineio.server:219 - INFO - KnQDtX3tKD1Kk7ClAAAE: Upgrade to websocket successful - MainProcess:Thread-1 (run_server)
2025-01-23 17:38:08,993 - engineio.server:39 - INFO - KnQDtX3tKD1Kk7ClAAAE: Received packet MESSAGE data 0 - MainProcess:Thread-1 (run_server)
2025-01-23 17:38:08,995 - __main__:147 - INFO - Client connected: {"sid": "SpvgLMgbuaSa6Jt9AAAF", "transport": "websocket", "user_agent": "Mozilla/5.0 (X11; Linux x86_64) AppleWebKit/537.36 (KHTML, like Gecko) HeadlessChrome/118.0.5993.88 Safari/537.36", "remote_addr": "172.31.196.39"} - MainProcess:Thread-1 (run_server)
2025-01-23 17:38:08,995 - engineio.server:78 - INFO - KnQDtX3tKD1Kk7ClAAAE: Sending packet MESSAGE data 2["connected",{"status":"success","message":"Connected to server","sid":"SpvgLMgbuaSa6Jt9AAAF"}] - MainProcess:Thread-1 (run_server)
2025-01-23 17:38:08,996 - engineio.server:78 - INFO - KnQDtX3tKD1Kk7ClAAAE: Sending packet MESSAGE data 0{"sid":"SpvgLMgbuaSa6Jt9AAAF"} - MainProcess:Thread-1 (run_server)
2025-01-23 17:38:09,462 - __main__:166 - INFO - Client disconnecting: SpvgLMgbuaSa6Jt9AAAF - MainProcess:Thread-1 (run_server)
2025-01-23 17:38:09,463 - __main__:177 - INFO - Client disconnected: SpvgLMgbuaSa6Jt9AAAF - MainProcess:Thread-1 (run_server)
2025-01-23 17:38:26,610 - engineio.server:39 - INFO - p6gAHRyUoAxhIlOmAAAC: Received packet MESSAGE data 2["compile_and_run",{"code":"using System;\n\nclass Program\n{\n    static void Main()\n    {\n        Console.WriteLine(\"Hello! Please enter your name:\");\n        string name = Console.ReadLine();\n        Console.WriteLine($\"Nice to meet you, {name}!\");\n    }\n}"}] - MainProcess:Thread-1 (run_server)
2025-01-23 17:38:26,612 - __main__:194 - INFO - [COMPILE] Starting compilation for session session_1737653906 client 9c1UeGrxMXmJnolAAAAD - MainProcess:Thread-1 (run_server)
2025-01-23 17:38:26,612 - __main__:195 - DEBUG - [COMPILE] Code length: 227, First line: using - MainProcess:Thread-1 (run_server)
2025-01-23 17:38:26,612 - __main__:62 - INFO - Created new console session: session_1737653906 (active: True) - MainProcess:Thread-1 (run_server)
2025-01-23 17:40:55,823 - werkzeug:96 - INFO -  * Detected change in '/home/runner/workspace/compiler_service.py', reloading - MainProcess:MainThread
