2025-01-23 17:29:51,178 - __main__:25 - INFO - Starting application initialization... - MainProcess:MainThread
2025-01-23 17:29:51,221 - engineio.server:112 - INFO - Server initialized for eventlet. - MainProcess:MainThread
2025-01-23 17:29:54,506 - __main__:113 - INFO - Database tables created successfully - MainProcess:MainThread
2025-01-23 17:29:54,508 - werkzeug:96 - WARNING -  * Debugger is active! - MainProcess:MainThread
2025-01-23 17:29:54,509 - werkzeug:96 - INFO -  * Debugger PIN: 123-753-306 - MainProcess:MainThread
2025-01-23 17:29:54,762 - __main__:122 - INFO - Starting index page render - MainProcess:Thread-1 (run_server)
2025-01-23 17:29:54,763 - __main__:123 - DEBUG - Rendering index page with template parameters: title='Ontario Secondary Computer Science Curriculum', lang='en' - MainProcess:Thread-1 (run_server)
2025-01-23 17:29:55,304 - __main__:129 - INFO - Successfully rendered index page - MainProcess:Thread-1 (run_server)
2025-01-23 17:29:56,261 - engineio.server:78 - INFO - ZOKwkU0mvAS5t2ZvAAAA: Sending packet OPEN data {'sid': 'ZOKwkU0mvAS5t2ZvAAAA', 'upgrades': [], 'pingTimeout': 60000, 'pingInterval': 25000, 'maxPayload': 100000000.0} - MainProcess:Thread-1 (run_server)
2025-01-23 17:29:56,261 - engineio.server:90 - INFO - ZOKwkU0mvAS5t2ZvAAAA: Received request to upgrade to websocket - MainProcess:Thread-1 (run_server)
2025-01-23 17:29:56,261 - engineio.server:219 - INFO - ZOKwkU0mvAS5t2ZvAAAA: Upgrade to websocket successful - MainProcess:Thread-1 (run_server)
2025-01-23 17:29:56,330 - engineio.server:39 - INFO - ZOKwkU0mvAS5t2ZvAAAA: Received packet MESSAGE data 0 - MainProcess:Thread-1 (run_server)
2025-01-23 17:29:56,332 - __main__:147 - INFO - Client connected: {"sid": "GxWQM_xYZ8qtsKppAAAB", "transport": "websocket", "user_agent": "Mozilla/5.0 (Macintosh; Intel Mac OS X 10_15_7) AppleWebKit/537.36 (KHTML, like Gecko) Chrome/132.0.0.0 Safari/537.36", "remote_addr": "172.31.196.39"} - MainProcess:Thread-1 (run_server)
2025-01-23 17:29:56,332 - engineio.server:78 - INFO - ZOKwkU0mvAS5t2ZvAAAA: Sending packet MESSAGE data 2["connected",{"status":"success","message":"Connected to server","sid":"GxWQM_xYZ8qtsKppAAAB"}] - MainProcess:Thread-1 (run_server)
2025-01-23 17:29:56,333 - engineio.server:78 - INFO - ZOKwkU0mvAS5t2ZvAAAA: Sending packet MESSAGE data 0{"sid":"GxWQM_xYZ8qtsKppAAAB"} - MainProcess:Thread-1 (run_server)
2025-01-23 17:30:21,287 - engineio.server:78 - INFO - ZOKwkU0mvAS5t2ZvAAAA: Sending packet PING data None - MainProcess:Thread-1 (run_server)
2025-01-23 17:30:21,354 - engineio.server:39 - INFO - ZOKwkU0mvAS5t2ZvAAAA: Received packet PONG data  - MainProcess:Thread-1 (run_server)
2025-01-23 17:30:46,379 - engineio.server:78 - INFO - ZOKwkU0mvAS5t2ZvAAAA: Sending packet PING data None - MainProcess:Thread-1 (run_server)
2025-01-23 17:30:46,446 - engineio.server:39 - INFO - ZOKwkU0mvAS5t2ZvAAAA: Received packet PONG data  - MainProcess:Thread-1 (run_server)
2025-01-23 17:31:11,463 - engineio.server:78 - INFO - ZOKwkU0mvAS5t2ZvAAAA: Sending packet PING data None - MainProcess:Thread-1 (run_server)
2025-01-23 17:31:11,529 - engineio.server:39 - INFO - ZOKwkU0mvAS5t2ZvAAAA: Received packet PONG data  - MainProcess:Thread-1 (run_server)
2025-01-23 17:31:36,542 - engineio.server:78 - INFO - ZOKwkU0mvAS5t2ZvAAAA: Sending packet PING data None - MainProcess:Thread-1 (run_server)
2025-01-23 17:31:36,610 - engineio.server:39 - INFO - ZOKwkU0mvAS5t2ZvAAAA: Received packet PONG data  - MainProcess:Thread-1 (run_server)
2025-01-23 17:31:47,639 - werkzeug:96 - INFO -  * Detected change in '/home/runner/workspace/compiler_service.py', reloading - MainProcess:MainThread
