2025-01-23 18:15:29,184 - app:25 - INFO - Starting application initialization... - MainProcess:MainThread
2025-01-23 18:15:29,230 - app:25 - INFO - Starting application initialization... - MainProcess:MainThread
2025-01-23 18:15:29,279 - engineio.server:112 - INFO - Server initialized for eventlet. - MainProcess:MainThread
2025-01-23 18:15:29,283 - engineio.server:112 - INFO - Server initialized for eventlet. - MainProcess:MainThread
2025-01-23 18:15:29,375 - app:25 - INFO - Starting application initialization... - MainProcess:MainThread
2025-01-23 18:15:29,486 - engineio.server:112 - INFO - Server initialized for eventlet. - MainProcess:MainThread
2025-01-23 18:15:29,510 - __main__:25 - INFO - Starting application initialization... - MainProcess:MainThread
2025-01-23 18:15:29,560 - engineio.server:112 - INFO - Server initialized for eventlet. - MainProcess:MainThread
2025-01-23 18:15:29,697 - app:25 - INFO - Starting application initialization... - MainProcess:MainThread
2025-01-23 18:15:29,737 - engineio.server:112 - INFO - Server initialized for eventlet. - MainProcess:MainThread
2025-01-23 18:15:29,989 - app:25 - INFO - Starting application initialization... - MainProcess:MainThread
2025-01-23 18:15:30,040 - engineio.server:112 - INFO - Server initialized for eventlet. - MainProcess:MainThread
2025-01-23 18:15:32,715 - app:113 - INFO - Database tables created successfully - MainProcess:MainThread
2025-01-23 18:15:32,720 - app:113 - INFO - Database tables created successfully - MainProcess:MainThread
2025-01-23 18:15:32,724 - app:113 - INFO - Database tables created successfully - MainProcess:MainThread
2025-01-23 18:15:32,910 - __main__:48 - INFO - Found in file: c2.1 concevoir des algorithmes qui répondent à des problèmes mathématiques donnés.
 - MainProcess:MainThread
2025-01-23 18:15:32,920 - app:113 - INFO - Database tables created successfully - MainProcess:MainThread
2025-01-23 18:15:32,973 - __main__:23 - INFO - Starting database table creation... - MainProcess:MainThread
2025-01-23 18:15:32,975 - __main__:47 - INFO - Starting ICS3U curriculum import process... - MainProcess:MainThread
2025-01-23 18:15:33,174 - __main__:333 - INFO - Starting ICD2O curriculum import process... - MainProcess:MainThread
2025-01-23 18:15:33,272 - __main__:30 - INFO - Existing tables: ['student', 'student_achievement', 'achievement', 'student_progress', 'coding_activity', 'code_submission', 'shared_code', 'audit_log', 'courses', 'strands', 'overall_expectations', 'specific_expectations'] - MainProcess:MainThread
2025-01-23 18:15:33,309 - app:113 - INFO - Database tables created successfully - MainProcess:MainThread
2025-01-23 18:15:33,343 - __main__:62 - INFO - Database Content: - MainProcess:MainThread
2025-01-23 18:15:33,343 - __main__:63 - INFO - -------------------------------------------------- - MainProcess:MainThread
2025-01-23 18:15:33,343 - __main__:64 - INFO - Strand: - MainProcess:MainThread
2025-01-23 18:15:33,343 - __main__:65 - INFO - - Code: C - MainProcess:MainThread
2025-01-23 18:15:33,344 - __main__:66 - INFO - - Title (FR): Programmation - MainProcess:MainThread
2025-01-23 18:15:33,344 - __main__:67 - INFO - - Title (EN): Programming - MainProcess:MainThread
2025-01-23 18:15:33,344 - __main__:69 - INFO - 
Overall Expectation: - MainProcess:MainThread
2025-01-23 18:15:33,344 - __main__:70 - INFO - - Code: C2 - MainProcess:MainThread
2025-01-23 18:15:33,344 - __main__:71 - INFO - - Description (FR): Écriture - MainProcess:MainThread
2025-01-23 18:15:33,344 - __main__:72 - INFO - - Description (EN): Writing - MainProcess:MainThread
2025-01-23 18:15:33,344 - __main__:74 - INFO - 
Specific Expectation: - MainProcess:MainThread
2025-01-23 18:15:33,344 - __main__:75 - INFO - - Code: C2.1 - MainProcess:MainThread
2025-01-23 18:15:33,345 - __main__:76 - INFO - - Description (FR): Écrire du code clair et maintenable en utilisant les conventions appropriées - MainProcess:MainThread
2025-01-23 18:15:33,345 - __main__:77 - INFO - - Description (EN): Write clear and maintainable code using proper conventions - MainProcess:MainThread
2025-01-23 18:15:33,345 - __main__:93 - INFO - 
All required fields are present - MainProcess:MainThread
2025-01-23 18:15:33,359 - __main__:47 - INFO - Starting ICS3U curriculum import process... - MainProcess:MainThread
2025-01-23 18:15:33,408 - __main__:86 - INFO - Successfully updated strand titles and overall descriptions - MainProcess:MainThread
2025-01-23 18:15:33,790 - __main__:86 - INFO - Successfully updated strand titles and overall descriptions - MainProcess:MainThread
2025-01-23 18:15:34,465 - __main__:37 - INFO - Tables after creation: ['student', 'student_achievement', 'achievement', 'student_progress', 'coding_activity', 'code_submission', 'shared_code', 'audit_log', 'courses', 'strands', 'overall_expectations', 'specific_expectations'] - MainProcess:MainThread
2025-01-23 18:15:34,465 - __main__:46 - INFO - Database tables created successfully! - MainProcess:MainThread
2025-01-23 18:15:34,543 - __main__:55 - INFO - Successfully cleared existing data for course ICD2O - MainProcess:MainThread
2025-01-23 18:15:34,965 - __main__:354 - INFO - Created course: ICD2O - MainProcess:MainThread
2025-01-23 18:15:34,965 - __main__:86 - INFO - Creating strand A - MainProcess:MainThread
2025-01-23 18:15:35,028 - __main__:96 - INFO - Created strand A: Computational Thinking and Making Connections - MainProcess:MainThread
2025-01-23 18:15:35,029 - __main__:86 - INFO - Creating strand B - MainProcess:MainThread
2025-01-23 18:15:35,091 - __main__:96 - INFO - Created strand B: Hardware, Software, and Innovations - MainProcess:MainThread
2025-01-23 18:15:35,105 - __main__:86 - INFO - Creating strand C - MainProcess:MainThread
2025-01-23 18:15:35,172 - __main__:96 - INFO - Created strand C: Programming - MainProcess:MainThread
2025-01-23 18:15:35,551 - __main__:282 - INFO - Processing expectations for strand A - MainProcess:MainThread
2025-01-23 18:15:35,551 - __main__:285 - INFO - Creating overall expectation A1 - MainProcess:MainThread
2025-01-23 18:15:35,620 - __main__:304 - DEBUG - Creating specific expectation A1.1 - MainProcess:MainThread
2025-01-23 18:15:35,620 - __main__:304 - DEBUG - Creating specific expectation A1.2 - MainProcess:MainThread
2025-01-23 18:15:35,621 - __main__:304 - DEBUG - Creating specific expectation A1.3 - MainProcess:MainThread
2025-01-23 18:15:35,709 - __main__:314 - INFO - Created overall expectation A1 with its specific expectations - MainProcess:MainThread
2025-01-23 18:15:35,709 - __main__:285 - INFO - Creating overall expectation A2 - MainProcess:MainThread
2025-01-23 18:15:35,768 - __main__:304 - DEBUG - Creating specific expectation A2.1 - MainProcess:MainThread
2025-01-23 18:15:35,769 - __main__:304 - DEBUG - Creating specific expectation A2.2 - MainProcess:MainThread
2025-01-23 18:15:35,827 - __main__:314 - INFO - Created overall expectation A2 with its specific expectations - MainProcess:MainThread
2025-01-23 18:15:35,828 - __main__:285 - INFO - Creating overall expectation A3 - MainProcess:MainThread
2025-01-23 18:15:35,909 - __main__:304 - DEBUG - Creating specific expectation A3.1 - MainProcess:MainThread
2025-01-23 18:15:35,910 - __main__:304 - DEBUG - Creating specific expectation A3.2 - MainProcess:MainThread
2025-01-23 18:15:35,969 - __main__:314 - INFO - Created overall expectation A3 with its specific expectations - MainProcess:MainThread
2025-01-23 18:15:35,971 - __main__:316 - INFO - Completed processing expectations for strand A - MainProcess:MainThread
2025-01-23 18:15:36,029 - __main__:282 - INFO - Processing expectations for strand B - MainProcess:MainThread
2025-01-23 18:15:36,029 - __main__:285 - INFO - Creating overall expectation B1 - MainProcess:MainThread
2025-01-23 18:15:36,273 - __main__:304 - DEBUG - Creating specific expectation B1.1 - MainProcess:MainThread
2025-01-23 18:15:36,273 - __main__:304 - DEBUG - Creating specific expectation B1.2 - MainProcess:MainThread
2025-01-23 18:15:36,331 - __main__:314 - INFO - Created overall expectation B1 with its specific expectations - MainProcess:MainThread
2025-01-23 18:15:36,332 - __main__:285 - INFO - Creating overall expectation B2 - MainProcess:MainThread
2025-01-23 18:15:36,408 - __main__:304 - DEBUG - Creating specific expectation B2.1 - MainProcess:MainThread
2025-01-23 18:15:36,409 - __main__:304 - DEBUG - Creating specific expectation B2.2 - MainProcess:MainThread
2025-01-23 18:15:36,466 - __main__:314 - INFO - Created overall expectation B2 with its specific expectations - MainProcess:MainThread
2025-01-23 18:15:36,469 - __main__:285 - INFO - Creating overall expectation B3 - MainProcess:MainThread
2025-01-23 18:15:36,527 - __main__:304 - DEBUG - Creating specific expectation B3.1 - MainProcess:MainThread
2025-01-23 18:15:36,528 - __main__:304 - DEBUG - Creating specific expectation B3.2 - MainProcess:MainThread
2025-01-23 18:15:36,586 - __main__:314 - INFO - Created overall expectation B3 with its specific expectations - MainProcess:MainThread
2025-01-23 18:15:36,586 - __main__:285 - INFO - Creating overall expectation B4 - MainProcess:MainThread
2025-01-23 18:15:36,647 - __main__:304 - DEBUG - Creating specific expectation B4.1 - MainProcess:MainThread
2025-01-23 18:15:36,649 - __main__:304 - DEBUG - Creating specific expectation B4.2 - MainProcess:MainThread
2025-01-23 18:15:36,708 - __main__:314 - INFO - Created overall expectation B4 with its specific expectations - MainProcess:MainThread
2025-01-23 18:15:36,709 - __main__:316 - INFO - Completed processing expectations for strand B - MainProcess:MainThread
2025-01-23 18:15:36,767 - __main__:282 - INFO - Processing expectations for strand C - MainProcess:MainThread
2025-01-23 18:15:36,767 - __main__:285 - INFO - Creating overall expectation C1 - MainProcess:MainThread
2025-01-23 18:15:36,999 - __main__:304 - DEBUG - Creating specific expectation C1.1 - MainProcess:MainThread
2025-01-23 18:15:36,999 - __main__:304 - DEBUG - Creating specific expectation C1.2 - MainProcess:MainThread
2025-01-23 18:15:37,000 - __main__:304 - DEBUG - Creating specific expectation C1.3 - MainProcess:MainThread
2025-01-23 18:15:37,057 - __main__:314 - INFO - Created overall expectation C1 with its specific expectations - MainProcess:MainThread
2025-01-23 18:15:37,058 - __main__:285 - INFO - Creating overall expectation C2 - MainProcess:MainThread
2025-01-23 18:15:37,117 - __main__:304 - DEBUG - Creating specific expectation C2.1 - MainProcess:MainThread
2025-01-23 18:15:37,117 - __main__:304 - DEBUG - Creating specific expectation C2.2 - MainProcess:MainThread
2025-01-23 18:15:37,175 - __main__:314 - INFO - Created overall expectation C2 with its specific expectations - MainProcess:MainThread
2025-01-23 18:15:37,175 - __main__:285 - INFO - Creating overall expectation C3 - MainProcess:MainThread
2025-01-23 18:15:37,232 - __main__:304 - DEBUG - Creating specific expectation C3.1 - MainProcess:MainThread
2025-01-23 18:15:37,233 - __main__:304 - DEBUG - Creating specific expectation C3.2 - MainProcess:MainThread
2025-01-23 18:15:37,291 - __main__:314 - INFO - Created overall expectation C3 with its specific expectations - MainProcess:MainThread
2025-01-23 18:15:37,292 - __main__:316 - INFO - Completed processing expectations for strand C - MainProcess:MainThread
2025-01-23 18:15:37,710 - __main__:377 - INFO - Final verification: - MainProcess:MainThread
2025-01-23 18:15:37,711 - __main__:378 - INFO - - Course: ICD2O - MainProcess:MainThread
2025-01-23 18:15:37,711 - __main__:379 - INFO - - Strands: 3 - MainProcess:MainThread
2025-01-23 18:15:37,711 - __main__:380 - INFO - - Overall Expectations: 10 - MainProcess:MainThread
2025-01-23 18:15:37,711 - __main__:381 - INFO - - Specific Expectations: 22 - MainProcess:MainThread
