2025-01-23 14:52:43,655 - engineio.server:112 - INFO - Server initialized for eventlet. - MainProcess:MainThread
2025-01-23 14:52:46,804 - app:64 - INFO - Database tables created successfully - MainProcess:MainThread
2025-01-23 14:52:47,620 - __main__:333 - INFO - Starting ICD2O curriculum import process... - MainProcess:MainThread
2025-01-23 14:52:50,086 - __main__:55 - INFO - Successfully cleared existing data for course ICD2O - MainProcess:MainThread
2025-01-23 14:52:50,662 - __main__:354 - INFO - Created course: ICD2O - MainProcess:MainThread
2025-01-23 14:52:50,672 - __main__:86 - INFO - Creating strand A - MainProcess:MainThread
2025-01-23 14:52:50,832 - __main__:96 - INFO - Created strand A: Computational Thinking and Making Connections - MainProcess:MainThread
2025-01-23 14:52:50,856 - __main__:86 - INFO - Creating strand B - MainProcess:MainThread
2025-01-23 14:52:51,025 - __main__:96 - INFO - Created strand B: Hardware, Software, and Innovations - MainProcess:MainThread
2025-01-23 14:52:51,087 - __main__:86 - INFO - Creating strand C - MainProcess:MainThread
2025-01-23 14:52:51,169 - __main__:96 - INFO - Created strand C: Programming - MainProcess:MainThread
2025-01-23 14:52:51,693 - __main__:282 - INFO - Processing expectations for strand A - MainProcess:MainThread
2025-01-23 14:52:51,693 - __main__:285 - INFO - Creating overall expectation A1 - MainProcess:MainThread
2025-01-23 14:52:51,768 - __main__:304 - DEBUG - Creating specific expectation A1.1 - MainProcess:MainThread
2025-01-23 14:52:51,769 - __main__:304 - DEBUG - Creating specific expectation A1.2 - MainProcess:MainThread
2025-01-23 14:52:51,769 - __main__:304 - DEBUG - Creating specific expectation A1.3 - MainProcess:MainThread
2025-01-23 14:52:51,869 - __main__:314 - INFO - Created overall expectation A1 with its specific expectations - MainProcess:MainThread
2025-01-23 14:52:51,869 - __main__:285 - INFO - Creating overall expectation A2 - MainProcess:MainThread
2025-01-23 14:52:51,929 - __main__:304 - DEBUG - Creating specific expectation A2.1 - MainProcess:MainThread
2025-01-23 14:52:51,930 - __main__:304 - DEBUG - Creating specific expectation A2.2 - MainProcess:MainThread
2025-01-23 14:52:52,023 - __main__:314 - INFO - Created overall expectation A2 with its specific expectations - MainProcess:MainThread
2025-01-23 14:52:52,023 - __main__:285 - INFO - Creating overall expectation A3 - MainProcess:MainThread
2025-01-23 14:52:52,163 - __main__:304 - DEBUG - Creating specific expectation A3.1 - MainProcess:MainThread
2025-01-23 14:52:52,163 - __main__:304 - DEBUG - Creating specific expectation A3.2 - MainProcess:MainThread
2025-01-23 14:52:52,236 - __main__:314 - INFO - Created overall expectation A3 with its specific expectations - MainProcess:MainThread
2025-01-23 14:52:52,236 - __main__:316 - INFO - Completed processing expectations for strand A - MainProcess:MainThread
2025-01-23 14:52:52,297 - __main__:282 - INFO - Processing expectations for strand B - MainProcess:MainThread
2025-01-23 14:52:52,297 - __main__:285 - INFO - Creating overall expectation B1 - MainProcess:MainThread
2025-01-23 14:52:52,566 - __main__:304 - DEBUG - Creating specific expectation B1.1 - MainProcess:MainThread
2025-01-23 14:52:52,567 - __main__:304 - DEBUG - Creating specific expectation B1.2 - MainProcess:MainThread
2025-01-23 14:52:52,635 - __main__:314 - INFO - Created overall expectation B1 with its specific expectations - MainProcess:MainThread
2025-01-23 14:52:52,635 - __main__:285 - INFO - Creating overall expectation B2 - MainProcess:MainThread
2025-01-23 14:52:52,695 - __main__:304 - DEBUG - Creating specific expectation B2.1 - MainProcess:MainThread
2025-01-23 14:52:52,696 - __main__:304 - DEBUG - Creating specific expectation B2.2 - MainProcess:MainThread
2025-01-23 14:52:52,755 - __main__:314 - INFO - Created overall expectation B2 with its specific expectations - MainProcess:MainThread
2025-01-23 14:52:52,758 - __main__:285 - INFO - Creating overall expectation B3 - MainProcess:MainThread
2025-01-23 14:52:52,841 - __main__:304 - DEBUG - Creating specific expectation B3.1 - MainProcess:MainThread
2025-01-23 14:52:52,842 - __main__:304 - DEBUG - Creating specific expectation B3.2 - MainProcess:MainThread
2025-01-23 14:52:52,916 - __main__:314 - INFO - Created overall expectation B3 with its specific expectations - MainProcess:MainThread
2025-01-23 14:52:52,922 - __main__:285 - INFO - Creating overall expectation B4 - MainProcess:MainThread
2025-01-23 14:52:52,988 - __main__:304 - DEBUG - Creating specific expectation B4.1 - MainProcess:MainThread
2025-01-23 14:52:52,995 - __main__:304 - DEBUG - Creating specific expectation B4.2 - MainProcess:MainThread
2025-01-23 14:52:53,074 - __main__:314 - INFO - Created overall expectation B4 with its specific expectations - MainProcess:MainThread
2025-01-23 14:52:53,074 - __main__:316 - INFO - Completed processing expectations for strand B - MainProcess:MainThread
2025-01-23 14:52:53,138 - __main__:282 - INFO - Processing expectations for strand C - MainProcess:MainThread
2025-01-23 14:52:53,138 - __main__:285 - INFO - Creating overall expectation C1 - MainProcess:MainThread
2025-01-23 14:52:53,447 - __main__:304 - DEBUG - Creating specific expectation C1.1 - MainProcess:MainThread
2025-01-23 14:52:53,448 - __main__:304 - DEBUG - Creating specific expectation C1.2 - MainProcess:MainThread
2025-01-23 14:52:53,449 - __main__:304 - DEBUG - Creating specific expectation C1.3 - MainProcess:MainThread
2025-01-23 14:52:53,546 - __main__:314 - INFO - Created overall expectation C1 with its specific expectations - MainProcess:MainThread
2025-01-23 14:52:53,546 - __main__:285 - INFO - Creating overall expectation C2 - MainProcess:MainThread
2025-01-23 14:52:53,606 - __main__:304 - DEBUG - Creating specific expectation C2.1 - MainProcess:MainThread
2025-01-23 14:52:53,609 - __main__:304 - DEBUG - Creating specific expectation C2.2 - MainProcess:MainThread
2025-01-23 14:52:53,697 - __main__:314 - INFO - Created overall expectation C2 with its specific expectations - MainProcess:MainThread
2025-01-23 14:52:53,697 - __main__:285 - INFO - Creating overall expectation C3 - MainProcess:MainThread
2025-01-23 14:52:53,797 - __main__:304 - DEBUG - Creating specific expectation C3.1 - MainProcess:MainThread
2025-01-23 14:52:53,797 - __main__:304 - DEBUG - Creating specific expectation C3.2 - MainProcess:MainThread
2025-01-23 14:52:53,859 - __main__:314 - INFO - Created overall expectation C3 with its specific expectations - MainProcess:MainThread
2025-01-23 14:52:53,860 - __main__:316 - INFO - Completed processing expectations for strand C - MainProcess:MainThread
2025-01-23 14:52:54,539 - __main__:377 - INFO - Final verification: - MainProcess:MainThread
2025-01-23 14:52:54,540 - __main__:378 - INFO - - Course: ICD2O - MainProcess:MainThread
2025-01-23 14:52:54,540 - __main__:379 - INFO - - Strands: 3 - MainProcess:MainThread
2025-01-23 14:52:54,540 - __main__:380 - INFO - - Overall Expectations: 10 - MainProcess:MainThread
2025-01-23 14:52:54,540 - __main__:381 - INFO - - Specific Expectations: 22 - MainProcess:MainThread
