2025-01-23 16:59:09,256 - app:25 - INFO - Starting application initialization... - MainProcess:MainThread
2025-01-23 16:59:09,306 - engineio.server:112 - INFO - Server initialized for eventlet. - MainProcess:MainThread
2025-01-23 16:59:09,519 - app:25 - INFO - Starting application initialization... - MainProcess:MainThread
2025-01-23 16:59:09,546 - engineio.server:112 - INFO - Server initialized for eventlet. - MainProcess:MainThread
2025-01-23 16:59:10,259 - app:113 - INFO - Database tables created successfully - MainProcess:MainThread
2025-01-23 16:59:10,371 - __main__:48 - INFO - Found in file: c2.1 concevoir des algorithmes qui répondent à des problèmes mathématiques donnés.
 - MainProcess:MainThread
2025-01-23 16:59:10,786 - __main__:62 - INFO - Database Content: - MainProcess:MainThread
2025-01-23 16:59:10,787 - __main__:63 - INFO - -------------------------------------------------- - MainProcess:MainThread
2025-01-23 16:59:10,787 - __main__:64 - INFO - Strand: - MainProcess:MainThread
2025-01-23 16:59:10,796 - __main__:65 - INFO - - Code: C - MainProcess:MainThread
2025-01-23 16:59:10,796 - __main__:66 - INFO - - Title (FR): Programmation - MainProcess:MainThread
2025-01-23 16:59:10,796 - __main__:67 - INFO - - Title (EN): Programming - MainProcess:MainThread
2025-01-23 16:59:10,796 - __main__:69 - INFO - 
Overall Expectation: - MainProcess:MainThread
2025-01-23 16:59:10,796 - __main__:70 - INFO - - Code: C2 - MainProcess:MainThread
2025-01-23 16:59:10,796 - __main__:71 - INFO - - Description (FR): Écriture - MainProcess:MainThread
2025-01-23 16:59:10,797 - __main__:72 - INFO - - Description (EN): Writing - MainProcess:MainThread
2025-01-23 16:59:10,799 - __main__:74 - INFO - 
Specific Expectation: - MainProcess:MainThread
2025-01-23 16:59:10,799 - __main__:75 - INFO - - Code: C2.1 - MainProcess:MainThread
2025-01-23 16:59:10,799 - __main__:76 - INFO - - Description (FR): Écrire du code clair et maintenable en utilisant les conventions appropriées - MainProcess:MainThread
2025-01-23 16:59:10,799 - __main__:77 - INFO - - Description (EN): Write clear and maintainable code using proper conventions - MainProcess:MainThread
2025-01-23 16:59:10,799 - __main__:93 - INFO - 
All required fields are present - MainProcess:MainThread
2025-01-23 16:59:12,443 - app:113 - INFO - Database tables created successfully - MainProcess:MainThread
2025-01-23 16:59:12,686 - __main__:333 - INFO - Starting ICD2O curriculum import process... - MainProcess:MainThread
2025-01-23 16:59:13,364 - __main__:55 - INFO - Successfully cleared existing data for course ICD2O - MainProcess:MainThread
2025-01-23 16:59:13,805 - __main__:354 - INFO - Created course: ICD2O - MainProcess:MainThread
2025-01-23 16:59:13,807 - __main__:86 - INFO - Creating strand A - MainProcess:MainThread
2025-01-23 16:59:13,878 - __main__:96 - INFO - Created strand A: Computational Thinking and Making Connections - MainProcess:MainThread
2025-01-23 16:59:13,879 - __main__:86 - INFO - Creating strand B - MainProcess:MainThread
2025-01-23 16:59:13,936 - __main__:96 - INFO - Created strand B: Hardware, Software, and Innovations - MainProcess:MainThread
2025-01-23 16:59:13,937 - __main__:86 - INFO - Creating strand C - MainProcess:MainThread
2025-01-23 16:59:13,996 - __main__:96 - INFO - Created strand C: Programming - MainProcess:MainThread
2025-01-23 16:59:14,373 - __main__:282 - INFO - Processing expectations for strand A - MainProcess:MainThread
2025-01-23 16:59:14,385 - __main__:285 - INFO - Creating overall expectation A1 - MainProcess:MainThread
2025-01-23 16:59:14,457 - __main__:304 - DEBUG - Creating specific expectation A1.1 - MainProcess:MainThread
2025-01-23 16:59:14,457 - __main__:304 - DEBUG - Creating specific expectation A1.2 - MainProcess:MainThread
2025-01-23 16:59:14,457 - __main__:304 - DEBUG - Creating specific expectation A1.3 - MainProcess:MainThread
2025-01-23 16:59:14,521 - __main__:314 - INFO - Created overall expectation A1 with its specific expectations - MainProcess:MainThread
2025-01-23 16:59:14,522 - __main__:285 - INFO - Creating overall expectation A2 - MainProcess:MainThread
2025-01-23 16:59:14,582 - __main__:304 - DEBUG - Creating specific expectation A2.1 - MainProcess:MainThread
2025-01-23 16:59:14,582 - __main__:304 - DEBUG - Creating specific expectation A2.2 - MainProcess:MainThread
2025-01-23 16:59:14,641 - __main__:314 - INFO - Created overall expectation A2 with its specific expectations - MainProcess:MainThread
2025-01-23 16:59:14,642 - __main__:285 - INFO - Creating overall expectation A3 - MainProcess:MainThread
2025-01-23 16:59:14,700 - __main__:304 - DEBUG - Creating specific expectation A3.1 - MainProcess:MainThread
2025-01-23 16:59:14,700 - __main__:304 - DEBUG - Creating specific expectation A3.2 - MainProcess:MainThread
2025-01-23 16:59:14,758 - __main__:314 - INFO - Created overall expectation A3 with its specific expectations - MainProcess:MainThread
2025-01-23 16:59:14,759 - __main__:316 - INFO - Completed processing expectations for strand A - MainProcess:MainThread
2025-01-23 16:59:14,816 - __main__:282 - INFO - Processing expectations for strand B - MainProcess:MainThread
2025-01-23 16:59:14,816 - __main__:285 - INFO - Creating overall expectation B1 - MainProcess:MainThread
2025-01-23 16:59:15,048 - __main__:304 - DEBUG - Creating specific expectation B1.1 - MainProcess:MainThread
2025-01-23 16:59:15,048 - __main__:304 - DEBUG - Creating specific expectation B1.2 - MainProcess:MainThread
2025-01-23 16:59:15,110 - __main__:314 - INFO - Created overall expectation B1 with its specific expectations - MainProcess:MainThread
2025-01-23 16:59:15,110 - __main__:285 - INFO - Creating overall expectation B2 - MainProcess:MainThread
2025-01-23 16:59:15,167 - __main__:304 - DEBUG - Creating specific expectation B2.1 - MainProcess:MainThread
2025-01-23 16:59:15,168 - __main__:304 - DEBUG - Creating specific expectation B2.2 - MainProcess:MainThread
2025-01-23 16:59:15,226 - __main__:314 - INFO - Created overall expectation B2 with its specific expectations - MainProcess:MainThread
2025-01-23 16:59:15,227 - __main__:285 - INFO - Creating overall expectation B3 - MainProcess:MainThread
2025-01-23 16:59:15,286 - __main__:304 - DEBUG - Creating specific expectation B3.1 - MainProcess:MainThread
2025-01-23 16:59:15,290 - __main__:304 - DEBUG - Creating specific expectation B3.2 - MainProcess:MainThread
2025-01-23 16:59:15,347 - __main__:314 - INFO - Created overall expectation B3 with its specific expectations - MainProcess:MainThread
2025-01-23 16:59:15,348 - __main__:285 - INFO - Creating overall expectation B4 - MainProcess:MainThread
2025-01-23 16:59:15,409 - __main__:304 - DEBUG - Creating specific expectation B4.1 - MainProcess:MainThread
2025-01-23 16:59:15,411 - __main__:304 - DEBUG - Creating specific expectation B4.2 - MainProcess:MainThread
2025-01-23 16:59:15,469 - __main__:314 - INFO - Created overall expectation B4 with its specific expectations - MainProcess:MainThread
2025-01-23 16:59:15,471 - __main__:316 - INFO - Completed processing expectations for strand B - MainProcess:MainThread
2025-01-23 16:59:15,530 - __main__:282 - INFO - Processing expectations for strand C - MainProcess:MainThread
2025-01-23 16:59:15,531 - __main__:285 - INFO - Creating overall expectation C1 - MainProcess:MainThread
2025-01-23 16:59:15,765 - __main__:304 - DEBUG - Creating specific expectation C1.1 - MainProcess:MainThread
2025-01-23 16:59:15,767 - __main__:304 - DEBUG - Creating specific expectation C1.2 - MainProcess:MainThread
2025-01-23 16:59:15,767 - __main__:304 - DEBUG - Creating specific expectation C1.3 - MainProcess:MainThread
2025-01-23 16:59:15,827 - __main__:314 - INFO - Created overall expectation C1 with its specific expectations - MainProcess:MainThread
2025-01-23 16:59:15,828 - __main__:285 - INFO - Creating overall expectation C2 - MainProcess:MainThread
2025-01-23 16:59:15,885 - __main__:304 - DEBUG - Creating specific expectation C2.1 - MainProcess:MainThread
2025-01-23 16:59:15,885 - __main__:304 - DEBUG - Creating specific expectation C2.2 - MainProcess:MainThread
2025-01-23 16:59:15,944 - __main__:314 - INFO - Created overall expectation C2 with its specific expectations - MainProcess:MainThread
2025-01-23 16:59:15,945 - __main__:285 - INFO - Creating overall expectation C3 - MainProcess:MainThread
2025-01-23 16:59:16,003 - __main__:304 - DEBUG - Creating specific expectation C3.1 - MainProcess:MainThread
2025-01-23 16:59:16,004 - __main__:304 - DEBUG - Creating specific expectation C3.2 - MainProcess:MainThread
2025-01-23 16:59:16,086 - __main__:314 - INFO - Created overall expectation C3 with its specific expectations - MainProcess:MainThread
2025-01-23 16:59:16,087 - __main__:316 - INFO - Completed processing expectations for strand C - MainProcess:MainThread
2025-01-23 16:59:16,560 - __main__:377 - INFO - Final verification: - MainProcess:MainThread
2025-01-23 16:59:16,562 - __main__:378 - INFO - - Course: ICD2O - MainProcess:MainThread
2025-01-23 16:59:16,562 - __main__:379 - INFO - - Strands: 3 - MainProcess:MainThread
2025-01-23 16:59:16,563 - __main__:380 - INFO - - Overall Expectations: 10 - MainProcess:MainThread
2025-01-23 16:59:16,563 - __main__:381 - INFO - - Specific Expectations: 22 - MainProcess:MainThread
