2025-01-23 17:06:22,282 - app:25 - INFO - Starting application initialization... - MainProcess:MainThread
2025-01-23 17:06:22,385 - app:25 - INFO - Starting application initialization... - MainProcess:MainThread
2025-01-23 17:06:22,397 - engineio.server:112 - INFO - Server initialized for eventlet. - MainProcess:MainThread
2025-01-23 17:06:22,495 - engineio.server:112 - INFO - Server initialized for eventlet. - MainProcess:MainThread
2025-01-23 17:06:22,777 - app:25 - INFO - Starting application initialization... - MainProcess:MainThread
2025-01-23 17:06:22,808 - engineio.server:112 - INFO - Server initialized for eventlet. - MainProcess:MainThread
2025-01-23 17:06:23,297 - app:113 - INFO - Database tables created successfully - MainProcess:MainThread
2025-01-23 17:06:23,394 - app:113 - INFO - Database tables created successfully - MainProcess:MainThread
2025-01-23 17:06:23,426 - __main__:333 - INFO - Starting ICD2O curriculum import process... - MainProcess:MainThread
2025-01-23 17:06:23,538 - __main__:48 - INFO - Found in file: c2.1 concevoir des algorithmes qui répondent à des problèmes mathématiques donnés.
 - MainProcess:MainThread
2025-01-23 17:06:23,743 - app:113 - INFO - Database tables created successfully - MainProcess:MainThread
2025-01-23 17:06:23,947 - __main__:62 - INFO - Database Content: - MainProcess:MainThread
2025-01-23 17:06:23,948 - __main__:63 - INFO - -------------------------------------------------- - MainProcess:MainThread
2025-01-23 17:06:23,948 - __main__:64 - INFO - Strand: - MainProcess:MainThread
2025-01-23 17:06:23,948 - __main__:65 - INFO - - Code: C - MainProcess:MainThread
2025-01-23 17:06:23,948 - __main__:66 - INFO - - Title (FR): Programmation - MainProcess:MainThread
2025-01-23 17:06:23,948 - __main__:67 - INFO - - Title (EN): Programming - MainProcess:MainThread
2025-01-23 17:06:23,949 - __main__:69 - INFO - 
Overall Expectation: - MainProcess:MainThread
2025-01-23 17:06:23,949 - __main__:70 - INFO - - Code: C2 - MainProcess:MainThread
2025-01-23 17:06:23,952 - __main__:71 - INFO - - Description (FR): Écriture - MainProcess:MainThread
2025-01-23 17:06:23,952 - __main__:72 - INFO - - Description (EN): Writing - MainProcess:MainThread
2025-01-23 17:06:23,952 - __main__:74 - INFO - 
Specific Expectation: - MainProcess:MainThread
2025-01-23 17:06:23,952 - __main__:75 - INFO - - Code: C2.1 - MainProcess:MainThread
2025-01-23 17:06:23,952 - __main__:76 - INFO - - Description (FR): Écrire du code clair et maintenable en utilisant les conventions appropriées - MainProcess:MainThread
2025-01-23 17:06:23,952 - __main__:77 - INFO - - Description (EN): Write clear and maintainable code using proper conventions - MainProcess:MainThread
2025-01-23 17:06:23,952 - __main__:93 - INFO - 
All required fields are present - MainProcess:MainThread
2025-01-23 17:06:24,101 - __main__:55 - INFO - Successfully cleared existing data for course ICD2O - MainProcess:MainThread
2025-01-23 17:06:24,522 - __main__:354 - INFO - Created course: ICD2O - MainProcess:MainThread
2025-01-23 17:06:24,522 - __main__:86 - INFO - Creating strand A - MainProcess:MainThread
2025-01-23 17:06:24,613 - __main__:96 - INFO - Created strand A: Computational Thinking and Making Connections - MainProcess:MainThread
2025-01-23 17:06:24,613 - __main__:86 - INFO - Creating strand B - MainProcess:MainThread
2025-01-23 17:06:24,674 - __main__:96 - INFO - Created strand B: Hardware, Software, and Innovations - MainProcess:MainThread
2025-01-23 17:06:24,676 - __main__:86 - INFO - Creating strand C - MainProcess:MainThread
2025-01-23 17:06:24,738 - __main__:96 - INFO - Created strand C: Programming - MainProcess:MainThread
2025-01-23 17:06:25,091 - __main__:282 - INFO - Processing expectations for strand A - MainProcess:MainThread
2025-01-23 17:06:25,092 - __main__:285 - INFO - Creating overall expectation A1 - MainProcess:MainThread
2025-01-23 17:06:25,151 - __main__:304 - DEBUG - Creating specific expectation A1.1 - MainProcess:MainThread
2025-01-23 17:06:25,152 - __main__:304 - DEBUG - Creating specific expectation A1.2 - MainProcess:MainThread
2025-01-23 17:06:25,152 - __main__:304 - DEBUG - Creating specific expectation A1.3 - MainProcess:MainThread
2025-01-23 17:06:25,217 - __main__:314 - INFO - Created overall expectation A1 with its specific expectations - MainProcess:MainThread
2025-01-23 17:06:25,217 - __main__:285 - INFO - Creating overall expectation A2 - MainProcess:MainThread
2025-01-23 17:06:25,275 - __main__:304 - DEBUG - Creating specific expectation A2.1 - MainProcess:MainThread
2025-01-23 17:06:25,276 - __main__:304 - DEBUG - Creating specific expectation A2.2 - MainProcess:MainThread
2025-01-23 17:06:25,335 - __main__:314 - INFO - Created overall expectation A2 with its specific expectations - MainProcess:MainThread
2025-01-23 17:06:25,336 - __main__:285 - INFO - Creating overall expectation A3 - MainProcess:MainThread
2025-01-23 17:06:25,400 - __main__:304 - DEBUG - Creating specific expectation A3.1 - MainProcess:MainThread
2025-01-23 17:06:25,401 - __main__:304 - DEBUG - Creating specific expectation A3.2 - MainProcess:MainThread
2025-01-23 17:06:25,459 - __main__:314 - INFO - Created overall expectation A3 with its specific expectations - MainProcess:MainThread
2025-01-23 17:06:25,460 - __main__:316 - INFO - Completed processing expectations for strand A - MainProcess:MainThread
2025-01-23 17:06:25,518 - __main__:282 - INFO - Processing expectations for strand B - MainProcess:MainThread
2025-01-23 17:06:25,519 - __main__:285 - INFO - Creating overall expectation B1 - MainProcess:MainThread
2025-01-23 17:06:25,747 - __main__:304 - DEBUG - Creating specific expectation B1.1 - MainProcess:MainThread
2025-01-23 17:06:25,747 - __main__:304 - DEBUG - Creating specific expectation B1.2 - MainProcess:MainThread
2025-01-23 17:06:25,806 - __main__:314 - INFO - Created overall expectation B1 with its specific expectations - MainProcess:MainThread
2025-01-23 17:06:25,806 - __main__:285 - INFO - Creating overall expectation B2 - MainProcess:MainThread
2025-01-23 17:06:25,864 - __main__:304 - DEBUG - Creating specific expectation B2.1 - MainProcess:MainThread
2025-01-23 17:06:25,864 - __main__:304 - DEBUG - Creating specific expectation B2.2 - MainProcess:MainThread
2025-01-23 17:06:25,923 - __main__:314 - INFO - Created overall expectation B2 with its specific expectations - MainProcess:MainThread
2025-01-23 17:06:25,923 - __main__:285 - INFO - Creating overall expectation B3 - MainProcess:MainThread
2025-01-23 17:06:25,981 - __main__:304 - DEBUG - Creating specific expectation B3.1 - MainProcess:MainThread
2025-01-23 17:06:25,981 - __main__:304 - DEBUG - Creating specific expectation B3.2 - MainProcess:MainThread
2025-01-23 17:06:26,040 - __main__:314 - INFO - Created overall expectation B3 with its specific expectations - MainProcess:MainThread
2025-01-23 17:06:26,040 - __main__:285 - INFO - Creating overall expectation B4 - MainProcess:MainThread
2025-01-23 17:06:26,097 - __main__:304 - DEBUG - Creating specific expectation B4.1 - MainProcess:MainThread
2025-01-23 17:06:26,098 - __main__:304 - DEBUG - Creating specific expectation B4.2 - MainProcess:MainThread
2025-01-23 17:06:26,156 - __main__:314 - INFO - Created overall expectation B4 with its specific expectations - MainProcess:MainThread
2025-01-23 17:06:26,157 - __main__:316 - INFO - Completed processing expectations for strand B - MainProcess:MainThread
2025-01-23 17:06:26,222 - __main__:282 - INFO - Processing expectations for strand C - MainProcess:MainThread
2025-01-23 17:06:26,228 - __main__:285 - INFO - Creating overall expectation C1 - MainProcess:MainThread
2025-01-23 17:06:26,475 - __main__:304 - DEBUG - Creating specific expectation C1.1 - MainProcess:MainThread
2025-01-23 17:06:26,475 - __main__:304 - DEBUG - Creating specific expectation C1.2 - MainProcess:MainThread
2025-01-23 17:06:26,475 - __main__:304 - DEBUG - Creating specific expectation C1.3 - MainProcess:MainThread
2025-01-23 17:06:26,533 - __main__:314 - INFO - Created overall expectation C1 with its specific expectations - MainProcess:MainThread
2025-01-23 17:06:26,534 - __main__:285 - INFO - Creating overall expectation C2 - MainProcess:MainThread
2025-01-23 17:06:26,609 - __main__:304 - DEBUG - Creating specific expectation C2.1 - MainProcess:MainThread
2025-01-23 17:06:26,609 - __main__:304 - DEBUG - Creating specific expectation C2.2 - MainProcess:MainThread
2025-01-23 17:06:26,682 - __main__:314 - INFO - Created overall expectation C2 with its specific expectations - MainProcess:MainThread
2025-01-23 17:06:26,683 - __main__:285 - INFO - Creating overall expectation C3 - MainProcess:MainThread
2025-01-23 17:06:26,762 - __main__:304 - DEBUG - Creating specific expectation C3.1 - MainProcess:MainThread
2025-01-23 17:06:26,786 - __main__:304 - DEBUG - Creating specific expectation C3.2 - MainProcess:MainThread
2025-01-23 17:06:26,873 - __main__:314 - INFO - Created overall expectation C3 with its specific expectations - MainProcess:MainThread
2025-01-23 17:06:26,882 - __main__:316 - INFO - Completed processing expectations for strand C - MainProcess:MainThread
2025-01-23 17:06:27,306 - __main__:377 - INFO - Final verification: - MainProcess:MainThread
2025-01-23 17:06:27,311 - __main__:378 - INFO - - Course: ICD2O - MainProcess:MainThread
2025-01-23 17:06:27,314 - __main__:379 - INFO - - Strands: 3 - MainProcess:MainThread
2025-01-23 17:06:27,318 - __main__:380 - INFO - - Overall Expectations: 10 - MainProcess:MainThread
2025-01-23 17:06:27,323 - __main__:381 - INFO - - Specific Expectations: 22 - MainProcess:MainThread
