2025-01-23 16:59:19,218 - __main__:25 - INFO - Starting application initialization... - MainProcess:MainThread
2025-01-23 16:59:19,266 - engineio.server:112 - INFO - Server initialized for eventlet. - MainProcess:MainThread
2025-01-23 16:59:20,204 - __main__:113 - INFO - Database tables created successfully - MainProcess:MainThread
2025-01-23 16:59:20,280 - werkzeug:96 - WARNING -  * Debugger is active! - MainProcess:MainThread
2025-01-23 16:59:20,284 - werkzeug:96 - INFO -  * Debugger PIN: 549-401-630 - MainProcess:MainThread
2025-01-23 16:59:20,608 - __main__:122 - INFO - Starting index page render - MainProcess:Thread-1 (run_server)
2025-01-23 16:59:20,609 - __main__:123 - DEBUG - Rendering index page with template parameters: title='Ontario Secondary Computer Science Curriculum', lang='en' - MainProcess:Thread-1 (run_server)
2025-01-23 16:59:20,651 - __main__:129 - INFO - Successfully rendered index page - MainProcess:Thread-1 (run_server)
2025-01-23 16:59:21,535 - engineio.server:78 - INFO - Djw9zO2AdHwedpcwAAAA: Sending packet OPEN data {'sid': 'Djw9zO2AdHwedpcwAAAA', 'upgrades': [], 'pingTimeout': 60000, 'pingInterval': 25000, 'maxPayload': 100000000.0} - MainProcess:Thread-1 (run_server)
2025-01-23 16:59:21,536 - engineio.server:90 - INFO - Djw9zO2AdHwedpcwAAAA: Received request to upgrade to websocket - MainProcess:Thread-1 (run_server)
2025-01-23 16:59:21,537 - engineio.server:219 - INFO - Djw9zO2AdHwedpcwAAAA: Upgrade to websocket successful - MainProcess:Thread-1 (run_server)
2025-01-23 16:59:21,609 - engineio.server:39 - INFO - Djw9zO2AdHwedpcwAAAA: Received packet MESSAGE data 0 - MainProcess:Thread-1 (run_server)
2025-01-23 16:59:21,614 - __main__:147 - INFO - Client connected: {"sid": "NCH7HTvPr3HL_oeHAAAB", "transport": "websocket", "user_agent": "Mozilla/5.0 (Macintosh; Intel Mac OS X 10_15_7) AppleWebKit/537.36 (KHTML, like Gecko) Chrome/132.0.0.0 Safari/537.36", "remote_addr": "172.31.196.39"} - MainProcess:Thread-1 (run_server)
2025-01-23 16:59:21,614 - engineio.server:78 - INFO - Djw9zO2AdHwedpcwAAAA: Sending packet MESSAGE data 2["connected",{"status":"success","message":"Connected to server","sid":"NCH7HTvPr3HL_oeHAAAB"}] - MainProcess:Thread-1 (run_server)
2025-01-23 16:59:21,616 - engineio.server:78 - INFO - Djw9zO2AdHwedpcwAAAA: Sending packet MESSAGE data 0{"sid":"NCH7HTvPr3HL_oeHAAAB"} - MainProcess:Thread-1 (run_server)
2025-01-23 16:59:22,608 - __main__:122 - INFO - Starting index page render - MainProcess:Thread-1 (run_server)
2025-01-23 16:59:22,609 - __main__:123 - DEBUG - Rendering index page with template parameters: title='Ontario Secondary Computer Science Curriculum', lang='en' - MainProcess:Thread-1 (run_server)
2025-01-23 16:59:22,610 - __main__:129 - INFO - Successfully rendered index page - MainProcess:Thread-1 (run_server)
2025-01-23 16:59:23,404 - __main__:122 - INFO - Starting index page render - MainProcess:Thread-1 (run_server)
2025-01-23 16:59:23,405 - __main__:123 - DEBUG - Rendering index page with template parameters: title='Ontario Secondary Computer Science Curriculum', lang='en' - MainProcess:Thread-1 (run_server)
2025-01-23 16:59:23,406 - __main__:129 - INFO - Successfully rendered index page - MainProcess:Thread-1 (run_server)
2025-01-23 16:59:23,453 - engineio.server:78 - INFO - KXyaUOTwS2K9ecSaAAAC: Sending packet OPEN data {'sid': 'KXyaUOTwS2K9ecSaAAAC', 'upgrades': [], 'pingTimeout': 60000, 'pingInterval': 25000, 'maxPayload': 100000000.0} - MainProcess:Thread-1 (run_server)
2025-01-23 16:59:23,453 - engineio.server:90 - INFO - KXyaUOTwS2K9ecSaAAAC: Received request to upgrade to websocket - MainProcess:Thread-1 (run_server)
2025-01-23 16:59:23,454 - engineio.server:219 - INFO - KXyaUOTwS2K9ecSaAAAC: Upgrade to websocket successful - MainProcess:Thread-1 (run_server)
2025-01-23 16:59:23,524 - engineio.server:39 - INFO - KXyaUOTwS2K9ecSaAAAC: Received packet MESSAGE data 0 - MainProcess:Thread-1 (run_server)
2025-01-23 16:59:23,525 - __main__:147 - INFO - Client connected: {"sid": "YuhBpCK-F-X_60s8AAAD", "transport": "websocket", "user_agent": "Mozilla/5.0 (Macintosh; Intel Mac OS X 10_15_7) AppleWebKit/537.36 (KHTML, like Gecko) Chrome/132.0.0.0 Safari/537.36", "remote_addr": "172.31.196.39"} - MainProcess:Thread-1 (run_server)
2025-01-23 16:59:23,526 - engineio.server:78 - INFO - KXyaUOTwS2K9ecSaAAAC: Sending packet MESSAGE data 2["connected",{"status":"success","message":"Connected to server","sid":"YuhBpCK-F-X_60s8AAAD"}] - MainProcess:Thread-1 (run_server)
2025-01-23 16:59:23,526 - engineio.server:78 - INFO - KXyaUOTwS2K9ecSaAAAC: Sending packet MESSAGE data 0{"sid":"YuhBpCK-F-X_60s8AAAD"} - MainProcess:Thread-1 (run_server)
2025-01-23 16:59:24,115 - engineio.server:78 - INFO - 2deN6fkPHN6FjjdSAAAE: Sending packet OPEN data {'sid': '2deN6fkPHN6FjjdSAAAE', 'upgrades': [], 'pingTimeout': 60000, 'pingInterval': 25000, 'maxPayload': 100000000.0} - MainProcess:Thread-1 (run_server)
2025-01-23 16:59:24,120 - engineio.server:90 - INFO - 2deN6fkPHN6FjjdSAAAE: Received request to upgrade to websocket - MainProcess:Thread-1 (run_server)
2025-01-23 16:59:24,120 - engineio.server:219 - INFO - 2deN6fkPHN6FjjdSAAAE: Upgrade to websocket successful - MainProcess:Thread-1 (run_server)
2025-01-23 16:59:24,136 - engineio.server:39 - INFO - 2deN6fkPHN6FjjdSAAAE: Received packet MESSAGE data 0 - MainProcess:Thread-1 (run_server)
2025-01-23 16:59:24,138 - __main__:147 - INFO - Client connected: {"sid": "4gpKwLY8-eaGhCX-AAAF", "transport": "websocket", "user_agent": "Mozilla/5.0 (X11; Linux x86_64) AppleWebKit/537.36 (KHTML, like Gecko) HeadlessChrome/118.0.5993.88 Safari/537.36", "remote_addr": "172.31.196.39"} - MainProcess:Thread-1 (run_server)
2025-01-23 16:59:24,138 - engineio.server:78 - INFO - 2deN6fkPHN6FjjdSAAAE: Sending packet MESSAGE data 2["connected",{"status":"success","message":"Connected to server","sid":"4gpKwLY8-eaGhCX-AAAF"}] - MainProcess:Thread-1 (run_server)
2025-01-23 16:59:24,139 - engineio.server:78 - INFO - 2deN6fkPHN6FjjdSAAAE: Sending packet MESSAGE data 0{"sid":"4gpKwLY8-eaGhCX-AAAF"} - MainProcess:Thread-1 (run_server)
2025-01-23 16:59:24,525 - __main__:166 - INFO - Client disconnecting: 4gpKwLY8-eaGhCX-AAAF - MainProcess:Thread-1 (run_server)
2025-01-23 16:59:24,526 - __main__:177 - INFO - Client disconnected: 4gpKwLY8-eaGhCX-AAAF - MainProcess:Thread-1 (run_server)
2025-01-23 16:59:46,560 - engineio.server:78 - INFO - Djw9zO2AdHwedpcwAAAA: Sending packet PING data None - MainProcess:Thread-1 (run_server)
2025-01-23 16:59:46,627 - engineio.server:39 - INFO - Djw9zO2AdHwedpcwAAAA: Received packet PONG data  - MainProcess:Thread-1 (run_server)
2025-01-23 16:59:48,456 - engineio.server:78 - INFO - KXyaUOTwS2K9ecSaAAAC: Sending packet PING data None - MainProcess:Thread-1 (run_server)
2025-01-23 16:59:48,525 - engineio.server:39 - INFO - KXyaUOTwS2K9ecSaAAAC: Received packet PONG data  - MainProcess:Thread-1 (run_server)
2025-01-23 17:00:11,650 - engineio.server:78 - INFO - Djw9zO2AdHwedpcwAAAA: Sending packet PING data None - MainProcess:Thread-1 (run_server)
2025-01-23 17:00:11,718 - engineio.server:39 - INFO - Djw9zO2AdHwedpcwAAAA: Received packet PONG data  - MainProcess:Thread-1 (run_server)
2025-01-23 17:00:13,527 - engineio.server:78 - INFO - KXyaUOTwS2K9ecSaAAAC: Sending packet PING data None - MainProcess:Thread-1 (run_server)
2025-01-23 17:00:13,597 - engineio.server:39 - INFO - KXyaUOTwS2K9ecSaAAAC: Received packet PONG data  - MainProcess:Thread-1 (run_server)
2025-01-23 17:00:32,574 - engineio.server:39 - INFO - KXyaUOTwS2K9ecSaAAAC: Received packet MESSAGE data 2["compile_and_run",{"code":"using System;\n\nclass Program\n{\n    static void Main()\n    {\n        Console.WriteLine(\"Hello! Please enter your name:\");\n        string name = Console.ReadLine();\n        Console.WriteLine($\"Nice to meet you, {name}!\");\n    }\n}"}] - MainProcess:Thread-1 (run_server)
2025-01-23 17:00:32,576 - __main__:194 - INFO - [COMPILE] Starting compilation for session session_1737651632 client YuhBpCK-F-X_60s8AAAD - MainProcess:Thread-1 (run_server)
2025-01-23 17:00:32,576 - __main__:195 - DEBUG - [COMPILE] Code length: 227, First line: using - MainProcess:Thread-1 (run_server)
2025-01-23 17:00:32,577 - __main__:62 - INFO - Created new console session: session_1737651632 (active: True) - MainProcess:Thread-1 (run_server)
2025-01-23 17:04:57,410 - werkzeug:96 - INFO -  * Detected change in '/home/runner/workspace/compiler_service.py', reloading - MainProcess:MainThread
