2025-01-23 18:24:52,728 - __main__:25 - INFO - Starting application initialization... - MainProcess:MainThread
2025-01-23 18:24:52,758 - engineio.server:112 - INFO - Server initialized for eventlet. - MainProcess:MainThread
2025-01-23 18:24:53,612 - __main__:113 - INFO - Database tables created successfully - MainProcess:MainThread
2025-01-23 18:24:53,661 - werkzeug:96 - WARNING -  * Debugger is active! - MainProcess:MainThread
2025-01-23 18:24:53,674 - werkzeug:96 - INFO -  * Debugger PIN: 146-033-552 - MainProcess:MainThread
2025-01-23 18:24:54,033 - __main__:122 - INFO - Starting index page render - MainProcess:Thread-1 (run_server)
2025-01-23 18:24:54,044 - __main__:123 - DEBUG - Rendering index page with template parameters: title='Ontario Secondary Computer Science Curriculum', lang='en' - MainProcess:Thread-1 (run_server)
2025-01-23 18:24:54,160 - __main__:129 - INFO - Successfully rendered index page - MainProcess:Thread-1 (run_server)
2025-01-23 18:24:54,993 - __main__:122 - INFO - Starting index page render - MainProcess:Thread-1 (run_server)
2025-01-23 18:24:54,993 - __main__:123 - DEBUG - Rendering index page with template parameters: title='Ontario Secondary Computer Science Curriculum', lang='en' - MainProcess:Thread-1 (run_server)
2025-01-23 18:24:54,994 - __main__:129 - INFO - Successfully rendered index page - MainProcess:Thread-1 (run_server)
2025-01-23 18:24:55,054 - engineio.server:78 - INFO - k44CZHF-nbusm6f6AAAA: Sending packet OPEN data {'sid': 'k44CZHF-nbusm6f6AAAA', 'upgrades': [], 'pingTimeout': 60000, 'pingInterval': 25000, 'maxPayload': 100000000.0} - MainProcess:Thread-1 (run_server)
2025-01-23 18:24:55,055 - engineio.server:90 - INFO - k44CZHF-nbusm6f6AAAA: Received request to upgrade to websocket - MainProcess:Thread-1 (run_server)
2025-01-23 18:24:55,056 - engineio.server:219 - INFO - k44CZHF-nbusm6f6AAAA: Upgrade to websocket successful - MainProcess:Thread-1 (run_server)
2025-01-23 18:24:55,126 - engineio.server:39 - INFO - k44CZHF-nbusm6f6AAAA: Received packet MESSAGE data 0 - MainProcess:Thread-1 (run_server)
2025-01-23 18:24:55,129 - __main__:147 - INFO - Client connected: {"sid": "wv2JB9tfCBunHoAHAAAB", "transport": "websocket", "user_agent": "Mozilla/5.0 (Macintosh; Intel Mac OS X 10_15_7) AppleWebKit/537.36 (KHTML, like Gecko) Chrome/132.0.0.0 Safari/537.36", "remote_addr": "172.31.196.39"} - MainProcess:Thread-1 (run_server)
2025-01-23 18:24:55,130 - engineio.server:78 - INFO - k44CZHF-nbusm6f6AAAA: Sending packet MESSAGE data 2["connected",{"status":"success","message":"Connected to server","sid":"wv2JB9tfCBunHoAHAAAB"}] - MainProcess:Thread-1 (run_server)
2025-01-23 18:24:55,131 - engineio.server:78 - INFO - k44CZHF-nbusm6f6AAAA: Sending packet MESSAGE data 0{"sid":"wv2JB9tfCBunHoAHAAAB"} - MainProcess:Thread-1 (run_server)
2025-01-23 18:24:55,616 - engineio.server:78 - INFO - azzYgziPV6yd4rYQAAAC: Sending packet OPEN data {'sid': 'azzYgziPV6yd4rYQAAAC', 'upgrades': [], 'pingTimeout': 60000, 'pingInterval': 25000, 'maxPayload': 100000000.0} - MainProcess:Thread-1 (run_server)
2025-01-23 18:24:55,617 - engineio.server:90 - INFO - azzYgziPV6yd4rYQAAAC: Received request to upgrade to websocket - MainProcess:Thread-1 (run_server)
2025-01-23 18:24:55,617 - engineio.server:219 - INFO - azzYgziPV6yd4rYQAAAC: Upgrade to websocket successful - MainProcess:Thread-1 (run_server)
2025-01-23 18:24:55,688 - engineio.server:39 - INFO - azzYgziPV6yd4rYQAAAC: Received packet MESSAGE data 0 - MainProcess:Thread-1 (run_server)
2025-01-23 18:24:55,692 - __main__:147 - INFO - Client connected: {"sid": "pEwFIXhD4Cjx7dj3AAAD", "transport": "websocket", "user_agent": "Mozilla/5.0 (Macintosh; Intel Mac OS X 10_15_7) AppleWebKit/537.36 (KHTML, like Gecko) Chrome/132.0.0.0 Safari/537.36", "remote_addr": "172.31.196.39"} - MainProcess:Thread-1 (run_server)
2025-01-23 18:24:55,698 - engineio.server:78 - INFO - azzYgziPV6yd4rYQAAAC: Sending packet MESSAGE data 2["connected",{"status":"success","message":"Connected to server","sid":"pEwFIXhD4Cjx7dj3AAAD"}] - MainProcess:Thread-1 (run_server)
2025-01-23 18:24:55,699 - engineio.server:78 - INFO - azzYgziPV6yd4rYQAAAC: Sending packet MESSAGE data 0{"sid":"pEwFIXhD4Cjx7dj3AAAD"} - MainProcess:Thread-1 (run_server)
2025-01-23 18:24:55,709 - __main__:122 - INFO - Starting index page render - MainProcess:Thread-1 (run_server)
2025-01-23 18:24:55,710 - __main__:123 - DEBUG - Rendering index page with template parameters: title='Ontario Secondary Computer Science Curriculum', lang='en' - MainProcess:Thread-1 (run_server)
2025-01-23 18:24:55,711 - __main__:129 - INFO - Successfully rendered index page - MainProcess:Thread-1 (run_server)
2025-01-23 18:24:56,695 - engineio.server:78 - INFO - pKlvxob5QWFgyktuAAAE: Sending packet OPEN data {'sid': 'pKlvxob5QWFgyktuAAAE', 'upgrades': [], 'pingTimeout': 60000, 'pingInterval': 25000, 'maxPayload': 100000000.0} - MainProcess:Thread-1 (run_server)
2025-01-23 18:24:56,696 - engineio.server:90 - INFO - pKlvxob5QWFgyktuAAAE: Received request to upgrade to websocket - MainProcess:Thread-1 (run_server)
2025-01-23 18:24:56,698 - engineio.server:219 - INFO - pKlvxob5QWFgyktuAAAE: Upgrade to websocket successful - MainProcess:Thread-1 (run_server)
2025-01-23 18:24:56,785 - engineio.server:39 - INFO - pKlvxob5QWFgyktuAAAE: Received packet MESSAGE data 0 - MainProcess:Thread-1 (run_server)
2025-01-23 18:24:56,792 - __main__:147 - INFO - Client connected: {"sid": "BoGdzGhhDfdj-3pxAAAF", "transport": "websocket", "user_agent": "Mozilla/5.0 (X11; Linux x86_64) AppleWebKit/537.36 (KHTML, like Gecko) HeadlessChrome/118.0.5993.88 Safari/537.36", "remote_addr": "172.31.196.39"} - MainProcess:Thread-1 (run_server)
2025-01-23 18:24:56,794 - engineio.server:78 - INFO - pKlvxob5QWFgyktuAAAE: Sending packet MESSAGE data 2["connected",{"status":"success","message":"Connected to server","sid":"BoGdzGhhDfdj-3pxAAAF"}] - MainProcess:Thread-1 (run_server)
2025-01-23 18:24:56,796 - engineio.server:78 - INFO - pKlvxob5QWFgyktuAAAE: Sending packet MESSAGE data 0{"sid":"BoGdzGhhDfdj-3pxAAAF"} - MainProcess:Thread-1 (run_server)
2025-01-23 18:24:57,225 - __main__:166 - INFO - Client disconnecting: BoGdzGhhDfdj-3pxAAAF - MainProcess:Thread-1 (run_server)
2025-01-23 18:24:57,249 - __main__:177 - INFO - Client disconnected: BoGdzGhhDfdj-3pxAAAF - MainProcess:Thread-1 (run_server)
