2025-01-23 17:48:36,038 - __main__:25 - INFO - Starting application initialization... - MainProcess:MainThread
2025-01-23 17:48:36,126 - engineio.server:112 - INFO - Server initialized for eventlet. - MainProcess:MainThread
2025-01-23 17:48:36,160 - app:25 - INFO - Starting application initialization... - MainProcess:MainThread
2025-01-23 17:48:36,219 - engineio.server:112 - INFO - Server initialized for eventlet. - MainProcess:MainThread
2025-01-23 17:48:36,262 - app:25 - INFO - Starting application initialization... - MainProcess:MainThread
2025-01-23 17:48:36,293 - engineio.server:112 - INFO - Server initialized for eventlet. - MainProcess:MainThread
2025-01-23 17:48:36,659 - app:25 - INFO - Starting application initialization... - MainProcess:MainThread
2025-01-23 17:48:36,688 - engineio.server:112 - INFO - Server initialized for eventlet. - MainProcess:MainThread
2025-01-23 17:48:39,144 - app:113 - INFO - Database tables created successfully - MainProcess:MainThread
2025-01-23 17:48:39,183 - app:113 - INFO - Database tables created successfully - MainProcess:MainThread
2025-01-23 17:48:39,193 - __main__:333 - INFO - Starting ICD2O curriculum import process... - MainProcess:MainThread
2025-01-23 17:48:39,343 - __main__:48 - INFO - Found in file: c2.1 concevoir des algorithmes qui répondent à des problèmes mathématiques donnés.
 - MainProcess:MainThread
2025-01-23 17:48:39,579 - app:113 - INFO - Database tables created successfully - MainProcess:MainThread
2025-01-23 17:48:39,908 - __main__:55 - INFO - Successfully cleared existing data for course ICD2O - MainProcess:MainThread
2025-01-23 17:48:39,909 - __main__:96 - ERROR - 
C2.1 expectation not found in database - MainProcess:MainThread
2025-01-23 17:48:40,009 - __main__:101 - INFO - 
Available codes: - MainProcess:MainThread
2025-01-23 17:48:40,370 - __main__:354 - INFO - Created course: ICD2O - MainProcess:MainThread
2025-01-23 17:48:40,371 - __main__:86 - INFO - Creating strand A - MainProcess:MainThread
2025-01-23 17:48:40,437 - __main__:96 - INFO - Created strand A: Computational Thinking and Making Connections - MainProcess:MainThread
2025-01-23 17:48:40,437 - __main__:86 - INFO - Creating strand B - MainProcess:MainThread
2025-01-23 17:48:40,496 - __main__:96 - INFO - Created strand B: Hardware, Software, and Innovations - MainProcess:MainThread
2025-01-23 17:48:40,497 - __main__:86 - INFO - Creating strand C - MainProcess:MainThread
2025-01-23 17:48:40,555 - __main__:96 - INFO - Created strand C: Programming - MainProcess:MainThread
2025-01-23 17:48:40,950 - __main__:282 - INFO - Processing expectations for strand A - MainProcess:MainThread
2025-01-23 17:48:40,951 - __main__:285 - INFO - Creating overall expectation A1 - MainProcess:MainThread
2025-01-23 17:48:41,012 - __main__:304 - DEBUG - Creating specific expectation A1.1 - MainProcess:MainThread
2025-01-23 17:48:41,012 - __main__:304 - DEBUG - Creating specific expectation A1.2 - MainProcess:MainThread
2025-01-23 17:48:41,012 - __main__:304 - DEBUG - Creating specific expectation A1.3 - MainProcess:MainThread
2025-01-23 17:48:41,074 - __main__:314 - INFO - Created overall expectation A1 with its specific expectations - MainProcess:MainThread
2025-01-23 17:48:41,074 - __main__:285 - INFO - Creating overall expectation A2 - MainProcess:MainThread
2025-01-23 17:48:41,139 - __main__:304 - DEBUG - Creating specific expectation A2.1 - MainProcess:MainThread
2025-01-23 17:48:41,141 - __main__:304 - DEBUG - Creating specific expectation A2.2 - MainProcess:MainThread
2025-01-23 17:48:41,210 - __main__:314 - INFO - Created overall expectation A2 with its specific expectations - MainProcess:MainThread
2025-01-23 17:48:41,211 - __main__:285 - INFO - Creating overall expectation A3 - MainProcess:MainThread
2025-01-23 17:48:41,270 - __main__:304 - DEBUG - Creating specific expectation A3.1 - MainProcess:MainThread
2025-01-23 17:48:41,270 - __main__:304 - DEBUG - Creating specific expectation A3.2 - MainProcess:MainThread
2025-01-23 17:48:41,332 - __main__:314 - INFO - Created overall expectation A3 with its specific expectations - MainProcess:MainThread
2025-01-23 17:48:41,333 - __main__:316 - INFO - Completed processing expectations for strand A - MainProcess:MainThread
2025-01-23 17:48:41,391 - __main__:282 - INFO - Processing expectations for strand B - MainProcess:MainThread
2025-01-23 17:48:41,391 - __main__:285 - INFO - Creating overall expectation B1 - MainProcess:MainThread
2025-01-23 17:48:41,619 - __main__:304 - DEBUG - Creating specific expectation B1.1 - MainProcess:MainThread
2025-01-23 17:48:41,620 - __main__:304 - DEBUG - Creating specific expectation B1.2 - MainProcess:MainThread
2025-01-23 17:48:41,682 - __main__:314 - INFO - Created overall expectation B1 with its specific expectations - MainProcess:MainThread
2025-01-23 17:48:41,683 - __main__:285 - INFO - Creating overall expectation B2 - MainProcess:MainThread
2025-01-23 17:48:41,743 - __main__:304 - DEBUG - Creating specific expectation B2.1 - MainProcess:MainThread
2025-01-23 17:48:41,744 - __main__:304 - DEBUG - Creating specific expectation B2.2 - MainProcess:MainThread
2025-01-23 17:48:41,834 - __main__:314 - INFO - Created overall expectation B2 with its specific expectations - MainProcess:MainThread
2025-01-23 17:48:41,836 - __main__:285 - INFO - Creating overall expectation B3 - MainProcess:MainThread
2025-01-23 17:48:41,894 - __main__:304 - DEBUG - Creating specific expectation B3.1 - MainProcess:MainThread
2025-01-23 17:48:41,895 - __main__:304 - DEBUG - Creating specific expectation B3.2 - MainProcess:MainThread
2025-01-23 17:48:41,953 - __main__:314 - INFO - Created overall expectation B3 with its specific expectations - MainProcess:MainThread
2025-01-23 17:48:41,954 - __main__:285 - INFO - Creating overall expectation B4 - MainProcess:MainThread
2025-01-23 17:48:42,013 - __main__:304 - DEBUG - Creating specific expectation B4.1 - MainProcess:MainThread
2025-01-23 17:48:42,013 - __main__:304 - DEBUG - Creating specific expectation B4.2 - MainProcess:MainThread
2025-01-23 17:48:42,074 - __main__:314 - INFO - Created overall expectation B4 with its specific expectations - MainProcess:MainThread
2025-01-23 17:48:42,075 - __main__:316 - INFO - Completed processing expectations for strand B - MainProcess:MainThread
2025-01-23 17:48:42,136 - __main__:282 - INFO - Processing expectations for strand C - MainProcess:MainThread
2025-01-23 17:48:42,137 - __main__:285 - INFO - Creating overall expectation C1 - MainProcess:MainThread
2025-01-23 17:48:42,371 - __main__:304 - DEBUG - Creating specific expectation C1.1 - MainProcess:MainThread
2025-01-23 17:48:42,372 - __main__:304 - DEBUG - Creating specific expectation C1.2 - MainProcess:MainThread
2025-01-23 17:48:42,372 - __main__:304 - DEBUG - Creating specific expectation C1.3 - MainProcess:MainThread
2025-01-23 17:48:42,432 - __main__:314 - INFO - Created overall expectation C1 with its specific expectations - MainProcess:MainThread
2025-01-23 17:48:42,433 - __main__:285 - INFO - Creating overall expectation C2 - MainProcess:MainThread
2025-01-23 17:48:42,490 - __main__:304 - DEBUG - Creating specific expectation C2.1 - MainProcess:MainThread
2025-01-23 17:48:42,491 - __main__:304 - DEBUG - Creating specific expectation C2.2 - MainProcess:MainThread
2025-01-23 17:48:42,551 - __main__:314 - INFO - Created overall expectation C2 with its specific expectations - MainProcess:MainThread
2025-01-23 17:48:42,551 - __main__:285 - INFO - Creating overall expectation C3 - MainProcess:MainThread
2025-01-23 17:48:42,617 - __main__:304 - DEBUG - Creating specific expectation C3.1 - MainProcess:MainThread
2025-01-23 17:48:42,617 - __main__:304 - DEBUG - Creating specific expectation C3.2 - MainProcess:MainThread
2025-01-23 17:48:42,675 - __main__:314 - INFO - Created overall expectation C3 with its specific expectations - MainProcess:MainThread
2025-01-23 17:48:42,676 - __main__:316 - INFO - Completed processing expectations for strand C - MainProcess:MainThread
2025-01-23 17:48:43,108 - __main__:377 - INFO - Final verification: - MainProcess:MainThread
2025-01-23 17:48:43,108 - __main__:378 - INFO - - Course: ICD2O - MainProcess:MainThread
2025-01-23 17:48:43,109 - __main__:379 - INFO - - Strands: 3 - MainProcess:MainThread
2025-01-23 17:48:43,109 - __main__:380 - INFO - - Overall Expectations: 10 - MainProcess:MainThread
2025-01-23 17:48:43,109 - __main__:381 - INFO - - Specific Expectations: 22 - MainProcess:MainThread
