2025-01-23 17:05:38,291 - app:25 - INFO - Starting application initialization... - MainProcess:MainThread
2025-01-23 17:05:38,292 - app:25 - INFO - Starting application initialization... - MainProcess:MainThread
2025-01-23 17:05:38,307 - app:25 - INFO - Starting application initialization... - MainProcess:MainThread
2025-01-23 17:05:38,379 - engineio.server:112 - INFO - Server initialized for eventlet. - MainProcess:MainThread
2025-01-23 17:05:38,407 - engineio.server:112 - INFO - Server initialized for eventlet. - MainProcess:MainThread
2025-01-23 17:05:38,728 - engineio.server:112 - INFO - Server initialized for eventlet. - MainProcess:MainThread
2025-01-23 17:05:38,917 - app:25 - INFO - Starting application initialization... - MainProcess:MainThread
2025-01-23 17:05:39,063 - engineio.server:112 - INFO - Server initialized for eventlet. - MainProcess:MainThread
2025-01-23 17:05:39,295 - app:113 - INFO - Database tables created successfully - MainProcess:MainThread
2025-01-23 17:05:39,333 - app:113 - INFO - Database tables created successfully - MainProcess:MainThread
2025-01-23 17:05:39,542 - __main__:23 - INFO - Starting database table creation... - MainProcess:MainThread
2025-01-23 17:05:39,668 - app:113 - INFO - Database tables created successfully - MainProcess:MainThread
2025-01-23 17:05:39,706 - __main__:47 - INFO - Starting ICS3U curriculum import process... - MainProcess:MainThread
2025-01-23 17:05:39,865 - __main__:30 - INFO - Existing tables: ['student', 'student_achievement', 'achievement', 'student_progress', 'coding_activity', 'code_submission', 'shared_code', 'audit_log', 'courses', 'strands', 'overall_expectations', 'specific_expectations'] - MainProcess:MainThread
2025-01-23 17:05:39,973 - app:113 - INFO - Database tables created successfully - MainProcess:MainThread
2025-01-23 17:05:39,974 - __main__:47 - INFO - Starting ICS3U curriculum import process... - MainProcess:MainThread
2025-01-23 17:05:40,128 - __main__:86 - INFO - Successfully updated strand titles and overall descriptions - MainProcess:MainThread
2025-01-23 17:05:40,160 - __main__:48 - INFO - Found in file: c2.1 concevoir des algorithmes qui répondent à des problèmes mathématiques donnés.
 - MainProcess:MainThread
2025-01-23 17:05:40,571 - __main__:86 - INFO - Successfully updated strand titles and overall descriptions - MainProcess:MainThread
2025-01-23 17:05:40,620 - __main__:62 - INFO - Database Content: - MainProcess:MainThread
2025-01-23 17:05:40,624 - __main__:63 - INFO - -------------------------------------------------- - MainProcess:MainThread
2025-01-23 17:05:40,624 - __main__:64 - INFO - Strand: - MainProcess:MainThread
2025-01-23 17:05:40,624 - __main__:65 - INFO - - Code: C - MainProcess:MainThread
2025-01-23 17:05:40,624 - __main__:66 - INFO - - Title (FR): Programmation - MainProcess:MainThread
2025-01-23 17:05:40,625 - __main__:67 - INFO - - Title (EN): Programming - MainProcess:MainThread
2025-01-23 17:05:40,626 - __main__:69 - INFO - 
Overall Expectation: - MainProcess:MainThread
2025-01-23 17:05:40,626 - __main__:70 - INFO - - Code: C2 - MainProcess:MainThread
2025-01-23 17:05:40,628 - __main__:71 - INFO - - Description (FR): Écriture - MainProcess:MainThread
2025-01-23 17:05:40,632 - __main__:72 - INFO - - Description (EN): Writing - MainProcess:MainThread
2025-01-23 17:05:40,633 - __main__:74 - INFO - 
Specific Expectation: - MainProcess:MainThread
2025-01-23 17:05:40,633 - __main__:75 - INFO - - Code: C2.1 - MainProcess:MainThread
2025-01-23 17:05:40,633 - __main__:76 - INFO - - Description (FR): Écrire du code clair et maintenable en utilisant les conventions appropriées - MainProcess:MainThread
2025-01-23 17:05:40,633 - __main__:77 - INFO - - Description (EN): Write clear and maintainable code using proper conventions - MainProcess:MainThread
2025-01-23 17:05:40,636 - __main__:93 - INFO - 
All required fields are present - MainProcess:MainThread
2025-01-23 17:05:41,032 - __main__:37 - INFO - Tables after creation: ['student', 'student_achievement', 'achievement', 'student_progress', 'coding_activity', 'code_submission', 'shared_code', 'audit_log', 'courses', 'strands', 'overall_expectations', 'specific_expectations'] - MainProcess:MainThread
2025-01-23 17:05:41,033 - __main__:46 - INFO - Database tables created successfully! - MainProcess:MainThread
