2025-01-23 15:35:51,133 - __main__:25 - INFO - Starting application initialization... - MainProcess:MainThread
2025-01-23 15:35:51,215 - engineio.server:112 - INFO - Server initialized for eventlet. - MainProcess:MainThread
2025-01-23 15:35:52,166 - __main__:90 - INFO - Database tables created successfully - MainProcess:MainThread
2025-01-23 15:35:52,168 - werkzeug:96 - WARNING -  * Debugger is active! - MainProcess:MainThread
2025-01-23 15:35:52,171 - werkzeug:96 - INFO -  * Debugger PIN: 754-081-708 - MainProcess:MainThread
2025-01-23 15:35:52,459 - __main__:97 - DEBUG - Rendering index page - MainProcess:Thread-1 (run_server)
2025-01-23 15:35:53,311 - engineio.server:78 - INFO - 7d98DvHj_vkyx3UlAAAA: Sending packet OPEN data {'sid': '7d98DvHj_vkyx3UlAAAA', 'upgrades': [], 'pingTimeout': 60000, 'pingInterval': 25000, 'maxPayload': 100000000.0} - MainProcess:Thread-1 (run_server)
2025-01-23 15:35:53,312 - engineio.server:90 - INFO - 7d98DvHj_vkyx3UlAAAA: Received request to upgrade to websocket - MainProcess:Thread-1 (run_server)
2025-01-23 15:35:53,312 - engineio.server:219 - INFO - 7d98DvHj_vkyx3UlAAAA: Upgrade to websocket successful - MainProcess:Thread-1 (run_server)
2025-01-23 15:35:53,409 - engineio.server:39 - INFO - 7d98DvHj_vkyx3UlAAAA: Received packet MESSAGE data 0 - MainProcess:Thread-1 (run_server)
2025-01-23 15:35:53,411 - __main__:114 - INFO - Client connected: {"sid": "UpocPoUqjsGt03Y2AAAB", "transport": "websocket", "user_agent": "Mozilla/5.0 (Macintosh; Intel Mac OS X 10_15_7) AppleWebKit/537.36 (KHTML, like Gecko) Chrome/132.0.0.0 Safari/537.36", "remote_addr": "172.31.196.39"} - MainProcess:Thread-1 (run_server)
2025-01-23 15:35:53,418 - engineio.server:78 - INFO - 7d98DvHj_vkyx3UlAAAA: Sending packet MESSAGE data 2["connected",{"status":"success","message":"Connected to server","sid":"UpocPoUqjsGt03Y2AAAB"}] - MainProcess:Thread-1 (run_server)
2025-01-23 15:35:53,419 - engineio.server:78 - INFO - 7d98DvHj_vkyx3UlAAAA: Sending packet MESSAGE data 0{"sid":"UpocPoUqjsGt03Y2AAAB"} - MainProcess:Thread-1 (run_server)
2025-01-23 15:35:53,432 - __main__:97 - DEBUG - Rendering index page - MainProcess:Thread-1 (run_server)
2025-01-23 15:35:53,937 - engineio.server:78 - INFO - tqh8cnKhrFWu8vVdAAAC: Sending packet OPEN data {'sid': 'tqh8cnKhrFWu8vVdAAAC', 'upgrades': [], 'pingTimeout': 60000, 'pingInterval': 25000, 'maxPayload': 100000000.0} - MainProcess:Thread-1 (run_server)
2025-01-23 15:35:53,938 - engineio.server:90 - INFO - tqh8cnKhrFWu8vVdAAAC: Received request to upgrade to websocket - MainProcess:Thread-1 (run_server)
2025-01-23 15:35:53,939 - engineio.server:219 - INFO - tqh8cnKhrFWu8vVdAAAC: Upgrade to websocket successful - MainProcess:Thread-1 (run_server)
2025-01-23 15:35:54,008 - engineio.server:39 - INFO - tqh8cnKhrFWu8vVdAAAC: Received packet MESSAGE data 0 - MainProcess:Thread-1 (run_server)
2025-01-23 15:35:54,012 - __main__:114 - INFO - Client connected: {"sid": "1Fsr8vuZ8_VNvXr7AAAD", "transport": "websocket", "user_agent": "Mozilla/5.0 (Macintosh; Intel Mac OS X 10_15_7) AppleWebKit/537.36 (KHTML, like Gecko) Chrome/132.0.0.0 Safari/537.36", "remote_addr": "172.31.196.39"} - MainProcess:Thread-1 (run_server)
2025-01-23 15:35:54,014 - engineio.server:78 - INFO - tqh8cnKhrFWu8vVdAAAC: Sending packet MESSAGE data 2["connected",{"status":"success","message":"Connected to server","sid":"1Fsr8vuZ8_VNvXr7AAAD"}] - MainProcess:Thread-1 (run_server)
2025-01-23 15:35:54,015 - engineio.server:78 - INFO - tqh8cnKhrFWu8vVdAAAC: Sending packet MESSAGE data 0{"sid":"1Fsr8vuZ8_VNvXr7AAAD"} - MainProcess:Thread-1 (run_server)
2025-01-23 15:35:54,056 - __main__:97 - DEBUG - Rendering index page - MainProcess:Thread-1 (run_server)
2025-01-23 15:35:54,615 - engineio.server:78 - INFO - hLxDVmF5NaJzjbXoAAAE: Sending packet OPEN data {'sid': 'hLxDVmF5NaJzjbXoAAAE', 'upgrades': [], 'pingTimeout': 60000, 'pingInterval': 25000, 'maxPayload': 100000000.0} - MainProcess:Thread-1 (run_server)
2025-01-23 15:35:54,615 - engineio.server:90 - INFO - hLxDVmF5NaJzjbXoAAAE: Received request to upgrade to websocket - MainProcess:Thread-1 (run_server)
2025-01-23 15:35:54,616 - engineio.server:219 - INFO - hLxDVmF5NaJzjbXoAAAE: Upgrade to websocket successful - MainProcess:Thread-1 (run_server)
2025-01-23 15:35:54,629 - engineio.server:39 - INFO - hLxDVmF5NaJzjbXoAAAE: Received packet MESSAGE data 0 - MainProcess:Thread-1 (run_server)
2025-01-23 15:35:54,633 - __main__:114 - INFO - Client connected: {"sid": "SdRij3BxomOC8iMCAAAF", "transport": "websocket", "user_agent": "Mozilla/5.0 (X11; Linux x86_64) AppleWebKit/537.36 (KHTML, like Gecko) HeadlessChrome/118.0.5993.88 Safari/537.36", "remote_addr": "172.31.196.39"} - MainProcess:Thread-1 (run_server)
2025-01-23 15:35:54,635 - engineio.server:78 - INFO - hLxDVmF5NaJzjbXoAAAE: Sending packet MESSAGE data 2["connected",{"status":"success","message":"Connected to server","sid":"SdRij3BxomOC8iMCAAAF"}] - MainProcess:Thread-1 (run_server)
2025-01-23 15:35:54,637 - engineio.server:78 - INFO - hLxDVmF5NaJzjbXoAAAE: Sending packet MESSAGE data 0{"sid":"SdRij3BxomOC8iMCAAAF"} - MainProcess:Thread-1 (run_server)
2025-01-23 15:35:55,165 - __main__:133 - INFO - Client disconnecting: SdRij3BxomOC8iMCAAAF - MainProcess:Thread-1 (run_server)
2025-01-23 15:35:55,165 - __main__:144 - INFO - Client disconnected: SdRij3BxomOC8iMCAAAF - MainProcess:Thread-1 (run_server)
