2025-01-23 18:29:39,952 - __main__:25 - INFO - Starting application initialization... - MainProcess:MainThread
2025-01-23 18:29:39,992 - engineio.server:112 - INFO - Server initialized for eventlet. - MainProcess:MainThread
2025-01-23 18:29:40,936 - __main__:113 - INFO - Database tables created successfully - MainProcess:MainThread
2025-01-23 18:29:40,942 - werkzeug:96 - WARNING -  * Debugger is active! - MainProcess:MainThread
2025-01-23 18:29:40,948 - werkzeug:96 - INFO -  * Debugger PIN: 703-860-541 - MainProcess:MainThread
2025-01-23 18:29:41,351 - __main__:122 - INFO - Starting index page render - MainProcess:Thread-1 (run_server)
2025-01-23 18:29:41,354 - __main__:123 - DEBUG - Rendering index page with template parameters: title='Ontario Secondary Computer Science Curriculum', lang='en' - MainProcess:Thread-1 (run_server)
2025-01-23 18:29:41,381 - __main__:129 - INFO - Successfully rendered index page - MainProcess:Thread-1 (run_server)
2025-01-23 18:29:42,263 - __main__:122 - INFO - Starting index page render - MainProcess:Thread-1 (run_server)
2025-01-23 18:29:42,268 - __main__:123 - DEBUG - Rendering index page with template parameters: title='Ontario Secondary Computer Science Curriculum', lang='en' - MainProcess:Thread-1 (run_server)
2025-01-23 18:29:42,270 - __main__:129 - INFO - Successfully rendered index page - MainProcess:Thread-1 (run_server)
2025-01-23 18:29:42,306 - engineio.server:78 - INFO - 3dVb31Y0vg3hidsOAAAA: Sending packet OPEN data {'sid': '3dVb31Y0vg3hidsOAAAA', 'upgrades': [], 'pingTimeout': 60000, 'pingInterval': 25000, 'maxPayload': 100000000.0} - MainProcess:Thread-1 (run_server)
2025-01-23 18:29:42,307 - engineio.server:90 - INFO - 3dVb31Y0vg3hidsOAAAA: Received request to upgrade to websocket - MainProcess:Thread-1 (run_server)
2025-01-23 18:29:42,308 - engineio.server:219 - INFO - 3dVb31Y0vg3hidsOAAAA: Upgrade to websocket successful - MainProcess:Thread-1 (run_server)
2025-01-23 18:29:42,376 - engineio.server:39 - INFO - 3dVb31Y0vg3hidsOAAAA: Received packet MESSAGE data 0 - MainProcess:Thread-1 (run_server)
2025-01-23 18:29:42,378 - __main__:147 - INFO - Client connected: {"sid": "raVPjWlrNP6abUqHAAAB", "transport": "websocket", "user_agent": "Mozilla/5.0 (Macintosh; Intel Mac OS X 10_15_7) AppleWebKit/537.36 (KHTML, like Gecko) Chrome/132.0.0.0 Safari/537.36", "remote_addr": "172.31.196.39"} - MainProcess:Thread-1 (run_server)
2025-01-23 18:29:42,379 - engineio.server:78 - INFO - 3dVb31Y0vg3hidsOAAAA: Sending packet MESSAGE data 2["connected",{"status":"success","message":"Connected to server","sid":"raVPjWlrNP6abUqHAAAB"}] - MainProcess:Thread-1 (run_server)
2025-01-23 18:29:42,379 - engineio.server:78 - INFO - 3dVb31Y0vg3hidsOAAAA: Sending packet MESSAGE data 0{"sid":"raVPjWlrNP6abUqHAAAB"} - MainProcess:Thread-1 (run_server)
2025-01-23 18:29:42,927 - engineio.server:78 - INFO - MmZFfpx2DuYTUd6JAAAC: Sending packet OPEN data {'sid': 'MmZFfpx2DuYTUd6JAAAC', 'upgrades': [], 'pingTimeout': 60000, 'pingInterval': 25000, 'maxPayload': 100000000.0} - MainProcess:Thread-1 (run_server)
2025-01-23 18:29:42,928 - engineio.server:90 - INFO - MmZFfpx2DuYTUd6JAAAC: Received request to upgrade to websocket - MainProcess:Thread-1 (run_server)
2025-01-23 18:29:42,929 - engineio.server:219 - INFO - MmZFfpx2DuYTUd6JAAAC: Upgrade to websocket successful - MainProcess:Thread-1 (run_server)
2025-01-23 18:29:43,001 - engineio.server:39 - INFO - MmZFfpx2DuYTUd6JAAAC: Received packet MESSAGE data 0 - MainProcess:Thread-1 (run_server)
2025-01-23 18:29:43,005 - __main__:147 - INFO - Client connected: {"sid": "S3x093RELN7xsOEWAAAD", "transport": "websocket", "user_agent": "Mozilla/5.0 (Macintosh; Intel Mac OS X 10_15_7) AppleWebKit/537.36 (KHTML, like Gecko) Chrome/132.0.0.0 Safari/537.36", "remote_addr": "172.31.196.39"} - MainProcess:Thread-1 (run_server)
2025-01-23 18:29:43,007 - engineio.server:78 - INFO - MmZFfpx2DuYTUd6JAAAC: Sending packet MESSAGE data 2["connected",{"status":"success","message":"Connected to server","sid":"S3x093RELN7xsOEWAAAD"}] - MainProcess:Thread-1 (run_server)
2025-01-23 18:29:43,008 - engineio.server:78 - INFO - MmZFfpx2DuYTUd6JAAAC: Sending packet MESSAGE data 0{"sid":"S3x093RELN7xsOEWAAAD"} - MainProcess:Thread-1 (run_server)
2025-01-23 18:29:43,373 - __main__:122 - INFO - Starting index page render - MainProcess:Thread-1 (run_server)
2025-01-23 18:29:43,375 - __main__:123 - DEBUG - Rendering index page with template parameters: title='Ontario Secondary Computer Science Curriculum', lang='en' - MainProcess:Thread-1 (run_server)
2025-01-23 18:29:43,383 - __main__:129 - INFO - Successfully rendered index page - MainProcess:Thread-1 (run_server)
2025-01-23 18:29:44,087 - engineio.server:78 - INFO - qdo2tQe4aS7reVOdAAAE: Sending packet OPEN data {'sid': 'qdo2tQe4aS7reVOdAAAE', 'upgrades': [], 'pingTimeout': 60000, 'pingInterval': 25000, 'maxPayload': 100000000.0} - MainProcess:Thread-1 (run_server)
2025-01-23 18:29:44,088 - engineio.server:90 - INFO - qdo2tQe4aS7reVOdAAAE: Received request to upgrade to websocket - MainProcess:Thread-1 (run_server)
2025-01-23 18:29:44,089 - engineio.server:219 - INFO - qdo2tQe4aS7reVOdAAAE: Upgrade to websocket successful - MainProcess:Thread-1 (run_server)
2025-01-23 18:29:44,126 - engineio.server:39 - INFO - qdo2tQe4aS7reVOdAAAE: Received packet MESSAGE data 0 - MainProcess:Thread-1 (run_server)
2025-01-23 18:29:44,129 - __main__:147 - INFO - Client connected: {"sid": "z8_Zs5fcuSU06lIcAAAF", "transport": "websocket", "user_agent": "Mozilla/5.0 (X11; Linux x86_64) AppleWebKit/537.36 (KHTML, like Gecko) HeadlessChrome/118.0.5993.88 Safari/537.36", "remote_addr": "172.31.196.39"} - MainProcess:Thread-1 (run_server)
2025-01-23 18:29:44,131 - engineio.server:78 - INFO - qdo2tQe4aS7reVOdAAAE: Sending packet MESSAGE data 2["connected",{"status":"success","message":"Connected to server","sid":"z8_Zs5fcuSU06lIcAAAF"}] - MainProcess:Thread-1 (run_server)
2025-01-23 18:29:44,132 - engineio.server:78 - INFO - qdo2tQe4aS7reVOdAAAE: Sending packet MESSAGE data 0{"sid":"z8_Zs5fcuSU06lIcAAAF"} - MainProcess:Thread-1 (run_server)
2025-01-23 18:29:44,630 - __main__:166 - INFO - Client disconnecting: z8_Zs5fcuSU06lIcAAAF - MainProcess:Thread-1 (run_server)
2025-01-23 18:29:44,630 - __main__:177 - INFO - Client disconnected: z8_Zs5fcuSU06lIcAAAF - MainProcess:Thread-1 (run_server)
2025-01-23 18:30:04,872 - engineio.server:39 - INFO - MmZFfpx2DuYTUd6JAAAC: Received packet MESSAGE data 2["compile_and_run",{"code":"using System;\n\nclass Program\n{\n    static void Main()\n    {\n        Console.WriteLine(\"Hello! Please enter your name:\");\n        string name = Console.ReadLine();\n        Console.WriteLine($\"Nice to meet you, {name}!\");\n    }\n}"}] - MainProcess:Thread-1 (run_server)
2025-01-23 18:30:04,874 - __main__:187 - INFO - [REQUEST] Starting compile_and_run request at 1737657004.8739996 - MainProcess:Thread-1 (run_server)
2025-01-23 18:30:04,874 - __main__:197 - INFO - [COMPILE] Starting compilation for session session_1737657004 client S3x093RELN7xsOEWAAAD - MainProcess:Thread-1 (run_server)
2025-01-23 18:30:04,874 - __main__:198 - DEBUG - [COMPILE] Code length: 227, First line: using - MainProcess:Thread-1 (run_server)
2025-01-23 18:30:04,874 - __main__:201 - INFO - [SESSION] Creating new console session session_1737657004 - MainProcess:Thread-1 (run_server)
2025-01-23 18:30:04,874 - __main__:62 - INFO - Created new console session: session_1737657004 (active: True) - MainProcess:Thread-1 (run_server)
2025-01-23 18:37:01,392 - werkzeug:96 - INFO -  * Detected change in '/home/runner/workspace/compiler_simple.py', reloading - MainProcess:MainThread
