2025-01-23 17:08:45,469 - __main__:25 - INFO - Starting application initialization... - MainProcess:MainThread
2025-01-23 17:08:45,604 - engineio.server:112 - INFO - Server initialized for eventlet. - MainProcess:MainThread
2025-01-23 17:08:46,596 - __main__:113 - INFO - Database tables created successfully - MainProcess:MainThread
2025-01-23 17:08:46,598 - werkzeug:96 - WARNING -  * Debugger is active! - MainProcess:MainThread
2025-01-23 17:08:46,600 - werkzeug:96 - INFO -  * Debugger PIN: 896-900-313 - MainProcess:MainThread
2025-01-23 17:08:47,010 - __main__:122 - INFO - Starting index page render - MainProcess:Thread-1 (run_server)
2025-01-23 17:08:47,010 - __main__:123 - DEBUG - Rendering index page with template parameters: title='Ontario Secondary Computer Science Curriculum', lang='en' - MainProcess:Thread-1 (run_server)
2025-01-23 17:08:47,211 - __main__:129 - INFO - Successfully rendered index page - MainProcess:Thread-1 (run_server)
2025-01-23 17:08:48,060 - __main__:122 - INFO - Starting index page render - MainProcess:Thread-1 (run_server)
2025-01-23 17:08:48,060 - __main__:123 - DEBUG - Rendering index page with template parameters: title='Ontario Secondary Computer Science Curriculum', lang='en' - MainProcess:Thread-1 (run_server)
2025-01-23 17:08:48,067 - __main__:129 - INFO - Successfully rendered index page - MainProcess:Thread-1 (run_server)
2025-01-23 17:08:48,236 - engineio.server:78 - INFO - VOr7z8tB6uOoZxI4AAAA: Sending packet OPEN data {'sid': 'VOr7z8tB6uOoZxI4AAAA', 'upgrades': [], 'pingTimeout': 60000, 'pingInterval': 25000, 'maxPayload': 100000000.0} - MainProcess:Thread-1 (run_server)
2025-01-23 17:08:48,237 - engineio.server:90 - INFO - VOr7z8tB6uOoZxI4AAAA: Received request to upgrade to websocket - MainProcess:Thread-1 (run_server)
2025-01-23 17:08:48,237 - engineio.server:219 - INFO - VOr7z8tB6uOoZxI4AAAA: Upgrade to websocket successful - MainProcess:Thread-1 (run_server)
2025-01-23 17:08:48,343 - engineio.server:39 - INFO - VOr7z8tB6uOoZxI4AAAA: Received packet MESSAGE data 0 - MainProcess:Thread-1 (run_server)
2025-01-23 17:08:48,346 - __main__:147 - INFO - Client connected: {"sid": "G2v4mJXafYBva9TPAAAB", "transport": "websocket", "user_agent": "Mozilla/5.0 (Macintosh; Intel Mac OS X 10_15_7) AppleWebKit/537.36 (KHTML, like Gecko) Chrome/132.0.0.0 Safari/537.36", "remote_addr": "172.31.196.39"} - MainProcess:Thread-1 (run_server)
2025-01-23 17:08:48,346 - engineio.server:78 - INFO - VOr7z8tB6uOoZxI4AAAA: Sending packet MESSAGE data 2["connected",{"status":"success","message":"Connected to server","sid":"G2v4mJXafYBva9TPAAAB"}] - MainProcess:Thread-1 (run_server)
2025-01-23 17:08:48,347 - engineio.server:78 - INFO - VOr7z8tB6uOoZxI4AAAA: Sending packet MESSAGE data 0{"sid":"G2v4mJXafYBva9TPAAAB"} - MainProcess:Thread-1 (run_server)
2025-01-23 17:08:48,670 - engineio.server:78 - INFO - OfQpmB7mbkmY49MPAAAC: Sending packet OPEN data {'sid': 'OfQpmB7mbkmY49MPAAAC', 'upgrades': [], 'pingTimeout': 60000, 'pingInterval': 25000, 'maxPayload': 100000000.0} - MainProcess:Thread-1 (run_server)
2025-01-23 17:08:48,671 - engineio.server:90 - INFO - OfQpmB7mbkmY49MPAAAC: Received request to upgrade to websocket - MainProcess:Thread-1 (run_server)
2025-01-23 17:08:48,673 - engineio.server:219 - INFO - OfQpmB7mbkmY49MPAAAC: Upgrade to websocket successful - MainProcess:Thread-1 (run_server)
2025-01-23 17:08:48,741 - engineio.server:39 - INFO - OfQpmB7mbkmY49MPAAAC: Received packet MESSAGE data 0 - MainProcess:Thread-1 (run_server)
2025-01-23 17:08:48,743 - __main__:147 - INFO - Client connected: {"sid": "da3B1D7GGB_L5CRjAAAD", "transport": "websocket", "user_agent": "Mozilla/5.0 (Macintosh; Intel Mac OS X 10_15_7) AppleWebKit/537.36 (KHTML, like Gecko) Chrome/132.0.0.0 Safari/537.36", "remote_addr": "172.31.196.39"} - MainProcess:Thread-1 (run_server)
2025-01-23 17:08:48,744 - engineio.server:78 - INFO - OfQpmB7mbkmY49MPAAAC: Sending packet MESSAGE data 2["connected",{"status":"success","message":"Connected to server","sid":"da3B1D7GGB_L5CRjAAAD"}] - MainProcess:Thread-1 (run_server)
2025-01-23 17:08:48,746 - engineio.server:78 - INFO - OfQpmB7mbkmY49MPAAAC: Sending packet MESSAGE data 0{"sid":"da3B1D7GGB_L5CRjAAAD"} - MainProcess:Thread-1 (run_server)
2025-01-23 17:08:54,718 - __main__:122 - INFO - Starting index page render - MainProcess:Thread-1 (run_server)
2025-01-23 17:08:54,720 - __main__:123 - DEBUG - Rendering index page with template parameters: title='Ontario Secondary Computer Science Curriculum', lang='en' - MainProcess:Thread-1 (run_server)
2025-01-23 17:08:54,723 - __main__:129 - INFO - Successfully rendered index page - MainProcess:Thread-1 (run_server)
2025-01-23 17:08:55,429 - engineio.server:78 - INFO - P9vASUZmuuh543p_AAAE: Sending packet OPEN data {'sid': 'P9vASUZmuuh543p_AAAE', 'upgrades': [], 'pingTimeout': 60000, 'pingInterval': 25000, 'maxPayload': 100000000.0} - MainProcess:Thread-1 (run_server)
2025-01-23 17:08:55,450 - engineio.server:90 - INFO - P9vASUZmuuh543p_AAAE: Received request to upgrade to websocket - MainProcess:Thread-1 (run_server)
2025-01-23 17:08:55,471 - engineio.server:219 - INFO - P9vASUZmuuh543p_AAAE: Upgrade to websocket successful - MainProcess:Thread-1 (run_server)
2025-01-23 17:08:55,546 - engineio.server:39 - INFO - P9vASUZmuuh543p_AAAE: Received packet MESSAGE data 0 - MainProcess:Thread-1 (run_server)
2025-01-23 17:08:55,551 - __main__:147 - INFO - Client connected: {"sid": "GJb6M3lpNCSt04cLAAAF", "transport": "websocket", "user_agent": "Mozilla/5.0 (X11; Linux x86_64) AppleWebKit/537.36 (KHTML, like Gecko) HeadlessChrome/118.0.5993.88 Safari/537.36", "remote_addr": "172.31.196.39"} - MainProcess:Thread-1 (run_server)
2025-01-23 17:08:55,553 - engineio.server:78 - INFO - P9vASUZmuuh543p_AAAE: Sending packet MESSAGE data 2["connected",{"status":"success","message":"Connected to server","sid":"GJb6M3lpNCSt04cLAAAF"}] - MainProcess:Thread-1 (run_server)
2025-01-23 17:08:55,557 - engineio.server:78 - INFO - P9vASUZmuuh543p_AAAE: Sending packet MESSAGE data 0{"sid":"GJb6M3lpNCSt04cLAAAF"} - MainProcess:Thread-1 (run_server)
2025-01-23 17:08:55,952 - __main__:166 - INFO - Client disconnecting: GJb6M3lpNCSt04cLAAAF - MainProcess:Thread-1 (run_server)
2025-01-23 17:08:55,953 - __main__:177 - INFO - Client disconnected: GJb6M3lpNCSt04cLAAAF - MainProcess:Thread-1 (run_server)
2025-01-23 17:09:13,256 - engineio.server:78 - INFO - VOr7z8tB6uOoZxI4AAAA: Sending packet PING data None - MainProcess:Thread-1 (run_server)
2025-01-23 17:09:13,322 - engineio.server:39 - INFO - VOr7z8tB6uOoZxI4AAAA: Received packet PONG data  - MainProcess:Thread-1 (run_server)
2025-01-23 17:09:13,675 - engineio.server:78 - INFO - OfQpmB7mbkmY49MPAAAC: Sending packet PING data None - MainProcess:Thread-1 (run_server)
2025-01-23 17:09:13,742 - engineio.server:39 - INFO - OfQpmB7mbkmY49MPAAAC: Received packet PONG data  - MainProcess:Thread-1 (run_server)
2025-01-23 17:09:14,207 - engineio.server:39 - INFO - OfQpmB7mbkmY49MPAAAC: Received packet MESSAGE data 2["compile_and_run",{"code":"using System;\n\nclass Program\n{\n    static void Main()\n    {\n        Console.WriteLine(\"Hello! Please enter your name:\");\n        string name = Console.ReadLine();\n        Console.WriteLine($\"Nice to meet you, {name}!\");\n    }\n}"}] - MainProcess:Thread-1 (run_server)
2025-01-23 17:09:14,209 - __main__:194 - INFO - [COMPILE] Starting compilation for session session_1737652154 client da3B1D7GGB_L5CRjAAAD - MainProcess:Thread-1 (run_server)
2025-01-23 17:09:14,209 - __main__:195 - DEBUG - [COMPILE] Code length: 227, First line: using - MainProcess:Thread-1 (run_server)
2025-01-23 17:09:14,209 - __main__:62 - INFO - Created new console session: session_1737652154 (active: True) - MainProcess:Thread-1 (run_server)
