2025-01-23 17:56:36,537 - __main__:25 - INFO - Starting application initialization... - MainProcess:MainThread
2025-01-23 17:56:36,561 - engineio.server:112 - INFO - Server initialized for eventlet. - MainProcess:MainThread
2025-01-23 17:56:40,005 - __main__:113 - INFO - Database tables created successfully - MainProcess:MainThread
2025-01-23 17:56:40,006 - werkzeug:96 - WARNING -  * Debugger is active! - MainProcess:MainThread
2025-01-23 17:56:40,008 - werkzeug:96 - INFO -  * Debugger PIN: 136-972-515 - MainProcess:MainThread
2025-01-23 17:56:40,249 - __main__:122 - INFO - Starting index page render - MainProcess:Thread-1 (run_server)
2025-01-23 17:56:40,249 - __main__:123 - DEBUG - Rendering index page with template parameters: title='Ontario Secondary Computer Science Curriculum', lang='en' - MainProcess:Thread-1 (run_server)
2025-01-23 17:56:40,259 - __main__:129 - INFO - Successfully rendered index page - MainProcess:Thread-1 (run_server)
2025-01-23 17:56:41,136 - engineio.server:78 - INFO - xRdQWGhagDVqsILeAAAA: Sending packet OPEN data {'sid': 'xRdQWGhagDVqsILeAAAA', 'upgrades': [], 'pingTimeout': 60000, 'pingInterval': 25000, 'maxPayload': 100000000.0} - MainProcess:Thread-1 (run_server)
2025-01-23 17:56:41,136 - engineio.server:90 - INFO - xRdQWGhagDVqsILeAAAA: Received request to upgrade to websocket - MainProcess:Thread-1 (run_server)
2025-01-23 17:56:41,137 - engineio.server:219 - INFO - xRdQWGhagDVqsILeAAAA: Upgrade to websocket successful - MainProcess:Thread-1 (run_server)
2025-01-23 17:56:41,207 - engineio.server:39 - INFO - xRdQWGhagDVqsILeAAAA: Received packet MESSAGE data 0 - MainProcess:Thread-1 (run_server)
2025-01-23 17:56:41,209 - __main__:147 - INFO - Client connected: {"sid": "6NNn3jU3bQwNUjfIAAAB", "transport": "websocket", "user_agent": "Mozilla/5.0 (Macintosh; Intel Mac OS X 10_15_7) AppleWebKit/537.36 (KHTML, like Gecko) Chrome/132.0.0.0 Safari/537.36", "remote_addr": "172.31.196.39"} - MainProcess:Thread-1 (run_server)
2025-01-23 17:56:41,210 - engineio.server:78 - INFO - xRdQWGhagDVqsILeAAAA: Sending packet MESSAGE data 2["connected",{"status":"success","message":"Connected to server","sid":"6NNn3jU3bQwNUjfIAAAB"}] - MainProcess:Thread-1 (run_server)
2025-01-23 17:56:41,210 - engineio.server:78 - INFO - xRdQWGhagDVqsILeAAAA: Sending packet MESSAGE data 0{"sid":"6NNn3jU3bQwNUjfIAAAB"} - MainProcess:Thread-1 (run_server)
2025-01-23 17:57:06,162 - engineio.server:78 - INFO - xRdQWGhagDVqsILeAAAA: Sending packet PING data None - MainProcess:Thread-1 (run_server)
2025-01-23 17:57:06,230 - engineio.server:39 - INFO - xRdQWGhagDVqsILeAAAA: Received packet PONG data  - MainProcess:Thread-1 (run_server)
2025-01-23 17:57:31,255 - engineio.server:78 - INFO - xRdQWGhagDVqsILeAAAA: Sending packet PING data None - MainProcess:Thread-1 (run_server)
2025-01-23 17:57:31,325 - engineio.server:39 - INFO - xRdQWGhagDVqsILeAAAA: Received packet PONG data  - MainProcess:Thread-1 (run_server)
2025-01-23 17:57:56,341 - engineio.server:78 - INFO - xRdQWGhagDVqsILeAAAA: Sending packet PING data None - MainProcess:Thread-1 (run_server)
2025-01-23 17:57:56,408 - engineio.server:39 - INFO - xRdQWGhagDVqsILeAAAA: Received packet PONG data  - MainProcess:Thread-1 (run_server)
2025-01-23 17:58:21,419 - engineio.server:78 - INFO - xRdQWGhagDVqsILeAAAA: Sending packet PING data None - MainProcess:Thread-1 (run_server)
2025-01-23 17:58:21,487 - engineio.server:39 - INFO - xRdQWGhagDVqsILeAAAA: Received packet PONG data  - MainProcess:Thread-1 (run_server)
2025-01-23 17:58:46,493 - engineio.server:78 - INFO - xRdQWGhagDVqsILeAAAA: Sending packet PING data None - MainProcess:Thread-1 (run_server)
2025-01-23 17:58:46,559 - engineio.server:39 - INFO - xRdQWGhagDVqsILeAAAA: Received packet PONG data  - MainProcess:Thread-1 (run_server)
2025-01-23 17:59:11,575 - engineio.server:78 - INFO - xRdQWGhagDVqsILeAAAA: Sending packet PING data None - MainProcess:Thread-1 (run_server)
2025-01-23 17:59:11,643 - engineio.server:39 - INFO - xRdQWGhagDVqsILeAAAA: Received packet PONG data  - MainProcess:Thread-1 (run_server)
2025-01-23 17:59:36,660 - engineio.server:78 - INFO - xRdQWGhagDVqsILeAAAA: Sending packet PING data None - MainProcess:Thread-1 (run_server)
2025-01-23 17:59:36,728 - engineio.server:39 - INFO - xRdQWGhagDVqsILeAAAA: Received packet PONG data  - MainProcess:Thread-1 (run_server)
2025-01-23 18:00:01,744 - engineio.server:78 - INFO - xRdQWGhagDVqsILeAAAA: Sending packet PING data None - MainProcess:Thread-1 (run_server)
2025-01-23 18:00:01,812 - engineio.server:39 - INFO - xRdQWGhagDVqsILeAAAA: Received packet PONG data  - MainProcess:Thread-1 (run_server)
2025-01-23 18:00:26,828 - engineio.server:78 - INFO - xRdQWGhagDVqsILeAAAA: Sending packet PING data None - MainProcess:Thread-1 (run_server)
2025-01-23 18:00:26,895 - engineio.server:39 - INFO - xRdQWGhagDVqsILeAAAA: Received packet PONG data  - MainProcess:Thread-1 (run_server)
2025-01-23 18:00:51,907 - engineio.server:78 - INFO - xRdQWGhagDVqsILeAAAA: Sending packet PING data None - MainProcess:Thread-1 (run_server)
2025-01-23 18:00:51,974 - engineio.server:39 - INFO - xRdQWGhagDVqsILeAAAA: Received packet PONG data  - MainProcess:Thread-1 (run_server)
2025-01-23 18:01:16,991 - engineio.server:78 - INFO - xRdQWGhagDVqsILeAAAA: Sending packet PING data None - MainProcess:Thread-1 (run_server)
2025-01-23 18:01:17,060 - engineio.server:39 - INFO - xRdQWGhagDVqsILeAAAA: Received packet PONG data  - MainProcess:Thread-1 (run_server)
2025-01-23 18:01:42,062 - engineio.server:78 - INFO - xRdQWGhagDVqsILeAAAA: Sending packet PING data None - MainProcess:Thread-1 (run_server)
2025-01-23 18:01:42,132 - engineio.server:39 - INFO - xRdQWGhagDVqsILeAAAA: Received packet PONG data  - MainProcess:Thread-1 (run_server)
2025-01-23 18:01:49,685 - werkzeug:96 - INFO -  * Detected change in '/home/runner/workspace/compiler_service.py', reloading - MainProcess:MainThread
