2025-01-23 16:57:02,267 - __main__:25 - INFO - Starting application initialization... - MainProcess:MainThread
2025-01-23 16:57:02,303 - engineio.server:112 - INFO - Server initialized for eventlet. - MainProcess:MainThread
2025-01-23 16:57:04,025 - __main__:113 - INFO - Database tables created successfully - MainProcess:MainThread
2025-01-23 16:57:04,026 - werkzeug:96 - WARNING -  * Debugger is active! - MainProcess:MainThread
2025-01-23 16:57:04,028 - werkzeug:96 - INFO -  * Debugger PIN: 835-884-486 - MainProcess:MainThread
2025-01-23 16:57:04,548 - __main__:122 - INFO - Starting index page render - MainProcess:Thread-1 (run_server)
2025-01-23 16:57:04,548 - __main__:123 - DEBUG - Rendering index page with template parameters: title='Ontario Secondary Computer Science Curriculum', lang='en' - MainProcess:Thread-1 (run_server)
2025-01-23 16:57:04,561 - __main__:129 - INFO - Successfully rendered index page - MainProcess:Thread-1 (run_server)
2025-01-23 16:57:05,560 - engineio.server:78 - INFO - UEhw57NdFvwe932NAAAA: Sending packet OPEN data {'sid': 'UEhw57NdFvwe932NAAAA', 'upgrades': [], 'pingTimeout': 60000, 'pingInterval': 25000, 'maxPayload': 100000000.0} - MainProcess:Thread-1 (run_server)
2025-01-23 16:57:05,560 - engineio.server:90 - INFO - UEhw57NdFvwe932NAAAA: Received request to upgrade to websocket - MainProcess:Thread-1 (run_server)
2025-01-23 16:57:05,560 - engineio.server:219 - INFO - UEhw57NdFvwe932NAAAA: Upgrade to websocket successful - MainProcess:Thread-1 (run_server)
2025-01-23 16:57:05,632 - engineio.server:39 - INFO - UEhw57NdFvwe932NAAAA: Received packet MESSAGE data 0 - MainProcess:Thread-1 (run_server)
2025-01-23 16:57:05,638 - __main__:147 - INFO - Client connected: {"sid": "p4tmHxGBU5NeBXl_AAAB", "transport": "websocket", "user_agent": "Mozilla/5.0 (Macintosh; Intel Mac OS X 10_15_7) AppleWebKit/537.36 (KHTML, like Gecko) Chrome/132.0.0.0 Safari/537.36", "remote_addr": "172.31.196.39"} - MainProcess:Thread-1 (run_server)
2025-01-23 16:57:05,638 - engineio.server:78 - INFO - UEhw57NdFvwe932NAAAA: Sending packet MESSAGE data 2["connected",{"status":"success","message":"Connected to server","sid":"p4tmHxGBU5NeBXl_AAAB"}] - MainProcess:Thread-1 (run_server)
2025-01-23 16:57:05,639 - engineio.server:78 - INFO - UEhw57NdFvwe932NAAAA: Sending packet MESSAGE data 0{"sid":"p4tmHxGBU5NeBXl_AAAB"} - MainProcess:Thread-1 (run_server)
2025-01-23 16:57:30,586 - engineio.server:78 - INFO - UEhw57NdFvwe932NAAAA: Sending packet PING data None - MainProcess:Thread-1 (run_server)
2025-01-23 16:57:30,662 - engineio.server:39 - INFO - UEhw57NdFvwe932NAAAA: Received packet PONG data  - MainProcess:Thread-1 (run_server)
2025-01-23 16:57:55,687 - engineio.server:78 - INFO - UEhw57NdFvwe932NAAAA: Sending packet PING data None - MainProcess:Thread-1 (run_server)
2025-01-23 16:57:55,755 - engineio.server:39 - INFO - UEhw57NdFvwe932NAAAA: Received packet PONG data  - MainProcess:Thread-1 (run_server)
2025-01-23 16:58:20,771 - engineio.server:78 - INFO - UEhw57NdFvwe932NAAAA: Sending packet PING data None - MainProcess:Thread-1 (run_server)
2025-01-23 16:58:20,841 - engineio.server:39 - INFO - UEhw57NdFvwe932NAAAA: Received packet PONG data  - MainProcess:Thread-1 (run_server)
2025-01-23 16:58:45,852 - engineio.server:78 - INFO - UEhw57NdFvwe932NAAAA: Sending packet PING data None - MainProcess:Thread-1 (run_server)
2025-01-23 16:58:45,922 - engineio.server:39 - INFO - UEhw57NdFvwe932NAAAA: Received packet PONG data  - MainProcess:Thread-1 (run_server)
2025-01-23 16:59:03,728 - werkzeug:96 - INFO -  * Detected change in '/home/runner/workspace/compiler_service.py', reloading - MainProcess:MainThread
