2025-01-23 16:33:33,600 - __main__:25 - INFO - Starting application initialization... - MainProcess:MainThread
2025-01-23 16:33:33,638 - engineio.server:112 - INFO - Server initialized for eventlet. - MainProcess:MainThread
2025-01-23 16:33:34,530 - __main__:113 - INFO - Database tables created successfully - MainProcess:MainThread
2025-01-23 16:33:34,531 - werkzeug:96 - WARNING -  * Debugger is active! - MainProcess:MainThread
2025-01-23 16:33:34,532 - werkzeug:96 - INFO -  * Debugger PIN: 637-623-952 - MainProcess:MainThread
2025-01-23 16:33:34,813 - __main__:122 - INFO - Starting index page render - MainProcess:Thread-1 (run_server)
2025-01-23 16:33:34,814 - __main__:123 - DEBUG - Rendering index page with template parameters: title='Ontario Secondary Computer Science Curriculum', lang='en' - MainProcess:Thread-1 (run_server)
2025-01-23 16:33:34,823 - __main__:129 - INFO - Successfully rendered index page - MainProcess:Thread-1 (run_server)
2025-01-23 16:33:35,475 - __main__:122 - INFO - Starting index page render - MainProcess:Thread-1 (run_server)
2025-01-23 16:33:35,475 - __main__:123 - DEBUG - Rendering index page with template parameters: title='Ontario Secondary Computer Science Curriculum', lang='en' - MainProcess:Thread-1 (run_server)
2025-01-23 16:33:35,476 - __main__:129 - INFO - Successfully rendered index page - MainProcess:Thread-1 (run_server)
2025-01-23 16:33:35,683 - __main__:122 - INFO - Starting index page render - MainProcess:Thread-1 (run_server)
2025-01-23 16:33:35,684 - __main__:123 - DEBUG - Rendering index page with template parameters: title='Ontario Secondary Computer Science Curriculum', lang='en' - MainProcess:Thread-1 (run_server)
2025-01-23 16:33:35,684 - __main__:129 - INFO - Successfully rendered index page - MainProcess:Thread-1 (run_server)
2025-01-23 16:33:36,048 - engineio.server:78 - INFO - 9V19vdRN5DOA086eAAAA: Sending packet OPEN data {'sid': '9V19vdRN5DOA086eAAAA', 'upgrades': [], 'pingTimeout': 60000, 'pingInterval': 25000, 'maxPayload': 100000000.0} - MainProcess:Thread-1 (run_server)
2025-01-23 16:33:36,049 - engineio.server:90 - INFO - 9V19vdRN5DOA086eAAAA: Received request to upgrade to websocket - MainProcess:Thread-1 (run_server)
2025-01-23 16:33:36,049 - engineio.server:219 - INFO - 9V19vdRN5DOA086eAAAA: Upgrade to websocket successful - MainProcess:Thread-1 (run_server)
2025-01-23 16:33:36,055 - engineio.server:39 - INFO - 9V19vdRN5DOA086eAAAA: Received packet MESSAGE data 0 - MainProcess:Thread-1 (run_server)
2025-01-23 16:33:36,057 - __main__:147 - INFO - Client connected: {"sid": "gWQSGGKqC7dr5gGQAAAB", "transport": "websocket", "user_agent": "Mozilla/5.0 (X11; Linux x86_64) AppleWebKit/537.36 (KHTML, like Gecko) HeadlessChrome/118.0.5993.88 Safari/537.36", "remote_addr": "172.31.196.39"} - MainProcess:Thread-1 (run_server)
2025-01-23 16:33:36,058 - engineio.server:78 - INFO - 9V19vdRN5DOA086eAAAA: Sending packet MESSAGE data 2["connected",{"status":"success","message":"Connected to server","sid":"gWQSGGKqC7dr5gGQAAAB"}] - MainProcess:Thread-1 (run_server)
2025-01-23 16:33:36,058 - engineio.server:78 - INFO - 9V19vdRN5DOA086eAAAA: Sending packet MESSAGE data 0{"sid":"gWQSGGKqC7dr5gGQAAAB"} - MainProcess:Thread-1 (run_server)
2025-01-23 16:33:36,225 - engineio.server:78 - INFO - uOsBUDF-RpNYB5vFAAAC: Sending packet OPEN data {'sid': 'uOsBUDF-RpNYB5vFAAAC', 'upgrades': [], 'pingTimeout': 60000, 'pingInterval': 25000, 'maxPayload': 100000000.0} - MainProcess:Thread-1 (run_server)
2025-01-23 16:33:36,225 - engineio.server:90 - INFO - uOsBUDF-RpNYB5vFAAAC: Received request to upgrade to websocket - MainProcess:Thread-1 (run_server)
2025-01-23 16:33:36,225 - engineio.server:219 - INFO - uOsBUDF-RpNYB5vFAAAC: Upgrade to websocket successful - MainProcess:Thread-1 (run_server)
2025-01-23 16:33:36,295 - engineio.server:39 - INFO - uOsBUDF-RpNYB5vFAAAC: Received packet MESSAGE data 0 - MainProcess:Thread-1 (run_server)
2025-01-23 16:33:36,296 - __main__:147 - INFO - Client connected: {"sid": "xkVUoeWtXQHyv-pTAAAD", "transport": "websocket", "user_agent": "Mozilla/5.0 (Macintosh; Intel Mac OS X 10_15_7) AppleWebKit/537.36 (KHTML, like Gecko) Chrome/132.0.0.0 Safari/537.36", "remote_addr": "172.31.196.39"} - MainProcess:Thread-1 (run_server)
2025-01-23 16:33:36,297 - engineio.server:78 - INFO - uOsBUDF-RpNYB5vFAAAC: Sending packet MESSAGE data 2["connected",{"status":"success","message":"Connected to server","sid":"xkVUoeWtXQHyv-pTAAAD"}] - MainProcess:Thread-1 (run_server)
2025-01-23 16:33:36,297 - engineio.server:78 - INFO - uOsBUDF-RpNYB5vFAAAC: Sending packet MESSAGE data 0{"sid":"xkVUoeWtXQHyv-pTAAAD"} - MainProcess:Thread-1 (run_server)
2025-01-23 16:33:36,493 - __main__:166 - INFO - Client disconnecting: gWQSGGKqC7dr5gGQAAAB - MainProcess:Thread-1 (run_server)
2025-01-23 16:33:36,493 - __main__:177 - INFO - Client disconnected: gWQSGGKqC7dr5gGQAAAB - MainProcess:Thread-1 (run_server)
2025-01-23 16:33:36,523 - engineio.server:78 - INFO - NFUnSYvk28eRooUkAAAE: Sending packet OPEN data {'sid': 'NFUnSYvk28eRooUkAAAE', 'upgrades': [], 'pingTimeout': 60000, 'pingInterval': 25000, 'maxPayload': 100000000.0} - MainProcess:Thread-1 (run_server)
2025-01-23 16:33:36,523 - engineio.server:90 - INFO - NFUnSYvk28eRooUkAAAE: Received request to upgrade to websocket - MainProcess:Thread-1 (run_server)
2025-01-23 16:33:36,523 - engineio.server:219 - INFO - NFUnSYvk28eRooUkAAAE: Upgrade to websocket successful - MainProcess:Thread-1 (run_server)
2025-01-23 16:33:36,591 - engineio.server:39 - INFO - NFUnSYvk28eRooUkAAAE: Received packet MESSAGE data 0 - MainProcess:Thread-1 (run_server)
2025-01-23 16:33:36,593 - __main__:147 - INFO - Client connected: {"sid": "zcphFU5PdX5KjH_BAAAF", "transport": "websocket", "user_agent": "Mozilla/5.0 (Macintosh; Intel Mac OS X 10_15_7) AppleWebKit/537.36 (KHTML, like Gecko) Chrome/132.0.0.0 Safari/537.36", "remote_addr": "172.31.196.39"} - MainProcess:Thread-1 (run_server)
2025-01-23 16:33:36,593 - engineio.server:78 - INFO - NFUnSYvk28eRooUkAAAE: Sending packet MESSAGE data 2["connected",{"status":"success","message":"Connected to server","sid":"zcphFU5PdX5KjH_BAAAF"}] - MainProcess:Thread-1 (run_server)
2025-01-23 16:33:36,594 - engineio.server:78 - INFO - NFUnSYvk28eRooUkAAAE: Sending packet MESSAGE data 0{"sid":"zcphFU5PdX5KjH_BAAAF"} - MainProcess:Thread-1 (run_server)
2025-01-23 16:33:42,137 - __main__:166 - INFO - Client disconnecting: zcphFU5PdX5KjH_BAAAF - MainProcess:Thread-1 (run_server)
2025-01-23 16:33:42,137 - __main__:177 - INFO - Client disconnected: zcphFU5PdX5KjH_BAAAF - MainProcess:Thread-1 (run_server)
2025-01-23 16:33:42,151 - __main__:166 - INFO - Client disconnecting: xkVUoeWtXQHyv-pTAAAD - MainProcess:Thread-1 (run_server)
2025-01-23 16:33:42,151 - __main__:177 - INFO - Client disconnected: xkVUoeWtXQHyv-pTAAAD - MainProcess:Thread-1 (run_server)
2025-01-23 16:33:42,774 - __main__:122 - INFO - Starting index page render - MainProcess:Thread-1 (run_server)
2025-01-23 16:33:42,774 - __main__:123 - DEBUG - Rendering index page with template parameters: title='Ontario Secondary Computer Science Curriculum', lang='en' - MainProcess:Thread-1 (run_server)
2025-01-23 16:33:42,775 - __main__:129 - INFO - Successfully rendered index page - MainProcess:Thread-1 (run_server)
