2025-01-23 18:12:18,064 - app:25 - INFO - Starting application initialization... - MainProcess:MainThread
2025-01-23 18:12:18,244 - engineio.server:112 - INFO - Server initialized for eventlet. - MainProcess:MainThread
2025-01-23 18:12:18,461 - app:25 - INFO - Starting application initialization... - MainProcess:MainThread
2025-01-23 18:12:18,503 - engineio.server:112 - INFO - Server initialized for eventlet. - MainProcess:MainThread
2025-01-23 18:12:18,629 - app:25 - INFO - Starting application initialization... - MainProcess:MainThread
2025-01-23 18:12:18,658 - engineio.server:112 - INFO - Server initialized for eventlet. - MainProcess:MainThread
2025-01-23 18:12:21,237 - app:113 - INFO - Database tables created successfully - MainProcess:MainThread
2025-01-23 18:12:21,402 - app:113 - INFO - Database tables created successfully - MainProcess:MainThread
2025-01-23 18:12:21,517 - __main__:48 - INFO - Found in file: c2.1 concevoir des algorithmes qui répondent à des problèmes mathématiques donnés.
 - MainProcess:MainThread
2025-01-23 18:12:21,523 - app:113 - INFO - Database tables created successfully - MainProcess:MainThread
2025-01-23 18:12:21,705 - __main__:333 - INFO - Starting ICD2O curriculum import process... - MainProcess:MainThread
2025-01-23 18:12:21,915 - __main__:62 - INFO - Database Content: - MainProcess:MainThread
2025-01-23 18:12:21,915 - __main__:63 - INFO - -------------------------------------------------- - MainProcess:MainThread
2025-01-23 18:12:21,915 - __main__:64 - INFO - Strand: - MainProcess:MainThread
2025-01-23 18:12:21,915 - __main__:65 - INFO - - Code: C - MainProcess:MainThread
2025-01-23 18:12:21,916 - __main__:66 - INFO - - Title (FR): Programmation - MainProcess:MainThread
2025-01-23 18:12:21,916 - __main__:67 - INFO - - Title (EN): Programming - MainProcess:MainThread
2025-01-23 18:12:21,916 - __main__:69 - INFO - 
Overall Expectation: - MainProcess:MainThread
2025-01-23 18:12:21,916 - __main__:70 - INFO - - Code: C2 - MainProcess:MainThread
2025-01-23 18:12:21,916 - __main__:71 - INFO - - Description (FR): Écriture - MainProcess:MainThread
2025-01-23 18:12:21,916 - __main__:72 - INFO - - Description (EN): Writing - MainProcess:MainThread
2025-01-23 18:12:21,916 - __main__:74 - INFO - 
Specific Expectation: - MainProcess:MainThread
2025-01-23 18:12:21,916 - __main__:75 - INFO - - Code: C2.1 - MainProcess:MainThread
2025-01-23 18:12:21,917 - __main__:76 - INFO - - Description (FR): Écrire du code clair et maintenable en utilisant les conventions appropriées - MainProcess:MainThread
2025-01-23 18:12:21,917 - __main__:77 - INFO - - Description (EN): Write clear and maintainable code using proper conventions - MainProcess:MainThread
2025-01-23 18:12:21,917 - __main__:93 - INFO - 
All required fields are present - MainProcess:MainThread
2025-01-23 18:12:22,382 - __main__:55 - INFO - Successfully cleared existing data for course ICD2O - MainProcess:MainThread
2025-01-23 18:12:22,808 - __main__:354 - INFO - Created course: ICD2O - MainProcess:MainThread
2025-01-23 18:12:22,809 - __main__:86 - INFO - Creating strand A - MainProcess:MainThread
2025-01-23 18:12:22,911 - __main__:96 - INFO - Created strand A: Computational Thinking and Making Connections - MainProcess:MainThread
2025-01-23 18:12:22,912 - __main__:86 - INFO - Creating strand B - MainProcess:MainThread
2025-01-23 18:12:22,973 - __main__:96 - INFO - Created strand B: Hardware, Software, and Innovations - MainProcess:MainThread
2025-01-23 18:12:22,975 - __main__:86 - INFO - Creating strand C - MainProcess:MainThread
2025-01-23 18:12:23,035 - __main__:96 - INFO - Created strand C: Programming - MainProcess:MainThread
2025-01-23 18:12:23,394 - __main__:282 - INFO - Processing expectations for strand A - MainProcess:MainThread
2025-01-23 18:12:23,395 - __main__:285 - INFO - Creating overall expectation A1 - MainProcess:MainThread
2025-01-23 18:12:23,457 - __main__:304 - DEBUG - Creating specific expectation A1.1 - MainProcess:MainThread
2025-01-23 18:12:23,458 - __main__:304 - DEBUG - Creating specific expectation A1.2 - MainProcess:MainThread
2025-01-23 18:12:23,458 - __main__:304 - DEBUG - Creating specific expectation A1.3 - MainProcess:MainThread
2025-01-23 18:12:23,528 - __main__:314 - INFO - Created overall expectation A1 with its specific expectations - MainProcess:MainThread
2025-01-23 18:12:23,528 - __main__:285 - INFO - Creating overall expectation A2 - MainProcess:MainThread
2025-01-23 18:12:23,586 - __main__:304 - DEBUG - Creating specific expectation A2.1 - MainProcess:MainThread
2025-01-23 18:12:23,586 - __main__:304 - DEBUG - Creating specific expectation A2.2 - MainProcess:MainThread
2025-01-23 18:12:23,647 - __main__:314 - INFO - Created overall expectation A2 with its specific expectations - MainProcess:MainThread
2025-01-23 18:12:23,647 - __main__:285 - INFO - Creating overall expectation A3 - MainProcess:MainThread
2025-01-23 18:12:23,706 - __main__:304 - DEBUG - Creating specific expectation A3.1 - MainProcess:MainThread
2025-01-23 18:12:23,706 - __main__:304 - DEBUG - Creating specific expectation A3.2 - MainProcess:MainThread
2025-01-23 18:12:23,766 - __main__:314 - INFO - Created overall expectation A3 with its specific expectations - MainProcess:MainThread
2025-01-23 18:12:23,767 - __main__:316 - INFO - Completed processing expectations for strand A - MainProcess:MainThread
2025-01-23 18:12:23,831 - __main__:282 - INFO - Processing expectations for strand B - MainProcess:MainThread
2025-01-23 18:12:23,831 - __main__:285 - INFO - Creating overall expectation B1 - MainProcess:MainThread
2025-01-23 18:12:24,069 - __main__:304 - DEBUG - Creating specific expectation B1.1 - MainProcess:MainThread
2025-01-23 18:12:24,070 - __main__:304 - DEBUG - Creating specific expectation B1.2 - MainProcess:MainThread
2025-01-23 18:12:24,129 - __main__:314 - INFO - Created overall expectation B1 with its specific expectations - MainProcess:MainThread
2025-01-23 18:12:24,130 - __main__:285 - INFO - Creating overall expectation B2 - MainProcess:MainThread
2025-01-23 18:12:24,187 - __main__:304 - DEBUG - Creating specific expectation B2.1 - MainProcess:MainThread
2025-01-23 18:12:24,188 - __main__:304 - DEBUG - Creating specific expectation B2.2 - MainProcess:MainThread
2025-01-23 18:12:24,247 - __main__:314 - INFO - Created overall expectation B2 with its specific expectations - MainProcess:MainThread
2025-01-23 18:12:24,248 - __main__:285 - INFO - Creating overall expectation B3 - MainProcess:MainThread
2025-01-23 18:12:24,306 - __main__:304 - DEBUG - Creating specific expectation B3.1 - MainProcess:MainThread
2025-01-23 18:12:24,307 - __main__:304 - DEBUG - Creating specific expectation B3.2 - MainProcess:MainThread
2025-01-23 18:12:24,364 - __main__:314 - INFO - Created overall expectation B3 with its specific expectations - MainProcess:MainThread
2025-01-23 18:12:24,365 - __main__:285 - INFO - Creating overall expectation B4 - MainProcess:MainThread
2025-01-23 18:12:24,423 - __main__:304 - DEBUG - Creating specific expectation B4.1 - MainProcess:MainThread
2025-01-23 18:12:24,424 - __main__:304 - DEBUG - Creating specific expectation B4.2 - MainProcess:MainThread
2025-01-23 18:12:24,481 - __main__:314 - INFO - Created overall expectation B4 with its specific expectations - MainProcess:MainThread
2025-01-23 18:12:24,481 - __main__:316 - INFO - Completed processing expectations for strand B - MainProcess:MainThread
2025-01-23 18:12:24,538 - __main__:282 - INFO - Processing expectations for strand C - MainProcess:MainThread
2025-01-23 18:12:24,539 - __main__:285 - INFO - Creating overall expectation C1 - MainProcess:MainThread
2025-01-23 18:12:24,764 - __main__:304 - DEBUG - Creating specific expectation C1.1 - MainProcess:MainThread
2025-01-23 18:12:24,765 - __main__:304 - DEBUG - Creating specific expectation C1.2 - MainProcess:MainThread
2025-01-23 18:12:24,765 - __main__:304 - DEBUG - Creating specific expectation C1.3 - MainProcess:MainThread
2025-01-23 18:12:24,902 - __main__:314 - INFO - Created overall expectation C1 with its specific expectations - MainProcess:MainThread
2025-01-23 18:12:24,902 - __main__:285 - INFO - Creating overall expectation C2 - MainProcess:MainThread
2025-01-23 18:12:24,967 - __main__:304 - DEBUG - Creating specific expectation C2.1 - MainProcess:MainThread
2025-01-23 18:12:24,968 - __main__:304 - DEBUG - Creating specific expectation C2.2 - MainProcess:MainThread
2025-01-23 18:12:25,037 - __main__:314 - INFO - Created overall expectation C2 with its specific expectations - MainProcess:MainThread
2025-01-23 18:12:25,037 - __main__:285 - INFO - Creating overall expectation C3 - MainProcess:MainThread
2025-01-23 18:12:25,119 - __main__:304 - DEBUG - Creating specific expectation C3.1 - MainProcess:MainThread
2025-01-23 18:12:25,120 - __main__:304 - DEBUG - Creating specific expectation C3.2 - MainProcess:MainThread
2025-01-23 18:12:25,215 - __main__:314 - INFO - Created overall expectation C3 with its specific expectations - MainProcess:MainThread
2025-01-23 18:12:25,217 - __main__:316 - INFO - Completed processing expectations for strand C - MainProcess:MainThread
2025-01-23 18:12:25,651 - __main__:377 - INFO - Final verification: - MainProcess:MainThread
2025-01-23 18:12:25,652 - __main__:378 - INFO - - Course: ICD2O - MainProcess:MainThread
2025-01-23 18:12:25,652 - __main__:379 - INFO - - Strands: 3 - MainProcess:MainThread
2025-01-23 18:12:25,653 - __main__:380 - INFO - - Overall Expectations: 10 - MainProcess:MainThread
2025-01-23 18:12:25,653 - __main__:381 - INFO - - Specific Expectations: 22 - MainProcess:MainThread
