2025-01-23 16:16:18,212 - __main__:25 - INFO - Starting application initialization... - MainProcess:MainThread
2025-01-23 16:16:18,239 - engineio.server:112 - INFO - Server initialized for eventlet. - MainProcess:MainThread
2025-01-23 16:16:19,096 - __main__:113 - INFO - Database tables created successfully - MainProcess:MainThread
2025-01-23 16:16:19,097 - werkzeug:96 - WARNING -  * Debugger is active! - MainProcess:MainThread
2025-01-23 16:16:19,099 - werkzeug:96 - INFO -  * Debugger PIN: 685-394-806 - MainProcess:MainThread
2025-01-23 16:16:19,322 - __main__:122 - INFO - Starting index page render - MainProcess:Thread-1 (run_server)
2025-01-23 16:16:19,323 - __main__:123 - DEBUG - Rendering index page with template parameters: title='Ontario Secondary Computer Science Curriculum', lang='en' - MainProcess:Thread-1 (run_server)
2025-01-23 16:16:19,336 - __main__:129 - INFO - Successfully rendered index page - MainProcess:Thread-1 (run_server)
2025-01-23 16:16:19,872 - __main__:122 - INFO - Starting index page render - MainProcess:Thread-1 (run_server)
2025-01-23 16:16:19,873 - __main__:123 - DEBUG - Rendering index page with template parameters: title='Ontario Secondary Computer Science Curriculum', lang='en' - MainProcess:Thread-1 (run_server)
2025-01-23 16:16:19,873 - __main__:129 - INFO - Successfully rendered index page - MainProcess:Thread-1 (run_server)
2025-01-23 16:16:19,931 - __main__:122 - INFO - Starting index page render - MainProcess:Thread-1 (run_server)
2025-01-23 16:16:19,931 - __main__:123 - DEBUG - Rendering index page with template parameters: title='Ontario Secondary Computer Science Curriculum', lang='en' - MainProcess:Thread-1 (run_server)
2025-01-23 16:16:19,931 - __main__:129 - INFO - Successfully rendered index page - MainProcess:Thread-1 (run_server)
2025-01-23 16:16:20,269 - engineio.server:78 - INFO - RK_5fYqIm-xzjnGRAAAA: Sending packet OPEN data {'sid': 'RK_5fYqIm-xzjnGRAAAA', 'upgrades': [], 'pingTimeout': 60000, 'pingInterval': 25000, 'maxPayload': 100000000.0} - MainProcess:Thread-1 (run_server)
2025-01-23 16:16:20,269 - engineio.server:90 - INFO - RK_5fYqIm-xzjnGRAAAA: Received request to upgrade to websocket - MainProcess:Thread-1 (run_server)
2025-01-23 16:16:20,269 - engineio.server:219 - INFO - RK_5fYqIm-xzjnGRAAAA: Upgrade to websocket successful - MainProcess:Thread-1 (run_server)
2025-01-23 16:16:20,284 - engineio.server:78 - INFO - 2q_axfLsiMlHLT7zAAAB: Sending packet OPEN data {'sid': '2q_axfLsiMlHLT7zAAAB', 'upgrades': [], 'pingTimeout': 60000, 'pingInterval': 25000, 'maxPayload': 100000000.0} - MainProcess:Thread-1 (run_server)
2025-01-23 16:16:20,285 - engineio.server:90 - INFO - 2q_axfLsiMlHLT7zAAAB: Received request to upgrade to websocket - MainProcess:Thread-1 (run_server)
2025-01-23 16:16:20,285 - engineio.server:219 - INFO - 2q_axfLsiMlHLT7zAAAB: Upgrade to websocket successful - MainProcess:Thread-1 (run_server)
2025-01-23 16:16:20,289 - engineio.server:39 - INFO - 2q_axfLsiMlHLT7zAAAB: Received packet MESSAGE data 0 - MainProcess:Thread-1 (run_server)
2025-01-23 16:16:20,291 - __main__:147 - INFO - Client connected: {"sid": "nQVBzpBTUBOKTw0sAAAC", "transport": "websocket", "user_agent": "Mozilla/5.0 (X11; Linux x86_64) AppleWebKit/537.36 (KHTML, like Gecko) HeadlessChrome/118.0.5993.88 Safari/537.36", "remote_addr": "172.31.196.39"} - MainProcess:Thread-1 (run_server)
2025-01-23 16:16:20,291 - engineio.server:78 - INFO - 2q_axfLsiMlHLT7zAAAB: Sending packet MESSAGE data 2["connected",{"status":"success","message":"Connected to server","sid":"nQVBzpBTUBOKTw0sAAAC"}] - MainProcess:Thread-1 (run_server)
2025-01-23 16:16:20,292 - engineio.server:78 - INFO - 2q_axfLsiMlHLT7zAAAB: Sending packet MESSAGE data 0{"sid":"nQVBzpBTUBOKTw0sAAAC"} - MainProcess:Thread-1 (run_server)
2025-01-23 16:16:20,336 - engineio.server:39 - INFO - RK_5fYqIm-xzjnGRAAAA: Received packet MESSAGE data 0 - MainProcess:Thread-1 (run_server)
2025-01-23 16:16:20,338 - __main__:147 - INFO - Client connected: {"sid": "_ZjUXWpsInI3LfYiAAAD", "transport": "websocket", "user_agent": "Mozilla/5.0 (Macintosh; Intel Mac OS X 10_15_7) AppleWebKit/537.36 (KHTML, like Gecko) Chrome/132.0.0.0 Safari/537.36", "remote_addr": "172.31.196.39"} - MainProcess:Thread-1 (run_server)
2025-01-23 16:16:20,338 - engineio.server:78 - INFO - RK_5fYqIm-xzjnGRAAAA: Sending packet MESSAGE data 2["connected",{"status":"success","message":"Connected to server","sid":"_ZjUXWpsInI3LfYiAAAD"}] - MainProcess:Thread-1 (run_server)
2025-01-23 16:16:20,339 - engineio.server:78 - INFO - RK_5fYqIm-xzjnGRAAAA: Sending packet MESSAGE data 0{"sid":"_ZjUXWpsInI3LfYiAAAD"} - MainProcess:Thread-1 (run_server)
2025-01-23 16:16:20,554 - engineio.server:78 - INFO - GTDvGIM1WM4PZZ3SAAAE: Sending packet OPEN data {'sid': 'GTDvGIM1WM4PZZ3SAAAE', 'upgrades': [], 'pingTimeout': 60000, 'pingInterval': 25000, 'maxPayload': 100000000.0} - MainProcess:Thread-1 (run_server)
2025-01-23 16:16:20,555 - engineio.server:90 - INFO - GTDvGIM1WM4PZZ3SAAAE: Received request to upgrade to websocket - MainProcess:Thread-1 (run_server)
2025-01-23 16:16:20,555 - engineio.server:219 - INFO - GTDvGIM1WM4PZZ3SAAAE: Upgrade to websocket successful - MainProcess:Thread-1 (run_server)
2025-01-23 16:16:20,622 - engineio.server:39 - INFO - GTDvGIM1WM4PZZ3SAAAE: Received packet MESSAGE data 0 - MainProcess:Thread-1 (run_server)
2025-01-23 16:16:20,624 - __main__:147 - INFO - Client connected: {"sid": "KIbbgzJtm96qnummAAAF", "transport": "websocket", "user_agent": "Mozilla/5.0 (Macintosh; Intel Mac OS X 10_15_7) AppleWebKit/537.36 (KHTML, like Gecko) Chrome/132.0.0.0 Safari/537.36", "remote_addr": "172.31.196.39"} - MainProcess:Thread-1 (run_server)
2025-01-23 16:16:20,624 - engineio.server:78 - INFO - GTDvGIM1WM4PZZ3SAAAE: Sending packet MESSAGE data 2["connected",{"status":"success","message":"Connected to server","sid":"KIbbgzJtm96qnummAAAF"}] - MainProcess:Thread-1 (run_server)
2025-01-23 16:16:20,625 - engineio.server:78 - INFO - GTDvGIM1WM4PZZ3SAAAE: Sending packet MESSAGE data 0{"sid":"KIbbgzJtm96qnummAAAF"} - MainProcess:Thread-1 (run_server)
2025-01-23 16:16:20,695 - __main__:166 - INFO - Client disconnecting: nQVBzpBTUBOKTw0sAAAC - MainProcess:Thread-1 (run_server)
2025-01-23 16:16:20,695 - __main__:177 - INFO - Client disconnected: nQVBzpBTUBOKTw0sAAAC - MainProcess:Thread-1 (run_server)
2025-01-23 16:16:45,295 - engineio.server:78 - INFO - RK_5fYqIm-xzjnGRAAAA: Sending packet PING data None - MainProcess:Thread-1 (run_server)
2025-01-23 16:16:45,366 - engineio.server:39 - INFO - RK_5fYqIm-xzjnGRAAAA: Received packet PONG data  - MainProcess:Thread-1 (run_server)
2025-01-23 16:16:45,557 - engineio.server:78 - INFO - GTDvGIM1WM4PZZ3SAAAE: Sending packet PING data None - MainProcess:Thread-1 (run_server)
2025-01-23 16:16:45,624 - engineio.server:39 - INFO - GTDvGIM1WM4PZZ3SAAAE: Received packet PONG data  - MainProcess:Thread-1 (run_server)
2025-01-23 16:17:10,391 - engineio.server:78 - INFO - RK_5fYqIm-xzjnGRAAAA: Sending packet PING data None - MainProcess:Thread-1 (run_server)
2025-01-23 16:17:10,457 - engineio.server:39 - INFO - RK_5fYqIm-xzjnGRAAAA: Received packet PONG data  - MainProcess:Thread-1 (run_server)
2025-01-23 16:17:10,625 - engineio.server:78 - INFO - GTDvGIM1WM4PZZ3SAAAE: Sending packet PING data None - MainProcess:Thread-1 (run_server)
2025-01-23 16:17:10,691 - engineio.server:39 - INFO - GTDvGIM1WM4PZZ3SAAAE: Received packet PONG data  - MainProcess:Thread-1 (run_server)
2025-01-23 16:17:35,473 - engineio.server:78 - INFO - RK_5fYqIm-xzjnGRAAAA: Sending packet PING data None - MainProcess:Thread-1 (run_server)
2025-01-23 16:17:35,539 - engineio.server:39 - INFO - RK_5fYqIm-xzjnGRAAAA: Received packet PONG data  - MainProcess:Thread-1 (run_server)
2025-01-23 16:17:35,692 - engineio.server:78 - INFO - GTDvGIM1WM4PZZ3SAAAE: Sending packet PING data None - MainProcess:Thread-1 (run_server)
2025-01-23 16:17:35,758 - engineio.server:39 - INFO - GTDvGIM1WM4PZZ3SAAAE: Received packet PONG data  - MainProcess:Thread-1 (run_server)
2025-01-23 16:18:00,551 - engineio.server:78 - INFO - RK_5fYqIm-xzjnGRAAAA: Sending packet PING data None - MainProcess:Thread-1 (run_server)
2025-01-23 16:18:00,617 - engineio.server:39 - INFO - RK_5fYqIm-xzjnGRAAAA: Received packet PONG data  - MainProcess:Thread-1 (run_server)
2025-01-23 16:18:00,759 - engineio.server:78 - INFO - GTDvGIM1WM4PZZ3SAAAE: Sending packet PING data None - MainProcess:Thread-1 (run_server)
2025-01-23 16:18:00,824 - engineio.server:39 - INFO - GTDvGIM1WM4PZZ3SAAAE: Received packet PONG data  - MainProcess:Thread-1 (run_server)
2025-01-23 16:18:23,401 - engineio.server:39 - INFO - GTDvGIM1WM4PZZ3SAAAE: Received packet MESSAGE data 2["compile_and_run",{"code":"using System;\n\nclass Program\n{\n    static void Main()\n    {\n        Console.WriteLine(\"Hello! Please enter your name:\");\n        string name = Console.ReadLine();\n        Console.WriteLine($\"Nice to meet you, {name}!\");\n    }\n}"}] - MainProcess:Thread-1 (run_server)
2025-01-23 16:18:23,403 - __main__:194 - INFO - [COMPILE] Starting compilation for session session_1737649103 client KIbbgzJtm96qnummAAAF - MainProcess:Thread-1 (run_server)
2025-01-23 16:18:23,403 - __main__:195 - DEBUG - [COMPILE] Code length: 227, First line: using - MainProcess:Thread-1 (run_server)
2025-01-23 16:18:23,403 - __main__:62 - INFO - Created new console session: session_1737649103 (active: True) - MainProcess:Thread-1 (run_server)
2025-01-23 16:21:01,584 - werkzeug:96 - INFO -  * Detected change in '/home/runner/workspace/compiler_service.py', reloading - MainProcess:MainThread
