2025-01-23 17:42:47,163 - __main__:25 - INFO - Starting application initialization... - MainProcess:MainThread
2025-01-23 17:42:47,196 - engineio.server:112 - INFO - Server initialized for eventlet. - MainProcess:MainThread
2025-01-23 17:42:48,075 - __main__:113 - INFO - Database tables created successfully - MainProcess:MainThread
2025-01-23 17:42:48,077 - werkzeug:96 - WARNING -  * Debugger is active! - MainProcess:MainThread
2025-01-23 17:42:48,078 - werkzeug:96 - INFO -  * Debugger PIN: 453-213-163 - MainProcess:MainThread
2025-01-23 17:42:48,388 - __main__:122 - INFO - Starting index page render - MainProcess:Thread-1 (run_server)
2025-01-23 17:42:48,388 - __main__:123 - DEBUG - Rendering index page with template parameters: title='Ontario Secondary Computer Science Curriculum', lang='en' - MainProcess:Thread-1 (run_server)
2025-01-23 17:42:48,405 - __main__:129 - INFO - Successfully rendered index page - MainProcess:Thread-1 (run_server)
2025-01-23 17:42:49,080 - __main__:122 - INFO - Starting index page render - MainProcess:Thread-1 (run_server)
2025-01-23 17:42:49,080 - __main__:123 - DEBUG - Rendering index page with template parameters: title='Ontario Secondary Computer Science Curriculum', lang='en' - MainProcess:Thread-1 (run_server)
2025-01-23 17:42:49,081 - __main__:129 - INFO - Successfully rendered index page - MainProcess:Thread-1 (run_server)
2025-01-23 17:42:49,271 - __main__:122 - INFO - Starting index page render - MainProcess:Thread-1 (run_server)
2025-01-23 17:42:49,271 - __main__:123 - DEBUG - Rendering index page with template parameters: title='Ontario Secondary Computer Science Curriculum', lang='en' - MainProcess:Thread-1 (run_server)
2025-01-23 17:42:49,272 - __main__:129 - INFO - Successfully rendered index page - MainProcess:Thread-1 (run_server)
2025-01-23 17:42:49,274 - engineio.server:78 - INFO - xtBVlvO2aDJ9t6e2AAAA: Sending packet OPEN data {'sid': 'xtBVlvO2aDJ9t6e2AAAA', 'upgrades': [], 'pingTimeout': 60000, 'pingInterval': 25000, 'maxPayload': 100000000.0} - MainProcess:Thread-1 (run_server)
2025-01-23 17:42:49,274 - engineio.server:90 - INFO - xtBVlvO2aDJ9t6e2AAAA: Received request to upgrade to websocket - MainProcess:Thread-1 (run_server)
2025-01-23 17:42:49,274 - engineio.server:219 - INFO - xtBVlvO2aDJ9t6e2AAAA: Upgrade to websocket successful - MainProcess:Thread-1 (run_server)
2025-01-23 17:42:49,347 - engineio.server:39 - INFO - xtBVlvO2aDJ9t6e2AAAA: Received packet MESSAGE data 0 - MainProcess:Thread-1 (run_server)
2025-01-23 17:42:49,360 - __main__:147 - INFO - Client connected: {"sid": "NdHssA_w4rOnAk9hAAAB", "transport": "websocket", "user_agent": "Mozilla/5.0 (Macintosh; Intel Mac OS X 10_15_7) AppleWebKit/537.36 (KHTML, like Gecko) Chrome/132.0.0.0 Safari/537.36", "remote_addr": "172.31.196.39"} - MainProcess:Thread-1 (run_server)
2025-01-23 17:42:49,362 - engineio.server:78 - INFO - xtBVlvO2aDJ9t6e2AAAA: Sending packet MESSAGE data 2["connected",{"status":"success","message":"Connected to server","sid":"NdHssA_w4rOnAk9hAAAB"}] - MainProcess:Thread-1 (run_server)
2025-01-23 17:42:49,366 - engineio.server:78 - INFO - xtBVlvO2aDJ9t6e2AAAA: Sending packet MESSAGE data 0{"sid":"NdHssA_w4rOnAk9hAAAB"} - MainProcess:Thread-1 (run_server)
2025-01-23 17:42:49,626 - engineio.server:78 - INFO - oDyR4UOJqdoAOwBAAAAC: Sending packet OPEN data {'sid': 'oDyR4UOJqdoAOwBAAAAC', 'upgrades': [], 'pingTimeout': 60000, 'pingInterval': 25000, 'maxPayload': 100000000.0} - MainProcess:Thread-1 (run_server)
2025-01-23 17:42:49,629 - engineio.server:90 - INFO - oDyR4UOJqdoAOwBAAAAC: Received request to upgrade to websocket - MainProcess:Thread-1 (run_server)
2025-01-23 17:42:49,629 - engineio.server:219 - INFO - oDyR4UOJqdoAOwBAAAAC: Upgrade to websocket successful - MainProcess:Thread-1 (run_server)
2025-01-23 17:42:49,698 - engineio.server:39 - INFO - oDyR4UOJqdoAOwBAAAAC: Received packet MESSAGE data 0 - MainProcess:Thread-1 (run_server)
2025-01-23 17:42:49,700 - __main__:147 - INFO - Client connected: {"sid": "IP61zKx9pom7ymMdAAAD", "transport": "websocket", "user_agent": "Mozilla/5.0 (Macintosh; Intel Mac OS X 10_15_7) AppleWebKit/537.36 (KHTML, like Gecko) Chrome/132.0.0.0 Safari/537.36", "remote_addr": "172.31.196.39"} - MainProcess:Thread-1 (run_server)
2025-01-23 17:42:49,700 - engineio.server:78 - INFO - oDyR4UOJqdoAOwBAAAAC: Sending packet MESSAGE data 2["connected",{"status":"success","message":"Connected to server","sid":"IP61zKx9pom7ymMdAAAD"}] - MainProcess:Thread-1 (run_server)
2025-01-23 17:42:49,701 - engineio.server:78 - INFO - oDyR4UOJqdoAOwBAAAAC: Sending packet MESSAGE data 0{"sid":"IP61zKx9pom7ymMdAAAD"} - MainProcess:Thread-1 (run_server)
2025-01-23 17:42:49,737 - engineio.server:78 - INFO - 6oXMAZHEJviGnXgBAAAE: Sending packet OPEN data {'sid': '6oXMAZHEJviGnXgBAAAE', 'upgrades': [], 'pingTimeout': 60000, 'pingInterval': 25000, 'maxPayload': 100000000.0} - MainProcess:Thread-1 (run_server)
2025-01-23 17:42:49,737 - engineio.server:90 - INFO - 6oXMAZHEJviGnXgBAAAE: Received request to upgrade to websocket - MainProcess:Thread-1 (run_server)
2025-01-23 17:42:49,737 - engineio.server:219 - INFO - 6oXMAZHEJviGnXgBAAAE: Upgrade to websocket successful - MainProcess:Thread-1 (run_server)
2025-01-23 17:42:49,743 - engineio.server:39 - INFO - 6oXMAZHEJviGnXgBAAAE: Received packet MESSAGE data 0 - MainProcess:Thread-1 (run_server)
2025-01-23 17:42:49,745 - __main__:147 - INFO - Client connected: {"sid": "ime59PBQsdjVmVJhAAAF", "transport": "websocket", "user_agent": "Mozilla/5.0 (X11; Linux x86_64) AppleWebKit/537.36 (KHTML, like Gecko) HeadlessChrome/118.0.5993.88 Safari/537.36", "remote_addr": "172.31.196.39"} - MainProcess:Thread-1 (run_server)
2025-01-23 17:42:49,745 - engineio.server:78 - INFO - 6oXMAZHEJviGnXgBAAAE: Sending packet MESSAGE data 2["connected",{"status":"success","message":"Connected to server","sid":"ime59PBQsdjVmVJhAAAF"}] - MainProcess:Thread-1 (run_server)
2025-01-23 17:42:49,746 - engineio.server:78 - INFO - 6oXMAZHEJviGnXgBAAAE: Sending packet MESSAGE data 0{"sid":"ime59PBQsdjVmVJhAAAF"} - MainProcess:Thread-1 (run_server)
2025-01-23 17:42:50,175 - __main__:166 - INFO - Client disconnecting: ime59PBQsdjVmVJhAAAF - MainProcess:Thread-1 (run_server)
2025-01-23 17:42:50,175 - __main__:177 - INFO - Client disconnected: ime59PBQsdjVmVJhAAAF - MainProcess:Thread-1 (run_server)
