2025-01-23 17:15:42,929 - app:25 - INFO - Starting application initialization... - MainProcess:MainThread
2025-01-23 17:15:42,971 - engineio.server:112 - INFO - Server initialized for eventlet. - MainProcess:MainThread
2025-01-23 17:15:44,022 - app:113 - INFO - Database tables created successfully - MainProcess:MainThread
2025-01-23 17:15:44,075 - __main__:333 - INFO - Starting ICD2O curriculum import process... - MainProcess:MainThread
2025-01-23 17:15:44,969 - __main__:55 - INFO - Successfully cleared existing data for course ICD2O - MainProcess:MainThread
2025-01-23 17:15:45,425 - __main__:354 - INFO - Created course: ICD2O - MainProcess:MainThread
2025-01-23 17:15:45,425 - __main__:86 - INFO - Creating strand A - MainProcess:MainThread
2025-01-23 17:15:45,496 - __main__:96 - INFO - Created strand A: Computational Thinking and Making Connections - MainProcess:MainThread
2025-01-23 17:15:45,498 - __main__:86 - INFO - Creating strand B - MainProcess:MainThread
2025-01-23 17:15:45,561 - __main__:96 - INFO - Created strand B: Hardware, Software, and Innovations - MainProcess:MainThread
2025-01-23 17:15:45,562 - __main__:86 - INFO - Creating strand C - MainProcess:MainThread
2025-01-23 17:15:45,627 - __main__:96 - INFO - Created strand C: Programming - MainProcess:MainThread
2025-01-23 17:15:46,093 - __main__:282 - INFO - Processing expectations for strand A - MainProcess:MainThread
2025-01-23 17:15:46,093 - __main__:285 - INFO - Creating overall expectation A1 - MainProcess:MainThread
2025-01-23 17:15:46,241 - __main__:304 - DEBUG - Creating specific expectation A1.1 - MainProcess:MainThread
2025-01-23 17:15:46,254 - __main__:304 - DEBUG - Creating specific expectation A1.2 - MainProcess:MainThread
2025-01-23 17:15:46,254 - __main__:304 - DEBUG - Creating specific expectation A1.3 - MainProcess:MainThread
2025-01-23 17:15:46,322 - __main__:314 - INFO - Created overall expectation A1 with its specific expectations - MainProcess:MainThread
2025-01-23 17:15:46,350 - __main__:285 - INFO - Creating overall expectation A2 - MainProcess:MainThread
2025-01-23 17:15:46,421 - __main__:304 - DEBUG - Creating specific expectation A2.1 - MainProcess:MainThread
2025-01-23 17:15:46,421 - __main__:304 - DEBUG - Creating specific expectation A2.2 - MainProcess:MainThread
2025-01-23 17:15:46,528 - __main__:314 - INFO - Created overall expectation A2 with its specific expectations - MainProcess:MainThread
2025-01-23 17:15:46,528 - __main__:285 - INFO - Creating overall expectation A3 - MainProcess:MainThread
2025-01-23 17:15:46,591 - __main__:304 - DEBUG - Creating specific expectation A3.1 - MainProcess:MainThread
2025-01-23 17:15:46,609 - __main__:304 - DEBUG - Creating specific expectation A3.2 - MainProcess:MainThread
2025-01-23 17:15:46,668 - __main__:314 - INFO - Created overall expectation A3 with its specific expectations - MainProcess:MainThread
2025-01-23 17:15:46,669 - __main__:316 - INFO - Completed processing expectations for strand A - MainProcess:MainThread
2025-01-23 17:15:46,748 - __main__:282 - INFO - Processing expectations for strand B - MainProcess:MainThread
2025-01-23 17:15:46,748 - __main__:285 - INFO - Creating overall expectation B1 - MainProcess:MainThread
2025-01-23 17:15:47,015 - __main__:304 - DEBUG - Creating specific expectation B1.1 - MainProcess:MainThread
2025-01-23 17:15:47,015 - __main__:304 - DEBUG - Creating specific expectation B1.2 - MainProcess:MainThread
2025-01-23 17:15:47,082 - __main__:314 - INFO - Created overall expectation B1 with its specific expectations - MainProcess:MainThread
2025-01-23 17:15:47,083 - __main__:285 - INFO - Creating overall expectation B2 - MainProcess:MainThread
2025-01-23 17:15:47,185 - __main__:304 - DEBUG - Creating specific expectation B2.1 - MainProcess:MainThread
2025-01-23 17:15:47,188 - __main__:304 - DEBUG - Creating specific expectation B2.2 - MainProcess:MainThread
2025-01-23 17:15:47,255 - __main__:314 - INFO - Created overall expectation B2 with its specific expectations - MainProcess:MainThread
2025-01-23 17:15:47,255 - __main__:285 - INFO - Creating overall expectation B3 - MainProcess:MainThread
2025-01-23 17:15:47,327 - __main__:304 - DEBUG - Creating specific expectation B3.1 - MainProcess:MainThread
2025-01-23 17:15:47,344 - __main__:304 - DEBUG - Creating specific expectation B3.2 - MainProcess:MainThread
2025-01-23 17:15:47,405 - __main__:314 - INFO - Created overall expectation B3 with its specific expectations - MainProcess:MainThread
2025-01-23 17:15:47,415 - __main__:285 - INFO - Creating overall expectation B4 - MainProcess:MainThread
2025-01-23 17:15:47,487 - __main__:304 - DEBUG - Creating specific expectation B4.1 - MainProcess:MainThread
2025-01-23 17:15:47,487 - __main__:304 - DEBUG - Creating specific expectation B4.2 - MainProcess:MainThread
2025-01-23 17:15:47,549 - __main__:314 - INFO - Created overall expectation B4 with its specific expectations - MainProcess:MainThread
2025-01-23 17:15:47,559 - __main__:316 - INFO - Completed processing expectations for strand B - MainProcess:MainThread
2025-01-23 17:15:47,618 - __main__:282 - INFO - Processing expectations for strand C - MainProcess:MainThread
2025-01-23 17:15:47,628 - __main__:285 - INFO - Creating overall expectation C1 - MainProcess:MainThread
2025-01-23 17:15:47,980 - __main__:304 - DEBUG - Creating specific expectation C1.1 - MainProcess:MainThread
2025-01-23 17:15:47,981 - __main__:304 - DEBUG - Creating specific expectation C1.2 - MainProcess:MainThread
2025-01-23 17:15:47,981 - __main__:304 - DEBUG - Creating specific expectation C1.3 - MainProcess:MainThread
2025-01-23 17:15:48,042 - __main__:314 - INFO - Created overall expectation C1 with its specific expectations - MainProcess:MainThread
2025-01-23 17:15:48,044 - __main__:285 - INFO - Creating overall expectation C2 - MainProcess:MainThread
2025-01-23 17:15:48,106 - __main__:304 - DEBUG - Creating specific expectation C2.1 - MainProcess:MainThread
2025-01-23 17:15:48,107 - __main__:304 - DEBUG - Creating specific expectation C2.2 - MainProcess:MainThread
2025-01-23 17:15:48,166 - __main__:314 - INFO - Created overall expectation C2 with its specific expectations - MainProcess:MainThread
2025-01-23 17:15:48,167 - __main__:285 - INFO - Creating overall expectation C3 - MainProcess:MainThread
2025-01-23 17:15:48,233 - __main__:304 - DEBUG - Creating specific expectation C3.1 - MainProcess:MainThread
2025-01-23 17:15:48,236 - __main__:304 - DEBUG - Creating specific expectation C3.2 - MainProcess:MainThread
2025-01-23 17:15:48,301 - __main__:314 - INFO - Created overall expectation C3 with its specific expectations - MainProcess:MainThread
2025-01-23 17:15:48,314 - __main__:316 - INFO - Completed processing expectations for strand C - MainProcess:MainThread
2025-01-23 17:15:48,875 - __main__:377 - INFO - Final verification: - MainProcess:MainThread
2025-01-23 17:15:48,921 - __main__:378 - INFO - - Course: ICD2O - MainProcess:MainThread
2025-01-23 17:15:48,923 - __main__:379 - INFO - - Strands: 3 - MainProcess:MainThread
2025-01-23 17:15:48,924 - __main__:380 - INFO - - Overall Expectations: 10 - MainProcess:MainThread
2025-01-23 17:15:48,924 - __main__:381 - INFO - - Specific Expectations: 22 - MainProcess:MainThread
