2025-01-23 16:39:24,816 - __main__:25 - INFO - Starting application initialization... - MainProcess:MainThread
2025-01-23 16:39:24,844 - engineio.server:112 - INFO - Server initialized for eventlet. - MainProcess:MainThread
2025-01-23 16:39:26,210 - __main__:113 - INFO - Database tables created successfully - MainProcess:MainThread
2025-01-23 16:39:26,212 - werkzeug:96 - WARNING -  * Debugger is active! - MainProcess:MainThread
2025-01-23 16:39:26,213 - werkzeug:96 - INFO -  * Debugger PIN: 763-757-576 - MainProcess:MainThread
2025-01-23 16:39:26,460 - __main__:122 - INFO - Starting index page render - MainProcess:Thread-1 (run_server)
2025-01-23 16:39:26,460 - __main__:123 - DEBUG - Rendering index page with template parameters: title='Ontario Secondary Computer Science Curriculum', lang='en' - MainProcess:Thread-1 (run_server)
2025-01-23 16:39:26,469 - __main__:129 - INFO - Successfully rendered index page - MainProcess:Thread-1 (run_server)
2025-01-23 16:39:27,362 - engineio.server:78 - INFO - bwNzn7nonNl6O8r5AAAA: Sending packet OPEN data {'sid': 'bwNzn7nonNl6O8r5AAAA', 'upgrades': [], 'pingTimeout': 60000, 'pingInterval': 25000, 'maxPayload': 100000000.0} - MainProcess:Thread-1 (run_server)
2025-01-23 16:39:27,362 - engineio.server:90 - INFO - bwNzn7nonNl6O8r5AAAA: Received request to upgrade to websocket - MainProcess:Thread-1 (run_server)
2025-01-23 16:39:27,363 - engineio.server:219 - INFO - bwNzn7nonNl6O8r5AAAA: Upgrade to websocket successful - MainProcess:Thread-1 (run_server)
2025-01-23 16:39:27,434 - engineio.server:39 - INFO - bwNzn7nonNl6O8r5AAAA: Received packet MESSAGE data 0 - MainProcess:Thread-1 (run_server)
2025-01-23 16:39:27,437 - __main__:147 - INFO - Client connected: {"sid": "d5NA7frpSLt3N2yXAAAB", "transport": "websocket", "user_agent": "Mozilla/5.0 (Macintosh; Intel Mac OS X 10_15_7) AppleWebKit/537.36 (KHTML, like Gecko) Chrome/132.0.0.0 Safari/537.36", "remote_addr": "172.31.196.39"} - MainProcess:Thread-1 (run_server)
2025-01-23 16:39:27,437 - engineio.server:78 - INFO - bwNzn7nonNl6O8r5AAAA: Sending packet MESSAGE data 2["connected",{"status":"success","message":"Connected to server","sid":"d5NA7frpSLt3N2yXAAAB"}] - MainProcess:Thread-1 (run_server)
2025-01-23 16:39:27,438 - engineio.server:78 - INFO - bwNzn7nonNl6O8r5AAAA: Sending packet MESSAGE data 0{"sid":"d5NA7frpSLt3N2yXAAAB"} - MainProcess:Thread-1 (run_server)
2025-01-23 16:39:52,388 - engineio.server:78 - INFO - bwNzn7nonNl6O8r5AAAA: Sending packet PING data None - MainProcess:Thread-1 (run_server)
2025-01-23 16:39:52,455 - engineio.server:39 - INFO - bwNzn7nonNl6O8r5AAAA: Received packet PONG data  - MainProcess:Thread-1 (run_server)
2025-01-23 16:40:17,483 - engineio.server:78 - INFO - bwNzn7nonNl6O8r5AAAA: Sending packet PING data None - MainProcess:Thread-1 (run_server)
2025-01-23 16:40:17,549 - engineio.server:39 - INFO - bwNzn7nonNl6O8r5AAAA: Received packet PONG data  - MainProcess:Thread-1 (run_server)
2025-01-23 16:40:42,565 - engineio.server:78 - INFO - bwNzn7nonNl6O8r5AAAA: Sending packet PING data None - MainProcess:Thread-1 (run_server)
2025-01-23 16:40:42,632 - engineio.server:39 - INFO - bwNzn7nonNl6O8r5AAAA: Received packet PONG data  - MainProcess:Thread-1 (run_server)
2025-01-23 16:41:07,643 - engineio.server:78 - INFO - bwNzn7nonNl6O8r5AAAA: Sending packet PING data None - MainProcess:Thread-1 (run_server)
2025-01-23 16:41:07,713 - engineio.server:39 - INFO - bwNzn7nonNl6O8r5AAAA: Received packet PONG data  - MainProcess:Thread-1 (run_server)
2025-01-23 16:41:24,188 - werkzeug:96 - INFO -  * Detected change in '/home/runner/workspace/compiler_service.py', reloading - MainProcess:MainThread
