2025-01-23 15:29:58,834 - __main__:25 - INFO - Starting application initialization... - MainProcess:MainThread
2025-01-23 15:29:58,856 - engineio.server:112 - INFO - Server initialized for eventlet. - MainProcess:MainThread
2025-01-23 15:30:03,723 - __main__:90 - INFO - Database tables created successfully - MainProcess:MainThread
2025-01-23 15:30:03,724 - werkzeug:96 - WARNING -  * Debugger is active! - MainProcess:MainThread
2025-01-23 15:30:03,726 - werkzeug:96 - INFO -  * Debugger PIN: 739-281-097 - MainProcess:MainThread
2025-01-23 15:30:03,951 - __main__:97 - DEBUG - Rendering index page - MainProcess:Thread-1 (run_server)
2025-01-23 15:30:04,742 - engineio.server:78 - INFO - OTqyeBoKKY-RcvFxAAAA: Sending packet OPEN data {'sid': 'OTqyeBoKKY-RcvFxAAAA', 'upgrades': [], 'pingTimeout': 60000, 'pingInterval': 25000, 'maxPayload': 100000000.0} - MainProcess:Thread-1 (run_server)
2025-01-23 15:30:04,742 - engineio.server:90 - INFO - OTqyeBoKKY-RcvFxAAAA: Received request to upgrade to websocket - MainProcess:Thread-1 (run_server)
2025-01-23 15:30:04,742 - engineio.server:219 - INFO - OTqyeBoKKY-RcvFxAAAA: Upgrade to websocket successful - MainProcess:Thread-1 (run_server)
2025-01-23 15:30:04,811 - engineio.server:39 - INFO - OTqyeBoKKY-RcvFxAAAA: Received packet MESSAGE data 0 - MainProcess:Thread-1 (run_server)
2025-01-23 15:30:04,814 - __main__:114 - INFO - Client connected: {"sid": "Ljj_fLiXaOoD-0dqAAAB", "transport": "websocket", "user_agent": "Mozilla/5.0 (Macintosh; Intel Mac OS X 10_15_7) AppleWebKit/537.36 (KHTML, like Gecko) Chrome/132.0.0.0 Safari/537.36", "remote_addr": "172.31.196.39"} - MainProcess:Thread-1 (run_server)
2025-01-23 15:30:04,815 - engineio.server:78 - INFO - OTqyeBoKKY-RcvFxAAAA: Sending packet MESSAGE data 2["connected",{"status":"success","message":"Connected to server","sid":"Ljj_fLiXaOoD-0dqAAAB"}] - MainProcess:Thread-1 (run_server)
2025-01-23 15:30:04,815 - engineio.server:78 - INFO - OTqyeBoKKY-RcvFxAAAA: Sending packet MESSAGE data 0{"sid":"Ljj_fLiXaOoD-0dqAAAB"} - MainProcess:Thread-1 (run_server)
2025-01-23 15:30:29,768 - engineio.server:78 - INFO - OTqyeBoKKY-RcvFxAAAA: Sending packet PING data None - MainProcess:Thread-1 (run_server)
2025-01-23 15:30:29,842 - engineio.server:39 - INFO - OTqyeBoKKY-RcvFxAAAA: Received packet PONG data  - MainProcess:Thread-1 (run_server)
2025-01-23 15:30:54,867 - engineio.server:78 - INFO - OTqyeBoKKY-RcvFxAAAA: Sending packet PING data None - MainProcess:Thread-1 (run_server)
2025-01-23 15:30:54,934 - engineio.server:39 - INFO - OTqyeBoKKY-RcvFxAAAA: Received packet PONG data  - MainProcess:Thread-1 (run_server)
2025-01-23 15:31:19,950 - engineio.server:78 - INFO - OTqyeBoKKY-RcvFxAAAA: Sending packet PING data None - MainProcess:Thread-1 (run_server)
2025-01-23 15:31:20,016 - engineio.server:39 - INFO - OTqyeBoKKY-RcvFxAAAA: Received packet PONG data  - MainProcess:Thread-1 (run_server)
2025-01-23 15:31:45,027 - engineio.server:78 - INFO - OTqyeBoKKY-RcvFxAAAA: Sending packet PING data None - MainProcess:Thread-1 (run_server)
2025-01-23 15:31:45,093 - engineio.server:39 - INFO - OTqyeBoKKY-RcvFxAAAA: Received packet PONG data  - MainProcess:Thread-1 (run_server)
