2025-01-23 16:02:50,627 - __main__:25 - INFO - Starting application initialization... - MainProcess:MainThread
2025-01-23 16:02:50,656 - engineio.server:112 - INFO - Server initialized for eventlet. - MainProcess:MainThread
2025-01-23 16:02:50,878 - app:25 - INFO - Starting application initialization... - MainProcess:MainThread
2025-01-23 16:02:50,936 - engineio.server:112 - INFO - Server initialized for eventlet. - MainProcess:MainThread
2025-01-23 16:02:53,831 - app:113 - INFO - Database tables created successfully - MainProcess:MainThread
2025-01-23 16:02:53,843 - __main__:113 - INFO - Database tables created successfully - MainProcess:MainThread
2025-01-23 16:02:53,845 - werkzeug:96 - WARNING -  * Debugger is active! - MainProcess:MainThread
2025-01-23 16:02:53,847 - werkzeug:96 - INFO -  * Debugger PIN: 755-983-647 - MainProcess:MainThread
2025-01-23 16:02:53,920 - __main__:23 - INFO - Starting database table creation... - MainProcess:MainThread
2025-01-23 16:02:54,173 - __main__:120 - DEBUG - Rendering index page - MainProcess:Thread-1 (run_server)
2025-01-23 16:02:54,265 - __main__:30 - INFO - Existing tables: ['student', 'student_achievement', 'achievement', 'student_progress', 'coding_activity', 'code_submission', 'shared_code', 'audit_log', 'courses', 'strands', 'overall_expectations', 'specific_expectations'] - MainProcess:MainThread
2025-01-23 16:02:55,112 - engineio.server:78 - INFO - dvyd8vqarYnsvCDUAAAA: Sending packet OPEN data {'sid': 'dvyd8vqarYnsvCDUAAAA', 'upgrades': [], 'pingTimeout': 60000, 'pingInterval': 25000, 'maxPayload': 100000000.0} - MainProcess:Thread-1 (run_server)
2025-01-23 16:02:55,113 - engineio.server:90 - INFO - dvyd8vqarYnsvCDUAAAA: Received request to upgrade to websocket - MainProcess:Thread-1 (run_server)
2025-01-23 16:02:55,113 - engineio.server:219 - INFO - dvyd8vqarYnsvCDUAAAA: Upgrade to websocket successful - MainProcess:Thread-1 (run_server)
2025-01-23 16:02:55,181 - engineio.server:39 - INFO - dvyd8vqarYnsvCDUAAAA: Received packet MESSAGE data 0 - MainProcess:Thread-1 (run_server)
2025-01-23 16:02:55,184 - __main__:137 - INFO - Client connected: {"sid": "ho8tzuV6M-KQxNg1AAAB", "transport": "websocket", "user_agent": "Mozilla/5.0 (Macintosh; Intel Mac OS X 10_15_7) AppleWebKit/537.36 (KHTML, like Gecko) Chrome/132.0.0.0 Safari/537.36", "remote_addr": "172.31.196.39"} - MainProcess:Thread-1 (run_server)
2025-01-23 16:02:55,185 - engineio.server:78 - INFO - dvyd8vqarYnsvCDUAAAA: Sending packet MESSAGE data 2["connected",{"status":"success","message":"Connected to server","sid":"ho8tzuV6M-KQxNg1AAAB"}] - MainProcess:Thread-1 (run_server)
2025-01-23 16:02:55,186 - engineio.server:78 - INFO - dvyd8vqarYnsvCDUAAAA: Sending packet MESSAGE data 0{"sid":"ho8tzuV6M-KQxNg1AAAB"} - MainProcess:Thread-1 (run_server)
2025-01-23 16:02:55,415 - __main__:37 - INFO - Tables after creation: ['student', 'student_achievement', 'achievement', 'student_progress', 'coding_activity', 'code_submission', 'shared_code', 'audit_log', 'courses', 'strands', 'overall_expectations', 'specific_expectations'] - MainProcess:MainThread
2025-01-23 16:02:55,416 - __main__:46 - INFO - Database tables created successfully! - MainProcess:MainThread
