2025-01-23 17:20:50,165 - __main__:25 - INFO - Starting application initialization... - MainProcess:MainThread
2025-01-23 17:20:50,292 - engineio.server:112 - INFO - Server initialized for eventlet. - MainProcess:MainThread
2025-01-23 17:20:50,575 - app:25 - INFO - Starting application initialization... - MainProcess:MainThread
2025-01-23 17:20:50,715 - engineio.server:112 - INFO - Server initialized for eventlet. - MainProcess:MainThread
2025-01-23 17:20:51,194 - __main__:113 - INFO - Database tables created successfully - MainProcess:MainThread
2025-01-23 17:20:51,196 - werkzeug:96 - WARNING -  * Debugger is active! - MainProcess:MainThread
2025-01-23 17:20:51,215 - werkzeug:96 - INFO -  * Debugger PIN: 115-594-710 - MainProcess:MainThread
2025-01-23 17:20:51,663 - __main__:122 - INFO - Starting index page render - MainProcess:Thread-1 (run_server)
2025-01-23 17:20:51,663 - __main__:123 - DEBUG - Rendering index page with template parameters: title='Ontario Secondary Computer Science Curriculum', lang='en' - MainProcess:Thread-1 (run_server)
2025-01-23 17:20:51,692 - __main__:129 - INFO - Successfully rendered index page - MainProcess:Thread-1 (run_server)
2025-01-23 17:20:51,737 - app:113 - INFO - Database tables created successfully - MainProcess:MainThread
2025-01-23 17:20:52,112 - __main__:47 - INFO - Starting ICS3U curriculum import process... - MainProcess:MainThread
2025-01-23 17:20:52,587 - __main__:86 - INFO - Successfully updated strand titles and overall descriptions - MainProcess:MainThread
2025-01-23 17:20:52,606 - engineio.server:78 - INFO - 1RDx4jIkbwBJtzgPAAAA: Sending packet OPEN data {'sid': '1RDx4jIkbwBJtzgPAAAA', 'upgrades': [], 'pingTimeout': 60000, 'pingInterval': 25000, 'maxPayload': 100000000.0} - MainProcess:Thread-1 (run_server)
2025-01-23 17:20:52,607 - engineio.server:90 - INFO - 1RDx4jIkbwBJtzgPAAAA: Received request to upgrade to websocket - MainProcess:Thread-1 (run_server)
2025-01-23 17:20:52,607 - engineio.server:219 - INFO - 1RDx4jIkbwBJtzgPAAAA: Upgrade to websocket successful - MainProcess:Thread-1 (run_server)
2025-01-23 17:20:52,677 - engineio.server:39 - INFO - 1RDx4jIkbwBJtzgPAAAA: Received packet MESSAGE data 0 - MainProcess:Thread-1 (run_server)
2025-01-23 17:20:52,683 - __main__:147 - INFO - Client connected: {"sid": "RP5SSkqA0NnA4ZKYAAAB", "transport": "websocket", "user_agent": "Mozilla/5.0 (Macintosh; Intel Mac OS X 10_15_7) AppleWebKit/537.36 (KHTML, like Gecko) Chrome/132.0.0.0 Safari/537.36", "remote_addr": "172.31.196.39"} - MainProcess:Thread-1 (run_server)
2025-01-23 17:20:52,684 - engineio.server:78 - INFO - 1RDx4jIkbwBJtzgPAAAA: Sending packet MESSAGE data 2["connected",{"status":"success","message":"Connected to server","sid":"RP5SSkqA0NnA4ZKYAAAB"}] - MainProcess:Thread-1 (run_server)
2025-01-23 17:20:52,685 - engineio.server:78 - INFO - 1RDx4jIkbwBJtzgPAAAA: Sending packet MESSAGE data 0{"sid":"RP5SSkqA0NnA4ZKYAAAB"} - MainProcess:Thread-1 (run_server)
