2025-01-23 16:33:25,701 - app:25 - INFO - Starting application initialization... - MainProcess:MainThread
2025-01-23 16:33:25,708 - __main__:25 - INFO - Starting application initialization... - MainProcess:MainThread
2025-01-23 16:33:25,754 - app:25 - INFO - Starting application initialization... - MainProcess:MainThread
2025-01-23 16:33:25,788 - app:25 - INFO - Starting application initialization... - MainProcess:MainThread
2025-01-23 16:33:25,799 - engineio.server:112 - INFO - Server initialized for eventlet. - MainProcess:MainThread
2025-01-23 16:33:25,820 - engineio.server:112 - INFO - Server initialized for eventlet. - MainProcess:MainThread
2025-01-23 16:33:25,855 - engineio.server:112 - INFO - Server initialized for eventlet. - MainProcess:MainThread
2025-01-23 16:33:25,897 - engineio.server:112 - INFO - Server initialized for eventlet. - MainProcess:MainThread
2025-01-23 16:33:27,369 - app:113 - INFO - Database tables created successfully - MainProcess:MainThread
2025-01-23 16:33:27,358 - app:113 - INFO - Database tables created successfully - MainProcess:MainThread
2025-01-23 16:33:27,534 - __main__:47 - INFO - Starting ICS3U curriculum import process... - MainProcess:MainThread
2025-01-23 16:33:27,608 - __main__:23 - INFO - Starting database table creation... - MainProcess:MainThread
2025-01-23 16:33:27,840 - __main__:113 - INFO - Database tables created successfully - MainProcess:MainThread
2025-01-23 16:33:27,842 - werkzeug:96 - WARNING -  * Debugger is active! - MainProcess:MainThread
2025-01-23 16:33:27,844 - werkzeug:96 - INFO -  * Debugger PIN: 667-608-456 - MainProcess:MainThread
2025-01-23 16:33:27,861 - app:113 - INFO - Database tables created successfully - MainProcess:MainThread
2025-01-23 16:33:27,914 - __main__:30 - INFO - Existing tables: ['student', 'student_achievement', 'achievement', 'student_progress', 'coding_activity', 'code_submission', 'shared_code', 'audit_log', 'courses', 'strands', 'overall_expectations', 'specific_expectations'] - MainProcess:MainThread
2025-01-23 16:33:27,919 - __main__:47 - INFO - Starting ICS3U curriculum import process... - MainProcess:MainThread
2025-01-23 16:33:27,934 - __main__:86 - INFO - Successfully updated strand titles and overall descriptions - MainProcess:MainThread
2025-01-23 16:33:28,156 - __main__:122 - INFO - Starting index page render - MainProcess:Thread-1 (run_server)
2025-01-23 16:33:28,156 - __main__:123 - DEBUG - Rendering index page with template parameters: title='Ontario Secondary Computer Science Curriculum', lang='en' - MainProcess:Thread-1 (run_server)
2025-01-23 16:33:28,168 - __main__:129 - INFO - Successfully rendered index page - MainProcess:Thread-1 (run_server)
2025-01-23 16:33:28,677 - __main__:86 - INFO - Successfully updated strand titles and overall descriptions - MainProcess:MainThread
2025-01-23 16:33:29,176 - __main__:37 - INFO - Tables after creation: ['student', 'student_achievement', 'achievement', 'student_progress', 'coding_activity', 'code_submission', 'shared_code', 'audit_log', 'courses', 'strands', 'overall_expectations', 'specific_expectations'] - MainProcess:MainThread
2025-01-23 16:33:29,177 - __main__:46 - INFO - Database tables created successfully! - MainProcess:MainThread
2025-01-23 16:33:29,224 - engineio.server:78 - INFO - bwjp2SCpHebntLTYAAAA: Sending packet OPEN data {'sid': 'bwjp2SCpHebntLTYAAAA', 'upgrades': [], 'pingTimeout': 60000, 'pingInterval': 25000, 'maxPayload': 100000000.0} - MainProcess:Thread-1 (run_server)
2025-01-23 16:33:29,226 - engineio.server:90 - INFO - bwjp2SCpHebntLTYAAAA: Received request to upgrade to websocket - MainProcess:Thread-1 (run_server)
2025-01-23 16:33:29,226 - engineio.server:219 - INFO - bwjp2SCpHebntLTYAAAA: Upgrade to websocket successful - MainProcess:Thread-1 (run_server)
2025-01-23 16:33:29,301 - engineio.server:39 - INFO - bwjp2SCpHebntLTYAAAA: Received packet MESSAGE data 0 - MainProcess:Thread-1 (run_server)
2025-01-23 16:33:29,322 - __main__:147 - INFO - Client connected: {"sid": "x_zyyFwo2QjgAdDcAAAB", "transport": "websocket", "user_agent": "Mozilla/5.0 (Macintosh; Intel Mac OS X 10_15_7) AppleWebKit/537.36 (KHTML, like Gecko) Chrome/132.0.0.0 Safari/537.36", "remote_addr": "172.31.196.39"} - MainProcess:Thread-1 (run_server)
2025-01-23 16:33:29,325 - engineio.server:78 - INFO - bwjp2SCpHebntLTYAAAA: Sending packet MESSAGE data 2["connected",{"status":"success","message":"Connected to server","sid":"x_zyyFwo2QjgAdDcAAAB"}] - MainProcess:Thread-1 (run_server)
2025-01-23 16:33:29,327 - engineio.server:78 - INFO - bwjp2SCpHebntLTYAAAA: Sending packet MESSAGE data 0{"sid":"x_zyyFwo2QjgAdDcAAAB"} - MainProcess:Thread-1 (run_server)
