2025-01-23 15:26:23,570 - __main__:25 - INFO - Starting application initialization... - MainProcess:MainThread
2025-01-23 15:26:23,644 - engineio.server:112 - INFO - Server initialized for eventlet. - MainProcess:MainThread
2025-01-23 15:26:24,532 - __main__:90 - INFO - Database tables created successfully - MainProcess:MainThread
2025-01-23 15:26:24,533 - werkzeug:96 - WARNING -  * Debugger is active! - MainProcess:MainThread
2025-01-23 15:26:24,535 - werkzeug:96 - INFO -  * Debugger PIN: 141-123-480 - MainProcess:MainThread
2025-01-23 15:26:24,831 - __main__:97 - DEBUG - Rendering index page - MainProcess:Thread-1 (run_server)
2025-01-23 15:26:25,688 - engineio.server:78 - INFO - BY_dquNPqJoU0cpsAAAA: Sending packet OPEN data {'sid': 'BY_dquNPqJoU0cpsAAAA', 'upgrades': [], 'pingTimeout': 60000, 'pingInterval': 25000, 'maxPayload': 100000000.0} - MainProcess:Thread-1 (run_server)
2025-01-23 15:26:25,689 - engineio.server:90 - INFO - BY_dquNPqJoU0cpsAAAA: Received request to upgrade to websocket - MainProcess:Thread-1 (run_server)
2025-01-23 15:26:25,697 - engineio.server:219 - INFO - BY_dquNPqJoU0cpsAAAA: Upgrade to websocket successful - MainProcess:Thread-1 (run_server)
2025-01-23 15:26:25,699 - __main__:97 - DEBUG - Rendering index page - MainProcess:Thread-1 (run_server)
2025-01-23 15:26:25,781 - engineio.server:39 - INFO - BY_dquNPqJoU0cpsAAAA: Received packet MESSAGE data 0 - MainProcess:Thread-1 (run_server)
2025-01-23 15:26:25,784 - __main__:114 - INFO - Client connected: {"sid": "3pr4CGheCMKh7AkOAAAB", "transport": "websocket", "user_agent": "Mozilla/5.0 (Macintosh; Intel Mac OS X 10_15_7) AppleWebKit/537.36 (KHTML, like Gecko) Chrome/132.0.0.0 Safari/537.36", "remote_addr": "172.31.196.39"} - MainProcess:Thread-1 (run_server)
2025-01-23 15:26:25,785 - engineio.server:78 - INFO - BY_dquNPqJoU0cpsAAAA: Sending packet MESSAGE data 2["connected",{"status":"success","message":"Connected to server","sid":"3pr4CGheCMKh7AkOAAAB"}] - MainProcess:Thread-1 (run_server)
2025-01-23 15:26:25,787 - engineio.server:78 - INFO - BY_dquNPqJoU0cpsAAAA: Sending packet MESSAGE data 0{"sid":"3pr4CGheCMKh7AkOAAAB"} - MainProcess:Thread-1 (run_server)
2025-01-23 15:26:26,139 - engineio.server:78 - INFO - WgTuJT_RF26ZOebsAAAC: Sending packet OPEN data {'sid': 'WgTuJT_RF26ZOebsAAAC', 'upgrades': [], 'pingTimeout': 60000, 'pingInterval': 25000, 'maxPayload': 100000000.0} - MainProcess:Thread-1 (run_server)
2025-01-23 15:26:26,140 - engineio.server:90 - INFO - WgTuJT_RF26ZOebsAAAC: Received request to upgrade to websocket - MainProcess:Thread-1 (run_server)
2025-01-23 15:26:26,143 - engineio.server:219 - INFO - WgTuJT_RF26ZOebsAAAC: Upgrade to websocket successful - MainProcess:Thread-1 (run_server)
2025-01-23 15:26:26,164 - engineio.server:39 - INFO - WgTuJT_RF26ZOebsAAAC: Received packet MESSAGE data 0 - MainProcess:Thread-1 (run_server)
2025-01-23 15:26:26,167 - __main__:114 - INFO - Client connected: {"sid": "G9YSLFvcUWc4hZ5-AAAD", "transport": "websocket", "user_agent": "Mozilla/5.0 (X11; Linux x86_64) AppleWebKit/537.36 (KHTML, like Gecko) HeadlessChrome/118.0.5993.88 Safari/537.36", "remote_addr": "172.31.196.39"} - MainProcess:Thread-1 (run_server)
2025-01-23 15:26:26,168 - engineio.server:78 - INFO - WgTuJT_RF26ZOebsAAAC: Sending packet MESSAGE data 2["connected",{"status":"success","message":"Connected to server","sid":"G9YSLFvcUWc4hZ5-AAAD"}] - MainProcess:Thread-1 (run_server)
2025-01-23 15:26:26,169 - engineio.server:78 - INFO - WgTuJT_RF26ZOebsAAAC: Sending packet MESSAGE data 0{"sid":"G9YSLFvcUWc4hZ5-AAAD"} - MainProcess:Thread-1 (run_server)
2025-01-23 15:26:26,705 - __main__:133 - INFO - Client disconnecting: G9YSLFvcUWc4hZ5-AAAD - MainProcess:Thread-1 (run_server)
2025-01-23 15:26:26,705 - __main__:143 - INFO - Client disconnected: G9YSLFvcUWc4hZ5-AAAD - MainProcess:Thread-1 (run_server)
