2025-01-23 16:29:18,118 - app:25 - INFO - Starting application initialization... - MainProcess:MainThread
2025-01-23 16:29:18,193 - engineio.server:112 - INFO - Server initialized for eventlet. - MainProcess:MainThread
2025-01-23 16:29:18,234 - app:25 - INFO - Starting application initialization... - MainProcess:MainThread
2025-01-23 16:29:18,264 - engineio.server:112 - INFO - Server initialized for eventlet. - MainProcess:MainThread
2025-01-23 16:29:18,273 - app:25 - INFO - Starting application initialization... - MainProcess:MainThread
2025-01-23 16:29:18,330 - engineio.server:112 - INFO - Server initialized for eventlet. - MainProcess:MainThread
2025-01-23 16:29:18,701 - __main__:25 - INFO - Starting application initialization... - MainProcess:MainThread
2025-01-23 16:29:18,783 - engineio.server:112 - INFO - Server initialized for eventlet. - MainProcess:MainThread
2025-01-23 16:29:19,573 - app:113 - INFO - Database tables created successfully - MainProcess:MainThread
2025-01-23 16:29:19,588 - app:113 - INFO - Database tables created successfully - MainProcess:MainThread
2025-01-23 16:29:19,614 - app:113 - INFO - Database tables created successfully - MainProcess:MainThread
2025-01-23 16:29:19,668 - __main__:113 - INFO - Database tables created successfully - MainProcess:MainThread
2025-01-23 16:29:19,669 - werkzeug:96 - WARNING -  * Debugger is active! - MainProcess:MainThread
2025-01-23 16:29:19,671 - werkzeug:96 - INFO -  * Debugger PIN: 733-846-439 - MainProcess:MainThread
2025-01-23 16:29:19,812 - __main__:47 - INFO - Starting ICS3U curriculum import process... - MainProcess:MainThread
2025-01-23 16:29:19,853 - __main__:23 - INFO - Starting database table creation... - MainProcess:MainThread
2025-01-23 16:29:19,863 - __main__:333 - INFO - Starting ICD2O curriculum import process... - MainProcess:MainThread
2025-01-23 16:29:20,153 - __main__:30 - INFO - Existing tables: ['student', 'student_achievement', 'achievement', 'student_progress', 'coding_activity', 'code_submission', 'shared_code', 'audit_log', 'courses', 'strands', 'overall_expectations', 'specific_expectations'] - MainProcess:MainThread
2025-01-23 16:29:20,177 - __main__:86 - INFO - Successfully updated strand titles and overall descriptions - MainProcess:MainThread
2025-01-23 16:29:20,231 - __main__:122 - INFO - Starting index page render - MainProcess:Thread-1 (run_server)
2025-01-23 16:29:20,232 - __main__:123 - DEBUG - Rendering index page with template parameters: title='Ontario Secondary Computer Science Curriculum', lang='en' - MainProcess:Thread-1 (run_server)
2025-01-23 16:29:20,252 - __main__:129 - INFO - Successfully rendered index page - MainProcess:Thread-1 (run_server)
2025-01-23 16:29:20,567 - __main__:55 - INFO - Successfully cleared existing data for course ICD2O - MainProcess:MainThread
2025-01-23 16:29:21,012 - __main__:354 - INFO - Created course: ICD2O - MainProcess:MainThread
2025-01-23 16:29:21,013 - __main__:86 - INFO - Creating strand A - MainProcess:MainThread
2025-01-23 16:29:21,109 - __main__:96 - INFO - Created strand A: Computational Thinking and Making Connections - MainProcess:MainThread
2025-01-23 16:29:21,109 - __main__:86 - INFO - Creating strand B - MainProcess:MainThread
2025-01-23 16:29:21,164 - engineio.server:78 - INFO - qDH3mVIuKFDrbjwnAAAA: Sending packet OPEN data {'sid': 'qDH3mVIuKFDrbjwnAAAA', 'upgrades': [], 'pingTimeout': 60000, 'pingInterval': 25000, 'maxPayload': 100000000.0} - MainProcess:Thread-1 (run_server)
2025-01-23 16:29:21,164 - engineio.server:90 - INFO - qDH3mVIuKFDrbjwnAAAA: Received request to upgrade to websocket - MainProcess:Thread-1 (run_server)
2025-01-23 16:29:21,164 - engineio.server:219 - INFO - qDH3mVIuKFDrbjwnAAAA: Upgrade to websocket successful - MainProcess:Thread-1 (run_server)
2025-01-23 16:29:21,166 - __main__:96 - INFO - Created strand B: Hardware, Software, and Innovations - MainProcess:MainThread
2025-01-23 16:29:21,166 - __main__:86 - INFO - Creating strand C - MainProcess:MainThread
2025-01-23 16:29:21,224 - __main__:96 - INFO - Created strand C: Programming - MainProcess:MainThread
2025-01-23 16:29:21,235 - engineio.server:39 - INFO - qDH3mVIuKFDrbjwnAAAA: Received packet MESSAGE data 0 - MainProcess:Thread-1 (run_server)
2025-01-23 16:29:21,237 - __main__:147 - INFO - Client connected: {"sid": "v5mlM0h-8YEY3MmWAAAB", "transport": "websocket", "user_agent": "Mozilla/5.0 (Macintosh; Intel Mac OS X 10_15_7) AppleWebKit/537.36 (KHTML, like Gecko) Chrome/132.0.0.0 Safari/537.36", "remote_addr": "172.31.196.39"} - MainProcess:Thread-1 (run_server)
2025-01-23 16:29:21,237 - engineio.server:78 - INFO - qDH3mVIuKFDrbjwnAAAA: Sending packet MESSAGE data 2["connected",{"status":"success","message":"Connected to server","sid":"v5mlM0h-8YEY3MmWAAAB"}] - MainProcess:Thread-1 (run_server)
2025-01-23 16:29:21,238 - engineio.server:78 - INFO - qDH3mVIuKFDrbjwnAAAA: Sending packet MESSAGE data 0{"sid":"v5mlM0h-8YEY3MmWAAAB"} - MainProcess:Thread-1 (run_server)
2025-01-23 16:29:21,365 - __main__:37 - INFO - Tables after creation: ['student', 'student_achievement', 'achievement', 'student_progress', 'coding_activity', 'code_submission', 'shared_code', 'audit_log', 'courses', 'strands', 'overall_expectations', 'specific_expectations'] - MainProcess:MainThread
2025-01-23 16:29:21,365 - __main__:46 - INFO - Database tables created successfully! - MainProcess:MainThread
2025-01-23 16:29:21,566 - __main__:282 - INFO - Processing expectations for strand A - MainProcess:MainThread
2025-01-23 16:29:21,566 - __main__:285 - INFO - Creating overall expectation A1 - MainProcess:MainThread
2025-01-23 16:29:21,627 - __main__:304 - DEBUG - Creating specific expectation A1.1 - MainProcess:MainThread
2025-01-23 16:29:21,627 - __main__:304 - DEBUG - Creating specific expectation A1.2 - MainProcess:MainThread
2025-01-23 16:29:21,628 - __main__:304 - DEBUG - Creating specific expectation A1.3 - MainProcess:MainThread
2025-01-23 16:29:21,690 - __main__:314 - INFO - Created overall expectation A1 with its specific expectations - MainProcess:MainThread
2025-01-23 16:29:21,690 - __main__:285 - INFO - Creating overall expectation A2 - MainProcess:MainThread
2025-01-23 16:29:21,747 - __main__:304 - DEBUG - Creating specific expectation A2.1 - MainProcess:MainThread
2025-01-23 16:29:21,747 - __main__:304 - DEBUG - Creating specific expectation A2.2 - MainProcess:MainThread
2025-01-23 16:29:21,805 - __main__:314 - INFO - Created overall expectation A2 with its specific expectations - MainProcess:MainThread
2025-01-23 16:29:21,805 - __main__:285 - INFO - Creating overall expectation A3 - MainProcess:MainThread
2025-01-23 16:29:21,865 - __main__:304 - DEBUG - Creating specific expectation A3.1 - MainProcess:MainThread
2025-01-23 16:29:21,865 - __main__:304 - DEBUG - Creating specific expectation A3.2 - MainProcess:MainThread
2025-01-23 16:29:21,923 - __main__:314 - INFO - Created overall expectation A3 with its specific expectations - MainProcess:MainThread
2025-01-23 16:29:21,923 - __main__:316 - INFO - Completed processing expectations for strand A - MainProcess:MainThread
2025-01-23 16:29:21,981 - __main__:282 - INFO - Processing expectations for strand B - MainProcess:MainThread
2025-01-23 16:29:21,981 - __main__:285 - INFO - Creating overall expectation B1 - MainProcess:MainThread
2025-01-23 16:29:22,211 - __main__:304 - DEBUG - Creating specific expectation B1.1 - MainProcess:MainThread
2025-01-23 16:29:22,212 - __main__:304 - DEBUG - Creating specific expectation B1.2 - MainProcess:MainThread
2025-01-23 16:29:22,269 - __main__:314 - INFO - Created overall expectation B1 with its specific expectations - MainProcess:MainThread
2025-01-23 16:29:22,269 - __main__:285 - INFO - Creating overall expectation B2 - MainProcess:MainThread
2025-01-23 16:29:22,326 - __main__:304 - DEBUG - Creating specific expectation B2.1 - MainProcess:MainThread
2025-01-23 16:29:22,327 - __main__:304 - DEBUG - Creating specific expectation B2.2 - MainProcess:MainThread
2025-01-23 16:29:22,385 - __main__:314 - INFO - Created overall expectation B2 with its specific expectations - MainProcess:MainThread
2025-01-23 16:29:22,385 - __main__:285 - INFO - Creating overall expectation B3 - MainProcess:MainThread
2025-01-23 16:29:22,443 - __main__:304 - DEBUG - Creating specific expectation B3.1 - MainProcess:MainThread
2025-01-23 16:29:22,443 - __main__:304 - DEBUG - Creating specific expectation B3.2 - MainProcess:MainThread
2025-01-23 16:29:22,509 - __main__:314 - INFO - Created overall expectation B3 with its specific expectations - MainProcess:MainThread
2025-01-23 16:29:22,510 - __main__:285 - INFO - Creating overall expectation B4 - MainProcess:MainThread
2025-01-23 16:29:22,567 - __main__:304 - DEBUG - Creating specific expectation B4.1 - MainProcess:MainThread
2025-01-23 16:29:22,569 - __main__:304 - DEBUG - Creating specific expectation B4.2 - MainProcess:MainThread
2025-01-23 16:29:22,627 - __main__:314 - INFO - Created overall expectation B4 with its specific expectations - MainProcess:MainThread
2025-01-23 16:29:22,627 - __main__:316 - INFO - Completed processing expectations for strand B - MainProcess:MainThread
2025-01-23 16:29:22,685 - __main__:282 - INFO - Processing expectations for strand C - MainProcess:MainThread
2025-01-23 16:29:22,686 - __main__:285 - INFO - Creating overall expectation C1 - MainProcess:MainThread
2025-01-23 16:29:22,912 - __main__:304 - DEBUG - Creating specific expectation C1.1 - MainProcess:MainThread
2025-01-23 16:29:22,912 - __main__:304 - DEBUG - Creating specific expectation C1.2 - MainProcess:MainThread
2025-01-23 16:29:22,912 - __main__:304 - DEBUG - Creating specific expectation C1.3 - MainProcess:MainThread
2025-01-23 16:29:22,970 - __main__:314 - INFO - Created overall expectation C1 with its specific expectations - MainProcess:MainThread
2025-01-23 16:29:22,970 - __main__:285 - INFO - Creating overall expectation C2 - MainProcess:MainThread
2025-01-23 16:29:23,027 - __main__:304 - DEBUG - Creating specific expectation C2.1 - MainProcess:MainThread
2025-01-23 16:29:23,028 - __main__:304 - DEBUG - Creating specific expectation C2.2 - MainProcess:MainThread
2025-01-23 16:29:23,085 - __main__:314 - INFO - Created overall expectation C2 with its specific expectations - MainProcess:MainThread
2025-01-23 16:29:23,085 - __main__:285 - INFO - Creating overall expectation C3 - MainProcess:MainThread
2025-01-23 16:29:23,142 - __main__:304 - DEBUG - Creating specific expectation C3.1 - MainProcess:MainThread
2025-01-23 16:29:23,143 - __main__:304 - DEBUG - Creating specific expectation C3.2 - MainProcess:MainThread
2025-01-23 16:29:23,200 - __main__:314 - INFO - Created overall expectation C3 with its specific expectations - MainProcess:MainThread
2025-01-23 16:29:23,200 - __main__:316 - INFO - Completed processing expectations for strand C - MainProcess:MainThread
2025-01-23 16:29:23,615 - __main__:377 - INFO - Final verification: - MainProcess:MainThread
2025-01-23 16:29:23,615 - __main__:378 - INFO - - Course: ICD2O - MainProcess:MainThread
2025-01-23 16:29:23,615 - __main__:379 - INFO - - Strands: 3 - MainProcess:MainThread
2025-01-23 16:29:23,617 - __main__:380 - INFO - - Overall Expectations: 10 - MainProcess:MainThread
2025-01-23 16:29:23,617 - __main__:381 - INFO - - Specific Expectations: 22 - MainProcess:MainThread
