2025-01-23 17:24:05,818 - __main__:25 - INFO - Starting application initialization... - MainProcess:MainThread
2025-01-23 17:24:05,924 - engineio.server:112 - INFO - Server initialized for eventlet. - MainProcess:MainThread
2025-01-23 17:24:09,393 - __main__:113 - INFO - Database tables created successfully - MainProcess:MainThread
2025-01-23 17:24:09,394 - werkzeug:96 - WARNING -  * Debugger is active! - MainProcess:MainThread
2025-01-23 17:24:09,395 - werkzeug:96 - INFO -  * Debugger PIN: 113-763-626 - MainProcess:MainThread
2025-01-23 17:24:09,650 - __main__:122 - INFO - Starting index page render - MainProcess:Thread-1 (run_server)
2025-01-23 17:24:09,650 - __main__:123 - DEBUG - Rendering index page with template parameters: title='Ontario Secondary Computer Science Curriculum', lang='en' - MainProcess:Thread-1 (run_server)
2025-01-23 17:24:09,669 - __main__:129 - INFO - Successfully rendered index page - MainProcess:Thread-1 (run_server)
2025-01-23 17:24:11,084 - engineio.server:78 - INFO - B7hYFfHqPycum-qBAAAA: Sending packet OPEN data {'sid': 'B7hYFfHqPycum-qBAAAA', 'upgrades': [], 'pingTimeout': 60000, 'pingInterval': 25000, 'maxPayload': 100000000.0} - MainProcess:Thread-1 (run_server)
2025-01-23 17:24:11,085 - engineio.server:90 - INFO - B7hYFfHqPycum-qBAAAA: Received request to upgrade to websocket - MainProcess:Thread-1 (run_server)
2025-01-23 17:24:11,085 - engineio.server:219 - INFO - B7hYFfHqPycum-qBAAAA: Upgrade to websocket successful - MainProcess:Thread-1 (run_server)
2025-01-23 17:24:11,155 - engineio.server:39 - INFO - B7hYFfHqPycum-qBAAAA: Received packet MESSAGE data 0 - MainProcess:Thread-1 (run_server)
2025-01-23 17:24:11,157 - __main__:147 - INFO - Client connected: {"sid": "N6Cayb4zHRySjyRDAAAB", "transport": "websocket", "user_agent": "Mozilla/5.0 (Macintosh; Intel Mac OS X 10_15_7) AppleWebKit/537.36 (KHTML, like Gecko) Chrome/132.0.0.0 Safari/537.36", "remote_addr": "172.31.196.39"} - MainProcess:Thread-1 (run_server)
2025-01-23 17:24:11,157 - engineio.server:78 - INFO - B7hYFfHqPycum-qBAAAA: Sending packet MESSAGE data 2["connected",{"status":"success","message":"Connected to server","sid":"N6Cayb4zHRySjyRDAAAB"}] - MainProcess:Thread-1 (run_server)
2025-01-23 17:24:11,157 - engineio.server:78 - INFO - B7hYFfHqPycum-qBAAAA: Sending packet MESSAGE data 0{"sid":"N6Cayb4zHRySjyRDAAAB"} - MainProcess:Thread-1 (run_server)
2025-01-23 17:24:36,111 - engineio.server:78 - INFO - B7hYFfHqPycum-qBAAAA: Sending packet PING data None - MainProcess:Thread-1 (run_server)
2025-01-23 17:24:36,179 - engineio.server:39 - INFO - B7hYFfHqPycum-qBAAAA: Received packet PONG data  - MainProcess:Thread-1 (run_server)
2025-01-23 17:25:01,204 - engineio.server:78 - INFO - B7hYFfHqPycum-qBAAAA: Sending packet PING data None - MainProcess:Thread-1 (run_server)
2025-01-23 17:25:01,273 - engineio.server:39 - INFO - B7hYFfHqPycum-qBAAAA: Received packet PONG data  - MainProcess:Thread-1 (run_server)
2025-01-23 17:25:26,289 - engineio.server:78 - INFO - B7hYFfHqPycum-qBAAAA: Sending packet PING data None - MainProcess:Thread-1 (run_server)
2025-01-23 17:25:26,357 - engineio.server:39 - INFO - B7hYFfHqPycum-qBAAAA: Received packet PONG data  - MainProcess:Thread-1 (run_server)
2025-01-23 17:25:51,370 - engineio.server:78 - INFO - B7hYFfHqPycum-qBAAAA: Sending packet PING data None - MainProcess:Thread-1 (run_server)
2025-01-23 17:25:51,440 - engineio.server:39 - INFO - B7hYFfHqPycum-qBAAAA: Received packet PONG data  - MainProcess:Thread-1 (run_server)
2025-01-23 17:26:15,851 - werkzeug:96 - INFO -  * Detected change in '/home/runner/workspace/compiler_service.py', reloading - MainProcess:MainThread
