2025-01-23 16:51:08,329 - __main__:25 - INFO - Starting application initialization... - MainProcess:MainThread
2025-01-23 16:51:08,358 - engineio.server:112 - INFO - Server initialized for eventlet. - MainProcess:MainThread
2025-01-23 16:51:09,683 - __main__:113 - INFO - Database tables created successfully - MainProcess:MainThread
2025-01-23 16:51:09,684 - werkzeug:96 - WARNING -  * Debugger is active! - MainProcess:MainThread
2025-01-23 16:51:09,686 - werkzeug:96 - INFO -  * Debugger PIN: 752-175-455 - MainProcess:MainThread
2025-01-23 16:51:09,995 - __main__:122 - INFO - Starting index page render - MainProcess:Thread-1 (run_server)
2025-01-23 16:51:09,995 - __main__:123 - DEBUG - Rendering index page with template parameters: title='Ontario Secondary Computer Science Curriculum', lang='en' - MainProcess:Thread-1 (run_server)
2025-01-23 16:51:10,006 - __main__:129 - INFO - Successfully rendered index page - MainProcess:Thread-1 (run_server)
2025-01-23 16:51:10,862 - engineio.server:78 - INFO - rS4tjptQ3kXUXs8FAAAA: Sending packet OPEN data {'sid': 'rS4tjptQ3kXUXs8FAAAA', 'upgrades': [], 'pingTimeout': 60000, 'pingInterval': 25000, 'maxPayload': 100000000.0} - MainProcess:Thread-1 (run_server)
2025-01-23 16:51:10,863 - engineio.server:90 - INFO - rS4tjptQ3kXUXs8FAAAA: Received request to upgrade to websocket - MainProcess:Thread-1 (run_server)
2025-01-23 16:51:10,863 - engineio.server:219 - INFO - rS4tjptQ3kXUXs8FAAAA: Upgrade to websocket successful - MainProcess:Thread-1 (run_server)
2025-01-23 16:51:10,933 - engineio.server:39 - INFO - rS4tjptQ3kXUXs8FAAAA: Received packet MESSAGE data 0 - MainProcess:Thread-1 (run_server)
2025-01-23 16:51:10,936 - __main__:147 - INFO - Client connected: {"sid": "_g6JPmA-232g7-AnAAAB", "transport": "websocket", "user_agent": "Mozilla/5.0 (Macintosh; Intel Mac OS X 10_15_7) AppleWebKit/537.36 (KHTML, like Gecko) Chrome/132.0.0.0 Safari/537.36", "remote_addr": "172.31.196.39"} - MainProcess:Thread-1 (run_server)
2025-01-23 16:51:10,936 - engineio.server:78 - INFO - rS4tjptQ3kXUXs8FAAAA: Sending packet MESSAGE data 2["connected",{"status":"success","message":"Connected to server","sid":"_g6JPmA-232g7-AnAAAB"}] - MainProcess:Thread-1 (run_server)
2025-01-23 16:51:10,937 - engineio.server:78 - INFO - rS4tjptQ3kXUXs8FAAAA: Sending packet MESSAGE data 0{"sid":"_g6JPmA-232g7-AnAAAB"} - MainProcess:Thread-1 (run_server)
2025-01-23 16:51:35,889 - engineio.server:78 - INFO - rS4tjptQ3kXUXs8FAAAA: Sending packet PING data None - MainProcess:Thread-1 (run_server)
2025-01-23 16:51:35,957 - engineio.server:39 - INFO - rS4tjptQ3kXUXs8FAAAA: Received packet PONG data  - MainProcess:Thread-1 (run_server)
2025-01-23 16:51:53,495 - engineio.server:39 - INFO - rS4tjptQ3kXUXs8FAAAA: Received packet MESSAGE data 2["compile_and_run",{"code":"using System;\n\nclass Program\n{\n    static void Main()\n    {\n        Console.WriteLine(\"Hello! Please enter your name:\");\n        string name = Console.ReadLine();\n        Console.WriteLine($\"Nice to meet you, {name}!\");\n    }\n}"}] - MainProcess:Thread-1 (run_server)
2025-01-23 16:51:53,496 - __main__:194 - INFO - [COMPILE] Starting compilation for session session_1737651113 client _g6JPmA-232g7-AnAAAB - MainProcess:Thread-1 (run_server)
2025-01-23 16:51:53,496 - __main__:195 - DEBUG - [COMPILE] Code length: 227, First line: using - MainProcess:Thread-1 (run_server)
2025-01-23 16:51:53,496 - __main__:62 - INFO - Created new console session: session_1737651113 (active: True) - MainProcess:Thread-1 (run_server)
2025-01-23 16:57:01,174 - werkzeug:96 - INFO -  * Detected change in '/home/runner/workspace/compiler_service.py', reloading - MainProcess:MainThread
