2025-01-23 16:49:07,714 - __main__:25 - INFO - Starting application initialization... - MainProcess:MainThread
2025-01-23 16:49:07,740 - engineio.server:112 - INFO - Server initialized for eventlet. - MainProcess:MainThread
2025-01-23 16:49:09,474 - __main__:113 - INFO - Database tables created successfully - MainProcess:MainThread
2025-01-23 16:49:09,476 - werkzeug:96 - WARNING -  * Debugger is active! - MainProcess:MainThread
2025-01-23 16:49:09,478 - werkzeug:96 - INFO -  * Debugger PIN: 165-806-556 - MainProcess:MainThread
2025-01-23 16:49:09,791 - __main__:122 - INFO - Starting index page render - MainProcess:Thread-1 (run_server)
2025-01-23 16:49:09,791 - __main__:123 - DEBUG - Rendering index page with template parameters: title='Ontario Secondary Computer Science Curriculum', lang='en' - MainProcess:Thread-1 (run_server)
2025-01-23 16:49:09,801 - __main__:129 - INFO - Successfully rendered index page - MainProcess:Thread-1 (run_server)
2025-01-23 16:49:10,688 - engineio.server:78 - INFO - wfXDaOEAEeS5T8FHAAAA: Sending packet OPEN data {'sid': 'wfXDaOEAEeS5T8FHAAAA', 'upgrades': [], 'pingTimeout': 60000, 'pingInterval': 25000, 'maxPayload': 100000000.0} - MainProcess:Thread-1 (run_server)
2025-01-23 16:49:10,688 - engineio.server:90 - INFO - wfXDaOEAEeS5T8FHAAAA: Received request to upgrade to websocket - MainProcess:Thread-1 (run_server)
2025-01-23 16:49:10,688 - engineio.server:219 - INFO - wfXDaOEAEeS5T8FHAAAA: Upgrade to websocket successful - MainProcess:Thread-1 (run_server)
2025-01-23 16:49:10,758 - engineio.server:39 - INFO - wfXDaOEAEeS5T8FHAAAA: Received packet MESSAGE data 0 - MainProcess:Thread-1 (run_server)
2025-01-23 16:49:10,759 - __main__:147 - INFO - Client connected: {"sid": "bOFkWF7wKTRYPt_ZAAAB", "transport": "websocket", "user_agent": "Mozilla/5.0 (Macintosh; Intel Mac OS X 10_15_7) AppleWebKit/537.36 (KHTML, like Gecko) Chrome/132.0.0.0 Safari/537.36", "remote_addr": "172.31.196.39"} - MainProcess:Thread-1 (run_server)
2025-01-23 16:49:10,760 - engineio.server:78 - INFO - wfXDaOEAEeS5T8FHAAAA: Sending packet MESSAGE data 2["connected",{"status":"success","message":"Connected to server","sid":"bOFkWF7wKTRYPt_ZAAAB"}] - MainProcess:Thread-1 (run_server)
2025-01-23 16:49:10,760 - engineio.server:78 - INFO - wfXDaOEAEeS5T8FHAAAA: Sending packet MESSAGE data 0{"sid":"bOFkWF7wKTRYPt_ZAAAB"} - MainProcess:Thread-1 (run_server)
2025-01-23 16:49:35,714 - engineio.server:78 - INFO - wfXDaOEAEeS5T8FHAAAA: Sending packet PING data None - MainProcess:Thread-1 (run_server)
2025-01-23 16:49:35,783 - engineio.server:39 - INFO - wfXDaOEAEeS5T8FHAAAA: Received packet PONG data  - MainProcess:Thread-1 (run_server)
2025-01-23 16:50:00,808 - engineio.server:78 - INFO - wfXDaOEAEeS5T8FHAAAA: Sending packet PING data None - MainProcess:Thread-1 (run_server)
2025-01-23 16:50:00,876 - engineio.server:39 - INFO - wfXDaOEAEeS5T8FHAAAA: Received packet PONG data  - MainProcess:Thread-1 (run_server)
2025-01-23 16:50:25,892 - engineio.server:78 - INFO - wfXDaOEAEeS5T8FHAAAA: Sending packet PING data None - MainProcess:Thread-1 (run_server)
2025-01-23 16:50:25,959 - engineio.server:39 - INFO - wfXDaOEAEeS5T8FHAAAA: Received packet PONG data  - MainProcess:Thread-1 (run_server)
2025-01-23 16:50:50,971 - engineio.server:78 - INFO - wfXDaOEAEeS5T8FHAAAA: Sending packet PING data None - MainProcess:Thread-1 (run_server)
2025-01-23 16:50:51,038 - engineio.server:39 - INFO - wfXDaOEAEeS5T8FHAAAA: Received packet PONG data  - MainProcess:Thread-1 (run_server)
2025-01-23 16:51:07,028 - werkzeug:96 - INFO -  * Detected change in '/home/runner/workspace/compiler_service.py', reloading - MainProcess:MainThread
