2025-01-23 15:45:09,328 - app:25 - INFO - Starting application initialization... - MainProcess:MainThread
2025-01-23 15:45:09,357 - engineio.server:112 - INFO - Server initialized for eventlet. - MainProcess:MainThread
2025-01-23 15:45:09,709 - app:25 - INFO - Starting application initialization... - MainProcess:MainThread
2025-01-23 15:45:09,751 - engineio.server:112 - INFO - Server initialized for eventlet. - MainProcess:MainThread
2025-01-23 15:45:09,873 - app:25 - INFO - Starting application initialization... - MainProcess:MainThread
2025-01-23 15:45:09,927 - engineio.server:112 - INFO - Server initialized for eventlet. - MainProcess:MainThread
2025-01-23 15:45:12,238 - app:113 - INFO - Database tables created successfully - MainProcess:MainThread
2025-01-23 15:45:12,322 - __main__:47 - INFO - Starting ICS3U curriculum import process... - MainProcess:MainThread
2025-01-23 15:45:12,732 - __main__:86 - INFO - Successfully updated strand titles and overall descriptions - MainProcess:MainThread
2025-01-23 15:45:12,808 - app:113 - INFO - Database tables created successfully - MainProcess:MainThread
2025-01-23 15:45:12,864 - app:113 - INFO - Database tables created successfully - MainProcess:MainThread
2025-01-23 15:45:12,975 - __main__:333 - INFO - Starting ICD2O curriculum import process... - MainProcess:MainThread
2025-01-23 15:45:13,011 - __main__:48 - INFO - Found in file: c2.1 concevoir des algorithmes qui répondent à des problèmes mathématiques donnés.
 - MainProcess:MainThread
2025-01-23 15:45:13,372 - __main__:62 - INFO - Database Content: - MainProcess:MainThread
2025-01-23 15:45:13,372 - __main__:63 - INFO - -------------------------------------------------- - MainProcess:MainThread
2025-01-23 15:45:13,373 - __main__:64 - INFO - Strand: - MainProcess:MainThread
2025-01-23 15:45:13,373 - __main__:65 - INFO - - Code: C - MainProcess:MainThread
2025-01-23 15:45:13,373 - __main__:66 - INFO - - Title (FR): Programmation - MainProcess:MainThread
2025-01-23 15:45:13,373 - __main__:67 - INFO - - Title (EN): Programming - MainProcess:MainThread
2025-01-23 15:45:13,373 - __main__:69 - INFO - 
Overall Expectation: - MainProcess:MainThread
2025-01-23 15:45:13,373 - __main__:70 - INFO - - Code: C2 - MainProcess:MainThread
2025-01-23 15:45:13,373 - __main__:71 - INFO - - Description (FR): Écriture - MainProcess:MainThread
2025-01-23 15:45:13,373 - __main__:72 - INFO - - Description (EN): Writing - MainProcess:MainThread
2025-01-23 15:45:13,373 - __main__:74 - INFO - 
Specific Expectation: - MainProcess:MainThread
2025-01-23 15:45:13,374 - __main__:75 - INFO - - Code: C2.1 - MainProcess:MainThread
2025-01-23 15:45:13,374 - __main__:76 - INFO - - Description (FR): Écrire du code clair et maintenable en utilisant les conventions appropriées - MainProcess:MainThread
2025-01-23 15:45:13,374 - __main__:77 - INFO - - Description (EN): Write clear and maintainable code using proper conventions - MainProcess:MainThread
2025-01-23 15:45:13,374 - __main__:93 - INFO - 
All required fields are present - MainProcess:MainThread
2025-01-23 15:45:13,834 - __main__:55 - INFO - Successfully cleared existing data for course ICD2O - MainProcess:MainThread
2025-01-23 15:45:14,279 - __main__:354 - INFO - Created course: ICD2O - MainProcess:MainThread
2025-01-23 15:45:14,280 - __main__:86 - INFO - Creating strand A - MainProcess:MainThread
2025-01-23 15:45:14,340 - __main__:96 - INFO - Created strand A: Computational Thinking and Making Connections - MainProcess:MainThread
2025-01-23 15:45:14,341 - __main__:86 - INFO - Creating strand B - MainProcess:MainThread
2025-01-23 15:45:14,408 - __main__:96 - INFO - Created strand B: Hardware, Software, and Innovations - MainProcess:MainThread
2025-01-23 15:45:14,409 - __main__:86 - INFO - Creating strand C - MainProcess:MainThread
2025-01-23 15:45:14,467 - __main__:96 - INFO - Created strand C: Programming - MainProcess:MainThread
2025-01-23 15:45:14,865 - __main__:282 - INFO - Processing expectations for strand A - MainProcess:MainThread
2025-01-23 15:45:14,866 - __main__:285 - INFO - Creating overall expectation A1 - MainProcess:MainThread
2025-01-23 15:45:14,928 - __main__:304 - DEBUG - Creating specific expectation A1.1 - MainProcess:MainThread
2025-01-23 15:45:14,929 - __main__:304 - DEBUG - Creating specific expectation A1.2 - MainProcess:MainThread
2025-01-23 15:45:14,929 - __main__:304 - DEBUG - Creating specific expectation A1.3 - MainProcess:MainThread
2025-01-23 15:45:15,009 - __main__:314 - INFO - Created overall expectation A1 with its specific expectations - MainProcess:MainThread
2025-01-23 15:45:15,009 - __main__:285 - INFO - Creating overall expectation A2 - MainProcess:MainThread
2025-01-23 15:45:15,067 - __main__:304 - DEBUG - Creating specific expectation A2.1 - MainProcess:MainThread
2025-01-23 15:45:15,067 - __main__:304 - DEBUG - Creating specific expectation A2.2 - MainProcess:MainThread
2025-01-23 15:45:15,126 - __main__:314 - INFO - Created overall expectation A2 with its specific expectations - MainProcess:MainThread
2025-01-23 15:45:15,128 - __main__:285 - INFO - Creating overall expectation A3 - MainProcess:MainThread
2025-01-23 15:45:15,326 - __main__:304 - DEBUG - Creating specific expectation A3.1 - MainProcess:MainThread
2025-01-23 15:45:15,326 - __main__:304 - DEBUG - Creating specific expectation A3.2 - MainProcess:MainThread
2025-01-23 15:45:15,411 - __main__:314 - INFO - Created overall expectation A3 with its specific expectations - MainProcess:MainThread
2025-01-23 15:45:15,412 - __main__:316 - INFO - Completed processing expectations for strand A - MainProcess:MainThread
2025-01-23 15:45:15,469 - __main__:282 - INFO - Processing expectations for strand B - MainProcess:MainThread
2025-01-23 15:45:15,469 - __main__:285 - INFO - Creating overall expectation B1 - MainProcess:MainThread
2025-01-23 15:45:15,723 - __main__:304 - DEBUG - Creating specific expectation B1.1 - MainProcess:MainThread
2025-01-23 15:45:15,723 - __main__:304 - DEBUG - Creating specific expectation B1.2 - MainProcess:MainThread
2025-01-23 15:45:15,781 - __main__:314 - INFO - Created overall expectation B1 with its specific expectations - MainProcess:MainThread
2025-01-23 15:45:15,781 - __main__:285 - INFO - Creating overall expectation B2 - MainProcess:MainThread
2025-01-23 15:45:15,839 - __main__:304 - DEBUG - Creating specific expectation B2.1 - MainProcess:MainThread
2025-01-23 15:45:15,839 - __main__:304 - DEBUG - Creating specific expectation B2.2 - MainProcess:MainThread
2025-01-23 15:45:15,909 - __main__:314 - INFO - Created overall expectation B2 with its specific expectations - MainProcess:MainThread
2025-01-23 15:45:15,909 - __main__:285 - INFO - Creating overall expectation B3 - MainProcess:MainThread
2025-01-23 15:45:15,967 - __main__:304 - DEBUG - Creating specific expectation B3.1 - MainProcess:MainThread
2025-01-23 15:45:15,967 - __main__:304 - DEBUG - Creating specific expectation B3.2 - MainProcess:MainThread
2025-01-23 15:45:16,025 - __main__:314 - INFO - Created overall expectation B3 with its specific expectations - MainProcess:MainThread
2025-01-23 15:45:16,026 - __main__:285 - INFO - Creating overall expectation B4 - MainProcess:MainThread
2025-01-23 15:45:16,112 - __main__:304 - DEBUG - Creating specific expectation B4.1 - MainProcess:MainThread
2025-01-23 15:45:16,113 - __main__:304 - DEBUG - Creating specific expectation B4.2 - MainProcess:MainThread
2025-01-23 15:45:16,171 - __main__:314 - INFO - Created overall expectation B4 with its specific expectations - MainProcess:MainThread
2025-01-23 15:45:16,172 - __main__:316 - INFO - Completed processing expectations for strand B - MainProcess:MainThread
2025-01-23 15:45:16,230 - __main__:282 - INFO - Processing expectations for strand C - MainProcess:MainThread
2025-01-23 15:45:16,231 - __main__:285 - INFO - Creating overall expectation C1 - MainProcess:MainThread
2025-01-23 15:45:16,473 - __main__:304 - DEBUG - Creating specific expectation C1.1 - MainProcess:MainThread
2025-01-23 15:45:16,474 - __main__:304 - DEBUG - Creating specific expectation C1.2 - MainProcess:MainThread
2025-01-23 15:45:16,474 - __main__:304 - DEBUG - Creating specific expectation C1.3 - MainProcess:MainThread
2025-01-23 15:45:16,533 - __main__:314 - INFO - Created overall expectation C1 with its specific expectations - MainProcess:MainThread
2025-01-23 15:45:16,533 - __main__:285 - INFO - Creating overall expectation C2 - MainProcess:MainThread
2025-01-23 15:45:16,608 - __main__:304 - DEBUG - Creating specific expectation C2.1 - MainProcess:MainThread
2025-01-23 15:45:16,609 - __main__:304 - DEBUG - Creating specific expectation C2.2 - MainProcess:MainThread
2025-01-23 15:45:16,667 - __main__:314 - INFO - Created overall expectation C2 with its specific expectations - MainProcess:MainThread
2025-01-23 15:45:16,668 - __main__:285 - INFO - Creating overall expectation C3 - MainProcess:MainThread
2025-01-23 15:45:16,725 - __main__:304 - DEBUG - Creating specific expectation C3.1 - MainProcess:MainThread
2025-01-23 15:45:16,725 - __main__:304 - DEBUG - Creating specific expectation C3.2 - MainProcess:MainThread
2025-01-23 15:45:16,783 - __main__:314 - INFO - Created overall expectation C3 with its specific expectations - MainProcess:MainThread
2025-01-23 15:45:16,783 - __main__:316 - INFO - Completed processing expectations for strand C - MainProcess:MainThread
2025-01-23 15:45:17,229 - __main__:377 - INFO - Final verification: - MainProcess:MainThread
2025-01-23 15:45:17,229 - __main__:378 - INFO - - Course: ICD2O - MainProcess:MainThread
2025-01-23 15:45:17,230 - __main__:379 - INFO - - Strands: 3 - MainProcess:MainThread
2025-01-23 15:45:17,230 - __main__:380 - INFO - - Overall Expectations: 10 - MainProcess:MainThread
2025-01-23 15:45:17,230 - __main__:381 - INFO - - Specific Expectations: 22 - MainProcess:MainThread
