2025-01-23 14:54:58,729 - engineio.server:112 - INFO - Server initialized for eventlet. - MainProcess:MainThread
2025-01-23 14:54:59,014 - engineio.server:112 - INFO - Server initialized for eventlet. - MainProcess:MainThread
2025-01-23 14:54:59,727 - app:64 - INFO - Database tables created successfully - MainProcess:MainThread
2025-01-23 14:54:59,979 - app:64 - INFO - Database tables created successfully - MainProcess:MainThread
2025-01-23 14:55:00,130 - __main__:47 - INFO - Starting ICS3U curriculum import process... - MainProcess:MainThread
2025-01-23 14:55:01,068 - __main__:333 - INFO - Starting ICD2O curriculum import process... - MainProcess:MainThread
2025-01-23 14:55:01,329 - __main__:86 - INFO - Successfully updated strand titles and overall descriptions - MainProcess:MainThread
2025-01-23 14:55:01,937 - __main__:55 - INFO - Successfully cleared existing data for course ICD2O - MainProcess:MainThread
2025-01-23 14:55:02,477 - __main__:354 - INFO - Created course: ICD2O - MainProcess:MainThread
2025-01-23 14:55:02,479 - __main__:86 - INFO - Creating strand A - MainProcess:MainThread
2025-01-23 14:55:02,551 - __main__:96 - INFO - Created strand A: Computational Thinking and Making Connections - MainProcess:MainThread
2025-01-23 14:55:02,551 - __main__:86 - INFO - Creating strand B - MainProcess:MainThread
2025-01-23 14:55:02,615 - __main__:96 - INFO - Created strand B: Hardware, Software, and Innovations - MainProcess:MainThread
2025-01-23 14:55:02,616 - __main__:86 - INFO - Creating strand C - MainProcess:MainThread
2025-01-23 14:55:02,720 - __main__:96 - INFO - Created strand C: Programming - MainProcess:MainThread
2025-01-23 14:55:03,096 - __main__:282 - INFO - Processing expectations for strand A - MainProcess:MainThread
2025-01-23 14:55:03,097 - __main__:285 - INFO - Creating overall expectation A1 - MainProcess:MainThread
2025-01-23 14:55:03,160 - __main__:304 - DEBUG - Creating specific expectation A1.1 - MainProcess:MainThread
2025-01-23 14:55:03,160 - __main__:304 - DEBUG - Creating specific expectation A1.2 - MainProcess:MainThread
2025-01-23 14:55:03,161 - __main__:304 - DEBUG - Creating specific expectation A1.3 - MainProcess:MainThread
2025-01-23 14:55:03,224 - __main__:314 - INFO - Created overall expectation A1 with its specific expectations - MainProcess:MainThread
2025-01-23 14:55:03,224 - __main__:285 - INFO - Creating overall expectation A2 - MainProcess:MainThread
2025-01-23 14:55:03,281 - __main__:304 - DEBUG - Creating specific expectation A2.1 - MainProcess:MainThread
2025-01-23 14:55:03,281 - __main__:304 - DEBUG - Creating specific expectation A2.2 - MainProcess:MainThread
2025-01-23 14:55:03,344 - __main__:314 - INFO - Created overall expectation A2 with its specific expectations - MainProcess:MainThread
2025-01-23 14:55:03,345 - __main__:285 - INFO - Creating overall expectation A3 - MainProcess:MainThread
2025-01-23 14:55:03,417 - __main__:304 - DEBUG - Creating specific expectation A3.1 - MainProcess:MainThread
2025-01-23 14:55:03,417 - __main__:304 - DEBUG - Creating specific expectation A3.2 - MainProcess:MainThread
2025-01-23 14:55:03,475 - __main__:314 - INFO - Created overall expectation A3 with its specific expectations - MainProcess:MainThread
2025-01-23 14:55:03,475 - __main__:316 - INFO - Completed processing expectations for strand A - MainProcess:MainThread
2025-01-23 14:55:03,540 - __main__:282 - INFO - Processing expectations for strand B - MainProcess:MainThread
2025-01-23 14:55:03,542 - __main__:285 - INFO - Creating overall expectation B1 - MainProcess:MainThread
2025-01-23 14:55:03,802 - __main__:304 - DEBUG - Creating specific expectation B1.1 - MainProcess:MainThread
2025-01-23 14:55:03,802 - __main__:304 - DEBUG - Creating specific expectation B1.2 - MainProcess:MainThread
2025-01-23 14:55:03,859 - __main__:314 - INFO - Created overall expectation B1 with its specific expectations - MainProcess:MainThread
2025-01-23 14:55:03,861 - __main__:285 - INFO - Creating overall expectation B2 - MainProcess:MainThread
2025-01-23 14:55:03,921 - __main__:304 - DEBUG - Creating specific expectation B2.1 - MainProcess:MainThread
2025-01-23 14:55:03,922 - __main__:304 - DEBUG - Creating specific expectation B2.2 - MainProcess:MainThread
2025-01-23 14:55:04,007 - __main__:314 - INFO - Created overall expectation B2 with its specific expectations - MainProcess:MainThread
2025-01-23 14:55:04,011 - __main__:285 - INFO - Creating overall expectation B3 - MainProcess:MainThread
2025-01-23 14:55:04,133 - __main__:304 - DEBUG - Creating specific expectation B3.1 - MainProcess:MainThread
2025-01-23 14:55:04,133 - __main__:304 - DEBUG - Creating specific expectation B3.2 - MainProcess:MainThread
2025-01-23 14:55:04,192 - __main__:314 - INFO - Created overall expectation B3 with its specific expectations - MainProcess:MainThread
2025-01-23 14:55:04,193 - __main__:285 - INFO - Creating overall expectation B4 - MainProcess:MainThread
2025-01-23 14:55:04,253 - __main__:304 - DEBUG - Creating specific expectation B4.1 - MainProcess:MainThread
2025-01-23 14:55:04,254 - __main__:304 - DEBUG - Creating specific expectation B4.2 - MainProcess:MainThread
2025-01-23 14:55:04,347 - __main__:314 - INFO - Created overall expectation B4 with its specific expectations - MainProcess:MainThread
2025-01-23 14:55:04,348 - __main__:316 - INFO - Completed processing expectations for strand B - MainProcess:MainThread
2025-01-23 14:55:04,420 - __main__:282 - INFO - Processing expectations for strand C - MainProcess:MainThread
2025-01-23 14:55:04,420 - __main__:285 - INFO - Creating overall expectation C1 - MainProcess:MainThread
2025-01-23 14:55:04,680 - __main__:304 - DEBUG - Creating specific expectation C1.1 - MainProcess:MainThread
2025-01-23 14:55:04,681 - __main__:304 - DEBUG - Creating specific expectation C1.2 - MainProcess:MainThread
2025-01-23 14:55:04,681 - __main__:304 - DEBUG - Creating specific expectation C1.3 - MainProcess:MainThread
2025-01-23 14:55:04,752 - __main__:314 - INFO - Created overall expectation C1 with its specific expectations - MainProcess:MainThread
2025-01-23 14:55:04,753 - __main__:285 - INFO - Creating overall expectation C2 - MainProcess:MainThread
2025-01-23 14:55:04,812 - __main__:304 - DEBUG - Creating specific expectation C2.1 - MainProcess:MainThread
2025-01-23 14:55:04,812 - __main__:304 - DEBUG - Creating specific expectation C2.2 - MainProcess:MainThread
2025-01-23 14:55:04,897 - __main__:314 - INFO - Created overall expectation C2 with its specific expectations - MainProcess:MainThread
2025-01-23 14:55:04,907 - __main__:285 - INFO - Creating overall expectation C3 - MainProcess:MainThread
2025-01-23 14:55:04,967 - __main__:304 - DEBUG - Creating specific expectation C3.1 - MainProcess:MainThread
2025-01-23 14:55:04,968 - __main__:304 - DEBUG - Creating specific expectation C3.2 - MainProcess:MainThread
2025-01-23 14:55:05,033 - __main__:314 - INFO - Created overall expectation C3 with its specific expectations - MainProcess:MainThread
2025-01-23 14:55:05,033 - __main__:316 - INFO - Completed processing expectations for strand C - MainProcess:MainThread
2025-01-23 14:55:05,483 - __main__:377 - INFO - Final verification: - MainProcess:MainThread
2025-01-23 14:55:05,483 - __main__:378 - INFO - - Course: ICD2O - MainProcess:MainThread
2025-01-23 14:55:05,492 - __main__:379 - INFO - - Strands: 3 - MainProcess:MainThread
2025-01-23 14:55:05,492 - __main__:380 - INFO - - Overall Expectations: 10 - MainProcess:MainThread
2025-01-23 14:55:05,492 - __main__:381 - INFO - - Specific Expectations: 22 - MainProcess:MainThread
