2025-01-23 15:48:33,584 - __main__:25 - INFO - Starting application initialization... - MainProcess:MainThread
2025-01-23 15:48:33,656 - engineio.server:112 - INFO - Server initialized for eventlet. - MainProcess:MainThread
2025-01-23 15:48:34,542 - __main__:113 - INFO - Database tables created successfully - MainProcess:MainThread
2025-01-23 15:48:34,543 - werkzeug:96 - WARNING -  * Debugger is active! - MainProcess:MainThread
2025-01-23 15:48:34,545 - werkzeug:96 - INFO -  * Debugger PIN: 370-127-793 - MainProcess:MainThread
2025-01-23 15:48:34,833 - __main__:120 - DEBUG - Rendering index page - MainProcess:Thread-1 (run_server)
2025-01-23 15:48:35,339 - __main__:120 - DEBUG - Rendering index page - MainProcess:Thread-1 (run_server)
2025-01-23 15:48:35,643 - engineio.server:78 - INFO - 3syoM2-dfAPOSa0PAAAA: Sending packet OPEN data {'sid': '3syoM2-dfAPOSa0PAAAA', 'upgrades': [], 'pingTimeout': 60000, 'pingInterval': 25000, 'maxPayload': 100000000.0} - MainProcess:Thread-1 (run_server)
2025-01-23 15:48:35,644 - engineio.server:90 - INFO - 3syoM2-dfAPOSa0PAAAA: Received request to upgrade to websocket - MainProcess:Thread-1 (run_server)
2025-01-23 15:48:35,647 - engineio.server:219 - INFO - 3syoM2-dfAPOSa0PAAAA: Upgrade to websocket successful - MainProcess:Thread-1 (run_server)
2025-01-23 15:48:35,716 - engineio.server:39 - INFO - 3syoM2-dfAPOSa0PAAAA: Received packet MESSAGE data 0 - MainProcess:Thread-1 (run_server)
2025-01-23 15:48:35,719 - __main__:137 - INFO - Client connected: {"sid": "T7vq2T4WpKLqYThnAAAB", "transport": "websocket", "user_agent": "Mozilla/5.0 (Macintosh; Intel Mac OS X 10_15_7) AppleWebKit/537.36 (KHTML, like Gecko) Chrome/132.0.0.0 Safari/537.36", "remote_addr": "172.31.196.39"} - MainProcess:Thread-1 (run_server)
2025-01-23 15:48:35,720 - engineio.server:78 - INFO - 3syoM2-dfAPOSa0PAAAA: Sending packet MESSAGE data 2["connected",{"status":"success","message":"Connected to server","sid":"T7vq2T4WpKLqYThnAAAB"}] - MainProcess:Thread-1 (run_server)
2025-01-23 15:48:35,721 - engineio.server:78 - INFO - 3syoM2-dfAPOSa0PAAAA: Sending packet MESSAGE data 0{"sid":"T7vq2T4WpKLqYThnAAAB"} - MainProcess:Thread-1 (run_server)
2025-01-23 15:48:35,902 - __main__:120 - DEBUG - Rendering index page - MainProcess:Thread-1 (run_server)
2025-01-23 15:48:36,057 - engineio.server:78 - INFO - HdRbbieOXSEAxUvjAAAC: Sending packet OPEN data {'sid': 'HdRbbieOXSEAxUvjAAAC', 'upgrades': [], 'pingTimeout': 60000, 'pingInterval': 25000, 'maxPayload': 100000000.0} - MainProcess:Thread-1 (run_server)
2025-01-23 15:48:36,062 - engineio.server:90 - INFO - HdRbbieOXSEAxUvjAAAC: Received request to upgrade to websocket - MainProcess:Thread-1 (run_server)
2025-01-23 15:48:36,063 - engineio.server:219 - INFO - HdRbbieOXSEAxUvjAAAC: Upgrade to websocket successful - MainProcess:Thread-1 (run_server)
2025-01-23 15:48:36,150 - engineio.server:39 - INFO - HdRbbieOXSEAxUvjAAAC: Received packet MESSAGE data 0 - MainProcess:Thread-1 (run_server)
2025-01-23 15:48:36,151 - __main__:137 - INFO - Client connected: {"sid": "iXmJ3a7RJfHGOtVaAAAD", "transport": "websocket", "user_agent": "Mozilla/5.0 (Macintosh; Intel Mac OS X 10_15_7) AppleWebKit/537.36 (KHTML, like Gecko) Chrome/132.0.0.0 Safari/537.36", "remote_addr": "172.31.196.39"} - MainProcess:Thread-1 (run_server)
2025-01-23 15:48:36,152 - engineio.server:78 - INFO - HdRbbieOXSEAxUvjAAAC: Sending packet MESSAGE data 2["connected",{"status":"success","message":"Connected to server","sid":"iXmJ3a7RJfHGOtVaAAAD"}] - MainProcess:Thread-1 (run_server)
2025-01-23 15:48:36,152 - engineio.server:78 - INFO - HdRbbieOXSEAxUvjAAAC: Sending packet MESSAGE data 0{"sid":"iXmJ3a7RJfHGOtVaAAAD"} - MainProcess:Thread-1 (run_server)
2025-01-23 15:48:36,552 - engineio.server:78 - INFO - yaysUMDLRUtWGwVsAAAE: Sending packet OPEN data {'sid': 'yaysUMDLRUtWGwVsAAAE', 'upgrades': [], 'pingTimeout': 60000, 'pingInterval': 25000, 'maxPayload': 100000000.0} - MainProcess:Thread-1 (run_server)
2025-01-23 15:48:36,552 - engineio.server:90 - INFO - yaysUMDLRUtWGwVsAAAE: Received request to upgrade to websocket - MainProcess:Thread-1 (run_server)
2025-01-23 15:48:36,553 - engineio.server:219 - INFO - yaysUMDLRUtWGwVsAAAE: Upgrade to websocket successful - MainProcess:Thread-1 (run_server)
2025-01-23 15:48:36,576 - engineio.server:39 - INFO - yaysUMDLRUtWGwVsAAAE: Received packet MESSAGE data 0 - MainProcess:Thread-1 (run_server)
2025-01-23 15:48:36,578 - __main__:137 - INFO - Client connected: {"sid": "qSM8-Tf8JepUu_ELAAAF", "transport": "websocket", "user_agent": "Mozilla/5.0 (X11; Linux x86_64) AppleWebKit/537.36 (KHTML, like Gecko) HeadlessChrome/118.0.5993.88 Safari/537.36", "remote_addr": "172.31.196.39"} - MainProcess:Thread-1 (run_server)
2025-01-23 15:48:36,582 - engineio.server:78 - INFO - yaysUMDLRUtWGwVsAAAE: Sending packet MESSAGE data 2["connected",{"status":"success","message":"Connected to server","sid":"qSM8-Tf8JepUu_ELAAAF"}] - MainProcess:Thread-1 (run_server)
2025-01-23 15:48:36,582 - engineio.server:78 - INFO - yaysUMDLRUtWGwVsAAAE: Sending packet MESSAGE data 0{"sid":"qSM8-Tf8JepUu_ELAAAF"} - MainProcess:Thread-1 (run_server)
2025-01-23 15:48:37,052 - __main__:156 - INFO - Client disconnecting: qSM8-Tf8JepUu_ELAAAF - MainProcess:Thread-1 (run_server)
2025-01-23 15:48:37,052 - __main__:167 - INFO - Client disconnected: qSM8-Tf8JepUu_ELAAAF - MainProcess:Thread-1 (run_server)
2025-01-23 15:48:53,149 - engineio.server:39 - INFO - HdRbbieOXSEAxUvjAAAC: Received packet MESSAGE data 2["compile_and_run",{"code":"using System;\n\nclass Program\n{\n    static void Main()\n    {\n        Console.WriteLine(\"Hello! Please enter your name:\");\n        string name = Console.ReadLine();\n        Console.WriteLine($\"Nice to meet you, {name}!\");\n    }\n}"}] - MainProcess:Thread-1 (run_server)
2025-01-23 15:48:53,150 - __main__:183 - INFO - Starting compilation session session_1737647333 for client iXmJ3a7RJfHGOtVaAAAD - MainProcess:Thread-1 (run_server)
2025-01-23 15:48:53,151 - __main__:62 - INFO - Created new console session: session_1737647333 (active: True) - MainProcess:Thread-1 (run_server)
