2025-01-23 17:16:01,978 - __main__:25 - INFO - Starting application initialization... - MainProcess:MainThread
2025-01-23 17:16:02,055 - engineio.server:112 - INFO - Server initialized for eventlet. - MainProcess:MainThread
2025-01-23 17:16:02,934 - __main__:113 - INFO - Database tables created successfully - MainProcess:MainThread
2025-01-23 17:16:02,945 - werkzeug:96 - WARNING -  * Debugger is active! - MainProcess:MainThread
2025-01-23 17:16:02,946 - werkzeug:96 - INFO -  * Debugger PIN: 144-085-326 - MainProcess:MainThread
2025-01-23 17:16:03,244 - __main__:122 - INFO - Starting index page render - MainProcess:Thread-1 (run_server)
2025-01-23 17:16:03,244 - __main__:123 - DEBUG - Rendering index page with template parameters: title='Ontario Secondary Computer Science Curriculum', lang='en' - MainProcess:Thread-1 (run_server)
2025-01-23 17:16:03,420 - __main__:129 - INFO - Successfully rendered index page - MainProcess:Thread-1 (run_server)
2025-01-23 17:16:04,108 - __main__:122 - INFO - Starting index page render - MainProcess:Thread-1 (run_server)
2025-01-23 17:16:04,109 - __main__:123 - DEBUG - Rendering index page with template parameters: title='Ontario Secondary Computer Science Curriculum', lang='en' - MainProcess:Thread-1 (run_server)
2025-01-23 17:16:04,113 - __main__:129 - INFO - Successfully rendered index page - MainProcess:Thread-1 (run_server)
2025-01-23 17:16:04,301 - engineio.server:78 - INFO - sAmCM_LIqWEYASUTAAAA: Sending packet OPEN data {'sid': 'sAmCM_LIqWEYASUTAAAA', 'upgrades': [], 'pingTimeout': 60000, 'pingInterval': 25000, 'maxPayload': 100000000.0} - MainProcess:Thread-1 (run_server)
2025-01-23 17:16:04,301 - engineio.server:90 - INFO - sAmCM_LIqWEYASUTAAAA: Received request to upgrade to websocket - MainProcess:Thread-1 (run_server)
2025-01-23 17:16:04,301 - engineio.server:219 - INFO - sAmCM_LIqWEYASUTAAAA: Upgrade to websocket successful - MainProcess:Thread-1 (run_server)
2025-01-23 17:16:04,375 - engineio.server:39 - INFO - sAmCM_LIqWEYASUTAAAA: Received packet MESSAGE data 0 - MainProcess:Thread-1 (run_server)
2025-01-23 17:16:04,377 - __main__:147 - INFO - Client connected: {"sid": "5EABg6okTAv6H5PYAAAB", "transport": "websocket", "user_agent": "Mozilla/5.0 (Macintosh; Intel Mac OS X 10_15_7) AppleWebKit/537.36 (KHTML, like Gecko) Chrome/132.0.0.0 Safari/537.36", "remote_addr": "172.31.196.39"} - MainProcess:Thread-1 (run_server)
2025-01-23 17:16:04,378 - engineio.server:78 - INFO - sAmCM_LIqWEYASUTAAAA: Sending packet MESSAGE data 2["connected",{"status":"success","message":"Connected to server","sid":"5EABg6okTAv6H5PYAAAB"}] - MainProcess:Thread-1 (run_server)
2025-01-23 17:16:04,379 - engineio.server:78 - INFO - sAmCM_LIqWEYASUTAAAA: Sending packet MESSAGE data 0{"sid":"5EABg6okTAv6H5PYAAAB"} - MainProcess:Thread-1 (run_server)
2025-01-23 17:16:04,655 - engineio.server:78 - INFO - rEa3PN-qK1NxBltXAAAC: Sending packet OPEN data {'sid': 'rEa3PN-qK1NxBltXAAAC', 'upgrades': [], 'pingTimeout': 60000, 'pingInterval': 25000, 'maxPayload': 100000000.0} - MainProcess:Thread-1 (run_server)
2025-01-23 17:16:04,656 - engineio.server:90 - INFO - rEa3PN-qK1NxBltXAAAC: Received request to upgrade to websocket - MainProcess:Thread-1 (run_server)
2025-01-23 17:16:04,656 - engineio.server:219 - INFO - rEa3PN-qK1NxBltXAAAC: Upgrade to websocket successful - MainProcess:Thread-1 (run_server)
2025-01-23 17:16:04,734 - engineio.server:39 - INFO - rEa3PN-qK1NxBltXAAAC: Received packet MESSAGE data 0 - MainProcess:Thread-1 (run_server)
2025-01-23 17:16:04,738 - __main__:147 - INFO - Client connected: {"sid": "o7LZRewdBgUoMDjcAAAD", "transport": "websocket", "user_agent": "Mozilla/5.0 (Macintosh; Intel Mac OS X 10_15_7) AppleWebKit/537.36 (KHTML, like Gecko) Chrome/132.0.0.0 Safari/537.36", "remote_addr": "172.31.196.39"} - MainProcess:Thread-1 (run_server)
2025-01-23 17:16:04,738 - engineio.server:78 - INFO - rEa3PN-qK1NxBltXAAAC: Sending packet MESSAGE data 2["connected",{"status":"success","message":"Connected to server","sid":"o7LZRewdBgUoMDjcAAAD"}] - MainProcess:Thread-1 (run_server)
2025-01-23 17:16:04,739 - engineio.server:78 - INFO - rEa3PN-qK1NxBltXAAAC: Sending packet MESSAGE data 0{"sid":"o7LZRewdBgUoMDjcAAAD"} - MainProcess:Thread-1 (run_server)
2025-01-23 17:16:04,834 - __main__:122 - INFO - Starting index page render - MainProcess:Thread-1 (run_server)
2025-01-23 17:16:04,835 - __main__:123 - DEBUG - Rendering index page with template parameters: title='Ontario Secondary Computer Science Curriculum', lang='en' - MainProcess:Thread-1 (run_server)
2025-01-23 17:16:04,836 - __main__:129 - INFO - Successfully rendered index page - MainProcess:Thread-1 (run_server)
2025-01-23 17:16:06,686 - engineio.server:78 - INFO - Lu6tlgIfeRpBb0SZAAAE: Sending packet OPEN data {'sid': 'Lu6tlgIfeRpBb0SZAAAE', 'upgrades': [], 'pingTimeout': 60000, 'pingInterval': 25000, 'maxPayload': 100000000.0} - MainProcess:Thread-1 (run_server)
2025-01-23 17:16:06,687 - engineio.server:90 - INFO - Lu6tlgIfeRpBb0SZAAAE: Received request to upgrade to websocket - MainProcess:Thread-1 (run_server)
2025-01-23 17:16:06,688 - engineio.server:219 - INFO - Lu6tlgIfeRpBb0SZAAAE: Upgrade to websocket successful - MainProcess:Thread-1 (run_server)
2025-01-23 17:16:06,697 - engineio.server:39 - INFO - Lu6tlgIfeRpBb0SZAAAE: Received packet MESSAGE data 0 - MainProcess:Thread-1 (run_server)
2025-01-23 17:16:06,709 - __main__:147 - INFO - Client connected: {"sid": "3OibmT07VUj9QLUlAAAF", "transport": "websocket", "user_agent": "Mozilla/5.0 (X11; Linux x86_64) AppleWebKit/537.36 (KHTML, like Gecko) HeadlessChrome/118.0.5993.88 Safari/537.36", "remote_addr": "172.31.196.39"} - MainProcess:Thread-1 (run_server)
2025-01-23 17:16:06,711 - engineio.server:78 - INFO - Lu6tlgIfeRpBb0SZAAAE: Sending packet MESSAGE data 2["connected",{"status":"success","message":"Connected to server","sid":"3OibmT07VUj9QLUlAAAF"}] - MainProcess:Thread-1 (run_server)
2025-01-23 17:16:06,715 - engineio.server:78 - INFO - Lu6tlgIfeRpBb0SZAAAE: Sending packet MESSAGE data 0{"sid":"3OibmT07VUj9QLUlAAAF"} - MainProcess:Thread-1 (run_server)
2025-01-23 17:16:07,175 - __main__:166 - INFO - Client disconnecting: 3OibmT07VUj9QLUlAAAF - MainProcess:Thread-1 (run_server)
2025-01-23 17:16:07,182 - __main__:177 - INFO - Client disconnected: 3OibmT07VUj9QLUlAAAF - MainProcess:Thread-1 (run_server)
