2025-01-23 15:05:31,432 - engineio.server:112 - INFO - Server initialized for eventlet. - MainProcess:MainThread
2025-01-23 15:05:31,459 - engineio.server:112 - INFO - Server initialized for eventlet. - MainProcess:MainThread
2025-01-23 15:05:32,411 - app:88 - INFO - Database tables created successfully - MainProcess:MainThread
2025-01-23 15:05:32,466 - app:88 - INFO - Database tables created successfully - MainProcess:MainThread
2025-01-23 15:05:33,249 - __main__:333 - INFO - Starting ICD2O curriculum import process... - MainProcess:MainThread
2025-01-23 15:05:34,948 - __main__:55 - INFO - Successfully cleared existing data for course ICD2O - MainProcess:MainThread
2025-01-23 15:05:35,383 - __main__:354 - INFO - Created course: ICD2O - MainProcess:MainThread
2025-01-23 15:05:35,385 - __main__:86 - INFO - Creating strand A - MainProcess:MainThread
2025-01-23 15:05:35,455 - __main__:96 - INFO - Created strand A: Computational Thinking and Making Connections - MainProcess:MainThread
2025-01-23 15:05:35,457 - __main__:86 - INFO - Creating strand B - MainProcess:MainThread
2025-01-23 15:05:35,538 - __main__:96 - INFO - Created strand B: Hardware, Software, and Innovations - MainProcess:MainThread
2025-01-23 15:05:35,539 - __main__:86 - INFO - Creating strand C - MainProcess:MainThread
2025-01-23 15:05:35,624 - __main__:96 - INFO - Created strand C: Programming - MainProcess:MainThread
2025-01-23 15:05:36,013 - __main__:282 - INFO - Processing expectations for strand A - MainProcess:MainThread
2025-01-23 15:05:36,028 - __main__:285 - INFO - Creating overall expectation A1 - MainProcess:MainThread
2025-01-23 15:05:36,098 - __main__:304 - DEBUG - Creating specific expectation A1.1 - MainProcess:MainThread
2025-01-23 15:05:36,099 - __main__:304 - DEBUG - Creating specific expectation A1.2 - MainProcess:MainThread
2025-01-23 15:05:36,099 - __main__:304 - DEBUG - Creating specific expectation A1.3 - MainProcess:MainThread
2025-01-23 15:05:36,166 - __main__:314 - INFO - Created overall expectation A1 with its specific expectations - MainProcess:MainThread
2025-01-23 15:05:36,167 - __main__:285 - INFO - Creating overall expectation A2 - MainProcess:MainThread
2025-01-23 15:05:36,246 - __main__:304 - DEBUG - Creating specific expectation A2.1 - MainProcess:MainThread
2025-01-23 15:05:36,247 - __main__:304 - DEBUG - Creating specific expectation A2.2 - MainProcess:MainThread
2025-01-23 15:05:36,310 - __main__:314 - INFO - Created overall expectation A2 with its specific expectations - MainProcess:MainThread
2025-01-23 15:05:36,310 - __main__:285 - INFO - Creating overall expectation A3 - MainProcess:MainThread
2025-01-23 15:05:36,370 - __main__:304 - DEBUG - Creating specific expectation A3.1 - MainProcess:MainThread
2025-01-23 15:05:36,370 - __main__:304 - DEBUG - Creating specific expectation A3.2 - MainProcess:MainThread
2025-01-23 15:05:36,430 - __main__:314 - INFO - Created overall expectation A3 with its specific expectations - MainProcess:MainThread
2025-01-23 15:05:36,430 - __main__:316 - INFO - Completed processing expectations for strand A - MainProcess:MainThread
2025-01-23 15:05:36,490 - __main__:282 - INFO - Processing expectations for strand B - MainProcess:MainThread
2025-01-23 15:05:36,491 - __main__:285 - INFO - Creating overall expectation B1 - MainProcess:MainThread
2025-01-23 15:05:36,740 - __main__:304 - DEBUG - Creating specific expectation B1.1 - MainProcess:MainThread
2025-01-23 15:05:36,741 - __main__:304 - DEBUG - Creating specific expectation B1.2 - MainProcess:MainThread
2025-01-23 15:05:36,802 - __main__:314 - INFO - Created overall expectation B1 with its specific expectations - MainProcess:MainThread
2025-01-23 15:05:36,803 - __main__:285 - INFO - Creating overall expectation B2 - MainProcess:MainThread
2025-01-23 15:05:36,894 - __main__:304 - DEBUG - Creating specific expectation B2.1 - MainProcess:MainThread
2025-01-23 15:05:36,894 - __main__:304 - DEBUG - Creating specific expectation B2.2 - MainProcess:MainThread
2025-01-23 15:05:36,955 - __main__:314 - INFO - Created overall expectation B2 with its specific expectations - MainProcess:MainThread
2025-01-23 15:05:36,985 - __main__:285 - INFO - Creating overall expectation B3 - MainProcess:MainThread
2025-01-23 15:05:37,044 - __main__:304 - DEBUG - Creating specific expectation B3.1 - MainProcess:MainThread
2025-01-23 15:05:37,045 - __main__:304 - DEBUG - Creating specific expectation B3.2 - MainProcess:MainThread
2025-01-23 15:05:37,105 - __main__:314 - INFO - Created overall expectation B3 with its specific expectations - MainProcess:MainThread
2025-01-23 15:05:37,106 - __main__:285 - INFO - Creating overall expectation B4 - MainProcess:MainThread
2025-01-23 15:05:37,165 - __main__:304 - DEBUG - Creating specific expectation B4.1 - MainProcess:MainThread
2025-01-23 15:05:37,165 - __main__:304 - DEBUG - Creating specific expectation B4.2 - MainProcess:MainThread
2025-01-23 15:05:37,224 - __main__:314 - INFO - Created overall expectation B4 with its specific expectations - MainProcess:MainThread
2025-01-23 15:05:37,224 - __main__:316 - INFO - Completed processing expectations for strand B - MainProcess:MainThread
2025-01-23 15:05:37,287 - __main__:282 - INFO - Processing expectations for strand C - MainProcess:MainThread
2025-01-23 15:05:37,288 - __main__:285 - INFO - Creating overall expectation C1 - MainProcess:MainThread
2025-01-23 15:05:37,528 - __main__:304 - DEBUG - Creating specific expectation C1.1 - MainProcess:MainThread
2025-01-23 15:05:37,528 - __main__:304 - DEBUG - Creating specific expectation C1.2 - MainProcess:MainThread
2025-01-23 15:05:37,529 - __main__:304 - DEBUG - Creating specific expectation C1.3 - MainProcess:MainThread
2025-01-23 15:05:37,588 - __main__:314 - INFO - Created overall expectation C1 with its specific expectations - MainProcess:MainThread
2025-01-23 15:05:37,589 - __main__:285 - INFO - Creating overall expectation C2 - MainProcess:MainThread
2025-01-23 15:05:37,649 - __main__:304 - DEBUG - Creating specific expectation C2.1 - MainProcess:MainThread
2025-01-23 15:05:37,649 - __main__:304 - DEBUG - Creating specific expectation C2.2 - MainProcess:MainThread
2025-01-23 15:05:37,709 - __main__:314 - INFO - Created overall expectation C2 with its specific expectations - MainProcess:MainThread
2025-01-23 15:05:37,710 - __main__:285 - INFO - Creating overall expectation C3 - MainProcess:MainThread
2025-01-23 15:05:37,769 - __main__:304 - DEBUG - Creating specific expectation C3.1 - MainProcess:MainThread
2025-01-23 15:05:37,770 - __main__:304 - DEBUG - Creating specific expectation C3.2 - MainProcess:MainThread
2025-01-23 15:05:37,832 - __main__:314 - INFO - Created overall expectation C3 with its specific expectations - MainProcess:MainThread
2025-01-23 15:05:37,835 - __main__:316 - INFO - Completed processing expectations for strand C - MainProcess:MainThread
2025-01-23 15:05:38,267 - __main__:377 - INFO - Final verification: - MainProcess:MainThread
2025-01-23 15:05:38,269 - __main__:378 - INFO - - Course: ICD2O - MainProcess:MainThread
2025-01-23 15:05:38,269 - __main__:379 - INFO - - Strands: 3 - MainProcess:MainThread
2025-01-23 15:05:38,270 - __main__:380 - INFO - - Overall Expectations: 10 - MainProcess:MainThread
2025-01-23 15:05:38,271 - __main__:381 - INFO - - Specific Expectations: 22 - MainProcess:MainThread
