2025-01-23 16:16:11,825 - __main__:25 - INFO - Starting application initialization... - MainProcess:MainThread
2025-01-23 16:16:11,828 - app:25 - INFO - Starting application initialization... - MainProcess:MainThread
2025-01-23 16:16:11,833 - app:25 - INFO - Starting application initialization... - MainProcess:MainThread
2025-01-23 16:16:11,834 - app:25 - INFO - Starting application initialization... - MainProcess:MainThread
2025-01-23 16:16:11,841 - app:25 - INFO - Starting application initialization... - MainProcess:MainThread
2025-01-23 16:16:11,873 - app:25 - INFO - Starting application initialization... - MainProcess:MainThread
2025-01-23 16:16:11,915 - engineio.server:112 - INFO - Server initialized for eventlet. - MainProcess:MainThread
2025-01-23 16:16:11,922 - engineio.server:112 - INFO - Server initialized for eventlet. - MainProcess:MainThread
2025-01-23 16:16:11,936 - engineio.server:112 - INFO - Server initialized for eventlet. - MainProcess:MainThread
2025-01-23 16:16:11,947 - engineio.server:112 - INFO - Server initialized for eventlet. - MainProcess:MainThread
2025-01-23 16:16:11,953 - engineio.server:112 - INFO - Server initialized for eventlet. - MainProcess:MainThread
2025-01-23 16:16:11,955 - engineio.server:112 - INFO - Server initialized for eventlet. - MainProcess:MainThread
2025-01-23 16:16:13,302 - __main__:113 - INFO - Database tables created successfully - MainProcess:MainThread
2025-01-23 16:16:13,304 - werkzeug:96 - WARNING -  * Debugger is active! - MainProcess:MainThread
2025-01-23 16:16:13,313 - werkzeug:96 - INFO -  * Debugger PIN: 967-330-215 - MainProcess:MainThread
2025-01-23 16:16:13,628 - __main__:122 - INFO - Starting index page render - MainProcess:Thread-1 (run_server)
2025-01-23 16:16:13,630 - __main__:123 - DEBUG - Rendering index page with template parameters: title='Ontario Secondary Computer Science Curriculum', lang='en' - MainProcess:Thread-1 (run_server)
2025-01-23 16:16:13,657 - __main__:129 - INFO - Successfully rendered index page - MainProcess:Thread-1 (run_server)
2025-01-23 16:16:13,795 - app:113 - INFO - Database tables created successfully - MainProcess:MainThread
2025-01-23 16:16:13,822 - app:113 - INFO - Database tables created successfully - MainProcess:MainThread
2025-01-23 16:16:13,864 - app:113 - INFO - Database tables created successfully - MainProcess:MainThread
2025-01-23 16:16:13,866 - app:113 - INFO - Database tables created successfully - MainProcess:MainThread
2025-01-23 16:16:13,868 - app:113 - INFO - Database tables created successfully - MainProcess:MainThread
2025-01-23 16:16:13,889 - __main__:48 - INFO - Found in file: c2.1 concevoir des algorithmes qui répondent à des problèmes mathématiques donnés.
 - MainProcess:MainThread
2025-01-23 16:16:13,976 - __main__:333 - INFO - Starting ICD2O curriculum import process... - MainProcess:MainThread
2025-01-23 16:16:13,975 - __main__:23 - INFO - Starting database table creation... - MainProcess:MainThread
2025-01-23 16:16:13,990 - __main__:47 - INFO - Starting ICS3U curriculum import process... - MainProcess:MainThread
2025-01-23 16:16:14,026 - __main__:47 - INFO - Starting ICS3U curriculum import process... - MainProcess:MainThread
2025-01-23 16:16:14,278 - __main__:30 - INFO - Existing tables: ['student', 'student_achievement', 'achievement', 'student_progress', 'coding_activity', 'code_submission', 'shared_code', 'audit_log', 'courses', 'strands', 'overall_expectations', 'specific_expectations'] - MainProcess:MainThread
2025-01-23 16:16:14,364 - __main__:62 - INFO - Database Content: - MainProcess:MainThread
2025-01-23 16:16:14,365 - __main__:63 - INFO - -------------------------------------------------- - MainProcess:MainThread
2025-01-23 16:16:14,365 - __main__:64 - INFO - Strand: - MainProcess:MainThread
2025-01-23 16:16:14,365 - __main__:65 - INFO - - Code: C - MainProcess:MainThread
2025-01-23 16:16:14,365 - __main__:66 - INFO - - Title (FR): Programmation - MainProcess:MainThread
2025-01-23 16:16:14,365 - __main__:67 - INFO - - Title (EN): Programming - MainProcess:MainThread
2025-01-23 16:16:14,365 - __main__:69 - INFO - 
Overall Expectation: - MainProcess:MainThread
2025-01-23 16:16:14,365 - __main__:70 - INFO - - Code: C2 - MainProcess:MainThread
2025-01-23 16:16:14,365 - __main__:71 - INFO - - Description (FR): Écriture - MainProcess:MainThread
2025-01-23 16:16:14,366 - __main__:72 - INFO - - Description (EN): Writing - MainProcess:MainThread
2025-01-23 16:16:14,366 - __main__:74 - INFO - 
Specific Expectation: - MainProcess:MainThread
2025-01-23 16:16:14,366 - __main__:75 - INFO - - Code: C2.1 - MainProcess:MainThread
2025-01-23 16:16:14,366 - __main__:76 - INFO - - Description (FR): Écrire du code clair et maintenable en utilisant les conventions appropriées - MainProcess:MainThread
2025-01-23 16:16:14,366 - __main__:77 - INFO - - Description (EN): Write clear and maintainable code using proper conventions - MainProcess:MainThread
2025-01-23 16:16:14,366 - __main__:93 - INFO - 
All required fields are present - MainProcess:MainThread
2025-01-23 16:16:14,403 - __main__:86 - INFO - Successfully updated strand titles and overall descriptions - MainProcess:MainThread
2025-01-23 16:16:14,410 - __main__:86 - INFO - Successfully updated strand titles and overall descriptions - MainProcess:MainThread
2025-01-23 16:16:14,528 - engineio.server:78 - INFO - 1ijpB-Ter-qZk2jKAAAA: Sending packet OPEN data {'sid': '1ijpB-Ter-qZk2jKAAAA', 'upgrades': [], 'pingTimeout': 60000, 'pingInterval': 25000, 'maxPayload': 100000000.0} - MainProcess:Thread-1 (run_server)
2025-01-23 16:16:14,528 - engineio.server:90 - INFO - 1ijpB-Ter-qZk2jKAAAA: Received request to upgrade to websocket - MainProcess:Thread-1 (run_server)
2025-01-23 16:16:14,529 - engineio.server:219 - INFO - 1ijpB-Ter-qZk2jKAAAA: Upgrade to websocket successful - MainProcess:Thread-1 (run_server)
2025-01-23 16:16:14,598 - engineio.server:39 - INFO - 1ijpB-Ter-qZk2jKAAAA: Received packet MESSAGE data 0 - MainProcess:Thread-1 (run_server)
2025-01-23 16:16:14,625 - __main__:147 - INFO - Client connected: {"sid": "Koz38aKZmecGBN1DAAAB", "transport": "websocket", "user_agent": "Mozilla/5.0 (Macintosh; Intel Mac OS X 10_15_7) AppleWebKit/537.36 (KHTML, like Gecko) Chrome/132.0.0.0 Safari/537.36", "remote_addr": "172.31.196.39"} - MainProcess:Thread-1 (run_server)
2025-01-23 16:16:14,625 - __main__:55 - INFO - Successfully cleared existing data for course ICD2O - MainProcess:MainThread
2025-01-23 16:16:15,036 - __main__:354 - INFO - Created course: ICD2O - MainProcess:MainThread
2025-01-23 16:16:15,036 - __main__:86 - INFO - Creating strand A - MainProcess:MainThread
2025-01-23 16:16:15,100 - __main__:96 - INFO - Created strand A: Computational Thinking and Making Connections - MainProcess:MainThread
2025-01-23 16:16:15,100 - __main__:86 - INFO - Creating strand B - MainProcess:MainThread
2025-01-23 16:16:15,157 - __main__:96 - INFO - Created strand B: Hardware, Software, and Innovations - MainProcess:MainThread
2025-01-23 16:16:15,157 - __main__:86 - INFO - Creating strand C - MainProcess:MainThread
2025-01-23 16:16:15,215 - __main__:96 - INFO - Created strand C: Programming - MainProcess:MainThread
2025-01-23 16:16:15,439 - __main__:37 - INFO - Tables after creation: ['student', 'student_achievement', 'achievement', 'student_progress', 'coding_activity', 'code_submission', 'shared_code', 'audit_log', 'courses', 'strands', 'overall_expectations', 'specific_expectations'] - MainProcess:MainThread
2025-01-23 16:16:15,441 - __main__:46 - INFO - Database tables created successfully! - MainProcess:MainThread
2025-01-23 16:16:15,561 - __main__:282 - INFO - Processing expectations for strand A - MainProcess:MainThread
2025-01-23 16:16:15,561 - __main__:285 - INFO - Creating overall expectation A1 - MainProcess:MainThread
2025-01-23 16:16:15,623 - __main__:304 - DEBUG - Creating specific expectation A1.1 - MainProcess:MainThread
2025-01-23 16:16:15,623 - __main__:304 - DEBUG - Creating specific expectation A1.2 - MainProcess:MainThread
2025-01-23 16:16:15,623 - __main__:304 - DEBUG - Creating specific expectation A1.3 - MainProcess:MainThread
2025-01-23 16:16:15,684 - __main__:314 - INFO - Created overall expectation A1 with its specific expectations - MainProcess:MainThread
2025-01-23 16:16:15,684 - __main__:285 - INFO - Creating overall expectation A2 - MainProcess:MainThread
2025-01-23 16:16:15,741 - __main__:304 - DEBUG - Creating specific expectation A2.1 - MainProcess:MainThread
2025-01-23 16:16:15,742 - __main__:304 - DEBUG - Creating specific expectation A2.2 - MainProcess:MainThread
2025-01-23 16:16:15,799 - __main__:314 - INFO - Created overall expectation A2 with its specific expectations - MainProcess:MainThread
2025-01-23 16:16:15,799 - __main__:285 - INFO - Creating overall expectation A3 - MainProcess:MainThread
2025-01-23 16:16:15,866 - __main__:304 - DEBUG - Creating specific expectation A3.1 - MainProcess:MainThread
2025-01-23 16:16:15,867 - __main__:304 - DEBUG - Creating specific expectation A3.2 - MainProcess:MainThread
2025-01-23 16:16:15,926 - __main__:314 - INFO - Created overall expectation A3 with its specific expectations - MainProcess:MainThread
2025-01-23 16:16:15,926 - __main__:316 - INFO - Completed processing expectations for strand A - MainProcess:MainThread
2025-01-23 16:16:15,983 - __main__:282 - INFO - Processing expectations for strand B - MainProcess:MainThread
2025-01-23 16:16:15,984 - __main__:285 - INFO - Creating overall expectation B1 - MainProcess:MainThread
2025-01-23 16:16:16,211 - __main__:304 - DEBUG - Creating specific expectation B1.1 - MainProcess:MainThread
2025-01-23 16:16:16,212 - __main__:304 - DEBUG - Creating specific expectation B1.2 - MainProcess:MainThread
2025-01-23 16:16:16,270 - __main__:314 - INFO - Created overall expectation B1 with its specific expectations - MainProcess:MainThread
2025-01-23 16:16:16,270 - __main__:285 - INFO - Creating overall expectation B2 - MainProcess:MainThread
2025-01-23 16:16:16,329 - __main__:304 - DEBUG - Creating specific expectation B2.1 - MainProcess:MainThread
2025-01-23 16:16:16,329 - __main__:304 - DEBUG - Creating specific expectation B2.2 - MainProcess:MainThread
2025-01-23 16:16:16,390 - __main__:314 - INFO - Created overall expectation B2 with its specific expectations - MainProcess:MainThread
2025-01-23 16:16:16,391 - __main__:285 - INFO - Creating overall expectation B3 - MainProcess:MainThread
2025-01-23 16:16:16,450 - __main__:304 - DEBUG - Creating specific expectation B3.1 - MainProcess:MainThread
2025-01-23 16:16:16,450 - __main__:304 - DEBUG - Creating specific expectation B3.2 - MainProcess:MainThread
2025-01-23 16:16:16,508 - __main__:314 - INFO - Created overall expectation B3 with its specific expectations - MainProcess:MainThread
2025-01-23 16:16:16,509 - __main__:285 - INFO - Creating overall expectation B4 - MainProcess:MainThread
2025-01-23 16:16:16,571 - __main__:304 - DEBUG - Creating specific expectation B4.1 - MainProcess:MainThread
2025-01-23 16:16:16,572 - __main__:304 - DEBUG - Creating specific expectation B4.2 - MainProcess:MainThread
2025-01-23 16:16:16,629 - __main__:314 - INFO - Created overall expectation B4 with its specific expectations - MainProcess:MainThread
2025-01-23 16:16:16,630 - __main__:316 - INFO - Completed processing expectations for strand B - MainProcess:MainThread
2025-01-23 16:16:16,687 - __main__:282 - INFO - Processing expectations for strand C - MainProcess:MainThread
2025-01-23 16:16:16,687 - __main__:285 - INFO - Creating overall expectation C1 - MainProcess:MainThread
2025-01-23 16:16:16,915 - __main__:304 - DEBUG - Creating specific expectation C1.1 - MainProcess:MainThread
2025-01-23 16:16:16,915 - __main__:304 - DEBUG - Creating specific expectation C1.2 - MainProcess:MainThread
2025-01-23 16:16:16,915 - __main__:304 - DEBUG - Creating specific expectation C1.3 - MainProcess:MainThread
2025-01-23 16:16:16,973 - __main__:314 - INFO - Created overall expectation C1 with its specific expectations - MainProcess:MainThread
2025-01-23 16:16:16,974 - __main__:285 - INFO - Creating overall expectation C2 - MainProcess:MainThread
2025-01-23 16:16:17,030 - __main__:304 - DEBUG - Creating specific expectation C2.1 - MainProcess:MainThread
2025-01-23 16:16:17,031 - __main__:304 - DEBUG - Creating specific expectation C2.2 - MainProcess:MainThread
2025-01-23 16:16:17,088 - __main__:314 - INFO - Created overall expectation C2 with its specific expectations - MainProcess:MainThread
2025-01-23 16:16:17,088 - __main__:285 - INFO - Creating overall expectation C3 - MainProcess:MainThread
2025-01-23 16:16:17,145 - __main__:304 - DEBUG - Creating specific expectation C3.1 - MainProcess:MainThread
2025-01-23 16:16:17,145 - __main__:304 - DEBUG - Creating specific expectation C3.2 - MainProcess:MainThread
2025-01-23 16:16:17,203 - __main__:314 - INFO - Created overall expectation C3 with its specific expectations - MainProcess:MainThread
2025-01-23 16:16:17,203 - __main__:316 - INFO - Completed processing expectations for strand C - MainProcess:MainThread
2025-01-23 16:16:17,618 - __main__:377 - INFO - Final verification: - MainProcess:MainThread
2025-01-23 16:16:17,618 - __main__:378 - INFO - - Course: ICD2O - MainProcess:MainThread
2025-01-23 16:16:17,619 - __main__:379 - INFO - - Strands: 3 - MainProcess:MainThread
2025-01-23 16:16:17,619 - __main__:380 - INFO - - Overall Expectations: 10 - MainProcess:MainThread
2025-01-23 16:16:17,619 - __main__:381 - INFO - - Specific Expectations: 22 - MainProcess:MainThread
