2025-01-23 17:05:01,644 - app:25 - INFO - Starting application initialization... - MainProcess:MainThread
2025-01-23 17:05:01,651 - app:25 - INFO - Starting application initialization... - MainProcess:MainThread
2025-01-23 17:05:01,702 - __main__:25 - INFO - Starting application initialization... - MainProcess:MainThread
2025-01-23 17:05:01,759 - app:25 - INFO - Starting application initialization... - MainProcess:MainThread
2025-01-23 17:05:01,774 - engineio.server:112 - INFO - Server initialized for eventlet. - MainProcess:MainThread
2025-01-23 17:05:01,776 - engineio.server:112 - INFO - Server initialized for eventlet. - MainProcess:MainThread
2025-01-23 17:05:01,796 - engineio.server:112 - INFO - Server initialized for eventlet. - MainProcess:MainThread
2025-01-23 17:05:01,805 - app:25 - INFO - Starting application initialization... - MainProcess:MainThread
2025-01-23 17:05:01,843 - engineio.server:112 - INFO - Server initialized for eventlet. - MainProcess:MainThread
2025-01-23 17:05:01,854 - engineio.server:112 - INFO - Server initialized for eventlet. - MainProcess:MainThread
2025-01-23 17:05:01,869 - app:25 - INFO - Starting application initialization... - MainProcess:MainThread
2025-01-23 17:05:01,927 - app:25 - INFO - Starting application initialization... - MainProcess:MainThread
2025-01-23 17:05:01,956 - engineio.server:112 - INFO - Server initialized for eventlet. - MainProcess:MainThread
2025-01-23 17:05:01,958 - engineio.server:112 - INFO - Server initialized for eventlet. - MainProcess:MainThread
2025-01-23 17:05:03,716 - app:113 - INFO - Database tables created successfully - MainProcess:MainThread
2025-01-23 17:05:03,889 - app:113 - INFO - Database tables created successfully - MainProcess:MainThread
2025-01-23 17:05:03,992 - __main__:48 - INFO - Found in file: c2.1 concevoir des algorithmes qui répondent à des problèmes mathématiques donnés.
 - MainProcess:MainThread
2025-01-23 17:05:04,056 - app:113 - INFO - Database tables created successfully - MainProcess:MainThread
2025-01-23 17:05:04,063 - app:113 - INFO - Database tables created successfully - MainProcess:MainThread
2025-01-23 17:05:04,071 - app:113 - INFO - Database tables created successfully - MainProcess:MainThread
2025-01-23 17:05:04,071 - __main__:113 - INFO - Database tables created successfully - MainProcess:MainThread
2025-01-23 17:05:04,083 - werkzeug:96 - WARNING -  * Debugger is active! - MainProcess:MainThread
2025-01-23 17:05:04,111 - app:113 - INFO - Database tables created successfully - MainProcess:MainThread
2025-01-23 17:05:04,290 - __main__:333 - INFO - Starting ICD2O curriculum import process... - MainProcess:MainThread
2025-01-23 17:05:04,310 - werkzeug:96 - INFO -  * Debugger PIN: 129-970-140 - MainProcess:MainThread
2025-01-23 17:05:04,342 - __main__:23 - INFO - Starting database table creation... - MainProcess:MainThread
2025-01-23 17:05:04,445 - __main__:47 - INFO - Starting ICS3U curriculum import process... - MainProcess:MainThread
2025-01-23 17:05:04,519 - __main__:47 - INFO - Starting ICS3U curriculum import process... - MainProcess:MainThread
2025-01-23 17:05:04,610 - __main__:62 - INFO - Database Content: - MainProcess:MainThread
2025-01-23 17:05:04,611 - __main__:63 - INFO - -------------------------------------------------- - MainProcess:MainThread
2025-01-23 17:05:04,611 - __main__:64 - INFO - Strand: - MainProcess:MainThread
2025-01-23 17:05:04,612 - __main__:65 - INFO - - Code: C - MainProcess:MainThread
2025-01-23 17:05:04,612 - __main__:66 - INFO - - Title (FR): Programmation - MainProcess:MainThread
2025-01-23 17:05:04,612 - __main__:67 - INFO - - Title (EN): Programming - MainProcess:MainThread
2025-01-23 17:05:04,612 - __main__:69 - INFO - 
Overall Expectation: - MainProcess:MainThread
2025-01-23 17:05:04,614 - __main__:70 - INFO - - Code: C2 - MainProcess:MainThread
2025-01-23 17:05:04,614 - __main__:71 - INFO - - Description (FR): Écriture - MainProcess:MainThread
2025-01-23 17:05:04,615 - __main__:72 - INFO - - Description (EN): Writing - MainProcess:MainThread
2025-01-23 17:05:04,615 - __main__:74 - INFO - 
Specific Expectation: - MainProcess:MainThread
2025-01-23 17:05:04,615 - __main__:75 - INFO - - Code: C2.1 - MainProcess:MainThread
2025-01-23 17:05:04,616 - __main__:76 - INFO - - Description (FR): Écrire du code clair et maintenable en utilisant les conventions appropriées - MainProcess:MainThread
2025-01-23 17:05:04,617 - __main__:77 - INFO - - Description (EN): Write clear and maintainable code using proper conventions - MainProcess:MainThread
2025-01-23 17:05:04,617 - __main__:93 - INFO - 
All required fields are present - MainProcess:MainThread
2025-01-23 17:05:04,645 - __main__:30 - INFO - Existing tables: ['student', 'student_achievement', 'achievement', 'student_progress', 'coding_activity', 'code_submission', 'shared_code', 'audit_log', 'courses', 'strands', 'overall_expectations', 'specific_expectations'] - MainProcess:MainThread
2025-01-23 17:05:04,813 - __main__:86 - INFO - Successfully updated strand titles and overall descriptions - MainProcess:MainThread
2025-01-23 17:05:04,908 - __main__:86 - INFO - Successfully updated strand titles and overall descriptions - MainProcess:MainThread
2025-01-23 17:05:05,028 - __main__:55 - INFO - Successfully cleared existing data for course ICD2O - MainProcess:MainThread
2025-01-23 17:05:05,070 - __main__:122 - INFO - Starting index page render - MainProcess:Thread-1 (run_server)
2025-01-23 17:05:05,070 - __main__:123 - DEBUG - Rendering index page with template parameters: title='Ontario Secondary Computer Science Curriculum', lang='en' - MainProcess:Thread-1 (run_server)
2025-01-23 17:05:05,147 - __main__:129 - INFO - Successfully rendered index page - MainProcess:Thread-1 (run_server)
2025-01-23 17:05:05,445 - __main__:354 - INFO - Created course: ICD2O - MainProcess:MainThread
2025-01-23 17:05:05,445 - __main__:86 - INFO - Creating strand A - MainProcess:MainThread
2025-01-23 17:05:05,513 - __main__:96 - INFO - Created strand A: Computational Thinking and Making Connections - MainProcess:MainThread
2025-01-23 17:05:05,513 - __main__:86 - INFO - Creating strand B - MainProcess:MainThread
2025-01-23 17:05:05,581 - __main__:96 - INFO - Created strand B: Hardware, Software, and Innovations - MainProcess:MainThread
2025-01-23 17:05:05,582 - __main__:86 - INFO - Creating strand C - MainProcess:MainThread
2025-01-23 17:05:05,639 - __main__:96 - INFO - Created strand C: Programming - MainProcess:MainThread
2025-01-23 17:05:05,865 - __main__:37 - INFO - Tables after creation: ['student', 'student_achievement', 'achievement', 'student_progress', 'coding_activity', 'code_submission', 'shared_code', 'audit_log', 'courses', 'strands', 'overall_expectations', 'specific_expectations'] - MainProcess:MainThread
2025-01-23 17:05:05,865 - __main__:46 - INFO - Database tables created successfully! - MainProcess:MainThread
2025-01-23 17:05:06,008 - __main__:282 - INFO - Processing expectations for strand A - MainProcess:MainThread
2025-01-23 17:05:06,008 - __main__:285 - INFO - Creating overall expectation A1 - MainProcess:MainThread
2025-01-23 17:05:06,071 - __main__:304 - DEBUG - Creating specific expectation A1.1 - MainProcess:MainThread
2025-01-23 17:05:06,072 - __main__:304 - DEBUG - Creating specific expectation A1.2 - MainProcess:MainThread
2025-01-23 17:05:06,074 - __main__:304 - DEBUG - Creating specific expectation A1.3 - MainProcess:MainThread
2025-01-23 17:05:06,150 - __main__:314 - INFO - Created overall expectation A1 with its specific expectations - MainProcess:MainThread
2025-01-23 17:05:06,152 - __main__:285 - INFO - Creating overall expectation A2 - MainProcess:MainThread
2025-01-23 17:05:06,218 - __main__:304 - DEBUG - Creating specific expectation A2.1 - MainProcess:MainThread
2025-01-23 17:05:06,223 - __main__:304 - DEBUG - Creating specific expectation A2.2 - MainProcess:MainThread
2025-01-23 17:05:06,296 - __main__:314 - INFO - Created overall expectation A2 with its specific expectations - MainProcess:MainThread
2025-01-23 17:05:06,297 - __main__:285 - INFO - Creating overall expectation A3 - MainProcess:MainThread
2025-01-23 17:05:06,362 - __main__:304 - DEBUG - Creating specific expectation A3.1 - MainProcess:MainThread
2025-01-23 17:05:06,362 - __main__:304 - DEBUG - Creating specific expectation A3.2 - MainProcess:MainThread
2025-01-23 17:05:06,422 - __main__:314 - INFO - Created overall expectation A3 with its specific expectations - MainProcess:MainThread
2025-01-23 17:05:06,422 - __main__:316 - INFO - Completed processing expectations for strand A - MainProcess:MainThread
2025-01-23 17:05:06,482 - __main__:282 - INFO - Processing expectations for strand B - MainProcess:MainThread
2025-01-23 17:05:06,483 - __main__:285 - INFO - Creating overall expectation B1 - MainProcess:MainThread
2025-01-23 17:05:06,746 - __main__:304 - DEBUG - Creating specific expectation B1.1 - MainProcess:MainThread
2025-01-23 17:05:06,748 - __main__:304 - DEBUG - Creating specific expectation B1.2 - MainProcess:MainThread
2025-01-23 17:05:06,807 - __main__:314 - INFO - Created overall expectation B1 with its specific expectations - MainProcess:MainThread
2025-01-23 17:05:06,807 - __main__:285 - INFO - Creating overall expectation B2 - MainProcess:MainThread
2025-01-23 17:05:06,864 - __main__:304 - DEBUG - Creating specific expectation B2.1 - MainProcess:MainThread
2025-01-23 17:05:06,865 - __main__:304 - DEBUG - Creating specific expectation B2.2 - MainProcess:MainThread
2025-01-23 17:05:06,922 - __main__:314 - INFO - Created overall expectation B2 with its specific expectations - MainProcess:MainThread
2025-01-23 17:05:06,924 - __main__:285 - INFO - Creating overall expectation B3 - MainProcess:MainThread
2025-01-23 17:05:06,982 - __main__:304 - DEBUG - Creating specific expectation B3.1 - MainProcess:MainThread
2025-01-23 17:05:06,982 - __main__:304 - DEBUG - Creating specific expectation B3.2 - MainProcess:MainThread
2025-01-23 17:05:07,041 - __main__:314 - INFO - Created overall expectation B3 with its specific expectations - MainProcess:MainThread
2025-01-23 17:05:07,042 - __main__:285 - INFO - Creating overall expectation B4 - MainProcess:MainThread
2025-01-23 17:05:07,118 - __main__:304 - DEBUG - Creating specific expectation B4.1 - MainProcess:MainThread
2025-01-23 17:05:07,119 - __main__:304 - DEBUG - Creating specific expectation B4.2 - MainProcess:MainThread
2025-01-23 17:05:07,177 - __main__:314 - INFO - Created overall expectation B4 with its specific expectations - MainProcess:MainThread
2025-01-23 17:05:07,194 - __main__:316 - INFO - Completed processing expectations for strand B - MainProcess:MainThread
2025-01-23 17:05:07,252 - __main__:282 - INFO - Processing expectations for strand C - MainProcess:MainThread
2025-01-23 17:05:07,253 - __main__:285 - INFO - Creating overall expectation C1 - MainProcess:MainThread
2025-01-23 17:05:07,480 - __main__:304 - DEBUG - Creating specific expectation C1.1 - MainProcess:MainThread
2025-01-23 17:05:07,485 - __main__:304 - DEBUG - Creating specific expectation C1.2 - MainProcess:MainThread
2025-01-23 17:05:07,487 - __main__:304 - DEBUG - Creating specific expectation C1.3 - MainProcess:MainThread
2025-01-23 17:05:07,546 - __main__:314 - INFO - Created overall expectation C1 with its specific expectations - MainProcess:MainThread
2025-01-23 17:05:07,547 - __main__:285 - INFO - Creating overall expectation C2 - MainProcess:MainThread
2025-01-23 17:05:07,611 - __main__:304 - DEBUG - Creating specific expectation C2.1 - MainProcess:MainThread
2025-01-23 17:05:07,611 - __main__:304 - DEBUG - Creating specific expectation C2.2 - MainProcess:MainThread
2025-01-23 17:05:07,670 - __main__:314 - INFO - Created overall expectation C2 with its specific expectations - MainProcess:MainThread
2025-01-23 17:05:07,670 - __main__:285 - INFO - Creating overall expectation C3 - MainProcess:MainThread
2025-01-23 17:05:07,728 - __main__:304 - DEBUG - Creating specific expectation C3.1 - MainProcess:MainThread
2025-01-23 17:05:07,729 - __main__:304 - DEBUG - Creating specific expectation C3.2 - MainProcess:MainThread
2025-01-23 17:05:07,808 - __main__:314 - INFO - Created overall expectation C3 with its specific expectations - MainProcess:MainThread
2025-01-23 17:05:07,808 - __main__:316 - INFO - Completed processing expectations for strand C - MainProcess:MainThread
2025-01-23 17:05:08,229 - __main__:377 - INFO - Final verification: - MainProcess:MainThread
2025-01-23 17:05:08,230 - __main__:378 - INFO - - Course: ICD2O - MainProcess:MainThread
2025-01-23 17:05:08,230 - __main__:379 - INFO - - Strands: 3 - MainProcess:MainThread
2025-01-23 17:05:08,230 - __main__:380 - INFO - - Overall Expectations: 10 - MainProcess:MainThread
2025-01-23 17:05:08,231 - __main__:381 - INFO - - Specific Expectations: 22 - MainProcess:MainThread
