2025-01-23 18:08:53,284 - __main__:25 - INFO - Starting application initialization... - MainProcess:MainThread
2025-01-23 18:08:53,436 - engineio.server:112 - INFO - Server initialized for eventlet. - MainProcess:MainThread
2025-01-23 18:08:54,338 - __main__:113 - INFO - Database tables created successfully - MainProcess:MainThread
2025-01-23 18:08:54,340 - werkzeug:96 - WARNING -  * Debugger is active! - MainProcess:MainThread
2025-01-23 18:08:54,342 - werkzeug:96 - INFO -  * Debugger PIN: 470-012-281 - MainProcess:MainThread
2025-01-23 18:08:55,254 - __main__:122 - INFO - Starting index page render - MainProcess:Thread-1 (run_server)
2025-01-23 18:08:55,265 - __main__:123 - DEBUG - Rendering index page with template parameters: title='Ontario Secondary Computer Science Curriculum', lang='en' - MainProcess:Thread-1 (run_server)
2025-01-23 18:08:55,287 - __main__:129 - INFO - Successfully rendered index page - MainProcess:Thread-1 (run_server)
2025-01-23 18:08:56,387 - __main__:122 - INFO - Starting index page render - MainProcess:Thread-1 (run_server)
2025-01-23 18:08:56,393 - __main__:123 - DEBUG - Rendering index page with template parameters: title='Ontario Secondary Computer Science Curriculum', lang='en' - MainProcess:Thread-1 (run_server)
2025-01-23 18:08:56,405 - __main__:129 - INFO - Successfully rendered index page - MainProcess:Thread-1 (run_server)
2025-01-23 18:08:56,418 - engineio.server:78 - INFO - P9QJLPRRTqSkUSLXAAAA: Sending packet OPEN data {'sid': 'P9QJLPRRTqSkUSLXAAAA', 'upgrades': [], 'pingTimeout': 60000, 'pingInterval': 25000, 'maxPayload': 100000000.0} - MainProcess:Thread-1 (run_server)
2025-01-23 18:08:56,423 - engineio.server:90 - INFO - P9QJLPRRTqSkUSLXAAAA: Received request to upgrade to websocket - MainProcess:Thread-1 (run_server)
2025-01-23 18:08:56,431 - engineio.server:219 - INFO - P9QJLPRRTqSkUSLXAAAA: Upgrade to websocket successful - MainProcess:Thread-1 (run_server)
2025-01-23 18:08:56,526 - engineio.server:39 - INFO - P9QJLPRRTqSkUSLXAAAA: Received packet MESSAGE data 0 - MainProcess:Thread-1 (run_server)
2025-01-23 18:08:56,544 - __main__:147 - INFO - Client connected: {"sid": "7V0c5C54Qptk4k6rAAAB", "transport": "websocket", "user_agent": "Mozilla/5.0 (Macintosh; Intel Mac OS X 10_15_7) AppleWebKit/537.36 (KHTML, like Gecko) Chrome/132.0.0.0 Safari/537.36", "remote_addr": "172.31.196.39"} - MainProcess:Thread-1 (run_server)
2025-01-23 18:08:56,555 - engineio.server:78 - INFO - P9QJLPRRTqSkUSLXAAAA: Sending packet MESSAGE data 2["connected",{"status":"success","message":"Connected to server","sid":"7V0c5C54Qptk4k6rAAAB"}] - MainProcess:Thread-1 (run_server)
2025-01-23 18:08:56,558 - engineio.server:78 - INFO - P9QJLPRRTqSkUSLXAAAA: Sending packet MESSAGE data 0{"sid":"7V0c5C54Qptk4k6rAAAB"} - MainProcess:Thread-1 (run_server)
2025-01-23 18:08:57,085 - engineio.server:78 - INFO - wzFAmbEdy_7UVu_uAAAC: Sending packet OPEN data {'sid': 'wzFAmbEdy_7UVu_uAAAC', 'upgrades': [], 'pingTimeout': 60000, 'pingInterval': 25000, 'maxPayload': 100000000.0} - MainProcess:Thread-1 (run_server)
2025-01-23 18:08:57,088 - engineio.server:90 - INFO - wzFAmbEdy_7UVu_uAAAC: Received request to upgrade to websocket - MainProcess:Thread-1 (run_server)
2025-01-23 18:08:57,088 - engineio.server:219 - INFO - wzFAmbEdy_7UVu_uAAAC: Upgrade to websocket successful - MainProcess:Thread-1 (run_server)
2025-01-23 18:08:57,209 - engineio.server:39 - INFO - wzFAmbEdy_7UVu_uAAAC: Received packet MESSAGE data 0 - MainProcess:Thread-1 (run_server)
2025-01-23 18:08:57,225 - __main__:147 - INFO - Client connected: {"sid": "yCeLvamjNu6fHYK7AAAD", "transport": "websocket", "user_agent": "Mozilla/5.0 (Macintosh; Intel Mac OS X 10_15_7) AppleWebKit/537.36 (KHTML, like Gecko) Chrome/132.0.0.0 Safari/537.36", "remote_addr": "172.31.196.39"} - MainProcess:Thread-1 (run_server)
2025-01-23 18:08:57,237 - engineio.server:78 - INFO - wzFAmbEdy_7UVu_uAAAC: Sending packet MESSAGE data 2["connected",{"status":"success","message":"Connected to server","sid":"yCeLvamjNu6fHYK7AAAD"}] - MainProcess:Thread-1 (run_server)
2025-01-23 18:08:57,240 - engineio.server:78 - INFO - wzFAmbEdy_7UVu_uAAAC: Sending packet MESSAGE data 0{"sid":"yCeLvamjNu6fHYK7AAAD"} - MainProcess:Thread-1 (run_server)
2025-01-23 18:08:58,004 - __main__:122 - INFO - Starting index page render - MainProcess:Thread-1 (run_server)
2025-01-23 18:08:58,005 - __main__:123 - DEBUG - Rendering index page with template parameters: title='Ontario Secondary Computer Science Curriculum', lang='en' - MainProcess:Thread-1 (run_server)
2025-01-23 18:08:58,010 - __main__:129 - INFO - Successfully rendered index page - MainProcess:Thread-1 (run_server)
2025-01-23 18:08:58,982 - engineio.server:78 - INFO - JpflS5CzDsbPl7arAAAE: Sending packet OPEN data {'sid': 'JpflS5CzDsbPl7arAAAE', 'upgrades': [], 'pingTimeout': 60000, 'pingInterval': 25000, 'maxPayload': 100000000.0} - MainProcess:Thread-1 (run_server)
2025-01-23 18:08:58,984 - engineio.server:90 - INFO - JpflS5CzDsbPl7arAAAE: Received request to upgrade to websocket - MainProcess:Thread-1 (run_server)
2025-01-23 18:08:59,030 - engineio.server:219 - INFO - JpflS5CzDsbPl7arAAAE: Upgrade to websocket successful - MainProcess:Thread-1 (run_server)
2025-01-23 18:08:59,037 - engineio.server:39 - INFO - JpflS5CzDsbPl7arAAAE: Received packet MESSAGE data 0 - MainProcess:Thread-1 (run_server)
2025-01-23 18:08:59,054 - __main__:147 - INFO - Client connected: {"sid": "hQXw22eeVsJJxKV1AAAF", "transport": "websocket", "user_agent": "Mozilla/5.0 (X11; Linux x86_64) AppleWebKit/537.36 (KHTML, like Gecko) HeadlessChrome/118.0.5993.88 Safari/537.36", "remote_addr": "172.31.196.39"} - MainProcess:Thread-1 (run_server)
2025-01-23 18:08:59,054 - engineio.server:78 - INFO - JpflS5CzDsbPl7arAAAE: Sending packet MESSAGE data 2["connected",{"status":"success","message":"Connected to server","sid":"hQXw22eeVsJJxKV1AAAF"}] - MainProcess:Thread-1 (run_server)
2025-01-23 18:08:59,059 - engineio.server:78 - INFO - JpflS5CzDsbPl7arAAAE: Sending packet MESSAGE data 0{"sid":"hQXw22eeVsJJxKV1AAAF"} - MainProcess:Thread-1 (run_server)
2025-01-23 18:08:59,363 - __main__:166 - INFO - Client disconnecting: hQXw22eeVsJJxKV1AAAF - MainProcess:Thread-1 (run_server)
2025-01-23 18:08:59,364 - __main__:177 - INFO - Client disconnected: hQXw22eeVsJJxKV1AAAF - MainProcess:Thread-1 (run_server)
