2025-01-23 17:21:03,382 - __main__:25 - INFO - Starting application initialization... - MainProcess:MainThread
2025-01-23 17:21:03,520 - engineio.server:112 - INFO - Server initialized for eventlet. - MainProcess:MainThread
2025-01-23 17:21:04,425 - __main__:113 - INFO - Database tables created successfully - MainProcess:MainThread
2025-01-23 17:21:04,437 - werkzeug:96 - WARNING -  * Debugger is active! - MainProcess:MainThread
2025-01-23 17:21:04,486 - werkzeug:96 - INFO -  * Debugger PIN: 795-988-639 - MainProcess:MainThread
2025-01-23 17:21:04,855 - __main__:122 - INFO - Starting index page render - MainProcess:Thread-1 (run_server)
2025-01-23 17:21:04,856 - __main__:123 - DEBUG - Rendering index page with template parameters: title='Ontario Secondary Computer Science Curriculum', lang='en' - MainProcess:Thread-1 (run_server)
2025-01-23 17:21:04,869 - __main__:129 - INFO - Successfully rendered index page - MainProcess:Thread-1 (run_server)
2025-01-23 17:21:05,741 - engineio.server:78 - INFO - ix5H4GMbLw_BrG9tAAAA: Sending packet OPEN data {'sid': 'ix5H4GMbLw_BrG9tAAAA', 'upgrades': [], 'pingTimeout': 60000, 'pingInterval': 25000, 'maxPayload': 100000000.0} - MainProcess:Thread-1 (run_server)
2025-01-23 17:21:05,742 - engineio.server:90 - INFO - ix5H4GMbLw_BrG9tAAAA: Received request to upgrade to websocket - MainProcess:Thread-1 (run_server)
2025-01-23 17:21:05,742 - engineio.server:219 - INFO - ix5H4GMbLw_BrG9tAAAA: Upgrade to websocket successful - MainProcess:Thread-1 (run_server)
2025-01-23 17:21:05,812 - engineio.server:39 - INFO - ix5H4GMbLw_BrG9tAAAA: Received packet MESSAGE data 0 - MainProcess:Thread-1 (run_server)
2025-01-23 17:21:05,817 - __main__:147 - INFO - Client connected: {"sid": "DR-Xw4q-FiVagaJJAAAB", "transport": "websocket", "user_agent": "Mozilla/5.0 (Macintosh; Intel Mac OS X 10_15_7) AppleWebKit/537.36 (KHTML, like Gecko) Chrome/132.0.0.0 Safari/537.36", "remote_addr": "172.31.196.39"} - MainProcess:Thread-1 (run_server)
2025-01-23 17:21:05,818 - engineio.server:78 - INFO - ix5H4GMbLw_BrG9tAAAA: Sending packet MESSAGE data 2["connected",{"status":"success","message":"Connected to server","sid":"DR-Xw4q-FiVagaJJAAAB"}] - MainProcess:Thread-1 (run_server)
2025-01-23 17:21:05,819 - engineio.server:78 - INFO - ix5H4GMbLw_BrG9tAAAA: Sending packet MESSAGE data 0{"sid":"DR-Xw4q-FiVagaJJAAAB"} - MainProcess:Thread-1 (run_server)
2025-01-23 17:21:10,768 - __main__:122 - INFO - Starting index page render - MainProcess:Thread-1 (run_server)
2025-01-23 17:21:10,781 - __main__:123 - DEBUG - Rendering index page with template parameters: title='Ontario Secondary Computer Science Curriculum', lang='en' - MainProcess:Thread-1 (run_server)
2025-01-23 17:21:10,782 - __main__:129 - INFO - Successfully rendered index page - MainProcess:Thread-1 (run_server)
2025-01-23 17:21:11,398 - engineio.server:78 - INFO - yibRyMC1epopGuuOAAAC: Sending packet OPEN data {'sid': 'yibRyMC1epopGuuOAAAC', 'upgrades': [], 'pingTimeout': 60000, 'pingInterval': 25000, 'maxPayload': 100000000.0} - MainProcess:Thread-1 (run_server)
2025-01-23 17:21:11,399 - engineio.server:90 - INFO - yibRyMC1epopGuuOAAAC: Received request to upgrade to websocket - MainProcess:Thread-1 (run_server)
2025-01-23 17:21:11,399 - engineio.server:219 - INFO - yibRyMC1epopGuuOAAAC: Upgrade to websocket successful - MainProcess:Thread-1 (run_server)
2025-01-23 17:21:11,421 - engineio.server:39 - INFO - yibRyMC1epopGuuOAAAC: Received packet MESSAGE data 0 - MainProcess:Thread-1 (run_server)
2025-01-23 17:21:11,423 - __main__:147 - INFO - Client connected: {"sid": "lr_qJU6o59c24AFhAAAD", "transport": "websocket", "user_agent": "Mozilla/5.0 (X11; Linux x86_64) AppleWebKit/537.36 (KHTML, like Gecko) HeadlessChrome/118.0.5993.88 Safari/537.36", "remote_addr": "172.31.196.39"} - MainProcess:Thread-1 (run_server)
2025-01-23 17:21:11,423 - engineio.server:78 - INFO - yibRyMC1epopGuuOAAAC: Sending packet MESSAGE data 2["connected",{"status":"success","message":"Connected to server","sid":"lr_qJU6o59c24AFhAAAD"}] - MainProcess:Thread-1 (run_server)
2025-01-23 17:21:11,424 - engineio.server:78 - INFO - yibRyMC1epopGuuOAAAC: Sending packet MESSAGE data 0{"sid":"lr_qJU6o59c24AFhAAAD"} - MainProcess:Thread-1 (run_server)
2025-01-23 17:21:11,925 - __main__:166 - INFO - Client disconnecting: lr_qJU6o59c24AFhAAAD - MainProcess:Thread-1 (run_server)
2025-01-23 17:21:11,925 - __main__:177 - INFO - Client disconnected: lr_qJU6o59c24AFhAAAD - MainProcess:Thread-1 (run_server)
2025-01-23 17:21:30,764 - engineio.server:78 - INFO - ix5H4GMbLw_BrG9tAAAA: Sending packet PING data None - MainProcess:Thread-1 (run_server)
2025-01-23 17:21:30,831 - engineio.server:39 - INFO - ix5H4GMbLw_BrG9tAAAA: Received packet PONG data  - MainProcess:Thread-1 (run_server)
2025-01-23 17:21:40,520 - engineio.server:39 - INFO - ix5H4GMbLw_BrG9tAAAA: Received packet MESSAGE data 2["compile_and_run",{"code":"using System;\n\nclass Program\n{\n    static void Main()\n    {\n        Console.WriteLine(\"Hello! Please enter your name:\");\n        string name = Console.ReadLine();\n        Console.WriteLine($\"Nice to meet you, {name}!\");\n    }\n}"}] - MainProcess:Thread-1 (run_server)
2025-01-23 17:21:40,521 - __main__:194 - INFO - [COMPILE] Starting compilation for session session_1737652900 client DR-Xw4q-FiVagaJJAAAB - MainProcess:Thread-1 (run_server)
2025-01-23 17:21:40,521 - __main__:195 - DEBUG - [COMPILE] Code length: 227, First line: using - MainProcess:Thread-1 (run_server)
2025-01-23 17:21:40,521 - __main__:62 - INFO - Created new console session: session_1737652900 (active: True) - MainProcess:Thread-1 (run_server)
2025-01-23 17:24:03,454 - werkzeug:96 - INFO -  * Detected change in '/home/runner/workspace/compiler_service.py', reloading - MainProcess:MainThread
