2025-01-23 17:42:38,483 - app:25 - INFO - Starting application initialization... - MainProcess:MainThread
2025-01-23 17:42:38,570 - engineio.server:112 - INFO - Server initialized for eventlet. - MainProcess:MainThread
2025-01-23 17:42:38,948 - __main__:25 - INFO - Starting application initialization... - MainProcess:MainThread
2025-01-23 17:42:38,997 - engineio.server:112 - INFO - Server initialized for eventlet. - MainProcess:MainThread
2025-01-23 17:42:41,467 - app:113 - INFO - Database tables created successfully - MainProcess:MainThread
2025-01-23 17:42:41,547 - __main__:23 - INFO - Starting database table creation... - MainProcess:MainThread
2025-01-23 17:42:41,850 - __main__:30 - INFO - Existing tables: ['student', 'student_achievement', 'achievement', 'student_progress', 'coding_activity', 'code_submission', 'shared_code', 'audit_log', 'courses', 'strands', 'overall_expectations', 'specific_expectations'] - MainProcess:MainThread
2025-01-23 17:42:41,911 - __main__:113 - INFO - Database tables created successfully - MainProcess:MainThread
2025-01-23 17:42:41,912 - werkzeug:96 - WARNING -  * Debugger is active! - MainProcess:MainThread
2025-01-23 17:42:41,935 - werkzeug:96 - INFO -  * Debugger PIN: 902-102-694 - MainProcess:MainThread
2025-01-23 17:42:42,256 - __main__:122 - INFO - Starting index page render - MainProcess:Thread-1 (run_server)
2025-01-23 17:42:42,256 - __main__:123 - DEBUG - Rendering index page with template parameters: title='Ontario Secondary Computer Science Curriculum', lang='en' - MainProcess:Thread-1 (run_server)
2025-01-23 17:42:42,275 - __main__:129 - INFO - Successfully rendered index page - MainProcess:Thread-1 (run_server)
2025-01-23 17:42:43,021 - __main__:37 - INFO - Tables after creation: ['student', 'student_achievement', 'achievement', 'student_progress', 'coding_activity', 'code_submission', 'shared_code', 'audit_log', 'courses', 'strands', 'overall_expectations', 'specific_expectations'] - MainProcess:MainThread
2025-01-23 17:42:43,021 - __main__:46 - INFO - Database tables created successfully! - MainProcess:MainThread
2025-01-23 17:42:43,213 - engineio.server:78 - INFO - 4EbnrtKWLbkoPsS3AAAA: Sending packet OPEN data {'sid': '4EbnrtKWLbkoPsS3AAAA', 'upgrades': [], 'pingTimeout': 60000, 'pingInterval': 25000, 'maxPayload': 100000000.0} - MainProcess:Thread-1 (run_server)
2025-01-23 17:42:43,214 - engineio.server:90 - INFO - 4EbnrtKWLbkoPsS3AAAA: Received request to upgrade to websocket - MainProcess:Thread-1 (run_server)
2025-01-23 17:42:43,214 - engineio.server:219 - INFO - 4EbnrtKWLbkoPsS3AAAA: Upgrade to websocket successful - MainProcess:Thread-1 (run_server)
2025-01-23 17:42:43,287 - engineio.server:39 - INFO - 4EbnrtKWLbkoPsS3AAAA: Received packet MESSAGE data 0 - MainProcess:Thread-1 (run_server)
2025-01-23 17:42:43,290 - __main__:147 - INFO - Client connected: {"sid": "DxmhhxLEGMKZnW2AAAAB", "transport": "websocket", "user_agent": "Mozilla/5.0 (Macintosh; Intel Mac OS X 10_15_7) AppleWebKit/537.36 (KHTML, like Gecko) Chrome/132.0.0.0 Safari/537.36", "remote_addr": "172.31.196.39"} - MainProcess:Thread-1 (run_server)
2025-01-23 17:42:43,290 - engineio.server:78 - INFO - 4EbnrtKWLbkoPsS3AAAA: Sending packet MESSAGE data 2["connected",{"status":"success","message":"Connected to server","sid":"DxmhhxLEGMKZnW2AAAAB"}] - MainProcess:Thread-1 (run_server)
2025-01-23 17:42:43,292 - engineio.server:78 - INFO - 4EbnrtKWLbkoPsS3AAAA: Sending packet MESSAGE data 0{"sid":"DxmhhxLEGMKZnW2AAAAB"} - MainProcess:Thread-1 (run_server)
