2025-01-23 18:20:02,183 - app:25 - INFO - Starting application initialization... - MainProcess:MainThread
2025-01-23 18:20:02,230 - engineio.server:112 - INFO - Server initialized for eventlet. - MainProcess:MainThread
2025-01-23 18:20:02,649 - app:25 - INFO - Starting application initialization... - MainProcess:MainThread
2025-01-23 18:20:02,696 - engineio.server:112 - INFO - Server initialized for eventlet. - MainProcess:MainThread
2025-01-23 18:20:02,897 - app:25 - INFO - Starting application initialization... - MainProcess:MainThread
2025-01-23 18:20:02,932 - engineio.server:112 - INFO - Server initialized for eventlet. - MainProcess:MainThread
2025-01-23 18:20:03,572 - app:113 - INFO - Database tables created successfully - MainProcess:MainThread
2025-01-23 18:20:03,630 - __main__:333 - INFO - Starting ICD2O curriculum import process... - MainProcess:MainThread
2025-01-23 18:20:03,788 - app:113 - INFO - Database tables created successfully - MainProcess:MainThread
2025-01-23 18:20:03,978 - app:113 - INFO - Database tables created successfully - MainProcess:MainThread
2025-01-23 18:20:04,061 - __main__:48 - INFO - Found in file: c2.1 concevoir des algorithmes qui répondent à des problèmes mathématiques donnés.
 - MainProcess:MainThread
2025-01-23 18:20:04,361 - __main__:55 - INFO - Successfully cleared existing data for course ICD2O - MainProcess:MainThread
2025-01-23 18:20:04,476 - __main__:108 - ERROR - Error during verification: 'NoneType' object has no attribute 'strand_id' - MainProcess:MainThread
Traceback (most recent call last):
  File "/home/runner/workspace/scripts/verify_c21.py", line 60, in verify_c21
    strand = Strand.query.get(overall.strand_id)
                              ^^^^^^^^^^^^^^^^^
AttributeError: 'NoneType' object has no attribute 'strand_id'
2025-01-23 18:20:04,810 - __main__:354 - INFO - Created course: ICD2O - MainProcess:MainThread
2025-01-23 18:20:04,810 - __main__:86 - INFO - Creating strand A - MainProcess:MainThread
2025-01-23 18:20:04,879 - __main__:96 - INFO - Created strand A: Computational Thinking and Making Connections - MainProcess:MainThread
2025-01-23 18:20:04,879 - __main__:86 - INFO - Creating strand B - MainProcess:MainThread
2025-01-23 18:20:04,937 - __main__:96 - INFO - Created strand B: Hardware, Software, and Innovations - MainProcess:MainThread
2025-01-23 18:20:04,938 - __main__:86 - INFO - Creating strand C - MainProcess:MainThread
2025-01-23 18:20:05,017 - __main__:96 - INFO - Created strand C: Programming - MainProcess:MainThread
2025-01-23 18:20:05,409 - __main__:282 - INFO - Processing expectations for strand A - MainProcess:MainThread
2025-01-23 18:20:05,409 - __main__:285 - INFO - Creating overall expectation A1 - MainProcess:MainThread
2025-01-23 18:20:05,476 - __main__:304 - DEBUG - Creating specific expectation A1.1 - MainProcess:MainThread
2025-01-23 18:20:05,482 - __main__:304 - DEBUG - Creating specific expectation A1.2 - MainProcess:MainThread
2025-01-23 18:20:05,484 - __main__:304 - DEBUG - Creating specific expectation A1.3 - MainProcess:MainThread
2025-01-23 18:20:05,571 - __main__:314 - INFO - Created overall expectation A1 with its specific expectations - MainProcess:MainThread
2025-01-23 18:20:05,572 - __main__:285 - INFO - Creating overall expectation A2 - MainProcess:MainThread
2025-01-23 18:20:05,630 - __main__:304 - DEBUG - Creating specific expectation A2.1 - MainProcess:MainThread
2025-01-23 18:20:05,631 - __main__:304 - DEBUG - Creating specific expectation A2.2 - MainProcess:MainThread
2025-01-23 18:20:05,689 - __main__:314 - INFO - Created overall expectation A2 with its specific expectations - MainProcess:MainThread
2025-01-23 18:20:05,689 - __main__:285 - INFO - Creating overall expectation A3 - MainProcess:MainThread
2025-01-23 18:20:05,755 - __main__:304 - DEBUG - Creating specific expectation A3.1 - MainProcess:MainThread
2025-01-23 18:20:05,756 - __main__:304 - DEBUG - Creating specific expectation A3.2 - MainProcess:MainThread
2025-01-23 18:20:05,813 - __main__:314 - INFO - Created overall expectation A3 with its specific expectations - MainProcess:MainThread
2025-01-23 18:20:05,813 - __main__:316 - INFO - Completed processing expectations for strand A - MainProcess:MainThread
2025-01-23 18:20:05,872 - __main__:282 - INFO - Processing expectations for strand B - MainProcess:MainThread
2025-01-23 18:20:05,872 - __main__:285 - INFO - Creating overall expectation B1 - MainProcess:MainThread
2025-01-23 18:20:06,102 - __main__:304 - DEBUG - Creating specific expectation B1.1 - MainProcess:MainThread
2025-01-23 18:20:06,103 - __main__:304 - DEBUG - Creating specific expectation B1.2 - MainProcess:MainThread
2025-01-23 18:20:06,161 - __main__:314 - INFO - Created overall expectation B1 with its specific expectations - MainProcess:MainThread
2025-01-23 18:20:06,161 - __main__:285 - INFO - Creating overall expectation B2 - MainProcess:MainThread
2025-01-23 18:20:06,224 - __main__:304 - DEBUG - Creating specific expectation B2.1 - MainProcess:MainThread
2025-01-23 18:20:06,225 - __main__:304 - DEBUG - Creating specific expectation B2.2 - MainProcess:MainThread
2025-01-23 18:20:06,283 - __main__:314 - INFO - Created overall expectation B2 with its specific expectations - MainProcess:MainThread
2025-01-23 18:20:06,283 - __main__:285 - INFO - Creating overall expectation B3 - MainProcess:MainThread
2025-01-23 18:20:06,341 - __main__:304 - DEBUG - Creating specific expectation B3.1 - MainProcess:MainThread
2025-01-23 18:20:06,360 - __main__:304 - DEBUG - Creating specific expectation B3.2 - MainProcess:MainThread
2025-01-23 18:20:06,420 - __main__:314 - INFO - Created overall expectation B3 with its specific expectations - MainProcess:MainThread
2025-01-23 18:20:06,421 - __main__:285 - INFO - Creating overall expectation B4 - MainProcess:MainThread
2025-01-23 18:20:06,486 - __main__:304 - DEBUG - Creating specific expectation B4.1 - MainProcess:MainThread
2025-01-23 18:20:06,487 - __main__:304 - DEBUG - Creating specific expectation B4.2 - MainProcess:MainThread
2025-01-23 18:20:06,546 - __main__:314 - INFO - Created overall expectation B4 with its specific expectations - MainProcess:MainThread
2025-01-23 18:20:06,547 - __main__:316 - INFO - Completed processing expectations for strand B - MainProcess:MainThread
2025-01-23 18:20:06,609 - __main__:282 - INFO - Processing expectations for strand C - MainProcess:MainThread
2025-01-23 18:20:06,609 - __main__:285 - INFO - Creating overall expectation C1 - MainProcess:MainThread
2025-01-23 18:20:06,836 - __main__:304 - DEBUG - Creating specific expectation C1.1 - MainProcess:MainThread
2025-01-23 18:20:06,836 - __main__:304 - DEBUG - Creating specific expectation C1.2 - MainProcess:MainThread
2025-01-23 18:20:06,837 - __main__:304 - DEBUG - Creating specific expectation C1.3 - MainProcess:MainThread
2025-01-23 18:20:06,894 - __main__:314 - INFO - Created overall expectation C1 with its specific expectations - MainProcess:MainThread
2025-01-23 18:20:06,895 - __main__:285 - INFO - Creating overall expectation C2 - MainProcess:MainThread
2025-01-23 18:20:06,952 - __main__:304 - DEBUG - Creating specific expectation C2.1 - MainProcess:MainThread
2025-01-23 18:20:06,953 - __main__:304 - DEBUG - Creating specific expectation C2.2 - MainProcess:MainThread
2025-01-23 18:20:07,013 - __main__:314 - INFO - Created overall expectation C2 with its specific expectations - MainProcess:MainThread
2025-01-23 18:20:07,013 - __main__:285 - INFO - Creating overall expectation C3 - MainProcess:MainThread
2025-01-23 18:20:07,079 - __main__:304 - DEBUG - Creating specific expectation C3.1 - MainProcess:MainThread
2025-01-23 18:20:07,080 - __main__:304 - DEBUG - Creating specific expectation C3.2 - MainProcess:MainThread
2025-01-23 18:20:07,137 - __main__:314 - INFO - Created overall expectation C3 with its specific expectations - MainProcess:MainThread
2025-01-23 18:20:07,137 - __main__:316 - INFO - Completed processing expectations for strand C - MainProcess:MainThread
2025-01-23 18:20:07,580 - __main__:377 - INFO - Final verification: - MainProcess:MainThread
2025-01-23 18:20:07,581 - __main__:378 - INFO - - Course: ICD2O - MainProcess:MainThread
2025-01-23 18:20:07,581 - __main__:379 - INFO - - Strands: 3 - MainProcess:MainThread
2025-01-23 18:20:07,586 - __main__:380 - INFO - - Overall Expectations: 10 - MainProcess:MainThread
2025-01-23 18:20:07,589 - __main__:381 - INFO - - Specific Expectations: 22 - MainProcess:MainThread
