2025-01-23 18:02:15,863 - __main__:25 - INFO - Starting application initialization... - MainProcess:MainThread
2025-01-23 18:02:15,899 - engineio.server:112 - INFO - Server initialized for eventlet. - MainProcess:MainThread
2025-01-23 18:02:16,793 - __main__:113 - INFO - Database tables created successfully - MainProcess:MainThread
2025-01-23 18:02:16,812 - werkzeug:96 - WARNING -  * Debugger is active! - MainProcess:MainThread
2025-01-23 18:02:16,821 - werkzeug:96 - INFO -  * Debugger PIN: 666-732-628 - MainProcess:MainThread
2025-01-23 18:02:17,138 - __main__:122 - INFO - Starting index page render - MainProcess:Thread-1 (run_server)
2025-01-23 18:02:17,139 - __main__:123 - DEBUG - Rendering index page with template parameters: title='Ontario Secondary Computer Science Curriculum', lang='en' - MainProcess:Thread-1 (run_server)
2025-01-23 18:02:17,154 - __main__:129 - INFO - Successfully rendered index page - MainProcess:Thread-1 (run_server)
2025-01-23 18:02:18,085 - engineio.server:78 - INFO - phM4_msVYS2xRxXuAAAA: Sending packet OPEN data {'sid': 'phM4_msVYS2xRxXuAAAA', 'upgrades': [], 'pingTimeout': 60000, 'pingInterval': 25000, 'maxPayload': 100000000.0} - MainProcess:Thread-1 (run_server)
2025-01-23 18:02:18,093 - engineio.server:90 - INFO - phM4_msVYS2xRxXuAAAA: Received request to upgrade to websocket - MainProcess:Thread-1 (run_server)
2025-01-23 18:02:18,094 - engineio.server:219 - INFO - phM4_msVYS2xRxXuAAAA: Upgrade to websocket successful - MainProcess:Thread-1 (run_server)
2025-01-23 18:02:18,168 - __main__:122 - INFO - Starting index page render - MainProcess:Thread-1 (run_server)
2025-01-23 18:02:18,168 - __main__:123 - DEBUG - Rendering index page with template parameters: title='Ontario Secondary Computer Science Curriculum', lang='en' - MainProcess:Thread-1 (run_server)
2025-01-23 18:02:18,174 - __main__:129 - INFO - Successfully rendered index page - MainProcess:Thread-1 (run_server)
2025-01-23 18:02:18,180 - engineio.server:39 - INFO - phM4_msVYS2xRxXuAAAA: Received packet MESSAGE data 0 - MainProcess:Thread-1 (run_server)
2025-01-23 18:02:18,187 - __main__:147 - INFO - Client connected: {"sid": "7R_AifqlI0Swesw2AAAB", "transport": "websocket", "user_agent": "Mozilla/5.0 (Macintosh; Intel Mac OS X 10_15_7) AppleWebKit/537.36 (KHTML, like Gecko) Chrome/132.0.0.0 Safari/537.36", "remote_addr": "172.31.196.39"} - MainProcess:Thread-1 (run_server)
2025-01-23 18:02:18,188 - engineio.server:78 - INFO - phM4_msVYS2xRxXuAAAA: Sending packet MESSAGE data 2["connected",{"status":"success","message":"Connected to server","sid":"7R_AifqlI0Swesw2AAAB"}] - MainProcess:Thread-1 (run_server)
2025-01-23 18:02:18,198 - engineio.server:78 - INFO - phM4_msVYS2xRxXuAAAA: Sending packet MESSAGE data 0{"sid":"7R_AifqlI0Swesw2AAAB"} - MainProcess:Thread-1 (run_server)
2025-01-23 18:02:18,781 - engineio.server:78 - INFO - TQaP2ndhSYS_RWVBAAAC: Sending packet OPEN data {'sid': 'TQaP2ndhSYS_RWVBAAAC', 'upgrades': [], 'pingTimeout': 60000, 'pingInterval': 25000, 'maxPayload': 100000000.0} - MainProcess:Thread-1 (run_server)
2025-01-23 18:02:18,781 - engineio.server:90 - INFO - TQaP2ndhSYS_RWVBAAAC: Received request to upgrade to websocket - MainProcess:Thread-1 (run_server)
2025-01-23 18:02:18,782 - engineio.server:219 - INFO - TQaP2ndhSYS_RWVBAAAC: Upgrade to websocket successful - MainProcess:Thread-1 (run_server)
2025-01-23 18:02:18,855 - engineio.server:39 - INFO - TQaP2ndhSYS_RWVBAAAC: Received packet MESSAGE data 0 - MainProcess:Thread-1 (run_server)
2025-01-23 18:02:18,857 - __main__:147 - INFO - Client connected: {"sid": "t-e2A5H4IufliNGlAAAD", "transport": "websocket", "user_agent": "Mozilla/5.0 (Macintosh; Intel Mac OS X 10_15_7) AppleWebKit/537.36 (KHTML, like Gecko) Chrome/132.0.0.0 Safari/537.36", "remote_addr": "172.31.196.39"} - MainProcess:Thread-1 (run_server)
2025-01-23 18:02:18,858 - engineio.server:78 - INFO - TQaP2ndhSYS_RWVBAAAC: Sending packet MESSAGE data 2["connected",{"status":"success","message":"Connected to server","sid":"t-e2A5H4IufliNGlAAAD"}] - MainProcess:Thread-1 (run_server)
2025-01-23 18:02:18,861 - engineio.server:78 - INFO - TQaP2ndhSYS_RWVBAAAC: Sending packet MESSAGE data 0{"sid":"t-e2A5H4IufliNGlAAAD"} - MainProcess:Thread-1 (run_server)
2025-01-23 18:02:18,913 - __main__:122 - INFO - Starting index page render - MainProcess:Thread-1 (run_server)
2025-01-23 18:02:18,914 - __main__:123 - DEBUG - Rendering index page with template parameters: title='Ontario Secondary Computer Science Curriculum', lang='en' - MainProcess:Thread-1 (run_server)
2025-01-23 18:02:18,915 - __main__:129 - INFO - Successfully rendered index page - MainProcess:Thread-1 (run_server)
2025-01-23 18:02:19,774 - engineio.server:78 - INFO - oWNEbyrq8GhGKBnoAAAE: Sending packet OPEN data {'sid': 'oWNEbyrq8GhGKBnoAAAE', 'upgrades': [], 'pingTimeout': 60000, 'pingInterval': 25000, 'maxPayload': 100000000.0} - MainProcess:Thread-1 (run_server)
2025-01-23 18:02:19,775 - engineio.server:90 - INFO - oWNEbyrq8GhGKBnoAAAE: Received request to upgrade to websocket - MainProcess:Thread-1 (run_server)
2025-01-23 18:02:19,780 - engineio.server:219 - INFO - oWNEbyrq8GhGKBnoAAAE: Upgrade to websocket successful - MainProcess:Thread-1 (run_server)
2025-01-23 18:02:19,786 - engineio.server:39 - INFO - oWNEbyrq8GhGKBnoAAAE: Received packet MESSAGE data 0 - MainProcess:Thread-1 (run_server)
2025-01-23 18:02:19,788 - __main__:147 - INFO - Client connected: {"sid": "3SJX7q1FhAkq9RFPAAAF", "transport": "websocket", "user_agent": "Mozilla/5.0 (X11; Linux x86_64) AppleWebKit/537.36 (KHTML, like Gecko) HeadlessChrome/118.0.5993.88 Safari/537.36", "remote_addr": "172.31.196.39"} - MainProcess:Thread-1 (run_server)
2025-01-23 18:02:19,789 - engineio.server:78 - INFO - oWNEbyrq8GhGKBnoAAAE: Sending packet MESSAGE data 2["connected",{"status":"success","message":"Connected to server","sid":"3SJX7q1FhAkq9RFPAAAF"}] - MainProcess:Thread-1 (run_server)
2025-01-23 18:02:19,790 - engineio.server:78 - INFO - oWNEbyrq8GhGKBnoAAAE: Sending packet MESSAGE data 0{"sid":"3SJX7q1FhAkq9RFPAAAF"} - MainProcess:Thread-1 (run_server)
2025-01-23 18:02:20,125 - __main__:166 - INFO - Client disconnecting: 3SJX7q1FhAkq9RFPAAAF - MainProcess:Thread-1 (run_server)
2025-01-23 18:02:20,126 - __main__:177 - INFO - Client disconnected: 3SJX7q1FhAkq9RFPAAAF - MainProcess:Thread-1 (run_server)
