2025-01-23 16:07:56,301 - __main__:25 - INFO - Starting application initialization... - MainProcess:MainThread
2025-01-23 16:07:56,328 - engineio.server:112 - INFO - Server initialized for eventlet. - MainProcess:MainThread
2025-01-23 16:07:57,186 - __main__:113 - INFO - Database tables created successfully - MainProcess:MainThread
2025-01-23 16:07:57,187 - werkzeug:96 - WARNING -  * Debugger is active! - MainProcess:MainThread
2025-01-23 16:07:57,189 - werkzeug:96 - INFO -  * Debugger PIN: 110-103-133 - MainProcess:MainThread
2025-01-23 16:07:57,404 - __main__:122 - INFO - Starting index page render - MainProcess:Thread-1 (run_server)
2025-01-23 16:07:57,405 - __main__:123 - DEBUG - Rendering index page with template parameters: title='Ontario Secondary Computer Science Curriculum', lang='en' - MainProcess:Thread-1 (run_server)
2025-01-23 16:07:57,417 - __main__:129 - INFO - Successfully rendered index page - MainProcess:Thread-1 (run_server)
2025-01-23 16:07:58,071 - __main__:122 - INFO - Starting index page render - MainProcess:Thread-1 (run_server)
2025-01-23 16:07:58,072 - __main__:123 - DEBUG - Rendering index page with template parameters: title='Ontario Secondary Computer Science Curriculum', lang='en' - MainProcess:Thread-1 (run_server)
2025-01-23 16:07:58,072 - __main__:129 - INFO - Successfully rendered index page - MainProcess:Thread-1 (run_server)
2025-01-23 16:07:58,183 - __main__:122 - INFO - Starting index page render - MainProcess:Thread-1 (run_server)
2025-01-23 16:07:58,183 - __main__:123 - DEBUG - Rendering index page with template parameters: title='Ontario Secondary Computer Science Curriculum', lang='en' - MainProcess:Thread-1 (run_server)
2025-01-23 16:07:58,184 - __main__:129 - INFO - Successfully rendered index page - MainProcess:Thread-1 (run_server)
2025-01-23 16:07:58,319 - engineio.server:78 - INFO - cXA4ISWKFNIYkmhfAAAA: Sending packet OPEN data {'sid': 'cXA4ISWKFNIYkmhfAAAA', 'upgrades': [], 'pingTimeout': 60000, 'pingInterval': 25000, 'maxPayload': 100000000.0} - MainProcess:Thread-1 (run_server)
2025-01-23 16:07:58,319 - engineio.server:90 - INFO - cXA4ISWKFNIYkmhfAAAA: Received request to upgrade to websocket - MainProcess:Thread-1 (run_server)
2025-01-23 16:07:58,320 - engineio.server:219 - INFO - cXA4ISWKFNIYkmhfAAAA: Upgrade to websocket successful - MainProcess:Thread-1 (run_server)
2025-01-23 16:07:58,388 - engineio.server:39 - INFO - cXA4ISWKFNIYkmhfAAAA: Received packet MESSAGE data 0 - MainProcess:Thread-1 (run_server)
2025-01-23 16:07:58,391 - __main__:147 - INFO - Client connected: {"sid": "MfnXIgqOuHWOpXjAAAAB", "transport": "websocket", "user_agent": "Mozilla/5.0 (Macintosh; Intel Mac OS X 10_15_7) AppleWebKit/537.36 (KHTML, like Gecko) Chrome/132.0.0.0 Safari/537.36", "remote_addr": "172.31.196.39"} - MainProcess:Thread-1 (run_server)
2025-01-23 16:07:58,391 - engineio.server:78 - INFO - cXA4ISWKFNIYkmhfAAAA: Sending packet MESSAGE data 2["connected",{"status":"success","message":"Connected to server","sid":"MfnXIgqOuHWOpXjAAAAB"}] - MainProcess:Thread-1 (run_server)
2025-01-23 16:07:58,392 - engineio.server:78 - INFO - cXA4ISWKFNIYkmhfAAAA: Sending packet MESSAGE data 0{"sid":"MfnXIgqOuHWOpXjAAAAB"} - MainProcess:Thread-1 (run_server)
2025-01-23 16:07:58,521 - engineio.server:78 - INFO - 1Myusc_A7Wu6D8RDAAAC: Sending packet OPEN data {'sid': '1Myusc_A7Wu6D8RDAAAC', 'upgrades': [], 'pingTimeout': 60000, 'pingInterval': 25000, 'maxPayload': 100000000.0} - MainProcess:Thread-1 (run_server)
2025-01-23 16:07:58,521 - engineio.server:90 - INFO - 1Myusc_A7Wu6D8RDAAAC: Received request to upgrade to websocket - MainProcess:Thread-1 (run_server)
2025-01-23 16:07:58,521 - engineio.server:219 - INFO - 1Myusc_A7Wu6D8RDAAAC: Upgrade to websocket successful - MainProcess:Thread-1 (run_server)
2025-01-23 16:07:58,526 - engineio.server:39 - INFO - 1Myusc_A7Wu6D8RDAAAC: Received packet MESSAGE data 0 - MainProcess:Thread-1 (run_server)
2025-01-23 16:07:58,527 - __main__:147 - INFO - Client connected: {"sid": "AXMMvkWE7WDM6nWiAAAD", "transport": "websocket", "user_agent": "Mozilla/5.0 (X11; Linux x86_64) AppleWebKit/537.36 (KHTML, like Gecko) HeadlessChrome/118.0.5993.88 Safari/537.36", "remote_addr": "172.31.196.39"} - MainProcess:Thread-1 (run_server)
2025-01-23 16:07:58,528 - engineio.server:78 - INFO - 1Myusc_A7Wu6D8RDAAAC: Sending packet MESSAGE data 2["connected",{"status":"success","message":"Connected to server","sid":"AXMMvkWE7WDM6nWiAAAD"}] - MainProcess:Thread-1 (run_server)
2025-01-23 16:07:58,528 - engineio.server:78 - INFO - 1Myusc_A7Wu6D8RDAAAC: Sending packet MESSAGE data 0{"sid":"AXMMvkWE7WDM6nWiAAAD"} - MainProcess:Thread-1 (run_server)
2025-01-23 16:07:58,608 - engineio.server:78 - INFO - 35PDmzDffq9aq28JAAAE: Sending packet OPEN data {'sid': '35PDmzDffq9aq28JAAAE', 'upgrades': [], 'pingTimeout': 60000, 'pingInterval': 25000, 'maxPayload': 100000000.0} - MainProcess:Thread-1 (run_server)
2025-01-23 16:07:58,608 - engineio.server:90 - INFO - 35PDmzDffq9aq28JAAAE: Received request to upgrade to websocket - MainProcess:Thread-1 (run_server)
2025-01-23 16:07:58,608 - engineio.server:219 - INFO - 35PDmzDffq9aq28JAAAE: Upgrade to websocket successful - MainProcess:Thread-1 (run_server)
2025-01-23 16:07:58,676 - engineio.server:39 - INFO - 35PDmzDffq9aq28JAAAE: Received packet MESSAGE data 0 - MainProcess:Thread-1 (run_server)
2025-01-23 16:07:58,677 - __main__:147 - INFO - Client connected: {"sid": "1T_iUqBv9cPyDqyaAAAF", "transport": "websocket", "user_agent": "Mozilla/5.0 (Macintosh; Intel Mac OS X 10_15_7) AppleWebKit/537.36 (KHTML, like Gecko) Chrome/132.0.0.0 Safari/537.36", "remote_addr": "172.31.196.39"} - MainProcess:Thread-1 (run_server)
2025-01-23 16:07:58,678 - engineio.server:78 - INFO - 35PDmzDffq9aq28JAAAE: Sending packet MESSAGE data 2["connected",{"status":"success","message":"Connected to server","sid":"1T_iUqBv9cPyDqyaAAAF"}] - MainProcess:Thread-1 (run_server)
2025-01-23 16:07:58,679 - engineio.server:78 - INFO - 35PDmzDffq9aq28JAAAE: Sending packet MESSAGE data 0{"sid":"1T_iUqBv9cPyDqyaAAAF"} - MainProcess:Thread-1 (run_server)
2025-01-23 16:07:58,950 - __main__:166 - INFO - Client disconnecting: AXMMvkWE7WDM6nWiAAAD - MainProcess:Thread-1 (run_server)
2025-01-23 16:07:58,950 - __main__:177 - INFO - Client disconnected: AXMMvkWE7WDM6nWiAAAD - MainProcess:Thread-1 (run_server)
