2025-01-23 16:02:58,722 - __main__:25 - INFO - Starting application initialization... - MainProcess:MainThread
2025-01-23 16:02:58,748 - engineio.server:112 - INFO - Server initialized for eventlet. - MainProcess:MainThread
2025-01-23 16:02:59,602 - __main__:113 - INFO - Database tables created successfully - MainProcess:MainThread
2025-01-23 16:02:59,603 - werkzeug:96 - WARNING -  * Debugger is active! - MainProcess:MainThread
2025-01-23 16:02:59,605 - werkzeug:96 - INFO -  * Debugger PIN: 118-581-463 - MainProcess:MainThread
2025-01-23 16:02:59,842 - __main__:120 - DEBUG - Rendering index page - MainProcess:Thread-1 (run_server)
2025-01-23 16:03:00,731 - engineio.server:78 - INFO - bHXbozA8Gbe6pf2rAAAA: Sending packet OPEN data {'sid': 'bHXbozA8Gbe6pf2rAAAA', 'upgrades': [], 'pingTimeout': 60000, 'pingInterval': 25000, 'maxPayload': 100000000.0} - MainProcess:Thread-1 (run_server)
2025-01-23 16:03:00,731 - engineio.server:90 - INFO - bHXbozA8Gbe6pf2rAAAA: Received request to upgrade to websocket - MainProcess:Thread-1 (run_server)
2025-01-23 16:03:00,731 - engineio.server:219 - INFO - bHXbozA8Gbe6pf2rAAAA: Upgrade to websocket successful - MainProcess:Thread-1 (run_server)
2025-01-23 16:03:00,800 - engineio.server:39 - INFO - bHXbozA8Gbe6pf2rAAAA: Received packet MESSAGE data 0 - MainProcess:Thread-1 (run_server)
2025-01-23 16:03:00,802 - __main__:137 - INFO - Client connected: {"sid": "YCEbhU3jn5lVD_AVAAAB", "transport": "websocket", "user_agent": "Mozilla/5.0 (Macintosh; Intel Mac OS X 10_15_7) AppleWebKit/537.36 (KHTML, like Gecko) Chrome/132.0.0.0 Safari/537.36", "remote_addr": "172.31.196.39"} - MainProcess:Thread-1 (run_server)
2025-01-23 16:03:00,802 - engineio.server:78 - INFO - bHXbozA8Gbe6pf2rAAAA: Sending packet MESSAGE data 2["connected",{"status":"success","message":"Connected to server","sid":"YCEbhU3jn5lVD_AVAAAB"}] - MainProcess:Thread-1 (run_server)
2025-01-23 16:03:00,803 - engineio.server:78 - INFO - bHXbozA8Gbe6pf2rAAAA: Sending packet MESSAGE data 0{"sid":"YCEbhU3jn5lVD_AVAAAB"} - MainProcess:Thread-1 (run_server)
2025-01-23 16:03:00,938 - __main__:120 - DEBUG - Rendering index page - MainProcess:Thread-1 (run_server)
2025-01-23 16:03:01,213 - engineio.server:78 - INFO - JG3lYHx-KW3kV_szAAAC: Sending packet OPEN data {'sid': 'JG3lYHx-KW3kV_szAAAC', 'upgrades': [], 'pingTimeout': 60000, 'pingInterval': 25000, 'maxPayload': 100000000.0} - MainProcess:Thread-1 (run_server)
2025-01-23 16:03:01,214 - engineio.server:90 - INFO - JG3lYHx-KW3kV_szAAAC: Received request to upgrade to websocket - MainProcess:Thread-1 (run_server)
2025-01-23 16:03:01,214 - engineio.server:219 - INFO - JG3lYHx-KW3kV_szAAAC: Upgrade to websocket successful - MainProcess:Thread-1 (run_server)
2025-01-23 16:03:01,218 - engineio.server:39 - INFO - JG3lYHx-KW3kV_szAAAC: Received packet MESSAGE data 0 - MainProcess:Thread-1 (run_server)
2025-01-23 16:03:01,219 - __main__:137 - INFO - Client connected: {"sid": "LvarGlw1B2EvlD-xAAAD", "transport": "websocket", "user_agent": "Mozilla/5.0 (X11; Linux x86_64) AppleWebKit/537.36 (KHTML, like Gecko) HeadlessChrome/118.0.5993.88 Safari/537.36", "remote_addr": "172.31.196.39"} - MainProcess:Thread-1 (run_server)
2025-01-23 16:03:01,219 - engineio.server:78 - INFO - JG3lYHx-KW3kV_szAAAC: Sending packet MESSAGE data 2["connected",{"status":"success","message":"Connected to server","sid":"LvarGlw1B2EvlD-xAAAD"}] - MainProcess:Thread-1 (run_server)
2025-01-23 16:03:01,220 - engineio.server:78 - INFO - JG3lYHx-KW3kV_szAAAC: Sending packet MESSAGE data 0{"sid":"LvarGlw1B2EvlD-xAAAD"} - MainProcess:Thread-1 (run_server)
2025-01-23 16:03:01,662 - __main__:156 - INFO - Client disconnecting: LvarGlw1B2EvlD-xAAAD - MainProcess:Thread-1 (run_server)
2025-01-23 16:03:01,662 - __main__:167 - INFO - Client disconnected: LvarGlw1B2EvlD-xAAAD - MainProcess:Thread-1 (run_server)
2025-01-23 16:03:25,757 - engineio.server:78 - INFO - bHXbozA8Gbe6pf2rAAAA: Sending packet PING data None - MainProcess:Thread-1 (run_server)
2025-01-23 16:03:25,823 - engineio.server:39 - INFO - bHXbozA8Gbe6pf2rAAAA: Received packet PONG data  - MainProcess:Thread-1 (run_server)
2025-01-23 16:03:42,209 - engineio.server:39 - INFO - bHXbozA8Gbe6pf2rAAAA: Received packet MESSAGE data 2["compile_and_run",{"code":"using System;\n\nclass Program\n{\n    static void Main()\n    {\n        Console.WriteLine(\"Hello! Please enter your name:\");\n        string name = Console.ReadLine();\n        Console.WriteLine($\"Nice to meet you, {name}!\");\n    }\n}"}] - MainProcess:Thread-1 (run_server)
2025-01-23 16:03:42,211 - __main__:183 - INFO - [COMPILE] Starting compilation for session session_1737648222 client YCEbhU3jn5lVD_AVAAAB - MainProcess:Thread-1 (run_server)
2025-01-23 16:03:42,211 - __main__:184 - DEBUG - [COMPILE] Code length: 227, First line: using - MainProcess:Thread-1 (run_server)
2025-01-23 16:03:42,211 - __main__:62 - INFO - Created new console session: session_1737648222 (active: True) - MainProcess:Thread-1 (run_server)
2025-01-23 16:07:17,984 - werkzeug:96 - INFO -  * Detected change in '/home/runner/workspace/compiler_service.py', reloading - MainProcess:MainThread
