2025-01-23 18:01:55,113 - app:25 - INFO - Starting application initialization... - MainProcess:MainThread
2025-01-23 18:01:55,228 - engineio.server:112 - INFO - Server initialized for eventlet. - MainProcess:MainThread
2025-01-23 18:01:55,289 - app:25 - INFO - Starting application initialization... - MainProcess:MainThread
2025-01-23 18:01:55,324 - engineio.server:112 - INFO - Server initialized for eventlet. - MainProcess:MainThread
2025-01-23 18:01:55,902 - app:25 - INFO - Starting application initialization... - MainProcess:MainThread
2025-01-23 18:01:55,972 - engineio.server:112 - INFO - Server initialized for eventlet. - MainProcess:MainThread
2025-01-23 18:01:56,169 - app:113 - INFO - Database tables created successfully - MainProcess:MainThread
2025-01-23 18:01:56,221 - app:113 - INFO - Database tables created successfully - MainProcess:MainThread
2025-01-23 18:01:56,286 - __main__:333 - INFO - Starting ICD2O curriculum import process... - MainProcess:MainThread
2025-01-23 18:01:56,339 - __main__:48 - INFO - Found in file: c2.1 concevoir des algorithmes qui répondent à des problèmes mathématiques donnés.
 - MainProcess:MainThread
2025-01-23 18:01:56,706 - __main__:62 - INFO - Database Content: - MainProcess:MainThread
2025-01-23 18:01:56,706 - __main__:63 - INFO - -------------------------------------------------- - MainProcess:MainThread
2025-01-23 18:01:56,706 - __main__:64 - INFO - Strand: - MainProcess:MainThread
2025-01-23 18:01:56,711 - __main__:65 - INFO - - Code: C - MainProcess:MainThread
2025-01-23 18:01:56,711 - __main__:66 - INFO - - Title (FR): Programmation - MainProcess:MainThread
2025-01-23 18:01:56,714 - __main__:67 - INFO - - Title (EN): Programming - MainProcess:MainThread
2025-01-23 18:01:56,715 - __main__:69 - INFO - 
Overall Expectation: - MainProcess:MainThread
2025-01-23 18:01:56,715 - __main__:70 - INFO - - Code: C2 - MainProcess:MainThread
2025-01-23 18:01:56,715 - __main__:71 - INFO - - Description (FR): Écriture - MainProcess:MainThread
2025-01-23 18:01:56,715 - __main__:72 - INFO - - Description (EN): Writing - MainProcess:MainThread
2025-01-23 18:01:56,715 - __main__:74 - INFO - 
Specific Expectation: - MainProcess:MainThread
2025-01-23 18:01:56,715 - __main__:75 - INFO - - Code: C2.1 - MainProcess:MainThread
2025-01-23 18:01:56,715 - __main__:76 - INFO - - Description (FR): Écrire du code clair et maintenable en utilisant les conventions appropriées - MainProcess:MainThread
2025-01-23 18:01:56,715 - __main__:77 - INFO - - Description (EN): Write clear and maintainable code using proper conventions - MainProcess:MainThread
2025-01-23 18:01:56,715 - __main__:93 - INFO - 
All required fields are present - MainProcess:MainThread
2025-01-23 18:01:56,863 - app:113 - INFO - Database tables created successfully - MainProcess:MainThread
2025-01-23 18:01:56,962 - __main__:55 - INFO - Successfully cleared existing data for course ICD2O - MainProcess:MainThread
2025-01-23 18:01:57,434 - __main__:354 - INFO - Created course: ICD2O - MainProcess:MainThread
2025-01-23 18:01:57,435 - __main__:86 - INFO - Creating strand A - MainProcess:MainThread
2025-01-23 18:01:57,500 - __main__:96 - INFO - Created strand A: Computational Thinking and Making Connections - MainProcess:MainThread
2025-01-23 18:01:57,503 - __main__:86 - INFO - Creating strand B - MainProcess:MainThread
2025-01-23 18:01:57,566 - __main__:96 - INFO - Created strand B: Hardware, Software, and Innovations - MainProcess:MainThread
2025-01-23 18:01:57,572 - __main__:86 - INFO - Creating strand C - MainProcess:MainThread
2025-01-23 18:01:57,632 - __main__:96 - INFO - Created strand C: Programming - MainProcess:MainThread
2025-01-23 18:01:58,060 - __main__:282 - INFO - Processing expectations for strand A - MainProcess:MainThread
2025-01-23 18:01:58,060 - __main__:285 - INFO - Creating overall expectation A1 - MainProcess:MainThread
2025-01-23 18:01:58,132 - __main__:304 - DEBUG - Creating specific expectation A1.1 - MainProcess:MainThread
2025-01-23 18:01:58,133 - __main__:304 - DEBUG - Creating specific expectation A1.2 - MainProcess:MainThread
2025-01-23 18:01:58,134 - __main__:304 - DEBUG - Creating specific expectation A1.3 - MainProcess:MainThread
2025-01-23 18:01:58,207 - __main__:314 - INFO - Created overall expectation A1 with its specific expectations - MainProcess:MainThread
2025-01-23 18:01:58,214 - __main__:285 - INFO - Creating overall expectation A2 - MainProcess:MainThread
2025-01-23 18:01:58,276 - __main__:304 - DEBUG - Creating specific expectation A2.1 - MainProcess:MainThread
2025-01-23 18:01:58,280 - __main__:304 - DEBUG - Creating specific expectation A2.2 - MainProcess:MainThread
2025-01-23 18:01:58,350 - __main__:314 - INFO - Created overall expectation A2 with its specific expectations - MainProcess:MainThread
2025-01-23 18:01:58,353 - __main__:285 - INFO - Creating overall expectation A3 - MainProcess:MainThread
2025-01-23 18:01:58,423 - __main__:304 - DEBUG - Creating specific expectation A3.1 - MainProcess:MainThread
2025-01-23 18:01:58,424 - __main__:304 - DEBUG - Creating specific expectation A3.2 - MainProcess:MainThread
2025-01-23 18:01:58,484 - __main__:314 - INFO - Created overall expectation A3 with its specific expectations - MainProcess:MainThread
2025-01-23 18:01:58,498 - __main__:316 - INFO - Completed processing expectations for strand A - MainProcess:MainThread
2025-01-23 18:01:58,579 - __main__:282 - INFO - Processing expectations for strand B - MainProcess:MainThread
2025-01-23 18:01:58,584 - __main__:285 - INFO - Creating overall expectation B1 - MainProcess:MainThread
2025-01-23 18:01:58,842 - __main__:304 - DEBUG - Creating specific expectation B1.1 - MainProcess:MainThread
2025-01-23 18:01:58,843 - __main__:304 - DEBUG - Creating specific expectation B1.2 - MainProcess:MainThread
2025-01-23 18:01:58,902 - __main__:314 - INFO - Created overall expectation B1 with its specific expectations - MainProcess:MainThread
2025-01-23 18:01:58,902 - __main__:285 - INFO - Creating overall expectation B2 - MainProcess:MainThread
2025-01-23 18:01:58,984 - __main__:304 - DEBUG - Creating specific expectation B2.1 - MainProcess:MainThread
2025-01-23 18:01:58,991 - __main__:304 - DEBUG - Creating specific expectation B2.2 - MainProcess:MainThread
2025-01-23 18:01:59,056 - __main__:314 - INFO - Created overall expectation B2 with its specific expectations - MainProcess:MainThread
2025-01-23 18:01:59,067 - __main__:285 - INFO - Creating overall expectation B3 - MainProcess:MainThread
2025-01-23 18:01:59,130 - __main__:304 - DEBUG - Creating specific expectation B3.1 - MainProcess:MainThread
2025-01-23 18:01:59,131 - __main__:304 - DEBUG - Creating specific expectation B3.2 - MainProcess:MainThread
2025-01-23 18:01:59,217 - __main__:314 - INFO - Created overall expectation B3 with its specific expectations - MainProcess:MainThread
2025-01-23 18:01:59,220 - __main__:285 - INFO - Creating overall expectation B4 - MainProcess:MainThread
2025-01-23 18:01:59,288 - __main__:304 - DEBUG - Creating specific expectation B4.1 - MainProcess:MainThread
2025-01-23 18:01:59,295 - __main__:304 - DEBUG - Creating specific expectation B4.2 - MainProcess:MainThread
2025-01-23 18:01:59,355 - __main__:314 - INFO - Created overall expectation B4 with its specific expectations - MainProcess:MainThread
2025-01-23 18:01:59,365 - __main__:316 - INFO - Completed processing expectations for strand B - MainProcess:MainThread
2025-01-23 18:01:59,431 - __main__:282 - INFO - Processing expectations for strand C - MainProcess:MainThread
2025-01-23 18:01:59,431 - __main__:285 - INFO - Creating overall expectation C1 - MainProcess:MainThread
2025-01-23 18:01:59,664 - __main__:304 - DEBUG - Creating specific expectation C1.1 - MainProcess:MainThread
2025-01-23 18:01:59,665 - __main__:304 - DEBUG - Creating specific expectation C1.2 - MainProcess:MainThread
2025-01-23 18:01:59,670 - __main__:304 - DEBUG - Creating specific expectation C1.3 - MainProcess:MainThread
2025-01-23 18:01:59,759 - __main__:314 - INFO - Created overall expectation C1 with its specific expectations - MainProcess:MainThread
2025-01-23 18:01:59,768 - __main__:285 - INFO - Creating overall expectation C2 - MainProcess:MainThread
2025-01-23 18:01:59,825 - __main__:304 - DEBUG - Creating specific expectation C2.1 - MainProcess:MainThread
2025-01-23 18:01:59,826 - __main__:304 - DEBUG - Creating specific expectation C2.2 - MainProcess:MainThread
2025-01-23 18:01:59,885 - __main__:314 - INFO - Created overall expectation C2 with its specific expectations - MainProcess:MainThread
2025-01-23 18:01:59,887 - __main__:285 - INFO - Creating overall expectation C3 - MainProcess:MainThread
2025-01-23 18:01:59,945 - __main__:304 - DEBUG - Creating specific expectation C3.1 - MainProcess:MainThread
2025-01-23 18:01:59,946 - __main__:304 - DEBUG - Creating specific expectation C3.2 - MainProcess:MainThread
2025-01-23 18:02:00,004 - __main__:314 - INFO - Created overall expectation C3 with its specific expectations - MainProcess:MainThread
2025-01-23 18:02:00,004 - __main__:316 - INFO - Completed processing expectations for strand C - MainProcess:MainThread
2025-01-23 18:02:00,554 - __main__:377 - INFO - Final verification: - MainProcess:MainThread
2025-01-23 18:02:00,554 - __main__:378 - INFO - - Course: ICD2O - MainProcess:MainThread
2025-01-23 18:02:00,554 - __main__:379 - INFO - - Strands: 3 - MainProcess:MainThread
2025-01-23 18:02:00,555 - __main__:380 - INFO - - Overall Expectations: 10 - MainProcess:MainThread
2025-01-23 18:02:00,556 - __main__:381 - INFO - - Specific Expectations: 22 - MainProcess:MainThread
