2025-01-23 16:11:16,173 - app:25 - INFO - Starting application initialization... - MainProcess:MainThread
2025-01-23 16:11:16,259 - engineio.server:112 - INFO - Server initialized for eventlet. - MainProcess:MainThread
2025-01-23 16:11:16,483 - app:25 - INFO - Starting application initialization... - MainProcess:MainThread
2025-01-23 16:11:16,560 - engineio.server:112 - INFO - Server initialized for eventlet. - MainProcess:MainThread
2025-01-23 16:11:16,828 - app:25 - INFO - Starting application initialization... - MainProcess:MainThread
2025-01-23 16:11:16,857 - engineio.server:112 - INFO - Server initialized for eventlet. - MainProcess:MainThread
2025-01-23 16:11:17,438 - app:113 - INFO - Database tables created successfully - MainProcess:MainThread
2025-01-23 16:11:17,754 - app:113 - INFO - Database tables created successfully - MainProcess:MainThread
2025-01-23 16:11:17,933 - __main__:333 - INFO - Starting ICD2O curriculum import process... - MainProcess:MainThread
2025-01-23 16:11:18,601 - __main__:55 - INFO - Successfully cleared existing data for course ICD2O - MainProcess:MainThread
2025-01-23 16:11:19,011 - __main__:354 - INFO - Created course: ICD2O - MainProcess:MainThread
2025-01-23 16:11:19,012 - __main__:86 - INFO - Creating strand A - MainProcess:MainThread
2025-01-23 16:11:19,084 - __main__:96 - INFO - Created strand A: Computational Thinking and Making Connections - MainProcess:MainThread
2025-01-23 16:11:19,085 - __main__:86 - INFO - Creating strand B - MainProcess:MainThread
2025-01-23 16:11:19,146 - __main__:96 - INFO - Created strand B: Hardware, Software, and Innovations - MainProcess:MainThread
2025-01-23 16:11:19,148 - app:113 - INFO - Database tables created successfully - MainProcess:MainThread
2025-01-23 16:11:19,147 - __main__:86 - INFO - Creating strand C - MainProcess:MainThread
2025-01-23 16:11:19,209 - __main__:48 - INFO - Found in file: c2.1 concevoir des algorithmes qui répondent à des problèmes mathématiques donnés.
 - MainProcess:MainThread
2025-01-23 16:11:19,212 - __main__:96 - INFO - Created strand C: Programming - MainProcess:MainThread
2025-01-23 16:11:19,505 - __main__:96 - ERROR - 
C2.1 expectation not found in database - MainProcess:MainThread
2025-01-23 16:11:19,565 - __main__:282 - INFO - Processing expectations for strand A - MainProcess:MainThread
2025-01-23 16:11:19,565 - __main__:285 - INFO - Creating overall expectation A1 - MainProcess:MainThread
2025-01-23 16:11:19,565 - __main__:101 - INFO - 
Available codes: - MainProcess:MainThread
2025-01-23 16:11:19,652 - __main__:304 - DEBUG - Creating specific expectation A1.1 - MainProcess:MainThread
2025-01-23 16:11:19,652 - __main__:304 - DEBUG - Creating specific expectation A1.2 - MainProcess:MainThread
2025-01-23 16:11:19,652 - __main__:304 - DEBUG - Creating specific expectation A1.3 - MainProcess:MainThread
2025-01-23 16:11:19,719 - __main__:314 - INFO - Created overall expectation A1 with its specific expectations - MainProcess:MainThread
2025-01-23 16:11:19,719 - __main__:285 - INFO - Creating overall expectation A2 - MainProcess:MainThread
2025-01-23 16:11:19,780 - __main__:304 - DEBUG - Creating specific expectation A2.1 - MainProcess:MainThread
2025-01-23 16:11:19,780 - __main__:304 - DEBUG - Creating specific expectation A2.2 - MainProcess:MainThread
2025-01-23 16:11:19,839 - __main__:314 - INFO - Created overall expectation A2 with its specific expectations - MainProcess:MainThread
2025-01-23 16:11:19,839 - __main__:285 - INFO - Creating overall expectation A3 - MainProcess:MainThread
2025-01-23 16:11:19,896 - __main__:304 - DEBUG - Creating specific expectation A3.1 - MainProcess:MainThread
2025-01-23 16:11:19,897 - __main__:304 - DEBUG - Creating specific expectation A3.2 - MainProcess:MainThread
2025-01-23 16:11:19,955 - __main__:314 - INFO - Created overall expectation A3 with its specific expectations - MainProcess:MainThread
2025-01-23 16:11:19,956 - __main__:316 - INFO - Completed processing expectations for strand A - MainProcess:MainThread
2025-01-23 16:11:20,015 - __main__:282 - INFO - Processing expectations for strand B - MainProcess:MainThread
2025-01-23 16:11:20,015 - __main__:285 - INFO - Creating overall expectation B1 - MainProcess:MainThread
2025-01-23 16:11:20,243 - __main__:304 - DEBUG - Creating specific expectation B1.1 - MainProcess:MainThread
2025-01-23 16:11:20,243 - __main__:304 - DEBUG - Creating specific expectation B1.2 - MainProcess:MainThread
2025-01-23 16:11:20,301 - __main__:314 - INFO - Created overall expectation B1 with its specific expectations - MainProcess:MainThread
2025-01-23 16:11:20,302 - __main__:285 - INFO - Creating overall expectation B2 - MainProcess:MainThread
2025-01-23 16:11:20,358 - __main__:304 - DEBUG - Creating specific expectation B2.1 - MainProcess:MainThread
2025-01-23 16:11:20,359 - __main__:304 - DEBUG - Creating specific expectation B2.2 - MainProcess:MainThread
2025-01-23 16:11:20,425 - __main__:314 - INFO - Created overall expectation B2 with its specific expectations - MainProcess:MainThread
2025-01-23 16:11:20,425 - __main__:285 - INFO - Creating overall expectation B3 - MainProcess:MainThread
2025-01-23 16:11:20,486 - __main__:304 - DEBUG - Creating specific expectation B3.1 - MainProcess:MainThread
2025-01-23 16:11:20,486 - __main__:304 - DEBUG - Creating specific expectation B3.2 - MainProcess:MainThread
2025-01-23 16:11:20,545 - __main__:314 - INFO - Created overall expectation B3 with its specific expectations - MainProcess:MainThread
2025-01-23 16:11:20,545 - __main__:285 - INFO - Creating overall expectation B4 - MainProcess:MainThread
2025-01-23 16:11:20,603 - __main__:304 - DEBUG - Creating specific expectation B4.1 - MainProcess:MainThread
2025-01-23 16:11:20,603 - __main__:304 - DEBUG - Creating specific expectation B4.2 - MainProcess:MainThread
2025-01-23 16:11:20,662 - __main__:314 - INFO - Created overall expectation B4 with its specific expectations - MainProcess:MainThread
2025-01-23 16:11:20,663 - __main__:316 - INFO - Completed processing expectations for strand B - MainProcess:MainThread
2025-01-23 16:11:20,720 - __main__:282 - INFO - Processing expectations for strand C - MainProcess:MainThread
2025-01-23 16:11:20,720 - __main__:285 - INFO - Creating overall expectation C1 - MainProcess:MainThread
2025-01-23 16:11:20,948 - __main__:304 - DEBUG - Creating specific expectation C1.1 - MainProcess:MainThread
2025-01-23 16:11:20,948 - __main__:304 - DEBUG - Creating specific expectation C1.2 - MainProcess:MainThread
2025-01-23 16:11:20,948 - __main__:304 - DEBUG - Creating specific expectation C1.3 - MainProcess:MainThread
2025-01-23 16:11:21,006 - __main__:314 - INFO - Created overall expectation C1 with its specific expectations - MainProcess:MainThread
2025-01-23 16:11:21,006 - __main__:285 - INFO - Creating overall expectation C2 - MainProcess:MainThread
2025-01-23 16:11:21,065 - __main__:304 - DEBUG - Creating specific expectation C2.1 - MainProcess:MainThread
2025-01-23 16:11:21,065 - __main__:304 - DEBUG - Creating specific expectation C2.2 - MainProcess:MainThread
2025-01-23 16:11:21,123 - __main__:314 - INFO - Created overall expectation C2 with its specific expectations - MainProcess:MainThread
2025-01-23 16:11:21,123 - __main__:285 - INFO - Creating overall expectation C3 - MainProcess:MainThread
2025-01-23 16:11:21,182 - __main__:304 - DEBUG - Creating specific expectation C3.1 - MainProcess:MainThread
2025-01-23 16:11:21,182 - __main__:304 - DEBUG - Creating specific expectation C3.2 - MainProcess:MainThread
2025-01-23 16:11:21,240 - __main__:314 - INFO - Created overall expectation C3 with its specific expectations - MainProcess:MainThread
2025-01-23 16:11:21,240 - __main__:316 - INFO - Completed processing expectations for strand C - MainProcess:MainThread
2025-01-23 16:11:21,650 - __main__:377 - INFO - Final verification: - MainProcess:MainThread
2025-01-23 16:11:21,650 - __main__:378 - INFO - - Course: ICD2O - MainProcess:MainThread
2025-01-23 16:11:21,651 - __main__:379 - INFO - - Strands: 3 - MainProcess:MainThread
2025-01-23 16:11:21,651 - __main__:380 - INFO - - Overall Expectations: 10 - MainProcess:MainThread
2025-01-23 16:11:21,651 - __main__:381 - INFO - - Specific Expectations: 22 - MainProcess:MainThread
