2025-01-23 15:20:31,448 - __main__:25 - INFO - Starting application initialization... - MainProcess:MainThread
2025-01-23 15:20:31,468 - engineio.server:112 - INFO - Server initialized for eventlet. - MainProcess:MainThread
2025-01-23 15:20:32,316 - __main__:90 - INFO - Database tables created successfully - MainProcess:MainThread
2025-01-23 15:20:32,318 - werkzeug:96 - WARNING -  * Debugger is active! - MainProcess:MainThread
2025-01-23 15:20:32,320 - werkzeug:96 - INFO -  * Debugger PIN: 125-094-160 - MainProcess:MainThread
2025-01-23 15:20:32,602 - __main__:97 - DEBUG - Rendering index page - MainProcess:Thread-1 (run_server)
2025-01-23 15:20:33,387 - engineio.server:78 - INFO - AVIF-qLhJDbpjHYEAAAA: Sending packet OPEN data {'sid': 'AVIF-qLhJDbpjHYEAAAA', 'upgrades': [], 'pingTimeout': 60000, 'pingInterval': 25000, 'maxPayload': 100000000.0} - MainProcess:Thread-1 (run_server)
2025-01-23 15:20:33,388 - engineio.server:90 - INFO - AVIF-qLhJDbpjHYEAAAA: Received request to upgrade to websocket - MainProcess:Thread-1 (run_server)
2025-01-23 15:20:33,388 - engineio.server:219 - INFO - AVIF-qLhJDbpjHYEAAAA: Upgrade to websocket successful - MainProcess:Thread-1 (run_server)
2025-01-23 15:20:33,457 - engineio.server:39 - INFO - AVIF-qLhJDbpjHYEAAAA: Received packet MESSAGE data 0 - MainProcess:Thread-1 (run_server)
2025-01-23 15:20:33,461 - __main__:114 - INFO - Client connected: {"sid": "vs9EJ6QdWjYYUtuQAAAB", "transport": "websocket", "user_agent": "Mozilla/5.0 (Macintosh; Intel Mac OS X 10_15_7) AppleWebKit/537.36 (KHTML, like Gecko) Chrome/132.0.0.0 Safari/537.36", "remote_addr": "172.31.196.39"} - MainProcess:Thread-1 (run_server)
2025-01-23 15:20:33,461 - engineio.server:78 - INFO - AVIF-qLhJDbpjHYEAAAA: Sending packet MESSAGE data 2["connected",{"status":"success","message":"Connected to server","sid":"vs9EJ6QdWjYYUtuQAAAB"}] - MainProcess:Thread-1 (run_server)
2025-01-23 15:20:33,462 - engineio.server:78 - INFO - AVIF-qLhJDbpjHYEAAAA: Sending packet MESSAGE data 0{"sid":"vs9EJ6QdWjYYUtuQAAAB"} - MainProcess:Thread-1 (run_server)
2025-01-23 15:20:34,110 - __main__:97 - DEBUG - Rendering index page - MainProcess:Thread-1 (run_server)
2025-01-23 15:20:34,297 - engineio.server:78 - INFO - EMP5T4f57HbnDK0SAAAC: Sending packet OPEN data {'sid': 'EMP5T4f57HbnDK0SAAAC', 'upgrades': [], 'pingTimeout': 60000, 'pingInterval': 25000, 'maxPayload': 100000000.0} - MainProcess:Thread-1 (run_server)
2025-01-23 15:20:34,297 - engineio.server:90 - INFO - EMP5T4f57HbnDK0SAAAC: Received request to upgrade to websocket - MainProcess:Thread-1 (run_server)
2025-01-23 15:20:34,297 - engineio.server:219 - INFO - EMP5T4f57HbnDK0SAAAC: Upgrade to websocket successful - MainProcess:Thread-1 (run_server)
2025-01-23 15:20:34,302 - engineio.server:39 - INFO - EMP5T4f57HbnDK0SAAAC: Received packet MESSAGE data 0 - MainProcess:Thread-1 (run_server)
2025-01-23 15:20:34,304 - __main__:114 - INFO - Client connected: {"sid": "Zz6nuLy-721w0EIHAAAD", "transport": "websocket", "user_agent": "Mozilla/5.0 (X11; Linux x86_64) AppleWebKit/537.36 (KHTML, like Gecko) HeadlessChrome/118.0.5993.88 Safari/537.36", "remote_addr": "172.31.196.39"} - MainProcess:Thread-1 (run_server)
2025-01-23 15:20:34,304 - engineio.server:78 - INFO - EMP5T4f57HbnDK0SAAAC: Sending packet MESSAGE data 2["connected",{"status":"success","message":"Connected to server","sid":"Zz6nuLy-721w0EIHAAAD"}] - MainProcess:Thread-1 (run_server)
2025-01-23 15:20:34,305 - engineio.server:78 - INFO - EMP5T4f57HbnDK0SAAAC: Sending packet MESSAGE data 0{"sid":"Zz6nuLy-721w0EIHAAAD"} - MainProcess:Thread-1 (run_server)
2025-01-23 15:20:34,834 - __main__:133 - INFO - Client disconnecting: Zz6nuLy-721w0EIHAAAD - MainProcess:Thread-1 (run_server)
2025-01-23 15:20:34,835 - __main__:143 - INFO - Client disconnected: Zz6nuLy-721w0EIHAAAD - MainProcess:Thread-1 (run_server)
