2025-01-23 16:07:47,237 - app:25 - INFO - Starting application initialization... - MainProcess:MainThread
2025-01-23 16:07:47,282 - engineio.server:112 - INFO - Server initialized for eventlet. - MainProcess:MainThread
2025-01-23 16:07:47,552 - app:25 - INFO - Starting application initialization... - MainProcess:MainThread
2025-01-23 16:07:47,580 - engineio.server:112 - INFO - Server initialized for eventlet. - MainProcess:MainThread
2025-01-23 16:07:47,871 - app:25 - INFO - Starting application initialization... - MainProcess:MainThread
2025-01-23 16:07:47,909 - engineio.server:112 - INFO - Server initialized for eventlet. - MainProcess:MainThread
2025-01-23 16:07:48,209 - app:113 - INFO - Database tables created successfully - MainProcess:MainThread
2025-01-23 16:07:48,263 - __main__:48 - INFO - Found in file: c2.1 concevoir des algorithmes qui répondent à des problèmes mathématiques donnés.
 - MainProcess:MainThread
2025-01-23 16:07:48,486 - app:113 - INFO - Database tables created successfully - MainProcess:MainThread
2025-01-23 16:07:48,535 - __main__:333 - INFO - Starting ICD2O curriculum import process... - MainProcess:MainThread
2025-01-23 16:07:48,638 - __main__:62 - INFO - Database Content: - MainProcess:MainThread
2025-01-23 16:07:48,638 - __main__:63 - INFO - -------------------------------------------------- - MainProcess:MainThread
2025-01-23 16:07:48,639 - __main__:64 - INFO - Strand: - MainProcess:MainThread
2025-01-23 16:07:48,639 - __main__:65 - INFO - - Code: C - MainProcess:MainThread
2025-01-23 16:07:48,639 - __main__:66 - INFO - - Title (FR): Programmation - MainProcess:MainThread
2025-01-23 16:07:48,639 - __main__:67 - INFO - - Title (EN): Programming - MainProcess:MainThread
2025-01-23 16:07:48,639 - __main__:69 - INFO - 
Overall Expectation: - MainProcess:MainThread
2025-01-23 16:07:48,639 - __main__:70 - INFO - - Code: C2 - MainProcess:MainThread
2025-01-23 16:07:48,640 - __main__:71 - INFO - - Description (FR): Écriture - MainProcess:MainThread
2025-01-23 16:07:48,644 - __main__:72 - INFO - - Description (EN): Writing - MainProcess:MainThread
2025-01-23 16:07:48,644 - __main__:74 - INFO - 
Specific Expectation: - MainProcess:MainThread
2025-01-23 16:07:48,644 - __main__:75 - INFO - - Code: C2.1 - MainProcess:MainThread
2025-01-23 16:07:48,644 - __main__:76 - INFO - - Description (FR): Écrire du code clair et maintenable en utilisant les conventions appropriées - MainProcess:MainThread
2025-01-23 16:07:48,644 - __main__:77 - INFO - - Description (EN): Write clear and maintainable code using proper conventions - MainProcess:MainThread
2025-01-23 16:07:48,645 - __main__:93 - INFO - 
All required fields are present - MainProcess:MainThread
2025-01-23 16:07:48,770 - app:113 - INFO - Database tables created successfully - MainProcess:MainThread
2025-01-23 16:07:49,207 - __main__:55 - INFO - Successfully cleared existing data for course ICD2O - MainProcess:MainThread
2025-01-23 16:07:49,638 - __main__:354 - INFO - Created course: ICD2O - MainProcess:MainThread
2025-01-23 16:07:49,638 - __main__:86 - INFO - Creating strand A - MainProcess:MainThread
2025-01-23 16:07:49,709 - __main__:96 - INFO - Created strand A: Computational Thinking and Making Connections - MainProcess:MainThread
2025-01-23 16:07:49,709 - __main__:86 - INFO - Creating strand B - MainProcess:MainThread
2025-01-23 16:07:49,767 - __main__:96 - INFO - Created strand B: Hardware, Software, and Innovations - MainProcess:MainThread
2025-01-23 16:07:49,767 - __main__:86 - INFO - Creating strand C - MainProcess:MainThread
2025-01-23 16:07:49,825 - __main__:96 - INFO - Created strand C: Programming - MainProcess:MainThread
2025-01-23 16:07:50,171 - __main__:282 - INFO - Processing expectations for strand A - MainProcess:MainThread
2025-01-23 16:07:50,171 - __main__:285 - INFO - Creating overall expectation A1 - MainProcess:MainThread
2025-01-23 16:07:50,233 - __main__:304 - DEBUG - Creating specific expectation A1.1 - MainProcess:MainThread
2025-01-23 16:07:50,233 - __main__:304 - DEBUG - Creating specific expectation A1.2 - MainProcess:MainThread
2025-01-23 16:07:50,234 - __main__:304 - DEBUG - Creating specific expectation A1.3 - MainProcess:MainThread
2025-01-23 16:07:50,296 - __main__:314 - INFO - Created overall expectation A1 with its specific expectations - MainProcess:MainThread
2025-01-23 16:07:50,296 - __main__:285 - INFO - Creating overall expectation A2 - MainProcess:MainThread
2025-01-23 16:07:50,354 - __main__:304 - DEBUG - Creating specific expectation A2.1 - MainProcess:MainThread
2025-01-23 16:07:50,354 - __main__:304 - DEBUG - Creating specific expectation A2.2 - MainProcess:MainThread
2025-01-23 16:07:50,413 - __main__:314 - INFO - Created overall expectation A2 with its specific expectations - MainProcess:MainThread
2025-01-23 16:07:50,413 - __main__:285 - INFO - Creating overall expectation A3 - MainProcess:MainThread
2025-01-23 16:07:50,471 - __main__:304 - DEBUG - Creating specific expectation A3.1 - MainProcess:MainThread
2025-01-23 16:07:50,471 - __main__:304 - DEBUG - Creating specific expectation A3.2 - MainProcess:MainThread
2025-01-23 16:07:50,529 - __main__:314 - INFO - Created overall expectation A3 with its specific expectations - MainProcess:MainThread
2025-01-23 16:07:50,529 - __main__:316 - INFO - Completed processing expectations for strand A - MainProcess:MainThread
2025-01-23 16:07:50,630 - __main__:282 - INFO - Processing expectations for strand B - MainProcess:MainThread
2025-01-23 16:07:50,630 - __main__:285 - INFO - Creating overall expectation B1 - MainProcess:MainThread
2025-01-23 16:07:50,858 - __main__:304 - DEBUG - Creating specific expectation B1.1 - MainProcess:MainThread
2025-01-23 16:07:50,859 - __main__:304 - DEBUG - Creating specific expectation B1.2 - MainProcess:MainThread
2025-01-23 16:07:50,917 - __main__:314 - INFO - Created overall expectation B1 with its specific expectations - MainProcess:MainThread
2025-01-23 16:07:50,918 - __main__:285 - INFO - Creating overall expectation B2 - MainProcess:MainThread
2025-01-23 16:07:50,975 - __main__:304 - DEBUG - Creating specific expectation B2.1 - MainProcess:MainThread
2025-01-23 16:07:50,976 - __main__:304 - DEBUG - Creating specific expectation B2.2 - MainProcess:MainThread
2025-01-23 16:07:51,033 - __main__:314 - INFO - Created overall expectation B2 with its specific expectations - MainProcess:MainThread
2025-01-23 16:07:51,034 - __main__:285 - INFO - Creating overall expectation B3 - MainProcess:MainThread
2025-01-23 16:07:51,091 - __main__:304 - DEBUG - Creating specific expectation B3.1 - MainProcess:MainThread
2025-01-23 16:07:51,091 - __main__:304 - DEBUG - Creating specific expectation B3.2 - MainProcess:MainThread
2025-01-23 16:07:51,193 - __main__:314 - INFO - Created overall expectation B3 with its specific expectations - MainProcess:MainThread
2025-01-23 16:07:51,194 - __main__:285 - INFO - Creating overall expectation B4 - MainProcess:MainThread
2025-01-23 16:07:51,251 - __main__:304 - DEBUG - Creating specific expectation B4.1 - MainProcess:MainThread
2025-01-23 16:07:51,252 - __main__:304 - DEBUG - Creating specific expectation B4.2 - MainProcess:MainThread
2025-01-23 16:07:51,309 - __main__:314 - INFO - Created overall expectation B4 with its specific expectations - MainProcess:MainThread
2025-01-23 16:07:51,309 - __main__:316 - INFO - Completed processing expectations for strand B - MainProcess:MainThread
2025-01-23 16:07:51,367 - __main__:282 - INFO - Processing expectations for strand C - MainProcess:MainThread
2025-01-23 16:07:51,367 - __main__:285 - INFO - Creating overall expectation C1 - MainProcess:MainThread
2025-01-23 16:07:51,595 - __main__:304 - DEBUG - Creating specific expectation C1.1 - MainProcess:MainThread
2025-01-23 16:07:51,595 - __main__:304 - DEBUG - Creating specific expectation C1.2 - MainProcess:MainThread
2025-01-23 16:07:51,595 - __main__:304 - DEBUG - Creating specific expectation C1.3 - MainProcess:MainThread
2025-01-23 16:07:51,653 - __main__:314 - INFO - Created overall expectation C1 with its specific expectations - MainProcess:MainThread
2025-01-23 16:07:51,653 - __main__:285 - INFO - Creating overall expectation C2 - MainProcess:MainThread
2025-01-23 16:07:51,711 - __main__:304 - DEBUG - Creating specific expectation C2.1 - MainProcess:MainThread
2025-01-23 16:07:51,711 - __main__:304 - DEBUG - Creating specific expectation C2.2 - MainProcess:MainThread
2025-01-23 16:07:51,769 - __main__:314 - INFO - Created overall expectation C2 with its specific expectations - MainProcess:MainThread
2025-01-23 16:07:51,769 - __main__:285 - INFO - Creating overall expectation C3 - MainProcess:MainThread
2025-01-23 16:07:51,827 - __main__:304 - DEBUG - Creating specific expectation C3.1 - MainProcess:MainThread
2025-01-23 16:07:51,827 - __main__:304 - DEBUG - Creating specific expectation C3.2 - MainProcess:MainThread
2025-01-23 16:07:51,885 - __main__:314 - INFO - Created overall expectation C3 with its specific expectations - MainProcess:MainThread
2025-01-23 16:07:51,885 - __main__:316 - INFO - Completed processing expectations for strand C - MainProcess:MainThread
2025-01-23 16:07:52,297 - __main__:377 - INFO - Final verification: - MainProcess:MainThread
2025-01-23 16:07:52,298 - __main__:378 - INFO - - Course: ICD2O - MainProcess:MainThread
2025-01-23 16:07:52,298 - __main__:379 - INFO - - Strands: 3 - MainProcess:MainThread
2025-01-23 16:07:52,298 - __main__:380 - INFO - - Overall Expectations: 10 - MainProcess:MainThread
2025-01-23 16:07:52,298 - __main__:381 - INFO - - Specific Expectations: 22 - MainProcess:MainThread
