2025-01-23 16:21:10,604 - __main__:25 - INFO - Starting application initialization... - MainProcess:MainThread
2025-01-23 16:21:10,635 - engineio.server:112 - INFO - Server initialized for eventlet. - MainProcess:MainThread
2025-01-23 16:21:11,513 - __main__:113 - INFO - Database tables created successfully - MainProcess:MainThread
2025-01-23 16:21:11,515 - werkzeug:96 - WARNING -  * Debugger is active! - MainProcess:MainThread
2025-01-23 16:21:11,517 - werkzeug:96 - INFO -  * Debugger PIN: 925-447-941 - MainProcess:MainThread
2025-01-23 16:21:11,740 - __main__:122 - INFO - Starting index page render - MainProcess:Thread-1 (run_server)
2025-01-23 16:21:11,740 - __main__:123 - DEBUG - Rendering index page with template parameters: title='Ontario Secondary Computer Science Curriculum', lang='en' - MainProcess:Thread-1 (run_server)
2025-01-23 16:21:11,750 - __main__:129 - INFO - Successfully rendered index page - MainProcess:Thread-1 (run_server)
2025-01-23 16:21:12,278 - __main__:122 - INFO - Starting index page render - MainProcess:Thread-1 (run_server)
2025-01-23 16:21:12,278 - __main__:123 - DEBUG - Rendering index page with template parameters: title='Ontario Secondary Computer Science Curriculum', lang='en' - MainProcess:Thread-1 (run_server)
2025-01-23 16:21:12,279 - __main__:129 - INFO - Successfully rendered index page - MainProcess:Thread-1 (run_server)
2025-01-23 16:21:12,382 - __main__:122 - INFO - Starting index page render - MainProcess:Thread-1 (run_server)
2025-01-23 16:21:12,382 - __main__:123 - DEBUG - Rendering index page with template parameters: title='Ontario Secondary Computer Science Curriculum', lang='en' - MainProcess:Thread-1 (run_server)
2025-01-23 16:21:12,383 - __main__:129 - INFO - Successfully rendered index page - MainProcess:Thread-1 (run_server)
2025-01-23 16:21:12,616 - engineio.server:78 - INFO - m_2hQd3CUp6BmDU7AAAA: Sending packet OPEN data {'sid': 'm_2hQd3CUp6BmDU7AAAA', 'upgrades': [], 'pingTimeout': 60000, 'pingInterval': 25000, 'maxPayload': 100000000.0} - MainProcess:Thread-1 (run_server)
2025-01-23 16:21:12,616 - engineio.server:90 - INFO - m_2hQd3CUp6BmDU7AAAA: Received request to upgrade to websocket - MainProcess:Thread-1 (run_server)
2025-01-23 16:21:12,617 - engineio.server:219 - INFO - m_2hQd3CUp6BmDU7AAAA: Upgrade to websocket successful - MainProcess:Thread-1 (run_server)
2025-01-23 16:21:12,683 - engineio.server:78 - INFO - M3BiPcxsi94UVkT4AAAB: Sending packet OPEN data {'sid': 'M3BiPcxsi94UVkT4AAAB', 'upgrades': [], 'pingTimeout': 60000, 'pingInterval': 25000, 'maxPayload': 100000000.0} - MainProcess:Thread-1 (run_server)
2025-01-23 16:21:12,683 - engineio.server:90 - INFO - M3BiPcxsi94UVkT4AAAB: Received request to upgrade to websocket - MainProcess:Thread-1 (run_server)
2025-01-23 16:21:12,683 - engineio.server:219 - INFO - M3BiPcxsi94UVkT4AAAB: Upgrade to websocket successful - MainProcess:Thread-1 (run_server)
2025-01-23 16:21:12,684 - engineio.server:39 - INFO - m_2hQd3CUp6BmDU7AAAA: Received packet MESSAGE data 0 - MainProcess:Thread-1 (run_server)
2025-01-23 16:21:12,686 - __main__:147 - INFO - Client connected: {"sid": "Z6-_8Gnrryawm6D_AAAC", "transport": "websocket", "user_agent": "Mozilla/5.0 (Macintosh; Intel Mac OS X 10_15_7) AppleWebKit/537.36 (KHTML, like Gecko) Chrome/132.0.0.0 Safari/537.36", "remote_addr": "172.31.196.39"} - MainProcess:Thread-1 (run_server)
2025-01-23 16:21:12,686 - engineio.server:78 - INFO - m_2hQd3CUp6BmDU7AAAA: Sending packet MESSAGE data 2["connected",{"status":"success","message":"Connected to server","sid":"Z6-_8Gnrryawm6D_AAAC"}] - MainProcess:Thread-1 (run_server)
2025-01-23 16:21:12,687 - engineio.server:78 - INFO - m_2hQd3CUp6BmDU7AAAA: Sending packet MESSAGE data 0{"sid":"Z6-_8Gnrryawm6D_AAAC"} - MainProcess:Thread-1 (run_server)
2025-01-23 16:21:12,690 - engineio.server:39 - INFO - M3BiPcxsi94UVkT4AAAB: Received packet MESSAGE data 0 - MainProcess:Thread-1 (run_server)
2025-01-23 16:21:12,691 - __main__:147 - INFO - Client connected: {"sid": "OPpzjeqeEqcSGEdDAAAD", "transport": "websocket", "user_agent": "Mozilla/5.0 (X11; Linux x86_64) AppleWebKit/537.36 (KHTML, like Gecko) HeadlessChrome/118.0.5993.88 Safari/537.36", "remote_addr": "172.31.196.39"} - MainProcess:Thread-1 (run_server)
2025-01-23 16:21:12,692 - engineio.server:78 - INFO - M3BiPcxsi94UVkT4AAAB: Sending packet MESSAGE data 2["connected",{"status":"success","message":"Connected to server","sid":"OPpzjeqeEqcSGEdDAAAD"}] - MainProcess:Thread-1 (run_server)
2025-01-23 16:21:12,692 - engineio.server:78 - INFO - M3BiPcxsi94UVkT4AAAB: Sending packet MESSAGE data 0{"sid":"OPpzjeqeEqcSGEdDAAAD"} - MainProcess:Thread-1 (run_server)
2025-01-23 16:21:12,904 - engineio.server:78 - INFO - 97J_gzTovJZyd6sEAAAE: Sending packet OPEN data {'sid': '97J_gzTovJZyd6sEAAAE', 'upgrades': [], 'pingTimeout': 60000, 'pingInterval': 25000, 'maxPayload': 100000000.0} - MainProcess:Thread-1 (run_server)
2025-01-23 16:21:12,904 - engineio.server:90 - INFO - 97J_gzTovJZyd6sEAAAE: Received request to upgrade to websocket - MainProcess:Thread-1 (run_server)
2025-01-23 16:21:12,904 - engineio.server:219 - INFO - 97J_gzTovJZyd6sEAAAE: Upgrade to websocket successful - MainProcess:Thread-1 (run_server)
2025-01-23 16:21:12,971 - engineio.server:39 - INFO - 97J_gzTovJZyd6sEAAAE: Received packet MESSAGE data 0 - MainProcess:Thread-1 (run_server)
2025-01-23 16:21:12,972 - __main__:147 - INFO - Client connected: {"sid": "Tvl522DAj25Qcu_qAAAF", "transport": "websocket", "user_agent": "Mozilla/5.0 (Macintosh; Intel Mac OS X 10_15_7) AppleWebKit/537.36 (KHTML, like Gecko) Chrome/132.0.0.0 Safari/537.36", "remote_addr": "172.31.196.39"} - MainProcess:Thread-1 (run_server)
2025-01-23 16:21:12,973 - engineio.server:78 - INFO - 97J_gzTovJZyd6sEAAAE: Sending packet MESSAGE data 2["connected",{"status":"success","message":"Connected to server","sid":"Tvl522DAj25Qcu_qAAAF"}] - MainProcess:Thread-1 (run_server)
2025-01-23 16:21:12,973 - engineio.server:78 - INFO - 97J_gzTovJZyd6sEAAAE: Sending packet MESSAGE data 0{"sid":"Tvl522DAj25Qcu_qAAAF"} - MainProcess:Thread-1 (run_server)
2025-01-23 16:21:13,167 - __main__:166 - INFO - Client disconnecting: OPpzjeqeEqcSGEdDAAAD - MainProcess:Thread-1 (run_server)
2025-01-23 16:21:13,167 - __main__:177 - INFO - Client disconnected: OPpzjeqeEqcSGEdDAAAD - MainProcess:Thread-1 (run_server)
