2025-01-23 15:38:40,482 - __main__:25 - INFO - Starting application initialization... - MainProcess:MainThread
2025-01-23 15:38:40,543 - engineio.server:112 - INFO - Server initialized for eventlet. - MainProcess:MainThread
2025-01-23 15:38:41,522 - __main__:113 - INFO - Database tables created successfully - MainProcess:MainThread
2025-01-23 15:38:41,524 - werkzeug:96 - WARNING -  * Debugger is active! - MainProcess:MainThread
2025-01-23 15:38:41,526 - werkzeug:96 - INFO -  * Debugger PIN: 744-464-580 - MainProcess:MainThread
2025-01-23 15:38:42,016 - __main__:120 - DEBUG - Rendering index page - MainProcess:Thread-1 (run_server)
2025-01-23 15:38:42,754 - __main__:120 - DEBUG - Rendering index page - MainProcess:Thread-1 (run_server)
2025-01-23 15:38:42,858 - engineio.server:78 - INFO - LCrJ8M8QVSu0j4qtAAAA: Sending packet OPEN data {'sid': 'LCrJ8M8QVSu0j4qtAAAA', 'upgrades': [], 'pingTimeout': 60000, 'pingInterval': 25000, 'maxPayload': 100000000.0} - MainProcess:Thread-1 (run_server)
2025-01-23 15:38:42,859 - engineio.server:90 - INFO - LCrJ8M8QVSu0j4qtAAAA: Received request to upgrade to websocket - MainProcess:Thread-1 (run_server)
2025-01-23 15:38:42,859 - engineio.server:219 - INFO - LCrJ8M8QVSu0j4qtAAAA: Upgrade to websocket successful - MainProcess:Thread-1 (run_server)
2025-01-23 15:38:42,934 - engineio.server:39 - INFO - LCrJ8M8QVSu0j4qtAAAA: Received packet MESSAGE data 0 - MainProcess:Thread-1 (run_server)
2025-01-23 15:38:42,937 - __main__:137 - INFO - Client connected: {"sid": "lVRhcpYxZy_eOZNyAAAB", "transport": "websocket", "user_agent": "Mozilla/5.0 (Macintosh; Intel Mac OS X 10_15_7) AppleWebKit/537.36 (KHTML, like Gecko) Chrome/132.0.0.0 Safari/537.36", "remote_addr": "172.31.196.39"} - MainProcess:Thread-1 (run_server)
2025-01-23 15:38:42,938 - engineio.server:78 - INFO - LCrJ8M8QVSu0j4qtAAAA: Sending packet MESSAGE data 2["connected",{"status":"success","message":"Connected to server","sid":"lVRhcpYxZy_eOZNyAAAB"}] - MainProcess:Thread-1 (run_server)
2025-01-23 15:38:42,939 - engineio.server:78 - INFO - LCrJ8M8QVSu0j4qtAAAA: Sending packet MESSAGE data 0{"sid":"lVRhcpYxZy_eOZNyAAAB"} - MainProcess:Thread-1 (run_server)
2025-01-23 15:38:43,343 - engineio.server:78 - INFO - 1KwocFX5qn80dTD2AAAC: Sending packet OPEN data {'sid': '1KwocFX5qn80dTD2AAAC', 'upgrades': [], 'pingTimeout': 60000, 'pingInterval': 25000, 'maxPayload': 100000000.0} - MainProcess:Thread-1 (run_server)
2025-01-23 15:38:43,344 - engineio.server:90 - INFO - 1KwocFX5qn80dTD2AAAC: Received request to upgrade to websocket - MainProcess:Thread-1 (run_server)
2025-01-23 15:38:43,344 - engineio.server:219 - INFO - 1KwocFX5qn80dTD2AAAC: Upgrade to websocket successful - MainProcess:Thread-1 (run_server)
2025-01-23 15:38:43,351 - engineio.server:39 - INFO - 1KwocFX5qn80dTD2AAAC: Received packet MESSAGE data 0 - MainProcess:Thread-1 (run_server)
2025-01-23 15:38:43,353 - __main__:137 - INFO - Client connected: {"sid": "DkT8YiFs34EQPX3-AAAD", "transport": "websocket", "user_agent": "Mozilla/5.0 (X11; Linux x86_64) AppleWebKit/537.36 (KHTML, like Gecko) HeadlessChrome/118.0.5993.88 Safari/537.36", "remote_addr": "172.31.196.39"} - MainProcess:Thread-1 (run_server)
2025-01-23 15:38:43,354 - engineio.server:78 - INFO - 1KwocFX5qn80dTD2AAAC: Sending packet MESSAGE data 2["connected",{"status":"success","message":"Connected to server","sid":"DkT8YiFs34EQPX3-AAAD"}] - MainProcess:Thread-1 (run_server)
2025-01-23 15:38:43,355 - engineio.server:78 - INFO - 1KwocFX5qn80dTD2AAAC: Sending packet MESSAGE data 0{"sid":"DkT8YiFs34EQPX3-AAAD"} - MainProcess:Thread-1 (run_server)
2025-01-23 15:38:43,924 - __main__:156 - INFO - Client disconnecting: DkT8YiFs34EQPX3-AAAD - MainProcess:Thread-1 (run_server)
2025-01-23 15:38:43,924 - __main__:167 - INFO - Client disconnected: DkT8YiFs34EQPX3-AAAD - MainProcess:Thread-1 (run_server)
2025-01-23 15:39:07,884 - engineio.server:78 - INFO - LCrJ8M8QVSu0j4qtAAAA: Sending packet PING data None - MainProcess:Thread-1 (run_server)
2025-01-23 15:39:07,951 - engineio.server:39 - INFO - LCrJ8M8QVSu0j4qtAAAA: Received packet PONG data  - MainProcess:Thread-1 (run_server)
2025-01-23 15:39:32,976 - engineio.server:78 - INFO - LCrJ8M8QVSu0j4qtAAAA: Sending packet PING data None - MainProcess:Thread-1 (run_server)
2025-01-23 15:39:33,049 - engineio.server:39 - INFO - LCrJ8M8QVSu0j4qtAAAA: Received packet PONG data  - MainProcess:Thread-1 (run_server)
2025-01-23 15:39:57,056 - engineio.server:39 - INFO - LCrJ8M8QVSu0j4qtAAAA: Received packet MESSAGE data 2["compile_and_run",{"code":"using System;\n\nclass Program\n{\n    static void Main()\n    {\n        Console.WriteLine(\"Hello! Please enter your name:\");\n        string name = Console.ReadLine();\n        Console.WriteLine($\"Nice to meet you, {name}!\");\n    }\n}"}] - MainProcess:Thread-1 (run_server)
2025-01-23 15:39:57,058 - __main__:183 - INFO - Starting compilation session session_1737646797 for client lVRhcpYxZy_eOZNyAAAB - MainProcess:Thread-1 (run_server)
2025-01-23 15:39:57,058 - __main__:62 - INFO - Created new console session: session_1737646797 (active: True) - MainProcess:Thread-1 (run_server)
2025-01-23 15:41:16,796 - werkzeug:96 - INFO -  * Detected change in '/home/runner/workspace/app.py', reloading - MainProcess:MainThread
