2025-01-23 17:53:10,288 - __main__:25 - INFO - Starting application initialization... - MainProcess:MainThread
2025-01-23 17:53:10,350 - engineio.server:112 - INFO - Server initialized for eventlet. - MainProcess:MainThread
2025-01-23 17:53:10,674 - app:25 - INFO - Starting application initialization... - MainProcess:MainThread
2025-01-23 17:53:10,740 - engineio.server:112 - INFO - Server initialized for eventlet. - MainProcess:MainThread
2025-01-23 17:53:11,825 - __main__:113 - INFO - Database tables created successfully - MainProcess:MainThread
2025-01-23 17:53:11,826 - werkzeug:96 - WARNING -  * Debugger is active! - MainProcess:MainThread
2025-01-23 17:53:11,828 - werkzeug:96 - INFO -  * Debugger PIN: 142-671-246 - MainProcess:MainThread
2025-01-23 17:53:12,121 - app:113 - INFO - Database tables created successfully - MainProcess:MainThread
2025-01-23 17:53:12,210 - __main__:122 - INFO - Starting index page render - MainProcess:Thread-1 (run_server)
2025-01-23 17:53:12,210 - __main__:123 - DEBUG - Rendering index page with template parameters: title='Ontario Secondary Computer Science Curriculum', lang='en' - MainProcess:Thread-1 (run_server)
2025-01-23 17:53:12,242 - __main__:129 - INFO - Successfully rendered index page - MainProcess:Thread-1 (run_server)
2025-01-23 17:53:12,273 - __main__:23 - INFO - Starting database table creation... - MainProcess:MainThread
2025-01-23 17:53:12,590 - __main__:30 - INFO - Existing tables: ['student', 'student_achievement', 'achievement', 'student_progress', 'coding_activity', 'code_submission', 'shared_code', 'audit_log', 'courses', 'strands', 'overall_expectations', 'specific_expectations'] - MainProcess:MainThread
2025-01-23 17:53:13,114 - engineio.server:78 - INFO - 6Hy60ZDUiVnJvUD_AAAA: Sending packet OPEN data {'sid': '6Hy60ZDUiVnJvUD_AAAA', 'upgrades': [], 'pingTimeout': 60000, 'pingInterval': 25000, 'maxPayload': 100000000.0} - MainProcess:Thread-1 (run_server)
2025-01-23 17:53:13,116 - engineio.server:90 - INFO - 6Hy60ZDUiVnJvUD_AAAA: Received request to upgrade to websocket - MainProcess:Thread-1 (run_server)
2025-01-23 17:53:13,117 - engineio.server:219 - INFO - 6Hy60ZDUiVnJvUD_AAAA: Upgrade to websocket successful - MainProcess:Thread-1 (run_server)
2025-01-23 17:53:13,204 - engineio.server:39 - INFO - 6Hy60ZDUiVnJvUD_AAAA: Received packet MESSAGE data 0 - MainProcess:Thread-1 (run_server)
2025-01-23 17:53:13,211 - __main__:147 - INFO - Client connected: {"sid": "AYnTpyf0AhAR4ZhmAAAB", "transport": "websocket", "user_agent": "Mozilla/5.0 (Macintosh; Intel Mac OS X 10_15_7) AppleWebKit/537.36 (KHTML, like Gecko) Chrome/132.0.0.0 Safari/537.36", "remote_addr": "172.31.196.39"} - MainProcess:Thread-1 (run_server)
2025-01-23 17:53:13,213 - engineio.server:78 - INFO - 6Hy60ZDUiVnJvUD_AAAA: Sending packet MESSAGE data 2["connected",{"status":"success","message":"Connected to server","sid":"AYnTpyf0AhAR4ZhmAAAB"}] - MainProcess:Thread-1 (run_server)
2025-01-23 17:53:13,214 - engineio.server:78 - INFO - 6Hy60ZDUiVnJvUD_AAAA: Sending packet MESSAGE data 0{"sid":"AYnTpyf0AhAR4ZhmAAAB"} - MainProcess:Thread-1 (run_server)
2025-01-23 17:53:13,743 - __main__:37 - INFO - Tables after creation: ['student', 'student_achievement', 'achievement', 'student_progress', 'coding_activity', 'code_submission', 'shared_code', 'audit_log', 'courses', 'strands', 'overall_expectations', 'specific_expectations'] - MainProcess:MainThread
2025-01-23 17:53:13,765 - __main__:46 - INFO - Database tables created successfully! - MainProcess:MainThread
