2025-01-23 15:53:27,422 - __main__:25 - INFO - Starting application initialization... - MainProcess:MainThread
2025-01-23 15:53:27,555 - engineio.server:112 - INFO - Server initialized for eventlet. - MainProcess:MainThread
2025-01-23 15:53:28,534 - __main__:113 - INFO - Database tables created successfully - MainProcess:MainThread
2025-01-23 15:53:28,544 - werkzeug:96 - WARNING -  * Debugger is active! - MainProcess:MainThread
2025-01-23 15:53:28,551 - werkzeug:96 - INFO -  * Debugger PIN: 888-241-139 - MainProcess:MainThread
2025-01-23 15:53:29,037 - __main__:120 - DEBUG - Rendering index page - MainProcess:Thread-1 (run_server)
2025-01-23 15:53:29,425 - __main__:120 - DEBUG - Rendering index page - MainProcess:Thread-1 (run_server)
2025-01-23 15:53:29,692 - __main__:120 - DEBUG - Rendering index page - MainProcess:Thread-1 (run_server)
2025-01-23 15:53:29,962 - engineio.server:78 - INFO - PhGs5Bp8e-w8eroGAAAA: Sending packet OPEN data {'sid': 'PhGs5Bp8e-w8eroGAAAA', 'upgrades': [], 'pingTimeout': 60000, 'pingInterval': 25000, 'maxPayload': 100000000.0} - MainProcess:Thread-1 (run_server)
2025-01-23 15:53:29,962 - engineio.server:90 - INFO - PhGs5Bp8e-w8eroGAAAA: Received request to upgrade to websocket - MainProcess:Thread-1 (run_server)
2025-01-23 15:53:29,962 - engineio.server:219 - INFO - PhGs5Bp8e-w8eroGAAAA: Upgrade to websocket successful - MainProcess:Thread-1 (run_server)
2025-01-23 15:53:30,030 - engineio.server:39 - INFO - PhGs5Bp8e-w8eroGAAAA: Received packet MESSAGE data 0 - MainProcess:Thread-1 (run_server)
2025-01-23 15:53:30,033 - __main__:137 - INFO - Client connected: {"sid": "iNe2fbRVCYTRlAxgAAAB", "transport": "websocket", "user_agent": "Mozilla/5.0 (Macintosh; Intel Mac OS X 10_15_7) AppleWebKit/537.36 (KHTML, like Gecko) Chrome/132.0.0.0 Safari/537.36", "remote_addr": "172.31.196.39"} - MainProcess:Thread-1 (run_server)
2025-01-23 15:53:30,033 - engineio.server:78 - INFO - PhGs5Bp8e-w8eroGAAAA: Sending packet MESSAGE data 2["connected",{"status":"success","message":"Connected to server","sid":"iNe2fbRVCYTRlAxgAAAB"}] - MainProcess:Thread-1 (run_server)
2025-01-23 15:53:30,033 - engineio.server:78 - INFO - PhGs5Bp8e-w8eroGAAAA: Sending packet MESSAGE data 0{"sid":"iNe2fbRVCYTRlAxgAAAB"} - MainProcess:Thread-1 (run_server)
2025-01-23 15:53:30,044 - engineio.server:78 - INFO - z9Ne_X3i9lsjHvtVAAAC: Sending packet OPEN data {'sid': 'z9Ne_X3i9lsjHvtVAAAC', 'upgrades': [], 'pingTimeout': 60000, 'pingInterval': 25000, 'maxPayload': 100000000.0} - MainProcess:Thread-1 (run_server)
2025-01-23 15:53:30,044 - engineio.server:90 - INFO - z9Ne_X3i9lsjHvtVAAAC: Received request to upgrade to websocket - MainProcess:Thread-1 (run_server)
2025-01-23 15:53:30,045 - engineio.server:219 - INFO - z9Ne_X3i9lsjHvtVAAAC: Upgrade to websocket successful - MainProcess:Thread-1 (run_server)
2025-01-23 15:53:30,050 - engineio.server:39 - INFO - z9Ne_X3i9lsjHvtVAAAC: Received packet MESSAGE data 0 - MainProcess:Thread-1 (run_server)
2025-01-23 15:53:30,051 - __main__:137 - INFO - Client connected: {"sid": "kAqm9YPEh2GMA19hAAAD", "transport": "websocket", "user_agent": "Mozilla/5.0 (X11; Linux x86_64) AppleWebKit/537.36 (KHTML, like Gecko) HeadlessChrome/118.0.5993.88 Safari/537.36", "remote_addr": "172.31.196.39"} - MainProcess:Thread-1 (run_server)
2025-01-23 15:53:30,052 - engineio.server:78 - INFO - z9Ne_X3i9lsjHvtVAAAC: Sending packet MESSAGE data 2["connected",{"status":"success","message":"Connected to server","sid":"kAqm9YPEh2GMA19hAAAD"}] - MainProcess:Thread-1 (run_server)
2025-01-23 15:53:30,052 - engineio.server:78 - INFO - z9Ne_X3i9lsjHvtVAAAC: Sending packet MESSAGE data 0{"sid":"kAqm9YPEh2GMA19hAAAD"} - MainProcess:Thread-1 (run_server)
2025-01-23 15:53:30,265 - engineio.server:78 - INFO - q4G33LqbkoVkfsTtAAAE: Sending packet OPEN data {'sid': 'q4G33LqbkoVkfsTtAAAE', 'upgrades': [], 'pingTimeout': 60000, 'pingInterval': 25000, 'maxPayload': 100000000.0} - MainProcess:Thread-1 (run_server)
2025-01-23 15:53:30,265 - engineio.server:90 - INFO - q4G33LqbkoVkfsTtAAAE: Received request to upgrade to websocket - MainProcess:Thread-1 (run_server)
2025-01-23 15:53:30,265 - engineio.server:219 - INFO - q4G33LqbkoVkfsTtAAAE: Upgrade to websocket successful - MainProcess:Thread-1 (run_server)
2025-01-23 15:53:30,332 - engineio.server:39 - INFO - q4G33LqbkoVkfsTtAAAE: Received packet MESSAGE data 0 - MainProcess:Thread-1 (run_server)
2025-01-23 15:53:30,333 - __main__:137 - INFO - Client connected: {"sid": "gTrmfgiWV1CpWEgoAAAF", "transport": "websocket", "user_agent": "Mozilla/5.0 (Macintosh; Intel Mac OS X 10_15_7) AppleWebKit/537.36 (KHTML, like Gecko) Chrome/132.0.0.0 Safari/537.36", "remote_addr": "172.31.196.39"} - MainProcess:Thread-1 (run_server)
2025-01-23 15:53:30,333 - engineio.server:78 - INFO - q4G33LqbkoVkfsTtAAAE: Sending packet MESSAGE data 2["connected",{"status":"success","message":"Connected to server","sid":"gTrmfgiWV1CpWEgoAAAF"}] - MainProcess:Thread-1 (run_server)
2025-01-23 15:53:30,334 - engineio.server:78 - INFO - q4G33LqbkoVkfsTtAAAE: Sending packet MESSAGE data 0{"sid":"gTrmfgiWV1CpWEgoAAAF"} - MainProcess:Thread-1 (run_server)
2025-01-23 15:53:30,491 - __main__:156 - INFO - Client disconnecting: kAqm9YPEh2GMA19hAAAD - MainProcess:Thread-1 (run_server)
2025-01-23 15:53:30,491 - __main__:167 - INFO - Client disconnected: kAqm9YPEh2GMA19hAAAD - MainProcess:Thread-1 (run_server)
