2025-01-23 15:04:46,195 - engineio.server:112 - INFO - Server initialized for eventlet. - MainProcess:MainThread
2025-01-23 15:04:47,074 - app:88 - INFO - Database tables created successfully - MainProcess:MainThread
2025-01-23 15:04:47,206 - engineio.server:112 - INFO - Server initialized for eventlet. - MainProcess:MainThread
2025-01-23 15:04:47,242 - __main__:333 - INFO - Starting ICD2O curriculum import process... - MainProcess:MainThread
2025-01-23 15:04:48,013 - __main__:55 - INFO - Successfully cleared existing data for course ICD2O - MainProcess:MainThread
2025-01-23 15:04:48,403 - app:88 - INFO - Database tables created successfully - MainProcess:MainThread
2025-01-23 15:04:48,494 - __main__:354 - INFO - Created course: ICD2O - MainProcess:MainThread
2025-01-23 15:04:48,495 - __main__:86 - INFO - Creating strand A - MainProcess:MainThread
2025-01-23 15:04:48,575 - __main__:96 - INFO - Created strand A: Computational Thinking and Making Connections - MainProcess:MainThread
2025-01-23 15:04:48,582 - __main__:86 - INFO - Creating strand B - MainProcess:MainThread
2025-01-23 15:04:48,719 - __main__:96 - INFO - Created strand B: Hardware, Software, and Innovations - MainProcess:MainThread
2025-01-23 15:04:48,719 - __main__:86 - INFO - Creating strand C - MainProcess:MainThread
2025-01-23 15:04:48,837 - __main__:96 - INFO - Created strand C: Programming - MainProcess:MainThread
2025-01-23 15:04:49,160 - __main__:47 - INFO - Starting ICS3U curriculum import process... - MainProcess:MainThread
2025-01-23 15:04:49,224 - __main__:282 - INFO - Processing expectations for strand A - MainProcess:MainThread
2025-01-23 15:04:49,225 - __main__:285 - INFO - Creating overall expectation A1 - MainProcess:MainThread
2025-01-23 15:04:49,286 - __main__:304 - DEBUG - Creating specific expectation A1.1 - MainProcess:MainThread
2025-01-23 15:04:49,289 - __main__:304 - DEBUG - Creating specific expectation A1.2 - MainProcess:MainThread
2025-01-23 15:04:49,312 - __main__:304 - DEBUG - Creating specific expectation A1.3 - MainProcess:MainThread
2025-01-23 15:04:49,408 - __main__:314 - INFO - Created overall expectation A1 with its specific expectations - MainProcess:MainThread
2025-01-23 15:04:49,426 - __main__:285 - INFO - Creating overall expectation A2 - MainProcess:MainThread
2025-01-23 15:04:49,501 - __main__:304 - DEBUG - Creating specific expectation A2.1 - MainProcess:MainThread
2025-01-23 15:04:49,501 - __main__:304 - DEBUG - Creating specific expectation A2.2 - MainProcess:MainThread
2025-01-23 15:04:49,600 - __main__:86 - INFO - Successfully updated strand titles and overall descriptions - MainProcess:MainThread
2025-01-23 15:04:49,612 - __main__:314 - INFO - Created overall expectation A2 with its specific expectations - MainProcess:MainThread
2025-01-23 15:04:49,613 - __main__:285 - INFO - Creating overall expectation A3 - MainProcess:MainThread
2025-01-23 15:04:49,771 - __main__:304 - DEBUG - Creating specific expectation A3.1 - MainProcess:MainThread
2025-01-23 15:04:49,786 - __main__:304 - DEBUG - Creating specific expectation A3.2 - MainProcess:MainThread
2025-01-23 15:04:49,920 - __main__:314 - INFO - Created overall expectation A3 with its specific expectations - MainProcess:MainThread
2025-01-23 15:04:49,922 - __main__:316 - INFO - Completed processing expectations for strand A - MainProcess:MainThread
2025-01-23 15:04:50,001 - __main__:282 - INFO - Processing expectations for strand B - MainProcess:MainThread
2025-01-23 15:04:50,005 - __main__:285 - INFO - Creating overall expectation B1 - MainProcess:MainThread
2025-01-23 15:04:50,322 - __main__:304 - DEBUG - Creating specific expectation B1.1 - MainProcess:MainThread
2025-01-23 15:04:50,332 - __main__:304 - DEBUG - Creating specific expectation B1.2 - MainProcess:MainThread
2025-01-23 15:04:50,422 - __main__:314 - INFO - Created overall expectation B1 with its specific expectations - MainProcess:MainThread
2025-01-23 15:04:50,436 - __main__:285 - INFO - Creating overall expectation B2 - MainProcess:MainThread
2025-01-23 15:04:50,500 - __main__:304 - DEBUG - Creating specific expectation B2.1 - MainProcess:MainThread
2025-01-23 15:04:50,501 - __main__:304 - DEBUG - Creating specific expectation B2.2 - MainProcess:MainThread
2025-01-23 15:04:50,561 - __main__:314 - INFO - Created overall expectation B2 with its specific expectations - MainProcess:MainThread
2025-01-23 15:04:50,562 - __main__:285 - INFO - Creating overall expectation B3 - MainProcess:MainThread
2025-01-23 15:04:50,623 - __main__:304 - DEBUG - Creating specific expectation B3.1 - MainProcess:MainThread
2025-01-23 15:04:50,631 - __main__:304 - DEBUG - Creating specific expectation B3.2 - MainProcess:MainThread
2025-01-23 15:04:50,714 - __main__:314 - INFO - Created overall expectation B3 with its specific expectations - MainProcess:MainThread
2025-01-23 15:04:50,734 - __main__:285 - INFO - Creating overall expectation B4 - MainProcess:MainThread
2025-01-23 15:04:50,806 - __main__:304 - DEBUG - Creating specific expectation B4.1 - MainProcess:MainThread
2025-01-23 15:04:50,807 - __main__:304 - DEBUG - Creating specific expectation B4.2 - MainProcess:MainThread
2025-01-23 15:04:50,869 - __main__:314 - INFO - Created overall expectation B4 with its specific expectations - MainProcess:MainThread
2025-01-23 15:04:50,869 - __main__:316 - INFO - Completed processing expectations for strand B - MainProcess:MainThread
2025-01-23 15:04:50,948 - __main__:282 - INFO - Processing expectations for strand C - MainProcess:MainThread
2025-01-23 15:04:50,950 - __main__:285 - INFO - Creating overall expectation C1 - MainProcess:MainThread
2025-01-23 15:04:51,195 - __main__:304 - DEBUG - Creating specific expectation C1.1 - MainProcess:MainThread
2025-01-23 15:04:51,195 - __main__:304 - DEBUG - Creating specific expectation C1.2 - MainProcess:MainThread
2025-01-23 15:04:51,202 - __main__:304 - DEBUG - Creating specific expectation C1.3 - MainProcess:MainThread
2025-01-23 15:04:51,391 - __main__:314 - INFO - Created overall expectation C1 with its specific expectations - MainProcess:MainThread
2025-01-23 15:04:51,391 - __main__:285 - INFO - Creating overall expectation C2 - MainProcess:MainThread
2025-01-23 15:04:51,483 - __main__:304 - DEBUG - Creating specific expectation C2.1 - MainProcess:MainThread
2025-01-23 15:04:51,492 - __main__:304 - DEBUG - Creating specific expectation C2.2 - MainProcess:MainThread
2025-01-23 15:04:51,572 - __main__:314 - INFO - Created overall expectation C2 with its specific expectations - MainProcess:MainThread
2025-01-23 15:04:51,584 - __main__:285 - INFO - Creating overall expectation C3 - MainProcess:MainThread
2025-01-23 15:04:51,661 - __main__:304 - DEBUG - Creating specific expectation C3.1 - MainProcess:MainThread
2025-01-23 15:04:51,661 - __main__:304 - DEBUG - Creating specific expectation C3.2 - MainProcess:MainThread
2025-01-23 15:04:51,734 - __main__:314 - INFO - Created overall expectation C3 with its specific expectations - MainProcess:MainThread
2025-01-23 15:04:51,734 - __main__:316 - INFO - Completed processing expectations for strand C - MainProcess:MainThread
2025-01-23 15:04:52,251 - __main__:377 - INFO - Final verification: - MainProcess:MainThread
2025-01-23 15:04:52,254 - __main__:378 - INFO - - Course: ICD2O - MainProcess:MainThread
2025-01-23 15:04:52,254 - __main__:379 - INFO - - Strands: 3 - MainProcess:MainThread
2025-01-23 15:04:52,256 - __main__:380 - INFO - - Overall Expectations: 10 - MainProcess:MainThread
2025-01-23 15:04:52,261 - __main__:381 - INFO - - Specific Expectations: 22 - MainProcess:MainThread
