2025-01-23 15:41:28,580 - __main__:25 - INFO - Starting application initialization... - MainProcess:MainThread
2025-01-23 15:41:28,639 - engineio.server:112 - INFO - Server initialized for eventlet. - MainProcess:MainThread
2025-01-23 15:41:29,520 - __main__:113 - INFO - Database tables created successfully - MainProcess:MainThread
2025-01-23 15:41:29,529 - werkzeug:96 - WARNING -  * Debugger is active! - MainProcess:MainThread
2025-01-23 15:41:29,534 - werkzeug:96 - INFO -  * Debugger PIN: 113-168-488 - MainProcess:MainThread
2025-01-23 15:41:29,905 - __main__:120 - DEBUG - Rendering index page - MainProcess:Thread-1 (run_server)
2025-01-23 15:41:30,377 - __main__:120 - DEBUG - Rendering index page - MainProcess:Thread-1 (run_server)
2025-01-23 15:41:30,694 - engineio.server:78 - INFO - W20ari3IKC6w6Pg0AAAA: Sending packet OPEN data {'sid': 'W20ari3IKC6w6Pg0AAAA', 'upgrades': [], 'pingTimeout': 60000, 'pingInterval': 25000, 'maxPayload': 100000000.0} - MainProcess:Thread-1 (run_server)
2025-01-23 15:41:30,694 - engineio.server:90 - INFO - W20ari3IKC6w6Pg0AAAA: Received request to upgrade to websocket - MainProcess:Thread-1 (run_server)
2025-01-23 15:41:30,694 - engineio.server:219 - INFO - W20ari3IKC6w6Pg0AAAA: Upgrade to websocket successful - MainProcess:Thread-1 (run_server)
2025-01-23 15:41:30,766 - engineio.server:39 - INFO - W20ari3IKC6w6Pg0AAAA: Received packet MESSAGE data 0 - MainProcess:Thread-1 (run_server)
2025-01-23 15:41:30,768 - __main__:137 - INFO - Client connected: {"sid": "8bDl4Prh-rLNwx3_AAAB", "transport": "websocket", "user_agent": "Mozilla/5.0 (Macintosh; Intel Mac OS X 10_15_7) AppleWebKit/537.36 (KHTML, like Gecko) Chrome/132.0.0.0 Safari/537.36", "remote_addr": "172.31.196.39"} - MainProcess:Thread-1 (run_server)
2025-01-23 15:41:30,769 - engineio.server:78 - INFO - W20ari3IKC6w6Pg0AAAA: Sending packet MESSAGE data 2["connected",{"status":"success","message":"Connected to server","sid":"8bDl4Prh-rLNwx3_AAAB"}] - MainProcess:Thread-1 (run_server)
2025-01-23 15:41:30,769 - engineio.server:78 - INFO - W20ari3IKC6w6Pg0AAAA: Sending packet MESSAGE data 0{"sid":"8bDl4Prh-rLNwx3_AAAB"} - MainProcess:Thread-1 (run_server)
2025-01-23 15:41:30,841 - __main__:120 - DEBUG - Rendering index page - MainProcess:Thread-1 (run_server)
2025-01-23 15:41:31,103 - engineio.server:78 - INFO - QFkxinzkqcUw3FnpAAAC: Sending packet OPEN data {'sid': 'QFkxinzkqcUw3FnpAAAC', 'upgrades': [], 'pingTimeout': 60000, 'pingInterval': 25000, 'maxPayload': 100000000.0} - MainProcess:Thread-1 (run_server)
2025-01-23 15:41:31,103 - engineio.server:90 - INFO - QFkxinzkqcUw3FnpAAAC: Received request to upgrade to websocket - MainProcess:Thread-1 (run_server)
2025-01-23 15:41:31,104 - engineio.server:219 - INFO - QFkxinzkqcUw3FnpAAAC: Upgrade to websocket successful - MainProcess:Thread-1 (run_server)
2025-01-23 15:41:31,176 - engineio.server:39 - INFO - QFkxinzkqcUw3FnpAAAC: Received packet MESSAGE data 0 - MainProcess:Thread-1 (run_server)
2025-01-23 15:41:31,181 - __main__:137 - INFO - Client connected: {"sid": "ni2PDp8gKaEOTp7-AAAD", "transport": "websocket", "user_agent": "Mozilla/5.0 (Macintosh; Intel Mac OS X 10_15_7) AppleWebKit/537.36 (KHTML, like Gecko) Chrome/132.0.0.0 Safari/537.36", "remote_addr": "172.31.196.39"} - MainProcess:Thread-1 (run_server)
2025-01-23 15:41:31,181 - engineio.server:78 - INFO - QFkxinzkqcUw3FnpAAAC: Sending packet MESSAGE data 2["connected",{"status":"success","message":"Connected to server","sid":"ni2PDp8gKaEOTp7-AAAD"}] - MainProcess:Thread-1 (run_server)
2025-01-23 15:41:31,184 - engineio.server:78 - INFO - QFkxinzkqcUw3FnpAAAC: Sending packet MESSAGE data 0{"sid":"ni2PDp8gKaEOTp7-AAAD"} - MainProcess:Thread-1 (run_server)
2025-01-23 15:41:31,368 - engineio.server:78 - INFO - Ki9VlKg9OVRdCRYrAAAE: Sending packet OPEN data {'sid': 'Ki9VlKg9OVRdCRYrAAAE', 'upgrades': [], 'pingTimeout': 60000, 'pingInterval': 25000, 'maxPayload': 100000000.0} - MainProcess:Thread-1 (run_server)
2025-01-23 15:41:31,368 - engineio.server:90 - INFO - Ki9VlKg9OVRdCRYrAAAE: Received request to upgrade to websocket - MainProcess:Thread-1 (run_server)
2025-01-23 15:41:31,369 - engineio.server:219 - INFO - Ki9VlKg9OVRdCRYrAAAE: Upgrade to websocket successful - MainProcess:Thread-1 (run_server)
2025-01-23 15:41:31,383 - engineio.server:39 - INFO - Ki9VlKg9OVRdCRYrAAAE: Received packet MESSAGE data 0 - MainProcess:Thread-1 (run_server)
2025-01-23 15:41:31,387 - __main__:137 - INFO - Client connected: {"sid": "qddy3AnHd12WerEWAAAF", "transport": "websocket", "user_agent": "Mozilla/5.0 (X11; Linux x86_64) AppleWebKit/537.36 (KHTML, like Gecko) HeadlessChrome/118.0.5993.88 Safari/537.36", "remote_addr": "172.31.196.39"} - MainProcess:Thread-1 (run_server)
2025-01-23 15:41:31,387 - engineio.server:78 - INFO - Ki9VlKg9OVRdCRYrAAAE: Sending packet MESSAGE data 2["connected",{"status":"success","message":"Connected to server","sid":"qddy3AnHd12WerEWAAAF"}] - MainProcess:Thread-1 (run_server)
2025-01-23 15:41:31,388 - engineio.server:78 - INFO - Ki9VlKg9OVRdCRYrAAAE: Sending packet MESSAGE data 0{"sid":"qddy3AnHd12WerEWAAAF"} - MainProcess:Thread-1 (run_server)
2025-01-23 15:41:31,979 - __main__:156 - INFO - Client disconnecting: qddy3AnHd12WerEWAAAF - MainProcess:Thread-1 (run_server)
2025-01-23 15:41:32,014 - __main__:167 - INFO - Client disconnected: qddy3AnHd12WerEWAAAF - MainProcess:Thread-1 (run_server)
2025-01-23 15:41:55,719 - engineio.server:78 - INFO - W20ari3IKC6w6Pg0AAAA: Sending packet PING data None - MainProcess:Thread-1 (run_server)
2025-01-23 15:41:55,787 - engineio.server:39 - INFO - W20ari3IKC6w6Pg0AAAA: Received packet PONG data  - MainProcess:Thread-1 (run_server)
2025-01-23 15:41:56,104 - engineio.server:78 - INFO - QFkxinzkqcUw3FnpAAAC: Sending packet PING data None - MainProcess:Thread-1 (run_server)
2025-01-23 15:41:56,171 - engineio.server:39 - INFO - QFkxinzkqcUw3FnpAAAC: Received packet PONG data  - MainProcess:Thread-1 (run_server)
2025-01-23 15:42:08,375 - engineio.server:39 - INFO - QFkxinzkqcUw3FnpAAAC: Received packet MESSAGE data 2["compile_and_run",{"code":"using System;\n\nclass Program\n{\n    static void Main()\n    {\n        Console.WriteLine(\"Hello! Please enter your name:\");\n        string name = Console.ReadLine();\n        Console.WriteLine($\"Nice to meet you, {name}!\");\n    }\n}"}] - MainProcess:Thread-1 (run_server)
2025-01-23 15:42:08,376 - __main__:183 - INFO - Starting compilation session session_1737646928 for client ni2PDp8gKaEOTp7-AAAD - MainProcess:Thread-1 (run_server)
2025-01-23 15:42:08,376 - __main__:62 - INFO - Created new console session: session_1737646928 (active: True) - MainProcess:Thread-1 (run_server)
