2025-01-23 14:50:47,610 - engineio.server:112 - INFO - Server initialized for eventlet. - MainProcess:MainThread
2025-01-23 14:50:48,545 - app:64 - INFO - Database tables created successfully - MainProcess:MainThread
2025-01-23 14:50:48,681 - engineio.server:112 - INFO - Server initialized for eventlet. - MainProcess:MainThread
2025-01-23 14:50:49,703 - app:64 - INFO - Database tables created successfully - MainProcess:MainThread
2025-01-23 14:50:49,793 - __main__:48 - INFO - Found in file: c2.1 concevoir des algorithmes qui répondent à des problèmes mathématiques donnés.
 - MainProcess:MainThread
2025-01-23 14:50:49,843 - __main__:333 - INFO - Starting ICD2O curriculum import process... - MainProcess:MainThread
2025-01-23 14:50:50,511 - __main__:62 - INFO - Database Content: - MainProcess:MainThread
2025-01-23 14:50:50,511 - __main__:63 - INFO - -------------------------------------------------- - MainProcess:MainThread
2025-01-23 14:50:50,511 - __main__:64 - INFO - Strand: - MainProcess:MainThread
2025-01-23 14:50:50,511 - __main__:65 - INFO - - Code: C - MainProcess:MainThread
2025-01-23 14:50:50,512 - __main__:66 - INFO - - Title (FR): Programmation - MainProcess:MainThread
2025-01-23 14:50:50,512 - __main__:67 - INFO - - Title (EN): Programming - MainProcess:MainThread
2025-01-23 14:50:50,512 - __main__:69 - INFO - 
Overall Expectation: - MainProcess:MainThread
2025-01-23 14:50:50,512 - __main__:70 - INFO - - Code: C2 - MainProcess:MainThread
2025-01-23 14:50:50,512 - __main__:71 - INFO - - Description (FR): Écriture - MainProcess:MainThread
2025-01-23 14:50:50,513 - __main__:72 - INFO - - Description (EN): Writing - MainProcess:MainThread
2025-01-23 14:50:50,513 - __main__:74 - INFO - 
Specific Expectation: - MainProcess:MainThread
2025-01-23 14:50:50,513 - __main__:75 - INFO - - Code: C2.1 - MainProcess:MainThread
2025-01-23 14:50:50,513 - __main__:76 - INFO - - Description (FR): Écrire du code clair et maintenable en utilisant les conventions appropriées - MainProcess:MainThread
2025-01-23 14:50:50,513 - __main__:77 - INFO - - Description (EN): Write clear and maintainable code using proper conventions - MainProcess:MainThread
2025-01-23 14:50:50,513 - __main__:93 - INFO - 
All required fields are present - MainProcess:MainThread
2025-01-23 14:50:50,913 - __main__:55 - INFO - Successfully cleared existing data for course ICD2O - MainProcess:MainThread
2025-01-23 14:50:51,359 - __main__:354 - INFO - Created course: ICD2O - MainProcess:MainThread
2025-01-23 14:50:51,360 - __main__:86 - INFO - Creating strand A - MainProcess:MainThread
2025-01-23 14:50:51,430 - __main__:96 - INFO - Created strand A: Computational Thinking and Making Connections - MainProcess:MainThread
2025-01-23 14:50:51,431 - __main__:86 - INFO - Creating strand B - MainProcess:MainThread
2025-01-23 14:50:51,502 - __main__:96 - INFO - Created strand B: Hardware, Software, and Innovations - MainProcess:MainThread
2025-01-23 14:50:51,502 - __main__:86 - INFO - Creating strand C - MainProcess:MainThread
2025-01-23 14:50:51,563 - __main__:96 - INFO - Created strand C: Programming - MainProcess:MainThread
2025-01-23 14:50:51,971 - __main__:282 - INFO - Processing expectations for strand A - MainProcess:MainThread
2025-01-23 14:50:51,972 - __main__:285 - INFO - Creating overall expectation A1 - MainProcess:MainThread
2025-01-23 14:50:52,061 - __main__:304 - DEBUG - Creating specific expectation A1.1 - MainProcess:MainThread
2025-01-23 14:50:52,062 - __main__:304 - DEBUG - Creating specific expectation A1.2 - MainProcess:MainThread
2025-01-23 14:50:52,062 - __main__:304 - DEBUG - Creating specific expectation A1.3 - MainProcess:MainThread
2025-01-23 14:50:52,142 - __main__:314 - INFO - Created overall expectation A1 with its specific expectations - MainProcess:MainThread
2025-01-23 14:50:52,157 - __main__:285 - INFO - Creating overall expectation A2 - MainProcess:MainThread
2025-01-23 14:50:52,222 - __main__:304 - DEBUG - Creating specific expectation A2.1 - MainProcess:MainThread
2025-01-23 14:50:52,222 - __main__:304 - DEBUG - Creating specific expectation A2.2 - MainProcess:MainThread
2025-01-23 14:50:52,281 - __main__:314 - INFO - Created overall expectation A2 with its specific expectations - MainProcess:MainThread
2025-01-23 14:50:52,281 - __main__:285 - INFO - Creating overall expectation A3 - MainProcess:MainThread
2025-01-23 14:50:52,341 - __main__:304 - DEBUG - Creating specific expectation A3.1 - MainProcess:MainThread
2025-01-23 14:50:52,342 - __main__:304 - DEBUG - Creating specific expectation A3.2 - MainProcess:MainThread
2025-01-23 14:50:52,403 - __main__:314 - INFO - Created overall expectation A3 with its specific expectations - MainProcess:MainThread
2025-01-23 14:50:52,403 - __main__:316 - INFO - Completed processing expectations for strand A - MainProcess:MainThread
2025-01-23 14:50:52,461 - __main__:282 - INFO - Processing expectations for strand B - MainProcess:MainThread
2025-01-23 14:50:52,461 - __main__:285 - INFO - Creating overall expectation B1 - MainProcess:MainThread
2025-01-23 14:50:52,720 - __main__:304 - DEBUG - Creating specific expectation B1.1 - MainProcess:MainThread
2025-01-23 14:50:52,720 - __main__:304 - DEBUG - Creating specific expectation B1.2 - MainProcess:MainThread
2025-01-23 14:50:52,781 - __main__:314 - INFO - Created overall expectation B1 with its specific expectations - MainProcess:MainThread
2025-01-23 14:50:52,789 - __main__:285 - INFO - Creating overall expectation B2 - MainProcess:MainThread
2025-01-23 14:50:52,854 - __main__:304 - DEBUG - Creating specific expectation B2.1 - MainProcess:MainThread
2025-01-23 14:50:52,861 - __main__:304 - DEBUG - Creating specific expectation B2.2 - MainProcess:MainThread
2025-01-23 14:50:52,950 - __main__:314 - INFO - Created overall expectation B2 with its specific expectations - MainProcess:MainThread
2025-01-23 14:50:52,950 - __main__:285 - INFO - Creating overall expectation B3 - MainProcess:MainThread
2025-01-23 14:50:53,036 - __main__:304 - DEBUG - Creating specific expectation B3.1 - MainProcess:MainThread
2025-01-23 14:50:53,036 - __main__:304 - DEBUG - Creating specific expectation B3.2 - MainProcess:MainThread
2025-01-23 14:50:53,131 - __main__:314 - INFO - Created overall expectation B3 with its specific expectations - MainProcess:MainThread
2025-01-23 14:50:53,132 - __main__:285 - INFO - Creating overall expectation B4 - MainProcess:MainThread
2025-01-23 14:50:53,197 - __main__:304 - DEBUG - Creating specific expectation B4.1 - MainProcess:MainThread
2025-01-23 14:50:53,200 - __main__:304 - DEBUG - Creating specific expectation B4.2 - MainProcess:MainThread
2025-01-23 14:50:53,268 - __main__:314 - INFO - Created overall expectation B4 with its specific expectations - MainProcess:MainThread
2025-01-23 14:50:53,270 - __main__:316 - INFO - Completed processing expectations for strand B - MainProcess:MainThread
2025-01-23 14:50:53,332 - __main__:282 - INFO - Processing expectations for strand C - MainProcess:MainThread
2025-01-23 14:50:53,355 - __main__:285 - INFO - Creating overall expectation C1 - MainProcess:MainThread
2025-01-23 14:50:53,627 - __main__:304 - DEBUG - Creating specific expectation C1.1 - MainProcess:MainThread
2025-01-23 14:50:53,627 - __main__:304 - DEBUG - Creating specific expectation C1.2 - MainProcess:MainThread
2025-01-23 14:50:53,628 - __main__:304 - DEBUG - Creating specific expectation C1.3 - MainProcess:MainThread
2025-01-23 14:50:53,692 - __main__:314 - INFO - Created overall expectation C1 with its specific expectations - MainProcess:MainThread
2025-01-23 14:50:53,693 - __main__:285 - INFO - Creating overall expectation C2 - MainProcess:MainThread
2025-01-23 14:50:53,766 - __main__:304 - DEBUG - Creating specific expectation C2.1 - MainProcess:MainThread
2025-01-23 14:50:53,768 - __main__:304 - DEBUG - Creating specific expectation C2.2 - MainProcess:MainThread
2025-01-23 14:50:53,833 - __main__:314 - INFO - Created overall expectation C2 with its specific expectations - MainProcess:MainThread
2025-01-23 14:50:53,841 - __main__:285 - INFO - Creating overall expectation C3 - MainProcess:MainThread
2025-01-23 14:50:53,946 - __main__:304 - DEBUG - Creating specific expectation C3.1 - MainProcess:MainThread
2025-01-23 14:50:53,966 - __main__:304 - DEBUG - Creating specific expectation C3.2 - MainProcess:MainThread
2025-01-23 14:50:54,066 - __main__:314 - INFO - Created overall expectation C3 with its specific expectations - MainProcess:MainThread
2025-01-23 14:50:54,067 - __main__:316 - INFO - Completed processing expectations for strand C - MainProcess:MainThread
2025-01-23 14:50:54,598 - __main__:377 - INFO - Final verification: - MainProcess:MainThread
2025-01-23 14:50:54,599 - __main__:378 - INFO - - Course: ICD2O - MainProcess:MainThread
2025-01-23 14:50:54,600 - __main__:379 - INFO - - Strands: 3 - MainProcess:MainThread
2025-01-23 14:50:54,601 - __main__:380 - INFO - - Overall Expectations: 10 - MainProcess:MainThread
2025-01-23 14:50:54,602 - __main__:381 - INFO - - Specific Expectations: 22 - MainProcess:MainThread
