2025-01-23 15:56:27,655 - __main__:25 - INFO - Starting application initialization... - MainProcess:MainThread
2025-01-23 15:56:27,772 - engineio.server:112 - INFO - Server initialized for eventlet. - MainProcess:MainThread
2025-01-23 15:56:28,734 - __main__:113 - INFO - Database tables created successfully - MainProcess:MainThread
2025-01-23 15:56:28,735 - werkzeug:96 - WARNING -  * Debugger is active! - MainProcess:MainThread
2025-01-23 15:56:28,737 - werkzeug:96 - INFO -  * Debugger PIN: 143-205-375 - MainProcess:MainThread
2025-01-23 15:56:29,112 - __main__:120 - DEBUG - Rendering index page - MainProcess:Thread-1 (run_server)
2025-01-23 15:56:29,659 - __main__:120 - DEBUG - Rendering index page - MainProcess:Thread-1 (run_server)
2025-01-23 15:56:29,943 - __main__:120 - DEBUG - Rendering index page - MainProcess:Thread-1 (run_server)
2025-01-23 15:56:30,021 - engineio.server:78 - INFO - yyjzCpMAyXRho-5lAAAA: Sending packet OPEN data {'sid': 'yyjzCpMAyXRho-5lAAAA', 'upgrades': [], 'pingTimeout': 60000, 'pingInterval': 25000, 'maxPayload': 100000000.0} - MainProcess:Thread-1 (run_server)
2025-01-23 15:56:30,022 - engineio.server:90 - INFO - yyjzCpMAyXRho-5lAAAA: Received request to upgrade to websocket - MainProcess:Thread-1 (run_server)
2025-01-23 15:56:30,022 - engineio.server:219 - INFO - yyjzCpMAyXRho-5lAAAA: Upgrade to websocket successful - MainProcess:Thread-1 (run_server)
2025-01-23 15:56:30,093 - engineio.server:39 - INFO - yyjzCpMAyXRho-5lAAAA: Received packet MESSAGE data 0 - MainProcess:Thread-1 (run_server)
2025-01-23 15:56:30,095 - __main__:137 - INFO - Client connected: {"sid": "UQAj6_QkZVtPHpjDAAAB", "transport": "websocket", "user_agent": "Mozilla/5.0 (Macintosh; Intel Mac OS X 10_15_7) AppleWebKit/537.36 (KHTML, like Gecko) Chrome/132.0.0.0 Safari/537.36", "remote_addr": "172.31.196.39"} - MainProcess:Thread-1 (run_server)
2025-01-23 15:56:30,096 - engineio.server:78 - INFO - yyjzCpMAyXRho-5lAAAA: Sending packet MESSAGE data 2["connected",{"status":"success","message":"Connected to server","sid":"UQAj6_QkZVtPHpjDAAAB"}] - MainProcess:Thread-1 (run_server)
2025-01-23 15:56:30,096 - engineio.server:78 - INFO - yyjzCpMAyXRho-5lAAAA: Sending packet MESSAGE data 0{"sid":"UQAj6_QkZVtPHpjDAAAB"} - MainProcess:Thread-1 (run_server)
2025-01-23 15:56:30,291 - engineio.server:78 - INFO - b3h5exHvstMTUQGnAAAC: Sending packet OPEN data {'sid': 'b3h5exHvstMTUQGnAAAC', 'upgrades': [], 'pingTimeout': 60000, 'pingInterval': 25000, 'maxPayload': 100000000.0} - MainProcess:Thread-1 (run_server)
2025-01-23 15:56:30,292 - engineio.server:90 - INFO - b3h5exHvstMTUQGnAAAC: Received request to upgrade to websocket - MainProcess:Thread-1 (run_server)
2025-01-23 15:56:30,292 - engineio.server:219 - INFO - b3h5exHvstMTUQGnAAAC: Upgrade to websocket successful - MainProcess:Thread-1 (run_server)
2025-01-23 15:56:30,297 - engineio.server:39 - INFO - b3h5exHvstMTUQGnAAAC: Received packet MESSAGE data 0 - MainProcess:Thread-1 (run_server)
2025-01-23 15:56:30,298 - __main__:137 - INFO - Client connected: {"sid": "Kn_-89rE0H-2Gm5IAAAD", "transport": "websocket", "user_agent": "Mozilla/5.0 (X11; Linux x86_64) AppleWebKit/537.36 (KHTML, like Gecko) HeadlessChrome/118.0.5993.88 Safari/537.36", "remote_addr": "172.31.196.39"} - MainProcess:Thread-1 (run_server)
2025-01-23 15:56:30,298 - engineio.server:78 - INFO - b3h5exHvstMTUQGnAAAC: Sending packet MESSAGE data 2["connected",{"status":"success","message":"Connected to server","sid":"Kn_-89rE0H-2Gm5IAAAD"}] - MainProcess:Thread-1 (run_server)
2025-01-23 15:56:30,299 - engineio.server:78 - INFO - b3h5exHvstMTUQGnAAAC: Sending packet MESSAGE data 0{"sid":"Kn_-89rE0H-2Gm5IAAAD"} - MainProcess:Thread-1 (run_server)
2025-01-23 15:56:30,306 - engineio.server:78 - INFO - SDM1fOKVSJRA6eOKAAAE: Sending packet OPEN data {'sid': 'SDM1fOKVSJRA6eOKAAAE', 'upgrades': [], 'pingTimeout': 60000, 'pingInterval': 25000, 'maxPayload': 100000000.0} - MainProcess:Thread-1 (run_server)
2025-01-23 15:56:30,306 - engineio.server:90 - INFO - SDM1fOKVSJRA6eOKAAAE: Received request to upgrade to websocket - MainProcess:Thread-1 (run_server)
2025-01-23 15:56:30,306 - engineio.server:219 - INFO - SDM1fOKVSJRA6eOKAAAE: Upgrade to websocket successful - MainProcess:Thread-1 (run_server)
2025-01-23 15:56:30,372 - engineio.server:39 - INFO - SDM1fOKVSJRA6eOKAAAE: Received packet MESSAGE data 0 - MainProcess:Thread-1 (run_server)
2025-01-23 15:56:30,373 - __main__:137 - INFO - Client connected: {"sid": "T2sHG4BdYKam0iqFAAAF", "transport": "websocket", "user_agent": "Mozilla/5.0 (Macintosh; Intel Mac OS X 10_15_7) AppleWebKit/537.36 (KHTML, like Gecko) Chrome/132.0.0.0 Safari/537.36", "remote_addr": "172.31.196.39"} - MainProcess:Thread-1 (run_server)
2025-01-23 15:56:30,374 - engineio.server:78 - INFO - SDM1fOKVSJRA6eOKAAAE: Sending packet MESSAGE data 2["connected",{"status":"success","message":"Connected to server","sid":"T2sHG4BdYKam0iqFAAAF"}] - MainProcess:Thread-1 (run_server)
2025-01-23 15:56:30,374 - engineio.server:78 - INFO - SDM1fOKVSJRA6eOKAAAE: Sending packet MESSAGE data 0{"sid":"T2sHG4BdYKam0iqFAAAF"} - MainProcess:Thread-1 (run_server)
2025-01-23 15:56:30,745 - __main__:156 - INFO - Client disconnecting: Kn_-89rE0H-2Gm5IAAAD - MainProcess:Thread-1 (run_server)
2025-01-23 15:56:30,746 - __main__:167 - INFO - Client disconnected: Kn_-89rE0H-2Gm5IAAAD - MainProcess:Thread-1 (run_server)
2025-01-23 15:56:55,046 - engineio.server:78 - INFO - yyjzCpMAyXRho-5lAAAA: Sending packet PING data None - MainProcess:Thread-1 (run_server)
2025-01-23 15:56:55,113 - engineio.server:39 - INFO - yyjzCpMAyXRho-5lAAAA: Received packet PONG data  - MainProcess:Thread-1 (run_server)
2025-01-23 15:56:55,307 - engineio.server:78 - INFO - SDM1fOKVSJRA6eOKAAAE: Sending packet PING data None - MainProcess:Thread-1 (run_server)
2025-01-23 15:56:55,373 - engineio.server:39 - INFO - SDM1fOKVSJRA6eOKAAAE: Received packet PONG data  - MainProcess:Thread-1 (run_server)
2025-01-23 15:56:55,667 - engineio.server:39 - INFO - SDM1fOKVSJRA6eOKAAAE: Received packet MESSAGE data 2["compile_and_run",{"code":"using System;\n\nclass Program\n{\n    static void Main()\n    {\n        Console.WriteLine(\"Hello! Please enter your name:\");\n        string name = Console.ReadLine();\n        Console.WriteLine($\"Nice to meet you, {name}!\");\n    }\n}"}] - MainProcess:Thread-1 (run_server)
2025-01-23 15:56:55,668 - __main__:183 - INFO - Starting compilation session session_1737647815 for client T2sHG4BdYKam0iqFAAAF - MainProcess:Thread-1 (run_server)
2025-01-23 15:56:55,669 - __main__:62 - INFO - Created new console session: session_1737647815 (active: True) - MainProcess:Thread-1 (run_server)
2025-01-23 15:58:42,242 - werkzeug:96 - INFO -  * Detected change in '/home/runner/workspace/app.py', reloading - MainProcess:MainThread
