2025-01-23 15:00:24,923 - engineio.server:112 - INFO - Server initialized for eventlet. - MainProcess:MainThread
2025-01-23 15:00:25,839 - app:88 - INFO - Database tables created successfully - MainProcess:MainThread
2025-01-23 15:00:25,911 - __main__:333 - INFO - Starting ICD2O curriculum import process... - MainProcess:MainThread
2025-01-23 15:00:26,614 - __main__:55 - INFO - Successfully cleared existing data for course ICD2O - MainProcess:MainThread
2025-01-23 15:00:27,059 - __main__:354 - INFO - Created course: ICD2O - MainProcess:MainThread
2025-01-23 15:00:27,074 - __main__:86 - INFO - Creating strand A - MainProcess:MainThread
2025-01-23 15:00:27,136 - __main__:96 - INFO - Created strand A: Computational Thinking and Making Connections - MainProcess:MainThread
2025-01-23 15:00:27,136 - __main__:86 - INFO - Creating strand B - MainProcess:MainThread
2025-01-23 15:00:27,199 - __main__:96 - INFO - Created strand B: Hardware, Software, and Innovations - MainProcess:MainThread
2025-01-23 15:00:27,200 - __main__:86 - INFO - Creating strand C - MainProcess:MainThread
2025-01-23 15:00:27,275 - __main__:96 - INFO - Created strand C: Programming - MainProcess:MainThread
2025-01-23 15:00:27,668 - __main__:282 - INFO - Processing expectations for strand A - MainProcess:MainThread
2025-01-23 15:00:27,668 - __main__:285 - INFO - Creating overall expectation A1 - MainProcess:MainThread
2025-01-23 15:00:27,734 - __main__:304 - DEBUG - Creating specific expectation A1.1 - MainProcess:MainThread
2025-01-23 15:00:27,739 - __main__:304 - DEBUG - Creating specific expectation A1.2 - MainProcess:MainThread
2025-01-23 15:00:27,744 - __main__:304 - DEBUG - Creating specific expectation A1.3 - MainProcess:MainThread
2025-01-23 15:00:27,811 - __main__:314 - INFO - Created overall expectation A1 with its specific expectations - MainProcess:MainThread
2025-01-23 15:00:27,811 - __main__:285 - INFO - Creating overall expectation A2 - MainProcess:MainThread
2025-01-23 15:00:27,894 - __main__:304 - DEBUG - Creating specific expectation A2.1 - MainProcess:MainThread
2025-01-23 15:00:27,894 - __main__:304 - DEBUG - Creating specific expectation A2.2 - MainProcess:MainThread
2025-01-23 15:00:27,957 - __main__:314 - INFO - Created overall expectation A2 with its specific expectations - MainProcess:MainThread
2025-01-23 15:00:27,957 - __main__:285 - INFO - Creating overall expectation A3 - MainProcess:MainThread
2025-01-23 15:00:28,066 - __main__:304 - DEBUG - Creating specific expectation A3.1 - MainProcess:MainThread
2025-01-23 15:00:28,066 - __main__:304 - DEBUG - Creating specific expectation A3.2 - MainProcess:MainThread
2025-01-23 15:00:28,174 - __main__:314 - INFO - Created overall expectation A3 with its specific expectations - MainProcess:MainThread
2025-01-23 15:00:28,197 - __main__:316 - INFO - Completed processing expectations for strand A - MainProcess:MainThread
2025-01-23 15:00:28,349 - __main__:282 - INFO - Processing expectations for strand B - MainProcess:MainThread
2025-01-23 15:00:28,349 - __main__:285 - INFO - Creating overall expectation B1 - MainProcess:MainThread
2025-01-23 15:00:28,651 - __main__:304 - DEBUG - Creating specific expectation B1.1 - MainProcess:MainThread
2025-01-23 15:00:28,651 - __main__:304 - DEBUG - Creating specific expectation B1.2 - MainProcess:MainThread
2025-01-23 15:00:28,711 - __main__:314 - INFO - Created overall expectation B1 with its specific expectations - MainProcess:MainThread
2025-01-23 15:00:28,711 - __main__:285 - INFO - Creating overall expectation B2 - MainProcess:MainThread
2025-01-23 15:00:28,772 - __main__:304 - DEBUG - Creating specific expectation B2.1 - MainProcess:MainThread
2025-01-23 15:00:28,772 - __main__:304 - DEBUG - Creating specific expectation B2.2 - MainProcess:MainThread
2025-01-23 15:00:28,831 - __main__:314 - INFO - Created overall expectation B2 with its specific expectations - MainProcess:MainThread
2025-01-23 15:00:28,832 - __main__:285 - INFO - Creating overall expectation B3 - MainProcess:MainThread
2025-01-23 15:00:28,894 - __main__:304 - DEBUG - Creating specific expectation B3.1 - MainProcess:MainThread
2025-01-23 15:00:28,899 - __main__:304 - DEBUG - Creating specific expectation B3.2 - MainProcess:MainThread
2025-01-23 15:00:28,995 - __main__:314 - INFO - Created overall expectation B3 with its specific expectations - MainProcess:MainThread
2025-01-23 15:00:28,996 - __main__:285 - INFO - Creating overall expectation B4 - MainProcess:MainThread
2025-01-23 15:00:29,054 - __main__:304 - DEBUG - Creating specific expectation B4.1 - MainProcess:MainThread
2025-01-23 15:00:29,055 - __main__:304 - DEBUG - Creating specific expectation B4.2 - MainProcess:MainThread
2025-01-23 15:00:29,116 - __main__:314 - INFO - Created overall expectation B4 with its specific expectations - MainProcess:MainThread
2025-01-23 15:00:29,116 - __main__:316 - INFO - Completed processing expectations for strand B - MainProcess:MainThread
2025-01-23 15:00:29,175 - __main__:282 - INFO - Processing expectations for strand C - MainProcess:MainThread
2025-01-23 15:00:29,176 - __main__:285 - INFO - Creating overall expectation C1 - MainProcess:MainThread
2025-01-23 15:00:29,407 - __main__:304 - DEBUG - Creating specific expectation C1.1 - MainProcess:MainThread
2025-01-23 15:00:29,411 - __main__:304 - DEBUG - Creating specific expectation C1.2 - MainProcess:MainThread
2025-01-23 15:00:29,413 - __main__:304 - DEBUG - Creating specific expectation C1.3 - MainProcess:MainThread
2025-01-23 15:00:29,482 - __main__:314 - INFO - Created overall expectation C1 with its specific expectations - MainProcess:MainThread
2025-01-23 15:00:29,482 - __main__:285 - INFO - Creating overall expectation C2 - MainProcess:MainThread
2025-01-23 15:00:29,545 - __main__:304 - DEBUG - Creating specific expectation C2.1 - MainProcess:MainThread
2025-01-23 15:00:29,545 - __main__:304 - DEBUG - Creating specific expectation C2.2 - MainProcess:MainThread
2025-01-23 15:00:29,606 - __main__:314 - INFO - Created overall expectation C2 with its specific expectations - MainProcess:MainThread
2025-01-23 15:00:29,627 - __main__:285 - INFO - Creating overall expectation C3 - MainProcess:MainThread
2025-01-23 15:00:29,691 - __main__:304 - DEBUG - Creating specific expectation C3.1 - MainProcess:MainThread
2025-01-23 15:00:29,694 - __main__:304 - DEBUG - Creating specific expectation C3.2 - MainProcess:MainThread
2025-01-23 15:00:29,827 - __main__:314 - INFO - Created overall expectation C3 with its specific expectations - MainProcess:MainThread
2025-01-23 15:00:29,828 - __main__:316 - INFO - Completed processing expectations for strand C - MainProcess:MainThread
2025-01-23 15:00:30,271 - __main__:377 - INFO - Final verification: - MainProcess:MainThread
2025-01-23 15:00:30,272 - __main__:378 - INFO - - Course: ICD2O - MainProcess:MainThread
2025-01-23 15:00:30,272 - __main__:379 - INFO - - Strands: 3 - MainProcess:MainThread
2025-01-23 15:00:30,272 - __main__:380 - INFO - - Overall Expectations: 10 - MainProcess:MainThread
2025-01-23 15:00:30,273 - __main__:381 - INFO - - Specific Expectations: 22 - MainProcess:MainThread
