2025-01-23 14:54:17,451 - engineio.server:112 - INFO - Server initialized for eventlet. - MainProcess:MainThread
2025-01-23 14:54:17,646 - engineio.server:112 - INFO - Server initialized for eventlet. - MainProcess:MainThread
2025-01-23 14:54:18,051 - engineio.server:112 - INFO - Server initialized for eventlet. - MainProcess:MainThread
2025-01-23 14:54:18,546 - app:64 - INFO - Database tables created successfully - MainProcess:MainThread
2025-01-23 14:54:18,724 - __main__:47 - INFO - Starting ICS3U curriculum import process... - MainProcess:MainThread
2025-01-23 14:54:18,825 - app:64 - INFO - Database tables created successfully - MainProcess:MainThread
2025-01-23 14:54:19,166 - __main__:333 - INFO - Starting ICD2O curriculum import process... - MainProcess:MainThread
2025-01-23 14:54:19,276 - app:64 - INFO - Database tables created successfully - MainProcess:MainThread
2025-01-23 14:54:19,345 - __main__:48 - INFO - Found in file: c2.1 concevoir des algorithmes qui répondent à des problèmes mathématiques donnés.
 - MainProcess:MainThread
2025-01-23 14:54:19,762 - __main__:62 - INFO - Database Content: - MainProcess:MainThread
2025-01-23 14:54:19,762 - __main__:63 - INFO - -------------------------------------------------- - MainProcess:MainThread
2025-01-23 14:54:19,762 - __main__:64 - INFO - Strand: - MainProcess:MainThread
2025-01-23 14:54:19,763 - __main__:65 - INFO - - Code: C - MainProcess:MainThread
2025-01-23 14:54:19,763 - __main__:66 - INFO - - Title (FR): Programmation - MainProcess:MainThread
2025-01-23 14:54:19,763 - __main__:67 - INFO - - Title (EN): Programming - MainProcess:MainThread
2025-01-23 14:54:19,763 - __main__:69 - INFO - 
Overall Expectation: - MainProcess:MainThread
2025-01-23 14:54:19,763 - __main__:70 - INFO - - Code: C2 - MainProcess:MainThread
2025-01-23 14:54:19,763 - __main__:71 - INFO - - Description (FR): Écriture - MainProcess:MainThread
2025-01-23 14:54:19,763 - __main__:72 - INFO - - Description (EN): Writing - MainProcess:MainThread
2025-01-23 14:54:19,766 - __main__:74 - INFO - 
Specific Expectation: - MainProcess:MainThread
2025-01-23 14:54:19,766 - __main__:75 - INFO - - Code: C2.1 - MainProcess:MainThread
2025-01-23 14:54:19,767 - __main__:76 - INFO - - Description (FR): Écrire du code clair et maintenable en utilisant les conventions appropriées - MainProcess:MainThread
2025-01-23 14:54:19,767 - __main__:77 - INFO - - Description (EN): Write clear and maintainable code using proper conventions - MainProcess:MainThread
2025-01-23 14:54:19,768 - __main__:93 - INFO - 
All required fields are present - MainProcess:MainThread
2025-01-23 14:54:20,262 - __main__:86 - INFO - Successfully updated strand titles and overall descriptions - MainProcess:MainThread
2025-01-23 14:54:20,792 - __main__:55 - INFO - Successfully cleared existing data for course ICD2O - MainProcess:MainThread
2025-01-23 14:54:21,207 - __main__:354 - INFO - Created course: ICD2O - MainProcess:MainThread
2025-01-23 14:54:21,211 - __main__:86 - INFO - Creating strand A - MainProcess:MainThread
2025-01-23 14:54:21,279 - __main__:96 - INFO - Created strand A: Computational Thinking and Making Connections - MainProcess:MainThread
2025-01-23 14:54:21,279 - __main__:86 - INFO - Creating strand B - MainProcess:MainThread
2025-01-23 14:54:21,336 - __main__:96 - INFO - Created strand B: Hardware, Software, and Innovations - MainProcess:MainThread
2025-01-23 14:54:21,337 - __main__:86 - INFO - Creating strand C - MainProcess:MainThread
2025-01-23 14:54:21,396 - __main__:96 - INFO - Created strand C: Programming - MainProcess:MainThread
2025-01-23 14:54:21,769 - __main__:282 - INFO - Processing expectations for strand A - MainProcess:MainThread
2025-01-23 14:54:21,774 - __main__:285 - INFO - Creating overall expectation A1 - MainProcess:MainThread
2025-01-23 14:54:21,844 - __main__:304 - DEBUG - Creating specific expectation A1.1 - MainProcess:MainThread
2025-01-23 14:54:21,844 - __main__:304 - DEBUG - Creating specific expectation A1.2 - MainProcess:MainThread
2025-01-23 14:54:21,844 - __main__:304 - DEBUG - Creating specific expectation A1.3 - MainProcess:MainThread
2025-01-23 14:54:21,908 - __main__:314 - INFO - Created overall expectation A1 with its specific expectations - MainProcess:MainThread
2025-01-23 14:54:21,908 - __main__:285 - INFO - Creating overall expectation A2 - MainProcess:MainThread
2025-01-23 14:54:21,967 - __main__:304 - DEBUG - Creating specific expectation A2.1 - MainProcess:MainThread
2025-01-23 14:54:21,968 - __main__:304 - DEBUG - Creating specific expectation A2.2 - MainProcess:MainThread
2025-01-23 14:54:22,034 - __main__:314 - INFO - Created overall expectation A2 with its specific expectations - MainProcess:MainThread
2025-01-23 14:54:22,034 - __main__:285 - INFO - Creating overall expectation A3 - MainProcess:MainThread
2025-01-23 14:54:22,093 - __main__:304 - DEBUG - Creating specific expectation A3.1 - MainProcess:MainThread
2025-01-23 14:54:22,093 - __main__:304 - DEBUG - Creating specific expectation A3.2 - MainProcess:MainThread
2025-01-23 14:54:22,163 - __main__:314 - INFO - Created overall expectation A3 with its specific expectations - MainProcess:MainThread
2025-01-23 14:54:22,164 - __main__:316 - INFO - Completed processing expectations for strand A - MainProcess:MainThread
2025-01-23 14:54:22,248 - __main__:282 - INFO - Processing expectations for strand B - MainProcess:MainThread
2025-01-23 14:54:22,266 - __main__:285 - INFO - Creating overall expectation B1 - MainProcess:MainThread
2025-01-23 14:54:22,598 - __main__:304 - DEBUG - Creating specific expectation B1.1 - MainProcess:MainThread
2025-01-23 14:54:22,600 - __main__:304 - DEBUG - Creating specific expectation B1.2 - MainProcess:MainThread
2025-01-23 14:54:22,657 - __main__:314 - INFO - Created overall expectation B1 with its specific expectations - MainProcess:MainThread
2025-01-23 14:54:22,657 - __main__:285 - INFO - Creating overall expectation B2 - MainProcess:MainThread
2025-01-23 14:54:22,716 - __main__:304 - DEBUG - Creating specific expectation B2.1 - MainProcess:MainThread
2025-01-23 14:54:22,717 - __main__:304 - DEBUG - Creating specific expectation B2.2 - MainProcess:MainThread
2025-01-23 14:54:22,786 - __main__:314 - INFO - Created overall expectation B2 with its specific expectations - MainProcess:MainThread
2025-01-23 14:54:22,794 - __main__:285 - INFO - Creating overall expectation B3 - MainProcess:MainThread
2025-01-23 14:54:22,858 - __main__:304 - DEBUG - Creating specific expectation B3.1 - MainProcess:MainThread
2025-01-23 14:54:22,868 - __main__:304 - DEBUG - Creating specific expectation B3.2 - MainProcess:MainThread
2025-01-23 14:54:22,926 - __main__:314 - INFO - Created overall expectation B3 with its specific expectations - MainProcess:MainThread
2025-01-23 14:54:22,935 - __main__:285 - INFO - Creating overall expectation B4 - MainProcess:MainThread
2025-01-23 14:54:22,997 - __main__:304 - DEBUG - Creating specific expectation B4.1 - MainProcess:MainThread
2025-01-23 14:54:23,001 - __main__:304 - DEBUG - Creating specific expectation B4.2 - MainProcess:MainThread
2025-01-23 14:54:23,067 - __main__:314 - INFO - Created overall expectation B4 with its specific expectations - MainProcess:MainThread
2025-01-23 14:54:23,098 - __main__:316 - INFO - Completed processing expectations for strand B - MainProcess:MainThread
2025-01-23 14:54:23,159 - __main__:282 - INFO - Processing expectations for strand C - MainProcess:MainThread
2025-01-23 14:54:23,159 - __main__:285 - INFO - Creating overall expectation C1 - MainProcess:MainThread
2025-01-23 14:54:23,385 - __main__:304 - DEBUG - Creating specific expectation C1.1 - MainProcess:MainThread
2025-01-23 14:54:23,385 - __main__:304 - DEBUG - Creating specific expectation C1.2 - MainProcess:MainThread
2025-01-23 14:54:23,386 - __main__:304 - DEBUG - Creating specific expectation C1.3 - MainProcess:MainThread
2025-01-23 14:54:23,455 - __main__:314 - INFO - Created overall expectation C1 with its specific expectations - MainProcess:MainThread
2025-01-23 14:54:23,455 - __main__:285 - INFO - Creating overall expectation C2 - MainProcess:MainThread
2025-01-23 14:54:23,514 - __main__:304 - DEBUG - Creating specific expectation C2.1 - MainProcess:MainThread
2025-01-23 14:54:23,515 - __main__:304 - DEBUG - Creating specific expectation C2.2 - MainProcess:MainThread
2025-01-23 14:54:23,596 - __main__:314 - INFO - Created overall expectation C2 with its specific expectations - MainProcess:MainThread
2025-01-23 14:54:23,603 - __main__:285 - INFO - Creating overall expectation C3 - MainProcess:MainThread
2025-01-23 14:54:23,668 - __main__:304 - DEBUG - Creating specific expectation C3.1 - MainProcess:MainThread
2025-01-23 14:54:23,668 - __main__:304 - DEBUG - Creating specific expectation C3.2 - MainProcess:MainThread
2025-01-23 14:54:23,766 - __main__:314 - INFO - Created overall expectation C3 with its specific expectations - MainProcess:MainThread
2025-01-23 14:54:23,767 - __main__:316 - INFO - Completed processing expectations for strand C - MainProcess:MainThread
2025-01-23 14:54:24,195 - __main__:377 - INFO - Final verification: - MainProcess:MainThread
2025-01-23 14:54:24,195 - __main__:378 - INFO - - Course: ICD2O - MainProcess:MainThread
2025-01-23 14:54:24,197 - __main__:379 - INFO - - Strands: 3 - MainProcess:MainThread
2025-01-23 14:54:24,198 - __main__:380 - INFO - - Overall Expectations: 10 - MainProcess:MainThread
2025-01-23 14:54:24,198 - __main__:381 - INFO - - Specific Expectations: 22 - MainProcess:MainThread
