2025-01-23 17:53:21,306 - __main__:25 - INFO - Starting application initialization... - MainProcess:MainThread
2025-01-23 17:53:21,331 - engineio.server:112 - INFO - Server initialized for eventlet. - MainProcess:MainThread
2025-01-23 17:53:22,242 - __main__:113 - INFO - Database tables created successfully - MainProcess:MainThread
2025-01-23 17:53:22,252 - werkzeug:96 - WARNING -  * Debugger is active! - MainProcess:MainThread
2025-01-23 17:53:22,254 - werkzeug:96 - INFO -  * Debugger PIN: 122-166-126 - MainProcess:MainThread
2025-01-23 17:53:22,545 - __main__:122 - INFO - Starting index page render - MainProcess:Thread-1 (run_server)
2025-01-23 17:53:22,547 - __main__:123 - DEBUG - Rendering index page with template parameters: title='Ontario Secondary Computer Science Curriculum', lang='en' - MainProcess:Thread-1 (run_server)
2025-01-23 17:53:22,588 - __main__:129 - INFO - Successfully rendered index page - MainProcess:Thread-1 (run_server)
2025-01-23 17:53:23,474 - engineio.server:78 - INFO - 9L2ZUN5xZ0mHFAC4AAAA: Sending packet OPEN data {'sid': '9L2ZUN5xZ0mHFAC4AAAA', 'upgrades': [], 'pingTimeout': 60000, 'pingInterval': 25000, 'maxPayload': 100000000.0} - MainProcess:Thread-1 (run_server)
2025-01-23 17:53:23,475 - engineio.server:90 - INFO - 9L2ZUN5xZ0mHFAC4AAAA: Received request to upgrade to websocket - MainProcess:Thread-1 (run_server)
2025-01-23 17:53:23,475 - engineio.server:219 - INFO - 9L2ZUN5xZ0mHFAC4AAAA: Upgrade to websocket successful - MainProcess:Thread-1 (run_server)
2025-01-23 17:53:23,545 - engineio.server:39 - INFO - 9L2ZUN5xZ0mHFAC4AAAA: Received packet MESSAGE data 0 - MainProcess:Thread-1 (run_server)
2025-01-23 17:53:23,547 - __main__:147 - INFO - Client connected: {"sid": "M7SWDYvllCx0lFzWAAAB", "transport": "websocket", "user_agent": "Mozilla/5.0 (Macintosh; Intel Mac OS X 10_15_7) AppleWebKit/537.36 (KHTML, like Gecko) Chrome/132.0.0.0 Safari/537.36", "remote_addr": "172.31.196.39"} - MainProcess:Thread-1 (run_server)
2025-01-23 17:53:23,547 - engineio.server:78 - INFO - 9L2ZUN5xZ0mHFAC4AAAA: Sending packet MESSAGE data 2["connected",{"status":"success","message":"Connected to server","sid":"M7SWDYvllCx0lFzWAAAB"}] - MainProcess:Thread-1 (run_server)
2025-01-23 17:53:23,548 - engineio.server:78 - INFO - 9L2ZUN5xZ0mHFAC4AAAA: Sending packet MESSAGE data 0{"sid":"M7SWDYvllCx0lFzWAAAB"} - MainProcess:Thread-1 (run_server)
2025-01-23 17:53:24,323 - __main__:122 - INFO - Starting index page render - MainProcess:Thread-1 (run_server)
2025-01-23 17:53:24,324 - __main__:123 - DEBUG - Rendering index page with template parameters: title='Ontario Secondary Computer Science Curriculum', lang='en' - MainProcess:Thread-1 (run_server)
2025-01-23 17:53:24,325 - __main__:129 - INFO - Successfully rendered index page - MainProcess:Thread-1 (run_server)
2025-01-23 17:53:24,849 - __main__:122 - INFO - Starting index page render - MainProcess:Thread-1 (run_server)
2025-01-23 17:53:24,850 - __main__:123 - DEBUG - Rendering index page with template parameters: title='Ontario Secondary Computer Science Curriculum', lang='en' - MainProcess:Thread-1 (run_server)
2025-01-23 17:53:24,855 - __main__:129 - INFO - Successfully rendered index page - MainProcess:Thread-1 (run_server)
2025-01-23 17:53:25,174 - engineio.server:78 - INFO - n8wb5E62JFbMM5OZAAAC: Sending packet OPEN data {'sid': 'n8wb5E62JFbMM5OZAAAC', 'upgrades': [], 'pingTimeout': 60000, 'pingInterval': 25000, 'maxPayload': 100000000.0} - MainProcess:Thread-1 (run_server)
2025-01-23 17:53:25,174 - engineio.server:90 - INFO - n8wb5E62JFbMM5OZAAAC: Received request to upgrade to websocket - MainProcess:Thread-1 (run_server)
2025-01-23 17:53:25,175 - engineio.server:219 - INFO - n8wb5E62JFbMM5OZAAAC: Upgrade to websocket successful - MainProcess:Thread-1 (run_server)
2025-01-23 17:53:25,243 - engineio.server:39 - INFO - n8wb5E62JFbMM5OZAAAC: Received packet MESSAGE data 0 - MainProcess:Thread-1 (run_server)
2025-01-23 17:53:25,246 - __main__:147 - INFO - Client connected: {"sid": "xtPRElNd20pz0FFkAAAD", "transport": "websocket", "user_agent": "Mozilla/5.0 (Macintosh; Intel Mac OS X 10_15_7) AppleWebKit/537.36 (KHTML, like Gecko) Chrome/132.0.0.0 Safari/537.36", "remote_addr": "172.31.196.39"} - MainProcess:Thread-1 (run_server)
2025-01-23 17:53:25,246 - engineio.server:78 - INFO - n8wb5E62JFbMM5OZAAAC: Sending packet MESSAGE data 2["connected",{"status":"success","message":"Connected to server","sid":"xtPRElNd20pz0FFkAAAD"}] - MainProcess:Thread-1 (run_server)
2025-01-23 17:53:25,248 - engineio.server:78 - INFO - n8wb5E62JFbMM5OZAAAC: Sending packet MESSAGE data 0{"sid":"xtPRElNd20pz0FFkAAAD"} - MainProcess:Thread-1 (run_server)
2025-01-23 17:53:25,488 - engineio.server:78 - INFO - ni03HJ0jiAcYa8XsAAAE: Sending packet OPEN data {'sid': 'ni03HJ0jiAcYa8XsAAAE', 'upgrades': [], 'pingTimeout': 60000, 'pingInterval': 25000, 'maxPayload': 100000000.0} - MainProcess:Thread-1 (run_server)
2025-01-23 17:53:25,489 - engineio.server:90 - INFO - ni03HJ0jiAcYa8XsAAAE: Received request to upgrade to websocket - MainProcess:Thread-1 (run_server)
2025-01-23 17:53:25,489 - engineio.server:219 - INFO - ni03HJ0jiAcYa8XsAAAE: Upgrade to websocket successful - MainProcess:Thread-1 (run_server)
2025-01-23 17:53:25,537 - engineio.server:39 - INFO - ni03HJ0jiAcYa8XsAAAE: Received packet MESSAGE data 0 - MainProcess:Thread-1 (run_server)
2025-01-23 17:53:25,541 - __main__:147 - INFO - Client connected: {"sid": "kzEm60QJfsYqf3E3AAAF", "transport": "websocket", "user_agent": "Mozilla/5.0 (X11; Linux x86_64) AppleWebKit/537.36 (KHTML, like Gecko) HeadlessChrome/118.0.5993.88 Safari/537.36", "remote_addr": "172.31.196.39"} - MainProcess:Thread-1 (run_server)
2025-01-23 17:53:25,542 - engineio.server:78 - INFO - ni03HJ0jiAcYa8XsAAAE: Sending packet MESSAGE data 2["connected",{"status":"success","message":"Connected to server","sid":"kzEm60QJfsYqf3E3AAAF"}] - MainProcess:Thread-1 (run_server)
2025-01-23 17:53:25,545 - engineio.server:78 - INFO - ni03HJ0jiAcYa8XsAAAE: Sending packet MESSAGE data 0{"sid":"kzEm60QJfsYqf3E3AAAF"} - MainProcess:Thread-1 (run_server)
2025-01-23 17:53:26,123 - __main__:166 - INFO - Client disconnecting: kzEm60QJfsYqf3E3AAAF - MainProcess:Thread-1 (run_server)
2025-01-23 17:53:26,123 - __main__:177 - INFO - Client disconnected: kzEm60QJfsYqf3E3AAAF - MainProcess:Thread-1 (run_server)
