2025-01-23 16:35:33,779 - __main__:25 - INFO - Starting application initialization... - MainProcess:MainThread
2025-01-23 16:35:33,822 - engineio.server:112 - INFO - Server initialized for eventlet. - MainProcess:MainThread
2025-01-23 16:35:37,273 - __main__:113 - INFO - Database tables created successfully - MainProcess:MainThread
2025-01-23 16:35:37,274 - werkzeug:96 - WARNING -  * Debugger is active! - MainProcess:MainThread
2025-01-23 16:35:37,276 - werkzeug:96 - INFO -  * Debugger PIN: 121-225-318 - MainProcess:MainThread
2025-01-23 16:35:37,570 - __main__:122 - INFO - Starting index page render - MainProcess:Thread-1 (run_server)
2025-01-23 16:35:37,570 - __main__:123 - DEBUG - Rendering index page with template parameters: title='Ontario Secondary Computer Science Curriculum', lang='en' - MainProcess:Thread-1 (run_server)
2025-01-23 16:35:37,585 - __main__:129 - INFO - Successfully rendered index page - MainProcess:Thread-1 (run_server)
2025-01-23 16:35:38,528 - engineio.server:78 - INFO - F_har7cDoDhnsuF_AAAA: Sending packet OPEN data {'sid': 'F_har7cDoDhnsuF_AAAA', 'upgrades': [], 'pingTimeout': 60000, 'pingInterval': 25000, 'maxPayload': 100000000.0} - MainProcess:Thread-1 (run_server)
2025-01-23 16:35:38,528 - engineio.server:90 - INFO - F_har7cDoDhnsuF_AAAA: Received request to upgrade to websocket - MainProcess:Thread-1 (run_server)
2025-01-23 16:35:38,529 - engineio.server:219 - INFO - F_har7cDoDhnsuF_AAAA: Upgrade to websocket successful - MainProcess:Thread-1 (run_server)
2025-01-23 16:35:38,597 - engineio.server:39 - INFO - F_har7cDoDhnsuF_AAAA: Received packet MESSAGE data 0 - MainProcess:Thread-1 (run_server)
2025-01-23 16:35:38,599 - __main__:147 - INFO - Client connected: {"sid": "hwSIga4FYrFbQpA-AAAB", "transport": "websocket", "user_agent": "Mozilla/5.0 (Macintosh; Intel Mac OS X 10_15_7) AppleWebKit/537.36 (KHTML, like Gecko) Chrome/132.0.0.0 Safari/537.36", "remote_addr": "172.31.196.39"} - MainProcess:Thread-1 (run_server)
2025-01-23 16:35:38,599 - engineio.server:78 - INFO - F_har7cDoDhnsuF_AAAA: Sending packet MESSAGE data 2["connected",{"status":"success","message":"Connected to server","sid":"hwSIga4FYrFbQpA-AAAB"}] - MainProcess:Thread-1 (run_server)
2025-01-23 16:35:38,600 - engineio.server:78 - INFO - F_har7cDoDhnsuF_AAAA: Sending packet MESSAGE data 0{"sid":"hwSIga4FYrFbQpA-AAAB"} - MainProcess:Thread-1 (run_server)
2025-01-23 16:36:03,554 - engineio.server:78 - INFO - F_har7cDoDhnsuF_AAAA: Sending packet PING data None - MainProcess:Thread-1 (run_server)
2025-01-23 16:36:03,622 - engineio.server:39 - INFO - F_har7cDoDhnsuF_AAAA: Received packet PONG data  - MainProcess:Thread-1 (run_server)
2025-01-23 16:36:28,647 - engineio.server:78 - INFO - F_har7cDoDhnsuF_AAAA: Sending packet PING data None - MainProcess:Thread-1 (run_server)
2025-01-23 16:36:28,716 - engineio.server:39 - INFO - F_har7cDoDhnsuF_AAAA: Received packet PONG data  - MainProcess:Thread-1 (run_server)
2025-01-23 16:36:53,732 - engineio.server:78 - INFO - F_har7cDoDhnsuF_AAAA: Sending packet PING data None - MainProcess:Thread-1 (run_server)
2025-01-23 16:36:53,801 - engineio.server:39 - INFO - F_har7cDoDhnsuF_AAAA: Received packet PONG data  - MainProcess:Thread-1 (run_server)
2025-01-23 16:37:10,481 - werkzeug:96 - INFO -  * Detected change in '/home/runner/workspace/compiler_service.py', reloading - MainProcess:MainThread
