2025-01-23 16:59:05,342 - __main__:25 - INFO - Starting application initialization... - MainProcess:MainThread
2025-01-23 16:59:05,394 - engineio.server:112 - INFO - Server initialized for eventlet. - MainProcess:MainThread
2025-01-23 16:59:05,856 - app:25 - INFO - Starting application initialization... - MainProcess:MainThread
2025-01-23 16:59:05,893 - engineio.server:112 - INFO - Server initialized for eventlet. - MainProcess:MainThread
2025-01-23 16:59:06,791 - __main__:113 - INFO - Database tables created successfully - MainProcess:MainThread
2025-01-23 16:59:06,813 - werkzeug:96 - WARNING -  * Debugger is active! - MainProcess:MainThread
2025-01-23 16:59:06,821 - werkzeug:96 - INFO -  * Debugger PIN: 114-261-966 - MainProcess:MainThread
2025-01-23 16:59:06,891 - app:113 - INFO - Database tables created successfully - MainProcess:MainThread
2025-01-23 16:59:07,149 - __main__:122 - INFO - Starting index page render - MainProcess:Thread-1 (run_server)
2025-01-23 16:59:07,150 - __main__:123 - DEBUG - Rendering index page with template parameters: title='Ontario Secondary Computer Science Curriculum', lang='en' - MainProcess:Thread-1 (run_server)
2025-01-23 16:59:07,210 - __main__:129 - INFO - Successfully rendered index page - MainProcess:Thread-1 (run_server)
2025-01-23 16:59:07,245 - __main__:23 - INFO - Starting database table creation... - MainProcess:MainThread
2025-01-23 16:59:07,581 - __main__:30 - INFO - Existing tables: ['student', 'student_achievement', 'achievement', 'student_progress', 'coding_activity', 'code_submission', 'shared_code', 'audit_log', 'courses', 'strands', 'overall_expectations', 'specific_expectations'] - MainProcess:MainThread
2025-01-23 16:59:08,797 - __main__:37 - INFO - Tables after creation: ['student', 'student_achievement', 'achievement', 'student_progress', 'coding_activity', 'code_submission', 'shared_code', 'audit_log', 'courses', 'strands', 'overall_expectations', 'specific_expectations'] - MainProcess:MainThread
2025-01-23 16:59:08,821 - __main__:46 - INFO - Database tables created successfully! - MainProcess:MainThread
2025-01-23 16:59:08,917 - engineio.server:78 - INFO - 2LKtnPT-Om1r8eqdAAAA: Sending packet OPEN data {'sid': '2LKtnPT-Om1r8eqdAAAA', 'upgrades': [], 'pingTimeout': 60000, 'pingInterval': 25000, 'maxPayload': 100000000.0} - MainProcess:Thread-1 (run_server)
2025-01-23 16:59:08,919 - engineio.server:90 - INFO - 2LKtnPT-Om1r8eqdAAAA: Received request to upgrade to websocket - MainProcess:Thread-1 (run_server)
2025-01-23 16:59:08,919 - engineio.server:219 - INFO - 2LKtnPT-Om1r8eqdAAAA: Upgrade to websocket successful - MainProcess:Thread-1 (run_server)
2025-01-23 16:59:09,021 - engineio.server:39 - INFO - 2LKtnPT-Om1r8eqdAAAA: Received packet MESSAGE data 0 - MainProcess:Thread-1 (run_server)
2025-01-23 16:59:09,022 - __main__:147 - INFO - Client connected: {"sid": "udu8Ur9sPF9L0-9SAAAB", "transport": "websocket", "user_agent": "Mozilla/5.0 (Macintosh; Intel Mac OS X 10_15_7) AppleWebKit/537.36 (KHTML, like Gecko) Chrome/132.0.0.0 Safari/537.36", "remote_addr": "172.31.196.39"} - MainProcess:Thread-1 (run_server)
2025-01-23 16:59:09,027 - engineio.server:78 - INFO - 2LKtnPT-Om1r8eqdAAAA: Sending packet MESSAGE data 2["connected",{"status":"success","message":"Connected to server","sid":"udu8Ur9sPF9L0-9SAAAB"}] - MainProcess:Thread-1 (run_server)
2025-01-23 16:59:09,028 - engineio.server:78 - INFO - 2LKtnPT-Om1r8eqdAAAA: Sending packet MESSAGE data 0{"sid":"udu8Ur9sPF9L0-9SAAAB"} - MainProcess:Thread-1 (run_server)
