2025-01-23 16:11:22,797 - __main__:25 - INFO - Starting application initialization... - MainProcess:MainThread
2025-01-23 16:11:22,825 - engineio.server:112 - INFO - Server initialized for eventlet. - MainProcess:MainThread
2025-01-23 16:11:23,706 - __main__:113 - INFO - Database tables created successfully - MainProcess:MainThread
2025-01-23 16:11:23,707 - werkzeug:96 - WARNING -  * Debugger is active! - MainProcess:MainThread
2025-01-23 16:11:23,710 - werkzeug:96 - INFO -  * Debugger PIN: 110-450-355 - MainProcess:MainThread
2025-01-23 16:11:23,957 - __main__:122 - INFO - Starting index page render - MainProcess:Thread-1 (run_server)
2025-01-23 16:11:23,957 - __main__:123 - DEBUG - Rendering index page with template parameters: title='Ontario Secondary Computer Science Curriculum', lang='en' - MainProcess:Thread-1 (run_server)
2025-01-23 16:11:23,974 - __main__:129 - INFO - Successfully rendered index page - MainProcess:Thread-1 (run_server)
2025-01-23 16:11:24,545 - __main__:122 - INFO - Starting index page render - MainProcess:Thread-1 (run_server)
2025-01-23 16:11:24,545 - __main__:123 - DEBUG - Rendering index page with template parameters: title='Ontario Secondary Computer Science Curriculum', lang='en' - MainProcess:Thread-1 (run_server)
2025-01-23 16:11:24,546 - __main__:129 - INFO - Successfully rendered index page - MainProcess:Thread-1 (run_server)
2025-01-23 16:11:24,766 - __main__:122 - INFO - Starting index page render - MainProcess:Thread-1 (run_server)
2025-01-23 16:11:24,767 - __main__:123 - DEBUG - Rendering index page with template parameters: title='Ontario Secondary Computer Science Curriculum', lang='en' - MainProcess:Thread-1 (run_server)
2025-01-23 16:11:24,767 - __main__:129 - INFO - Successfully rendered index page - MainProcess:Thread-1 (run_server)
2025-01-23 16:11:24,932 - engineio.server:78 - INFO - SLDLG8YVVd4VZkElAAAA: Sending packet OPEN data {'sid': 'SLDLG8YVVd4VZkElAAAA', 'upgrades': [], 'pingTimeout': 60000, 'pingInterval': 25000, 'maxPayload': 100000000.0} - MainProcess:Thread-1 (run_server)
2025-01-23 16:11:24,932 - engineio.server:90 - INFO - SLDLG8YVVd4VZkElAAAA: Received request to upgrade to websocket - MainProcess:Thread-1 (run_server)
2025-01-23 16:11:24,933 - engineio.server:219 - INFO - SLDLG8YVVd4VZkElAAAA: Upgrade to websocket successful - MainProcess:Thread-1 (run_server)
2025-01-23 16:11:25,000 - engineio.server:39 - INFO - SLDLG8YVVd4VZkElAAAA: Received packet MESSAGE data 0 - MainProcess:Thread-1 (run_server)
2025-01-23 16:11:25,002 - __main__:147 - INFO - Client connected: {"sid": "cuk0YqUKKmGFC_-AAAAB", "transport": "websocket", "user_agent": "Mozilla/5.0 (Macintosh; Intel Mac OS X 10_15_7) AppleWebKit/537.36 (KHTML, like Gecko) Chrome/132.0.0.0 Safari/537.36", "remote_addr": "172.31.196.39"} - MainProcess:Thread-1 (run_server)
2025-01-23 16:11:25,002 - engineio.server:78 - INFO - SLDLG8YVVd4VZkElAAAA: Sending packet MESSAGE data 2["connected",{"status":"success","message":"Connected to server","sid":"cuk0YqUKKmGFC_-AAAAB"}] - MainProcess:Thread-1 (run_server)
2025-01-23 16:11:25,002 - engineio.server:78 - INFO - SLDLG8YVVd4VZkElAAAA: Sending packet MESSAGE data 0{"sid":"cuk0YqUKKmGFC_-AAAAB"} - MainProcess:Thread-1 (run_server)
2025-01-23 16:11:25,137 - engineio.server:78 - INFO - vffWe7DveGgE0VGLAAAC: Sending packet OPEN data {'sid': 'vffWe7DveGgE0VGLAAAC', 'upgrades': [], 'pingTimeout': 60000, 'pingInterval': 25000, 'maxPayload': 100000000.0} - MainProcess:Thread-1 (run_server)
2025-01-23 16:11:25,137 - engineio.server:90 - INFO - vffWe7DveGgE0VGLAAAC: Received request to upgrade to websocket - MainProcess:Thread-1 (run_server)
2025-01-23 16:11:25,137 - engineio.server:219 - INFO - vffWe7DveGgE0VGLAAAC: Upgrade to websocket successful - MainProcess:Thread-1 (run_server)
2025-01-23 16:11:25,143 - engineio.server:39 - INFO - vffWe7DveGgE0VGLAAAC: Received packet MESSAGE data 0 - MainProcess:Thread-1 (run_server)
2025-01-23 16:11:25,144 - __main__:147 - INFO - Client connected: {"sid": "_fjmeXQGLQKoXMNfAAAD", "transport": "websocket", "user_agent": "Mozilla/5.0 (X11; Linux x86_64) AppleWebKit/537.36 (KHTML, like Gecko) HeadlessChrome/118.0.5993.88 Safari/537.36", "remote_addr": "172.31.196.39"} - MainProcess:Thread-1 (run_server)
2025-01-23 16:11:25,145 - engineio.server:78 - INFO - vffWe7DveGgE0VGLAAAC: Sending packet MESSAGE data 2["connected",{"status":"success","message":"Connected to server","sid":"_fjmeXQGLQKoXMNfAAAD"}] - MainProcess:Thread-1 (run_server)
2025-01-23 16:11:25,145 - engineio.server:78 - INFO - vffWe7DveGgE0VGLAAAC: Sending packet MESSAGE data 0{"sid":"_fjmeXQGLQKoXMNfAAAD"} - MainProcess:Thread-1 (run_server)
2025-01-23 16:11:25,217 - engineio.server:78 - INFO - jeHxYmOfoFQhxIyxAAAE: Sending packet OPEN data {'sid': 'jeHxYmOfoFQhxIyxAAAE', 'upgrades': [], 'pingTimeout': 60000, 'pingInterval': 25000, 'maxPayload': 100000000.0} - MainProcess:Thread-1 (run_server)
2025-01-23 16:11:25,217 - engineio.server:90 - INFO - jeHxYmOfoFQhxIyxAAAE: Received request to upgrade to websocket - MainProcess:Thread-1 (run_server)
2025-01-23 16:11:25,217 - engineio.server:219 - INFO - jeHxYmOfoFQhxIyxAAAE: Upgrade to websocket successful - MainProcess:Thread-1 (run_server)
2025-01-23 16:11:25,283 - engineio.server:39 - INFO - jeHxYmOfoFQhxIyxAAAE: Received packet MESSAGE data 0 - MainProcess:Thread-1 (run_server)
2025-01-23 16:11:25,285 - __main__:147 - INFO - Client connected: {"sid": "PFHkYc9bpwvVBs-1AAAF", "transport": "websocket", "user_agent": "Mozilla/5.0 (Macintosh; Intel Mac OS X 10_15_7) AppleWebKit/537.36 (KHTML, like Gecko) Chrome/132.0.0.0 Safari/537.36", "remote_addr": "172.31.196.39"} - MainProcess:Thread-1 (run_server)
2025-01-23 16:11:25,285 - engineio.server:78 - INFO - jeHxYmOfoFQhxIyxAAAE: Sending packet MESSAGE data 2["connected",{"status":"success","message":"Connected to server","sid":"PFHkYc9bpwvVBs-1AAAF"}] - MainProcess:Thread-1 (run_server)
2025-01-23 16:11:25,286 - engineio.server:78 - INFO - jeHxYmOfoFQhxIyxAAAE: Sending packet MESSAGE data 0{"sid":"PFHkYc9bpwvVBs-1AAAF"} - MainProcess:Thread-1 (run_server)
2025-01-23 16:11:25,575 - __main__:166 - INFO - Client disconnecting: _fjmeXQGLQKoXMNfAAAD - MainProcess:Thread-1 (run_server)
2025-01-23 16:11:25,576 - __main__:177 - INFO - Client disconnected: _fjmeXQGLQKoXMNfAAAD - MainProcess:Thread-1 (run_server)
