2025-01-23 17:45:31,545 - __main__:25 - INFO - Starting application initialization... - MainProcess:MainThread
2025-01-23 17:45:31,573 - engineio.server:112 - INFO - Server initialized for eventlet. - MainProcess:MainThread
2025-01-23 17:45:32,501 - __main__:113 - INFO - Database tables created successfully - MainProcess:MainThread
2025-01-23 17:45:32,502 - werkzeug:96 - WARNING -  * Debugger is active! - MainProcess:MainThread
2025-01-23 17:45:32,504 - werkzeug:96 - INFO -  * Debugger PIN: 409-696-960 - MainProcess:MainThread
2025-01-23 17:45:32,798 - __main__:122 - INFO - Starting index page render - MainProcess:Thread-1 (run_server)
2025-01-23 17:45:32,798 - __main__:123 - DEBUG - Rendering index page with template parameters: title='Ontario Secondary Computer Science Curriculum', lang='en' - MainProcess:Thread-1 (run_server)
2025-01-23 17:45:32,844 - __main__:129 - INFO - Successfully rendered index page - MainProcess:Thread-1 (run_server)
2025-01-23 17:45:33,531 - __main__:122 - INFO - Starting index page render - MainProcess:Thread-1 (run_server)
2025-01-23 17:45:33,531 - __main__:123 - DEBUG - Rendering index page with template parameters: title='Ontario Secondary Computer Science Curriculum', lang='en' - MainProcess:Thread-1 (run_server)
2025-01-23 17:45:33,532 - __main__:129 - INFO - Successfully rendered index page - MainProcess:Thread-1 (run_server)
2025-01-23 17:45:33,701 - __main__:122 - INFO - Starting index page render - MainProcess:Thread-1 (run_server)
2025-01-23 17:45:33,701 - __main__:123 - DEBUG - Rendering index page with template parameters: title='Ontario Secondary Computer Science Curriculum', lang='en' - MainProcess:Thread-1 (run_server)
2025-01-23 17:45:33,702 - __main__:129 - INFO - Successfully rendered index page - MainProcess:Thread-1 (run_server)
2025-01-23 17:45:33,730 - engineio.server:78 - INFO - nbfaLdcV3DRA_s1cAAAA: Sending packet OPEN data {'sid': 'nbfaLdcV3DRA_s1cAAAA', 'upgrades': [], 'pingTimeout': 60000, 'pingInterval': 25000, 'maxPayload': 100000000.0} - MainProcess:Thread-1 (run_server)
2025-01-23 17:45:33,731 - engineio.server:90 - INFO - nbfaLdcV3DRA_s1cAAAA: Received request to upgrade to websocket - MainProcess:Thread-1 (run_server)
2025-01-23 17:45:33,731 - engineio.server:219 - INFO - nbfaLdcV3DRA_s1cAAAA: Upgrade to websocket successful - MainProcess:Thread-1 (run_server)
2025-01-23 17:45:33,797 - engineio.server:39 - INFO - nbfaLdcV3DRA_s1cAAAA: Received packet MESSAGE data 0 - MainProcess:Thread-1 (run_server)
2025-01-23 17:45:33,800 - __main__:147 - INFO - Client connected: {"sid": "Fg4z1BJOqgpAuRamAAAB", "transport": "websocket", "user_agent": "Mozilla/5.0 (Macintosh; Intel Mac OS X 10_15_7) AppleWebKit/537.36 (KHTML, like Gecko) Chrome/132.0.0.0 Safari/537.36", "remote_addr": "172.31.196.39"} - MainProcess:Thread-1 (run_server)
2025-01-23 17:45:33,800 - engineio.server:78 - INFO - nbfaLdcV3DRA_s1cAAAA: Sending packet MESSAGE data 2["connected",{"status":"success","message":"Connected to server","sid":"Fg4z1BJOqgpAuRamAAAB"}] - MainProcess:Thread-1 (run_server)
2025-01-23 17:45:33,801 - engineio.server:78 - INFO - nbfaLdcV3DRA_s1cAAAA: Sending packet MESSAGE data 0{"sid":"Fg4z1BJOqgpAuRamAAAB"} - MainProcess:Thread-1 (run_server)
2025-01-23 17:45:34,070 - engineio.server:78 - INFO - G4XFPkkWqLo8RbdBAAAC: Sending packet OPEN data {'sid': 'G4XFPkkWqLo8RbdBAAAC', 'upgrades': [], 'pingTimeout': 60000, 'pingInterval': 25000, 'maxPayload': 100000000.0} - MainProcess:Thread-1 (run_server)
2025-01-23 17:45:34,070 - engineio.server:90 - INFO - G4XFPkkWqLo8RbdBAAAC: Received request to upgrade to websocket - MainProcess:Thread-1 (run_server)
2025-01-23 17:45:34,071 - engineio.server:219 - INFO - G4XFPkkWqLo8RbdBAAAC: Upgrade to websocket successful - MainProcess:Thread-1 (run_server)
2025-01-23 17:45:34,138 - engineio.server:39 - INFO - G4XFPkkWqLo8RbdBAAAC: Received packet MESSAGE data 0 - MainProcess:Thread-1 (run_server)
2025-01-23 17:45:34,140 - __main__:147 - INFO - Client connected: {"sid": "vrABRSR__0yii8F8AAAD", "transport": "websocket", "user_agent": "Mozilla/5.0 (Macintosh; Intel Mac OS X 10_15_7) AppleWebKit/537.36 (KHTML, like Gecko) Chrome/132.0.0.0 Safari/537.36", "remote_addr": "172.31.196.39"} - MainProcess:Thread-1 (run_server)
2025-01-23 17:45:34,141 - engineio.server:78 - INFO - G4XFPkkWqLo8RbdBAAAC: Sending packet MESSAGE data 2["connected",{"status":"success","message":"Connected to server","sid":"vrABRSR__0yii8F8AAAD"}] - MainProcess:Thread-1 (run_server)
2025-01-23 17:45:34,141 - engineio.server:78 - INFO - G4XFPkkWqLo8RbdBAAAC: Sending packet MESSAGE data 0{"sid":"vrABRSR__0yii8F8AAAD"} - MainProcess:Thread-1 (run_server)
2025-01-23 17:45:34,175 - engineio.server:78 - INFO - ybsGhy3jZszgLjedAAAE: Sending packet OPEN data {'sid': 'ybsGhy3jZszgLjedAAAE', 'upgrades': [], 'pingTimeout': 60000, 'pingInterval': 25000, 'maxPayload': 100000000.0} - MainProcess:Thread-1 (run_server)
2025-01-23 17:45:34,175 - engineio.server:90 - INFO - ybsGhy3jZszgLjedAAAE: Received request to upgrade to websocket - MainProcess:Thread-1 (run_server)
2025-01-23 17:45:34,176 - engineio.server:219 - INFO - ybsGhy3jZszgLjedAAAE: Upgrade to websocket successful - MainProcess:Thread-1 (run_server)
2025-01-23 17:45:34,180 - engineio.server:39 - INFO - ybsGhy3jZszgLjedAAAE: Received packet MESSAGE data 0 - MainProcess:Thread-1 (run_server)
2025-01-23 17:45:34,182 - __main__:147 - INFO - Client connected: {"sid": "upoGXvD4-k5RI7CaAAAF", "transport": "websocket", "user_agent": "Mozilla/5.0 (X11; Linux x86_64) AppleWebKit/537.36 (KHTML, like Gecko) HeadlessChrome/118.0.5993.88 Safari/537.36", "remote_addr": "172.31.196.39"} - MainProcess:Thread-1 (run_server)
2025-01-23 17:45:34,182 - engineio.server:78 - INFO - ybsGhy3jZszgLjedAAAE: Sending packet MESSAGE data 2["connected",{"status":"success","message":"Connected to server","sid":"upoGXvD4-k5RI7CaAAAF"}] - MainProcess:Thread-1 (run_server)
2025-01-23 17:45:34,182 - engineio.server:78 - INFO - ybsGhy3jZszgLjedAAAE: Sending packet MESSAGE data 0{"sid":"upoGXvD4-k5RI7CaAAAF"} - MainProcess:Thread-1 (run_server)
2025-01-23 17:45:34,605 - __main__:166 - INFO - Client disconnecting: upoGXvD4-k5RI7CaAAAF - MainProcess:Thread-1 (run_server)
2025-01-23 17:45:34,605 - __main__:177 - INFO - Client disconnected: upoGXvD4-k5RI7CaAAAF - MainProcess:Thread-1 (run_server)
2025-01-23 17:45:54,275 - engineio.server:39 - INFO - G4XFPkkWqLo8RbdBAAAC: Received packet MESSAGE data 2["compile_and_run",{"code":"using System;\n\nclass Program\n{\n    static void Main()\n    {\n        Console.WriteLine(\"Hello! Please enter your name:\");\n        string name = Console.ReadLine();\n        Console.WriteLine($\"Nice to meet you, {name}!\");\n    }\n}"}] - MainProcess:Thread-1 (run_server)
2025-01-23 17:45:54,279 - __main__:194 - INFO - [COMPILE] Starting compilation for session session_1737654354 client vrABRSR__0yii8F8AAAD - MainProcess:Thread-1 (run_server)
2025-01-23 17:45:54,279 - __main__:195 - DEBUG - [COMPILE] Code length: 227, First line: using - MainProcess:Thread-1 (run_server)
2025-01-23 17:45:54,279 - __main__:62 - INFO - Created new console session: session_1737654354 (active: True) - MainProcess:Thread-1 (run_server)
2025-01-23 17:48:32,832 - werkzeug:96 - INFO -  * Detected change in '/home/runner/workspace/compiler_service.py', reloading - MainProcess:MainThread
