2025-01-23 16:23:52,593 - __main__:25 - INFO - Starting application initialization... - MainProcess:MainThread
2025-01-23 16:23:52,621 - engineio.server:112 - INFO - Server initialized for eventlet. - MainProcess:MainThread
2025-01-23 16:23:53,470 - __main__:113 - INFO - Database tables created successfully - MainProcess:MainThread
2025-01-23 16:23:53,471 - werkzeug:96 - WARNING -  * Debugger is active! - MainProcess:MainThread
2025-01-23 16:23:53,473 - werkzeug:96 - INFO -  * Debugger PIN: 892-249-272 - MainProcess:MainThread
2025-01-23 16:23:53,695 - __main__:122 - INFO - Starting index page render - MainProcess:Thread-1 (run_server)
2025-01-23 16:23:53,696 - __main__:123 - DEBUG - Rendering index page with template parameters: title='Ontario Secondary Computer Science Curriculum', lang='en' - MainProcess:Thread-1 (run_server)
2025-01-23 16:23:53,713 - __main__:129 - INFO - Successfully rendered index page - MainProcess:Thread-1 (run_server)
2025-01-23 16:23:54,283 - __main__:122 - INFO - Starting index page render - MainProcess:Thread-1 (run_server)
2025-01-23 16:23:54,283 - __main__:123 - DEBUG - Rendering index page with template parameters: title='Ontario Secondary Computer Science Curriculum', lang='en' - MainProcess:Thread-1 (run_server)
2025-01-23 16:23:54,284 - __main__:129 - INFO - Successfully rendered index page - MainProcess:Thread-1 (run_server)
2025-01-23 16:23:54,403 - __main__:122 - INFO - Starting index page render - MainProcess:Thread-1 (run_server)
2025-01-23 16:23:54,403 - __main__:123 - DEBUG - Rendering index page with template parameters: title='Ontario Secondary Computer Science Curriculum', lang='en' - MainProcess:Thread-1 (run_server)
2025-01-23 16:23:54,403 - __main__:129 - INFO - Successfully rendered index page - MainProcess:Thread-1 (run_server)
2025-01-23 16:23:54,589 - engineio.server:78 - INFO - 39jTj4mAlIMWsTXbAAAA: Sending packet OPEN data {'sid': '39jTj4mAlIMWsTXbAAAA', 'upgrades': [], 'pingTimeout': 60000, 'pingInterval': 25000, 'maxPayload': 100000000.0} - MainProcess:Thread-1 (run_server)
2025-01-23 16:23:54,589 - engineio.server:90 - INFO - 39jTj4mAlIMWsTXbAAAA: Received request to upgrade to websocket - MainProcess:Thread-1 (run_server)
2025-01-23 16:23:54,590 - engineio.server:219 - INFO - 39jTj4mAlIMWsTXbAAAA: Upgrade to websocket successful - MainProcess:Thread-1 (run_server)
2025-01-23 16:23:54,659 - engineio.server:39 - INFO - 39jTj4mAlIMWsTXbAAAA: Received packet MESSAGE data 0 - MainProcess:Thread-1 (run_server)
2025-01-23 16:23:54,661 - __main__:147 - INFO - Client connected: {"sid": "s2a6IaucNfJ-0NHyAAAB", "transport": "websocket", "user_agent": "Mozilla/5.0 (Macintosh; Intel Mac OS X 10_15_7) AppleWebKit/537.36 (KHTML, like Gecko) Chrome/132.0.0.0 Safari/537.36", "remote_addr": "172.31.196.39"} - MainProcess:Thread-1 (run_server)
2025-01-23 16:23:54,662 - engineio.server:78 - INFO - 39jTj4mAlIMWsTXbAAAA: Sending packet MESSAGE data 2["connected",{"status":"success","message":"Connected to server","sid":"s2a6IaucNfJ-0NHyAAAB"}] - MainProcess:Thread-1 (run_server)
2025-01-23 16:23:54,662 - engineio.server:78 - INFO - 39jTj4mAlIMWsTXbAAAA: Sending packet MESSAGE data 0{"sid":"s2a6IaucNfJ-0NHyAAAB"} - MainProcess:Thread-1 (run_server)
2025-01-23 16:23:54,722 - engineio.server:78 - INFO - -U51bKLAhCNA5wVvAAAC: Sending packet OPEN data {'sid': '-U51bKLAhCNA5wVvAAAC', 'upgrades': [], 'pingTimeout': 60000, 'pingInterval': 25000, 'maxPayload': 100000000.0} - MainProcess:Thread-1 (run_server)
2025-01-23 16:23:54,722 - engineio.server:90 - INFO - -U51bKLAhCNA5wVvAAAC: Received request to upgrade to websocket - MainProcess:Thread-1 (run_server)
2025-01-23 16:23:54,723 - engineio.server:219 - INFO - -U51bKLAhCNA5wVvAAAC: Upgrade to websocket successful - MainProcess:Thread-1 (run_server)
2025-01-23 16:23:54,727 - engineio.server:39 - INFO - -U51bKLAhCNA5wVvAAAC: Received packet MESSAGE data 0 - MainProcess:Thread-1 (run_server)
2025-01-23 16:23:54,729 - __main__:147 - INFO - Client connected: {"sid": "cRhfGgOimKxMmkLgAAAD", "transport": "websocket", "user_agent": "Mozilla/5.0 (X11; Linux x86_64) AppleWebKit/537.36 (KHTML, like Gecko) HeadlessChrome/118.0.5993.88 Safari/537.36", "remote_addr": "172.31.196.39"} - MainProcess:Thread-1 (run_server)
2025-01-23 16:23:54,729 - engineio.server:78 - INFO - -U51bKLAhCNA5wVvAAAC: Sending packet MESSAGE data 2["connected",{"status":"success","message":"Connected to server","sid":"cRhfGgOimKxMmkLgAAAD"}] - MainProcess:Thread-1 (run_server)
2025-01-23 16:23:54,729 - engineio.server:78 - INFO - -U51bKLAhCNA5wVvAAAC: Sending packet MESSAGE data 0{"sid":"cRhfGgOimKxMmkLgAAAD"} - MainProcess:Thread-1 (run_server)
2025-01-23 16:23:54,883 - engineio.server:78 - INFO - E1OvIRFcUpRWjRVLAAAE: Sending packet OPEN data {'sid': 'E1OvIRFcUpRWjRVLAAAE', 'upgrades': [], 'pingTimeout': 60000, 'pingInterval': 25000, 'maxPayload': 100000000.0} - MainProcess:Thread-1 (run_server)
2025-01-23 16:23:54,883 - engineio.server:90 - INFO - E1OvIRFcUpRWjRVLAAAE: Received request to upgrade to websocket - MainProcess:Thread-1 (run_server)
2025-01-23 16:23:54,883 - engineio.server:219 - INFO - E1OvIRFcUpRWjRVLAAAE: Upgrade to websocket successful - MainProcess:Thread-1 (run_server)
2025-01-23 16:23:54,950 - engineio.server:39 - INFO - E1OvIRFcUpRWjRVLAAAE: Received packet MESSAGE data 0 - MainProcess:Thread-1 (run_server)
2025-01-23 16:23:54,951 - __main__:147 - INFO - Client connected: {"sid": "clVFS8sSktIhL8SwAAAF", "transport": "websocket", "user_agent": "Mozilla/5.0 (Macintosh; Intel Mac OS X 10_15_7) AppleWebKit/537.36 (KHTML, like Gecko) Chrome/132.0.0.0 Safari/537.36", "remote_addr": "172.31.196.39"} - MainProcess:Thread-1 (run_server)
2025-01-23 16:23:54,952 - engineio.server:78 - INFO - E1OvIRFcUpRWjRVLAAAE: Sending packet MESSAGE data 2["connected",{"status":"success","message":"Connected to server","sid":"clVFS8sSktIhL8SwAAAF"}] - MainProcess:Thread-1 (run_server)
2025-01-23 16:23:54,953 - engineio.server:78 - INFO - E1OvIRFcUpRWjRVLAAAE: Sending packet MESSAGE data 0{"sid":"clVFS8sSktIhL8SwAAAF"} - MainProcess:Thread-1 (run_server)
2025-01-23 16:23:55,180 - __main__:166 - INFO - Client disconnecting: cRhfGgOimKxMmkLgAAAD - MainProcess:Thread-1 (run_server)
2025-01-23 16:23:55,180 - __main__:177 - INFO - Client disconnected: cRhfGgOimKxMmkLgAAAD - MainProcess:Thread-1 (run_server)
