2025-01-23 16:07:19,512 - __main__:25 - INFO - Starting application initialization... - MainProcess:MainThread
2025-01-23 16:07:19,541 - engineio.server:112 - INFO - Server initialized for eventlet. - MainProcess:MainThread
2025-01-23 16:07:20,871 - __main__:113 - INFO - Database tables created successfully - MainProcess:MainThread
2025-01-23 16:07:20,872 - werkzeug:96 - WARNING -  * Debugger is active! - MainProcess:MainThread
2025-01-23 16:07:20,874 - werkzeug:96 - INFO -  * Debugger PIN: 140-494-918 - MainProcess:MainThread
2025-01-23 16:07:21,312 - __main__:120 - DEBUG - Rendering index page - MainProcess:Thread-1 (run_server)
2025-01-23 16:07:22,317 - engineio.server:78 - INFO - 1wqss0ukpt7B4f88AAAA: Sending packet OPEN data {'sid': '1wqss0ukpt7B4f88AAAA', 'upgrades': [], 'pingTimeout': 60000, 'pingInterval': 25000, 'maxPayload': 100000000.0} - MainProcess:Thread-1 (run_server)
2025-01-23 16:07:22,317 - engineio.server:90 - INFO - 1wqss0ukpt7B4f88AAAA: Received request to upgrade to websocket - MainProcess:Thread-1 (run_server)
2025-01-23 16:07:22,318 - engineio.server:219 - INFO - 1wqss0ukpt7B4f88AAAA: Upgrade to websocket successful - MainProcess:Thread-1 (run_server)
2025-01-23 16:07:22,386 - engineio.server:39 - INFO - 1wqss0ukpt7B4f88AAAA: Received packet MESSAGE data 0 - MainProcess:Thread-1 (run_server)
2025-01-23 16:07:22,389 - __main__:137 - INFO - Client connected: {"sid": "9MWB-noCx7tQn4blAAAB", "transport": "websocket", "user_agent": "Mozilla/5.0 (Macintosh; Intel Mac OS X 10_15_7) AppleWebKit/537.36 (KHTML, like Gecko) Chrome/132.0.0.0 Safari/537.36", "remote_addr": "172.31.196.39"} - MainProcess:Thread-1 (run_server)
2025-01-23 16:07:22,389 - engineio.server:78 - INFO - 1wqss0ukpt7B4f88AAAA: Sending packet MESSAGE data 2["connected",{"status":"success","message":"Connected to server","sid":"9MWB-noCx7tQn4blAAAB"}] - MainProcess:Thread-1 (run_server)
2025-01-23 16:07:22,390 - engineio.server:78 - INFO - 1wqss0ukpt7B4f88AAAA: Sending packet MESSAGE data 0{"sid":"9MWB-noCx7tQn4blAAAB"} - MainProcess:Thread-1 (run_server)
2025-01-23 16:07:28,417 - __main__:156 - INFO - Client disconnecting: 9MWB-noCx7tQn4blAAAB - MainProcess:Thread-1 (run_server)
2025-01-23 16:07:28,418 - __main__:167 - INFO - Client disconnected: 9MWB-noCx7tQn4blAAAB - MainProcess:Thread-1 (run_server)
2025-01-23 16:07:28,502 - __main__:120 - DEBUG - Rendering index page - MainProcess:Thread-1 (run_server)
2025-01-23 16:07:29,350 - engineio.server:78 - INFO - k83REKG8sLziP226AAAC: Sending packet OPEN data {'sid': 'k83REKG8sLziP226AAAC', 'upgrades': [], 'pingTimeout': 60000, 'pingInterval': 25000, 'maxPayload': 100000000.0} - MainProcess:Thread-1 (run_server)
2025-01-23 16:07:29,350 - engineio.server:90 - INFO - k83REKG8sLziP226AAAC: Received request to upgrade to websocket - MainProcess:Thread-1 (run_server)
2025-01-23 16:07:29,350 - engineio.server:219 - INFO - k83REKG8sLziP226AAAC: Upgrade to websocket successful - MainProcess:Thread-1 (run_server)
2025-01-23 16:07:29,418 - engineio.server:39 - INFO - k83REKG8sLziP226AAAC: Received packet MESSAGE data 0 - MainProcess:Thread-1 (run_server)
2025-01-23 16:07:29,434 - __main__:137 - INFO - Client connected: {"sid": "-gYMKVSEoNMfrF6gAAAD", "transport": "websocket", "user_agent": "Mozilla/5.0 (Macintosh; Intel Mac OS X 10_15_7) AppleWebKit/537.36 (KHTML, like Gecko) Chrome/132.0.0.0 Safari/537.36", "remote_addr": "172.31.196.39"} - MainProcess:Thread-1 (run_server)
2025-01-23 16:07:29,437 - engineio.server:78 - INFO - k83REKG8sLziP226AAAC: Sending packet MESSAGE data 2["connected",{"status":"success","message":"Connected to server","sid":"-gYMKVSEoNMfrF6gAAAD"}] - MainProcess:Thread-1 (run_server)
2025-01-23 16:07:29,454 - engineio.server:78 - INFO - k83REKG8sLziP226AAAC: Sending packet MESSAGE data 0{"sid":"-gYMKVSEoNMfrF6gAAAD"} - MainProcess:Thread-1 (run_server)
2025-01-23 16:07:31,477 - engineio.server:39 - INFO - k83REKG8sLziP226AAAC: Received packet MESSAGE data 2["compile_and_run",{"code":"using System;\n\nclass Program\n{\n    static void Main()\n    {\n        Console.WriteLine(\"Hello! Please enter your name:\");\n        string name = Console.ReadLine();\n        Console.WriteLine($\"Nice to meet you, {name}!\");\n    }\n}"}] - MainProcess:Thread-1 (run_server)
2025-01-23 16:07:31,478 - __main__:183 - INFO - [COMPILE] Starting compilation for session session_1737648451 client -gYMKVSEoNMfrF6gAAAD - MainProcess:Thread-1 (run_server)
2025-01-23 16:07:31,478 - __main__:184 - DEBUG - [COMPILE] Code length: 227, First line: using - MainProcess:Thread-1 (run_server)
2025-01-23 16:07:31,478 - __main__:62 - INFO - Created new console session: session_1737648451 (active: True) - MainProcess:Thread-1 (run_server)
2025-01-23 16:07:44,767 - werkzeug:96 - INFO -  * Detected change in '/home/runner/workspace/app.py', reloading - MainProcess:MainThread
