2025-01-23 18:20:12,590 - __main__:25 - INFO - Starting application initialization... - MainProcess:MainThread
2025-01-23 18:20:12,791 - engineio.server:112 - INFO - Server initialized for eventlet. - MainProcess:MainThread
2025-01-23 18:20:13,695 - __main__:113 - INFO - Database tables created successfully - MainProcess:MainThread
2025-01-23 18:20:13,697 - werkzeug:96 - WARNING -  * Debugger is active! - MainProcess:MainThread
2025-01-23 18:20:13,707 - werkzeug:96 - INFO -  * Debugger PIN: 810-624-134 - MainProcess:MainThread
2025-01-23 18:20:14,056 - __main__:122 - INFO - Starting index page render - MainProcess:Thread-1 (run_server)
2025-01-23 18:20:14,056 - __main__:123 - DEBUG - Rendering index page with template parameters: title='Ontario Secondary Computer Science Curriculum', lang='en' - MainProcess:Thread-1 (run_server)
2025-01-23 18:20:14,071 - __main__:129 - INFO - Successfully rendered index page - MainProcess:Thread-1 (run_server)
2025-01-23 18:20:15,037 - engineio.server:78 - INFO - 5Zw17taPxTMn1MHkAAAA: Sending packet OPEN data {'sid': '5Zw17taPxTMn1MHkAAAA', 'upgrades': [], 'pingTimeout': 60000, 'pingInterval': 25000, 'maxPayload': 100000000.0} - MainProcess:Thread-1 (run_server)
2025-01-23 18:20:15,038 - engineio.server:90 - INFO - 5Zw17taPxTMn1MHkAAAA: Received request to upgrade to websocket - MainProcess:Thread-1 (run_server)
2025-01-23 18:20:15,043 - engineio.server:219 - INFO - 5Zw17taPxTMn1MHkAAAA: Upgrade to websocket successful - MainProcess:Thread-1 (run_server)
2025-01-23 18:20:15,113 - engineio.server:39 - INFO - 5Zw17taPxTMn1MHkAAAA: Received packet MESSAGE data 0 - MainProcess:Thread-1 (run_server)
2025-01-23 18:20:15,115 - __main__:147 - INFO - Client connected: {"sid": "CT3ic_5w4bdvwiF5AAAB", "transport": "websocket", "user_agent": "Mozilla/5.0 (Macintosh; Intel Mac OS X 10_15_7) AppleWebKit/537.36 (KHTML, like Gecko) Chrome/132.0.0.0 Safari/537.36", "remote_addr": "172.31.196.39"} - MainProcess:Thread-1 (run_server)
2025-01-23 18:20:15,115 - engineio.server:78 - INFO - 5Zw17taPxTMn1MHkAAAA: Sending packet MESSAGE data 2["connected",{"status":"success","message":"Connected to server","sid":"CT3ic_5w4bdvwiF5AAAB"}] - MainProcess:Thread-1 (run_server)
2025-01-23 18:20:15,130 - engineio.server:78 - INFO - 5Zw17taPxTMn1MHkAAAA: Sending packet MESSAGE data 0{"sid":"CT3ic_5w4bdvwiF5AAAB"} - MainProcess:Thread-1 (run_server)
2025-01-23 18:20:16,222 - __main__:122 - INFO - Starting index page render - MainProcess:Thread-1 (run_server)
2025-01-23 18:20:16,223 - __main__:123 - DEBUG - Rendering index page with template parameters: title='Ontario Secondary Computer Science Curriculum', lang='en' - MainProcess:Thread-1 (run_server)
2025-01-23 18:20:16,234 - __main__:129 - INFO - Successfully rendered index page - MainProcess:Thread-1 (run_server)
2025-01-23 18:20:17,434 - engineio.server:78 - INFO - K6X_U7hmXcSH7ndgAAAC: Sending packet OPEN data {'sid': 'K6X_U7hmXcSH7ndgAAAC', 'upgrades': [], 'pingTimeout': 60000, 'pingInterval': 25000, 'maxPayload': 100000000.0} - MainProcess:Thread-1 (run_server)
2025-01-23 18:20:17,435 - engineio.server:90 - INFO - K6X_U7hmXcSH7ndgAAAC: Received request to upgrade to websocket - MainProcess:Thread-1 (run_server)
2025-01-23 18:20:17,435 - engineio.server:219 - INFO - K6X_U7hmXcSH7ndgAAAC: Upgrade to websocket successful - MainProcess:Thread-1 (run_server)
2025-01-23 18:20:17,716 - engineio.server:39 - INFO - K6X_U7hmXcSH7ndgAAAC: Received packet MESSAGE data 0 - MainProcess:Thread-1 (run_server)
2025-01-23 18:20:17,719 - __main__:147 - INFO - Client connected: {"sid": "VcFVvFaB24Gd3Oc5AAAD", "transport": "websocket", "user_agent": "Mozilla/5.0 (X11; Linux x86_64) AppleWebKit/537.36 (KHTML, like Gecko) HeadlessChrome/118.0.5993.88 Safari/537.36", "remote_addr": "172.31.196.39"} - MainProcess:Thread-1 (run_server)
2025-01-23 18:20:17,720 - engineio.server:78 - INFO - K6X_U7hmXcSH7ndgAAAC: Sending packet MESSAGE data 2["connected",{"status":"success","message":"Connected to server","sid":"VcFVvFaB24Gd3Oc5AAAD"}] - MainProcess:Thread-1 (run_server)
2025-01-23 18:20:17,721 - engineio.server:78 - INFO - K6X_U7hmXcSH7ndgAAAC: Sending packet MESSAGE data 0{"sid":"VcFVvFaB24Gd3Oc5AAAD"} - MainProcess:Thread-1 (run_server)
2025-01-23 18:20:18,291 - __main__:166 - INFO - Client disconnecting: VcFVvFaB24Gd3Oc5AAAD - MainProcess:Thread-1 (run_server)
2025-01-23 18:20:18,291 - __main__:177 - INFO - Client disconnected: VcFVvFaB24Gd3Oc5AAAD - MainProcess:Thread-1 (run_server)
2025-01-23 18:20:36,754 - __main__:166 - INFO - Client disconnecting: CT3ic_5w4bdvwiF5AAAB - MainProcess:Thread-1 (run_server)
2025-01-23 18:20:36,755 - __main__:177 - INFO - Client disconnected: CT3ic_5w4bdvwiF5AAAB - MainProcess:Thread-1 (run_server)
2025-01-23 18:20:36,841 - __main__:122 - INFO - Starting index page render - MainProcess:Thread-1 (run_server)
2025-01-23 18:20:36,841 - __main__:123 - DEBUG - Rendering index page with template parameters: title='Ontario Secondary Computer Science Curriculum', lang='en' - MainProcess:Thread-1 (run_server)
2025-01-23 18:20:36,842 - __main__:129 - INFO - Successfully rendered index page - MainProcess:Thread-1 (run_server)
2025-01-23 18:20:37,692 - engineio.server:78 - INFO - i7lpK15Zr5WK6oSCAAAE: Sending packet OPEN data {'sid': 'i7lpK15Zr5WK6oSCAAAE', 'upgrades': [], 'pingTimeout': 60000, 'pingInterval': 25000, 'maxPayload': 100000000.0} - MainProcess:Thread-1 (run_server)
2025-01-23 18:20:37,693 - engineio.server:90 - INFO - i7lpK15Zr5WK6oSCAAAE: Received request to upgrade to websocket - MainProcess:Thread-1 (run_server)
2025-01-23 18:20:37,693 - engineio.server:219 - INFO - i7lpK15Zr5WK6oSCAAAE: Upgrade to websocket successful - MainProcess:Thread-1 (run_server)
2025-01-23 18:20:37,761 - engineio.server:39 - INFO - i7lpK15Zr5WK6oSCAAAE: Received packet MESSAGE data 0 - MainProcess:Thread-1 (run_server)
2025-01-23 18:20:37,762 - __main__:147 - INFO - Client connected: {"sid": "meyxDByXZO8tizBrAAAF", "transport": "websocket", "user_agent": "Mozilla/5.0 (Macintosh; Intel Mac OS X 10_15_7) AppleWebKit/537.36 (KHTML, like Gecko) Chrome/132.0.0.0 Safari/537.36", "remote_addr": "172.31.196.39"} - MainProcess:Thread-1 (run_server)
2025-01-23 18:20:37,762 - engineio.server:78 - INFO - i7lpK15Zr5WK6oSCAAAE: Sending packet MESSAGE data 2["connected",{"status":"success","message":"Connected to server","sid":"meyxDByXZO8tizBrAAAF"}] - MainProcess:Thread-1 (run_server)
2025-01-23 18:20:37,763 - engineio.server:78 - INFO - i7lpK15Zr5WK6oSCAAAE: Sending packet MESSAGE data 0{"sid":"meyxDByXZO8tizBrAAAF"} - MainProcess:Thread-1 (run_server)
2025-01-23 18:20:39,433 - engineio.server:39 - INFO - i7lpK15Zr5WK6oSCAAAE: Received packet MESSAGE data 2["compile_and_run",{"code":"using System;\n\nclass Program\n{\n    static void Main()\n    {\n        Console.WriteLine(\"Hello! Please enter your name:\");\n        string name = Console.ReadLine();\n        Console.WriteLine($\"Nice to meet you, {name}!\");\n    }\n}"}] - MainProcess:Thread-1 (run_server)
2025-01-23 18:20:39,434 - __main__:187 - INFO - [REQUEST] Starting compile_and_run request at 1737656439.4349177 - MainProcess:Thread-1 (run_server)
2025-01-23 18:20:39,435 - __main__:197 - INFO - [COMPILE] Starting compilation for session session_1737656439 client meyxDByXZO8tizBrAAAF - MainProcess:Thread-1 (run_server)
2025-01-23 18:20:39,435 - __main__:198 - DEBUG - [COMPILE] Code length: 227, First line: using - MainProcess:Thread-1 (run_server)
2025-01-23 18:20:39,435 - __main__:201 - INFO - [SESSION] Creating new console session session_1737656439 - MainProcess:Thread-1 (run_server)
2025-01-23 18:20:39,435 - __main__:62 - INFO - Created new console session: session_1737656439 (active: True) - MainProcess:Thread-1 (run_server)
2025-01-23 18:24:41,122 - werkzeug:96 - INFO -  * Detected change in '/home/runner/workspace/compiler_service.py', reloading - MainProcess:MainThread
