2025-01-23 15:53:17,253 - app:25 - INFO - Starting application initialization... - MainProcess:MainThread
2025-01-23 15:53:17,269 - app:25 - INFO - Starting application initialization... - MainProcess:MainThread
2025-01-23 15:53:17,314 - engineio.server:112 - INFO - Server initialized for eventlet. - MainProcess:MainThread
2025-01-23 15:53:17,327 - app:25 - INFO - Starting application initialization... - MainProcess:MainThread
2025-01-23 15:53:17,347 - engineio.server:112 - INFO - Server initialized for eventlet. - MainProcess:MainThread
2025-01-23 15:53:17,362 - engineio.server:112 - INFO - Server initialized for eventlet. - MainProcess:MainThread
2025-01-23 15:53:17,576 - app:25 - INFO - Starting application initialization... - MainProcess:MainThread
2025-01-23 15:53:17,655 - engineio.server:112 - INFO - Server initialized for eventlet. - MainProcess:MainThread
2025-01-23 15:53:17,964 - app:25 - INFO - Starting application initialization... - MainProcess:MainThread
2025-01-23 15:53:17,994 - engineio.server:112 - INFO - Server initialized for eventlet. - MainProcess:MainThread
2025-01-23 15:53:19,155 - app:113 - INFO - Database tables created successfully - MainProcess:MainThread
2025-01-23 15:53:19,217 - __main__:23 - INFO - Starting database table creation... - MainProcess:MainThread
2025-01-23 15:53:19,421 - app:113 - INFO - Database tables created successfully - MainProcess:MainThread
2025-01-23 15:53:19,516 - __main__:333 - INFO - Starting ICD2O curriculum import process... - MainProcess:MainThread
2025-01-23 15:53:19,529 - __main__:30 - INFO - Existing tables: ['student', 'student_achievement', 'achievement', 'student_progress', 'coding_activity', 'code_submission', 'shared_code', 'audit_log', 'courses', 'strands', 'overall_expectations', 'specific_expectations'] - MainProcess:MainThread
2025-01-23 15:53:20,265 - app:113 - INFO - Database tables created successfully - MainProcess:MainThread
2025-01-23 15:53:20,265 - app:113 - INFO - Database tables created successfully - MainProcess:MainThread
2025-01-23 15:53:20,266 - __main__:55 - INFO - Successfully cleared existing data for course ICD2O - MainProcess:MainThread
2025-01-23 15:53:20,431 - __main__:47 - INFO - Starting ICS3U curriculum import process... - MainProcess:MainThread
2025-01-23 15:53:20,447 - __main__:47 - INFO - Starting ICS3U curriculum import process... - MainProcess:MainThread
2025-01-23 15:53:20,537 - app:113 - INFO - Database tables created successfully - MainProcess:MainThread
2025-01-23 15:53:20,664 - __main__:48 - INFO - Found in file: c2.1 concevoir des algorithmes qui répondent à des problèmes mathématiques donnés.
 - MainProcess:MainThread
2025-01-23 15:53:20,681 - __main__:354 - INFO - Created course: ICD2O - MainProcess:MainThread
2025-01-23 15:53:20,681 - __main__:86 - INFO - Creating strand A - MainProcess:MainThread
2025-01-23 15:53:20,737 - __main__:37 - INFO - Tables after creation: ['student', 'student_achievement', 'achievement', 'student_progress', 'coding_activity', 'code_submission', 'shared_code', 'audit_log', 'courses', 'strands', 'overall_expectations', 'specific_expectations'] - MainProcess:MainThread
2025-01-23 15:53:20,737 - __main__:46 - INFO - Database tables created successfully! - MainProcess:MainThread
2025-01-23 15:53:20,768 - __main__:96 - INFO - Created strand A: Computational Thinking and Making Connections - MainProcess:MainThread
2025-01-23 15:53:20,768 - __main__:86 - INFO - Creating strand B - MainProcess:MainThread
2025-01-23 15:53:20,825 - __main__:96 - INFO - Created strand B: Hardware, Software, and Innovations - MainProcess:MainThread
2025-01-23 15:53:20,826 - __main__:86 - INFO - Creating strand C - MainProcess:MainThread
2025-01-23 15:53:20,865 - __main__:86 - INFO - Successfully updated strand titles and overall descriptions - MainProcess:MainThread
2025-01-23 15:53:20,908 - __main__:96 - INFO - Created strand C: Programming - MainProcess:MainThread
2025-01-23 15:53:21,009 - __main__:86 - INFO - Successfully updated strand titles and overall descriptions - MainProcess:MainThread
2025-01-23 15:53:21,137 - __main__:96 - ERROR - 
C2.1 expectation not found in database - MainProcess:MainThread
2025-01-23 15:53:21,208 - __main__:101 - INFO - 
Available codes: - MainProcess:MainThread
2025-01-23 15:53:21,279 - __main__:282 - INFO - Processing expectations for strand A - MainProcess:MainThread
2025-01-23 15:53:21,279 - __main__:285 - INFO - Creating overall expectation A1 - MainProcess:MainThread
2025-01-23 15:53:21,341 - __main__:304 - DEBUG - Creating specific expectation A1.1 - MainProcess:MainThread
2025-01-23 15:53:21,342 - __main__:304 - DEBUG - Creating specific expectation A1.2 - MainProcess:MainThread
2025-01-23 15:53:21,342 - __main__:304 - DEBUG - Creating specific expectation A1.3 - MainProcess:MainThread
2025-01-23 15:53:21,409 - __main__:314 - INFO - Created overall expectation A1 with its specific expectations - MainProcess:MainThread
2025-01-23 15:53:21,409 - __main__:285 - INFO - Creating overall expectation A2 - MainProcess:MainThread
2025-01-23 15:53:21,467 - __main__:304 - DEBUG - Creating specific expectation A2.1 - MainProcess:MainThread
2025-01-23 15:53:21,467 - __main__:304 - DEBUG - Creating specific expectation A2.2 - MainProcess:MainThread
2025-01-23 15:53:21,526 - __main__:314 - INFO - Created overall expectation A2 with its specific expectations - MainProcess:MainThread
2025-01-23 15:53:21,526 - __main__:285 - INFO - Creating overall expectation A3 - MainProcess:MainThread
2025-01-23 15:53:21,608 - __main__:304 - DEBUG - Creating specific expectation A3.1 - MainProcess:MainThread
2025-01-23 15:53:21,609 - __main__:304 - DEBUG - Creating specific expectation A3.2 - MainProcess:MainThread
2025-01-23 15:53:21,667 - __main__:314 - INFO - Created overall expectation A3 with its specific expectations - MainProcess:MainThread
2025-01-23 15:53:21,667 - __main__:316 - INFO - Completed processing expectations for strand A - MainProcess:MainThread
2025-01-23 15:53:21,725 - __main__:282 - INFO - Processing expectations for strand B - MainProcess:MainThread
2025-01-23 15:53:21,729 - __main__:285 - INFO - Creating overall expectation B1 - MainProcess:MainThread
2025-01-23 15:53:22,009 - __main__:304 - DEBUG - Creating specific expectation B1.1 - MainProcess:MainThread
2025-01-23 15:53:22,010 - __main__:304 - DEBUG - Creating specific expectation B1.2 - MainProcess:MainThread
2025-01-23 15:53:22,075 - __main__:314 - INFO - Created overall expectation B1 with its specific expectations - MainProcess:MainThread
2025-01-23 15:53:22,076 - __main__:285 - INFO - Creating overall expectation B2 - MainProcess:MainThread
2025-01-23 15:53:22,141 - __main__:304 - DEBUG - Creating specific expectation B2.1 - MainProcess:MainThread
2025-01-23 15:53:22,141 - __main__:304 - DEBUG - Creating specific expectation B2.2 - MainProcess:MainThread
2025-01-23 15:53:22,208 - __main__:314 - INFO - Created overall expectation B2 with its specific expectations - MainProcess:MainThread
2025-01-23 15:53:22,209 - __main__:285 - INFO - Creating overall expectation B3 - MainProcess:MainThread
2025-01-23 15:53:22,266 - __main__:304 - DEBUG - Creating specific expectation B3.1 - MainProcess:MainThread
2025-01-23 15:53:22,266 - __main__:304 - DEBUG - Creating specific expectation B3.2 - MainProcess:MainThread
2025-01-23 15:53:22,325 - __main__:314 - INFO - Created overall expectation B3 with its specific expectations - MainProcess:MainThread
2025-01-23 15:53:22,325 - __main__:285 - INFO - Creating overall expectation B4 - MainProcess:MainThread
2025-01-23 15:53:22,382 - __main__:304 - DEBUG - Creating specific expectation B4.1 - MainProcess:MainThread
2025-01-23 15:53:22,408 - __main__:304 - DEBUG - Creating specific expectation B4.2 - MainProcess:MainThread
2025-01-23 15:53:22,466 - __main__:314 - INFO - Created overall expectation B4 with its specific expectations - MainProcess:MainThread
2025-01-23 15:53:22,466 - __main__:316 - INFO - Completed processing expectations for strand B - MainProcess:MainThread
2025-01-23 15:53:22,524 - __main__:282 - INFO - Processing expectations for strand C - MainProcess:MainThread
2025-01-23 15:53:22,524 - __main__:285 - INFO - Creating overall expectation C1 - MainProcess:MainThread
2025-01-23 15:53:22,780 - __main__:304 - DEBUG - Creating specific expectation C1.1 - MainProcess:MainThread
2025-01-23 15:53:22,781 - __main__:304 - DEBUG - Creating specific expectation C1.2 - MainProcess:MainThread
2025-01-23 15:53:22,814 - __main__:304 - DEBUG - Creating specific expectation C1.3 - MainProcess:MainThread
2025-01-23 15:53:22,876 - __main__:314 - INFO - Created overall expectation C1 with its specific expectations - MainProcess:MainThread
2025-01-23 15:53:22,876 - __main__:285 - INFO - Creating overall expectation C2 - MainProcess:MainThread
2025-01-23 15:53:22,965 - __main__:304 - DEBUG - Creating specific expectation C2.1 - MainProcess:MainThread
2025-01-23 15:53:22,965 - __main__:304 - DEBUG - Creating specific expectation C2.2 - MainProcess:MainThread
2025-01-23 15:53:23,023 - __main__:314 - INFO - Created overall expectation C2 with its specific expectations - MainProcess:MainThread
2025-01-23 15:53:23,023 - __main__:285 - INFO - Creating overall expectation C3 - MainProcess:MainThread
2025-01-23 15:53:23,081 - __main__:304 - DEBUG - Creating specific expectation C3.1 - MainProcess:MainThread
2025-01-23 15:53:23,081 - __main__:304 - DEBUG - Creating specific expectation C3.2 - MainProcess:MainThread
2025-01-23 15:53:23,141 - __main__:314 - INFO - Created overall expectation C3 with its specific expectations - MainProcess:MainThread
2025-01-23 15:53:23,141 - __main__:316 - INFO - Completed processing expectations for strand C - MainProcess:MainThread
2025-01-23 15:53:23,577 - __main__:377 - INFO - Final verification: - MainProcess:MainThread
2025-01-23 15:53:23,577 - __main__:378 - INFO - - Course: ICD2O - MainProcess:MainThread
2025-01-23 15:53:23,578 - __main__:379 - INFO - - Strands: 3 - MainProcess:MainThread
2025-01-23 15:53:23,578 - __main__:380 - INFO - - Overall Expectations: 10 - MainProcess:MainThread
2025-01-23 15:53:23,578 - __main__:381 - INFO - - Specific Expectations: 22 - MainProcess:MainThread
