2025-01-23 17:45:20,907 - app:25 - INFO - Starting application initialization... - MainProcess:MainThread
2025-01-23 17:45:20,981 - __main__:25 - INFO - Starting application initialization... - MainProcess:MainThread
2025-01-23 17:45:20,992 - engineio.server:112 - INFO - Server initialized for eventlet. - MainProcess:MainThread
2025-01-23 17:45:21,017 - engineio.server:112 - INFO - Server initialized for eventlet. - MainProcess:MainThread
2025-01-23 17:45:24,500 - __main__:113 - INFO - Database tables created successfully - MainProcess:MainThread
2025-01-23 17:45:24,502 - app:113 - INFO - Database tables created successfully - MainProcess:MainThread
2025-01-23 17:45:24,506 - werkzeug:96 - WARNING -  * Debugger is active! - MainProcess:MainThread
2025-01-23 17:45:24,508 - werkzeug:96 - INFO -  * Debugger PIN: 998-893-652 - MainProcess:MainThread
2025-01-23 17:45:24,631 - __main__:23 - INFO - Starting database table creation... - MainProcess:MainThread
2025-01-23 17:45:24,816 - __main__:122 - INFO - Starting index page render - MainProcess:Thread-1 (run_server)
2025-01-23 17:45:24,816 - __main__:123 - DEBUG - Rendering index page with template parameters: title='Ontario Secondary Computer Science Curriculum', lang='en' - MainProcess:Thread-1 (run_server)
2025-01-23 17:45:24,844 - __main__:129 - INFO - Successfully rendered index page - MainProcess:Thread-1 (run_server)
2025-01-23 17:45:24,952 - __main__:30 - INFO - Existing tables: ['student', 'student_achievement', 'achievement', 'student_progress', 'coding_activity', 'code_submission', 'shared_code', 'audit_log', 'courses', 'strands', 'overall_expectations', 'specific_expectations'] - MainProcess:MainThread
2025-01-23 17:45:25,774 - engineio.server:78 - INFO - DPoC1Tj9K56KhGvGAAAA: Sending packet OPEN data {'sid': 'DPoC1Tj9K56KhGvGAAAA', 'upgrades': [], 'pingTimeout': 60000, 'pingInterval': 25000, 'maxPayload': 100000000.0} - MainProcess:Thread-1 (run_server)
2025-01-23 17:45:25,775 - engineio.server:90 - INFO - DPoC1Tj9K56KhGvGAAAA: Received request to upgrade to websocket - MainProcess:Thread-1 (run_server)
2025-01-23 17:45:25,777 - engineio.server:219 - INFO - DPoC1Tj9K56KhGvGAAAA: Upgrade to websocket successful - MainProcess:Thread-1 (run_server)
2025-01-23 17:45:25,846 - engineio.server:39 - INFO - DPoC1Tj9K56KhGvGAAAA: Received packet MESSAGE data 0 - MainProcess:Thread-1 (run_server)
2025-01-23 17:45:25,850 - __main__:147 - INFO - Client connected: {"sid": "RIUDn4ie-9qsMJ4nAAAB", "transport": "websocket", "user_agent": "Mozilla/5.0 (Macintosh; Intel Mac OS X 10_15_7) AppleWebKit/537.36 (KHTML, like Gecko) Chrome/132.0.0.0 Safari/537.36", "remote_addr": "172.31.196.39"} - MainProcess:Thread-1 (run_server)
2025-01-23 17:45:25,851 - engineio.server:78 - INFO - DPoC1Tj9K56KhGvGAAAA: Sending packet MESSAGE data 2["connected",{"status":"success","message":"Connected to server","sid":"RIUDn4ie-9qsMJ4nAAAB"}] - MainProcess:Thread-1 (run_server)
2025-01-23 17:45:25,852 - engineio.server:78 - INFO - DPoC1Tj9K56KhGvGAAAA: Sending packet MESSAGE data 0{"sid":"RIUDn4ie-9qsMJ4nAAAB"} - MainProcess:Thread-1 (run_server)
2025-01-23 17:45:26,184 - __main__:37 - INFO - Tables after creation: ['student', 'student_achievement', 'achievement', 'student_progress', 'coding_activity', 'code_submission', 'shared_code', 'audit_log', 'courses', 'strands', 'overall_expectations', 'specific_expectations'] - MainProcess:MainThread
2025-01-23 17:45:26,184 - __main__:46 - INFO - Database tables created successfully! - MainProcess:MainThread
