2025-01-23 14:58:00,273 - engineio.server:112 - INFO - Server initialized for eventlet. - MainProcess:MainThread
2025-01-23 14:58:03,450 - app:80 - INFO - Database tables created successfully - MainProcess:MainThread
2025-01-23 14:58:03,508 - __main__:333 - INFO - Starting ICD2O curriculum import process... - MainProcess:MainThread
2025-01-23 14:58:05,143 - __main__:55 - INFO - Successfully cleared existing data for course ICD2O - MainProcess:MainThread
2025-01-23 14:58:05,666 - __main__:354 - INFO - Created course: ICD2O - MainProcess:MainThread
2025-01-23 14:58:05,666 - __main__:86 - INFO - Creating strand A - MainProcess:MainThread
2025-01-23 14:58:05,728 - __main__:96 - INFO - Created strand A: Computational Thinking and Making Connections - MainProcess:MainThread
2025-01-23 14:58:05,739 - __main__:86 - INFO - Creating strand B - MainProcess:MainThread
2025-01-23 14:58:05,806 - __main__:96 - INFO - Created strand B: Hardware, Software, and Innovations - MainProcess:MainThread
2025-01-23 14:58:05,806 - __main__:86 - INFO - Creating strand C - MainProcess:MainThread
2025-01-23 14:58:05,875 - __main__:96 - INFO - Created strand C: Programming - MainProcess:MainThread
2025-01-23 14:58:06,373 - __main__:282 - INFO - Processing expectations for strand A - MainProcess:MainThread
2025-01-23 14:58:06,385 - __main__:285 - INFO - Creating overall expectation A1 - MainProcess:MainThread
2025-01-23 14:58:06,459 - __main__:304 - DEBUG - Creating specific expectation A1.1 - MainProcess:MainThread
2025-01-23 14:58:06,466 - __main__:304 - DEBUG - Creating specific expectation A1.2 - MainProcess:MainThread
2025-01-23 14:58:06,467 - __main__:304 - DEBUG - Creating specific expectation A1.3 - MainProcess:MainThread
2025-01-23 14:58:06,532 - __main__:314 - INFO - Created overall expectation A1 with its specific expectations - MainProcess:MainThread
2025-01-23 14:58:06,554 - __main__:285 - INFO - Creating overall expectation A2 - MainProcess:MainThread
2025-01-23 14:58:06,624 - __main__:304 - DEBUG - Creating specific expectation A2.1 - MainProcess:MainThread
2025-01-23 14:58:06,627 - __main__:304 - DEBUG - Creating specific expectation A2.2 - MainProcess:MainThread
2025-01-23 14:58:06,768 - __main__:314 - INFO - Created overall expectation A2 with its specific expectations - MainProcess:MainThread
2025-01-23 14:58:06,789 - __main__:285 - INFO - Creating overall expectation A3 - MainProcess:MainThread
2025-01-23 14:58:06,850 - __main__:304 - DEBUG - Creating specific expectation A3.1 - MainProcess:MainThread
2025-01-23 14:58:06,876 - __main__:304 - DEBUG - Creating specific expectation A3.2 - MainProcess:MainThread
2025-01-23 14:58:06,942 - __main__:314 - INFO - Created overall expectation A3 with its specific expectations - MainProcess:MainThread
2025-01-23 14:58:06,965 - __main__:316 - INFO - Completed processing expectations for strand A - MainProcess:MainThread
2025-01-23 14:58:07,028 - __main__:282 - INFO - Processing expectations for strand B - MainProcess:MainThread
2025-01-23 14:58:07,032 - __main__:285 - INFO - Creating overall expectation B1 - MainProcess:MainThread
2025-01-23 14:58:07,276 - __main__:304 - DEBUG - Creating specific expectation B1.1 - MainProcess:MainThread
2025-01-23 14:58:07,283 - __main__:304 - DEBUG - Creating specific expectation B1.2 - MainProcess:MainThread
2025-01-23 14:58:07,363 - __main__:314 - INFO - Created overall expectation B1 with its specific expectations - MainProcess:MainThread
2025-01-23 14:58:07,363 - __main__:285 - INFO - Creating overall expectation B2 - MainProcess:MainThread
2025-01-23 14:58:07,424 - __main__:304 - DEBUG - Creating specific expectation B2.1 - MainProcess:MainThread
2025-01-23 14:58:07,425 - __main__:304 - DEBUG - Creating specific expectation B2.2 - MainProcess:MainThread
2025-01-23 14:58:07,483 - __main__:314 - INFO - Created overall expectation B2 with its specific expectations - MainProcess:MainThread
2025-01-23 14:58:07,483 - __main__:285 - INFO - Creating overall expectation B3 - MainProcess:MainThread
2025-01-23 14:58:07,542 - __main__:304 - DEBUG - Creating specific expectation B3.1 - MainProcess:MainThread
2025-01-23 14:58:07,542 - __main__:304 - DEBUG - Creating specific expectation B3.2 - MainProcess:MainThread
2025-01-23 14:58:07,600 - __main__:314 - INFO - Created overall expectation B3 with its specific expectations - MainProcess:MainThread
2025-01-23 14:58:07,611 - __main__:285 - INFO - Creating overall expectation B4 - MainProcess:MainThread
2025-01-23 14:58:07,701 - __main__:304 - DEBUG - Creating specific expectation B4.1 - MainProcess:MainThread
2025-01-23 14:58:07,728 - __main__:304 - DEBUG - Creating specific expectation B4.2 - MainProcess:MainThread
2025-01-23 14:58:07,801 - __main__:314 - INFO - Created overall expectation B4 with its specific expectations - MainProcess:MainThread
2025-01-23 14:58:07,802 - __main__:316 - INFO - Completed processing expectations for strand B - MainProcess:MainThread
2025-01-23 14:58:07,865 - __main__:282 - INFO - Processing expectations for strand C - MainProcess:MainThread
2025-01-23 14:58:07,870 - __main__:285 - INFO - Creating overall expectation C1 - MainProcess:MainThread
2025-01-23 14:58:08,131 - __main__:304 - DEBUG - Creating specific expectation C1.1 - MainProcess:MainThread
2025-01-23 14:58:08,132 - __main__:304 - DEBUG - Creating specific expectation C1.2 - MainProcess:MainThread
2025-01-23 14:58:08,133 - __main__:304 - DEBUG - Creating specific expectation C1.3 - MainProcess:MainThread
2025-01-23 14:58:08,192 - __main__:314 - INFO - Created overall expectation C1 with its specific expectations - MainProcess:MainThread
2025-01-23 14:58:08,192 - __main__:285 - INFO - Creating overall expectation C2 - MainProcess:MainThread
2025-01-23 14:58:08,250 - __main__:304 - DEBUG - Creating specific expectation C2.1 - MainProcess:MainThread
2025-01-23 14:58:08,250 - __main__:304 - DEBUG - Creating specific expectation C2.2 - MainProcess:MainThread
2025-01-23 14:58:08,349 - __main__:314 - INFO - Created overall expectation C2 with its specific expectations - MainProcess:MainThread
2025-01-23 14:58:08,397 - __main__:285 - INFO - Creating overall expectation C3 - MainProcess:MainThread
2025-01-23 14:58:08,555 - __main__:304 - DEBUG - Creating specific expectation C3.1 - MainProcess:MainThread
2025-01-23 14:58:08,556 - __main__:304 - DEBUG - Creating specific expectation C3.2 - MainProcess:MainThread
2025-01-23 14:58:08,631 - __main__:314 - INFO - Created overall expectation C3 with its specific expectations - MainProcess:MainThread
2025-01-23 14:58:08,631 - __main__:316 - INFO - Completed processing expectations for strand C - MainProcess:MainThread
2025-01-23 14:58:09,066 - __main__:377 - INFO - Final verification: - MainProcess:MainThread
2025-01-23 14:58:09,068 - __main__:378 - INFO - - Course: ICD2O - MainProcess:MainThread
2025-01-23 14:58:09,070 - __main__:379 - INFO - - Strands: 3 - MainProcess:MainThread
2025-01-23 14:58:09,070 - __main__:380 - INFO - - Overall Expectations: 10 - MainProcess:MainThread
2025-01-23 14:58:09,071 - __main__:381 - INFO - - Specific Expectations: 22 - MainProcess:MainThread
