2025-01-23 15:56:18,046 - app:25 - INFO - Starting application initialization... - MainProcess:MainThread
2025-01-23 15:56:18,073 - engineio.server:112 - INFO - Server initialized for eventlet. - MainProcess:MainThread
2025-01-23 15:56:18,371 - app:25 - INFO - Starting application initialization... - MainProcess:MainThread
2025-01-23 15:56:18,400 - engineio.server:112 - INFO - Server initialized for eventlet. - MainProcess:MainThread
2025-01-23 15:56:20,933 - app:113 - INFO - Database tables created successfully - MainProcess:MainThread
2025-01-23 15:56:21,030 - __main__:333 - INFO - Starting ICD2O curriculum import process... - MainProcess:MainThread
2025-01-23 15:56:21,309 - app:113 - INFO - Database tables created successfully - MainProcess:MainThread
2025-01-23 15:56:21,769 - __main__:55 - INFO - Successfully cleared existing data for course ICD2O - MainProcess:MainThread
2025-01-23 15:56:22,223 - __main__:354 - INFO - Created course: ICD2O - MainProcess:MainThread
2025-01-23 15:56:22,223 - __main__:86 - INFO - Creating strand A - MainProcess:MainThread
2025-01-23 15:56:22,308 - __main__:96 - INFO - Created strand A: Computational Thinking and Making Connections - MainProcess:MainThread
2025-01-23 15:56:22,309 - __main__:86 - INFO - Creating strand B - MainProcess:MainThread
2025-01-23 15:56:22,366 - __main__:96 - INFO - Created strand B: Hardware, Software, and Innovations - MainProcess:MainThread
2025-01-23 15:56:22,367 - __main__:86 - INFO - Creating strand C - MainProcess:MainThread
2025-01-23 15:56:22,424 - __main__:96 - INFO - Created strand C: Programming - MainProcess:MainThread
2025-01-23 15:56:22,808 - __main__:282 - INFO - Processing expectations for strand A - MainProcess:MainThread
2025-01-23 15:56:22,809 - __main__:285 - INFO - Creating overall expectation A1 - MainProcess:MainThread
2025-01-23 15:56:22,870 - __main__:304 - DEBUG - Creating specific expectation A1.1 - MainProcess:MainThread
2025-01-23 15:56:22,870 - __main__:304 - DEBUG - Creating specific expectation A1.2 - MainProcess:MainThread
2025-01-23 15:56:22,870 - __main__:304 - DEBUG - Creating specific expectation A1.3 - MainProcess:MainThread
2025-01-23 15:56:22,931 - __main__:314 - INFO - Created overall expectation A1 with its specific expectations - MainProcess:MainThread
2025-01-23 15:56:22,932 - __main__:285 - INFO - Creating overall expectation A2 - MainProcess:MainThread
2025-01-23 15:56:23,008 - __main__:304 - DEBUG - Creating specific expectation A2.1 - MainProcess:MainThread
2025-01-23 15:56:23,009 - __main__:304 - DEBUG - Creating specific expectation A2.2 - MainProcess:MainThread
2025-01-23 15:56:23,066 - __main__:314 - INFO - Created overall expectation A2 with its specific expectations - MainProcess:MainThread
2025-01-23 15:56:23,067 - __main__:285 - INFO - Creating overall expectation A3 - MainProcess:MainThread
2025-01-23 15:56:23,124 - __main__:304 - DEBUG - Creating specific expectation A3.1 - MainProcess:MainThread
2025-01-23 15:56:23,124 - __main__:304 - DEBUG - Creating specific expectation A3.2 - MainProcess:MainThread
2025-01-23 15:56:23,212 - __main__:314 - INFO - Created overall expectation A3 with its specific expectations - MainProcess:MainThread
2025-01-23 15:56:23,212 - __main__:316 - INFO - Completed processing expectations for strand A - MainProcess:MainThread
2025-01-23 15:56:23,270 - __main__:282 - INFO - Processing expectations for strand B - MainProcess:MainThread
2025-01-23 15:56:23,270 - __main__:285 - INFO - Creating overall expectation B1 - MainProcess:MainThread
2025-01-23 15:56:23,521 - __main__:304 - DEBUG - Creating specific expectation B1.1 - MainProcess:MainThread
2025-01-23 15:56:23,521 - __main__:304 - DEBUG - Creating specific expectation B1.2 - MainProcess:MainThread
2025-01-23 15:56:23,580 - __main__:314 - INFO - Created overall expectation B1 with its specific expectations - MainProcess:MainThread
2025-01-23 15:56:23,592 - __main__:285 - INFO - Creating overall expectation B2 - MainProcess:MainThread
2025-01-23 15:56:23,649 - __main__:304 - DEBUG - Creating specific expectation B2.1 - MainProcess:MainThread
2025-01-23 15:56:23,649 - __main__:304 - DEBUG - Creating specific expectation B2.2 - MainProcess:MainThread
2025-01-23 15:56:23,708 - __main__:314 - INFO - Created overall expectation B2 with its specific expectations - MainProcess:MainThread
2025-01-23 15:56:23,709 - __main__:285 - INFO - Creating overall expectation B3 - MainProcess:MainThread
2025-01-23 15:56:23,766 - __main__:304 - DEBUG - Creating specific expectation B3.1 - MainProcess:MainThread
2025-01-23 15:56:23,766 - __main__:304 - DEBUG - Creating specific expectation B3.2 - MainProcess:MainThread
2025-01-23 15:56:23,824 - __main__:314 - INFO - Created overall expectation B3 with its specific expectations - MainProcess:MainThread
2025-01-23 15:56:23,824 - __main__:285 - INFO - Creating overall expectation B4 - MainProcess:MainThread
2025-01-23 15:56:23,908 - __main__:304 - DEBUG - Creating specific expectation B4.1 - MainProcess:MainThread
2025-01-23 15:56:23,908 - __main__:304 - DEBUG - Creating specific expectation B4.2 - MainProcess:MainThread
2025-01-23 15:56:23,968 - __main__:314 - INFO - Created overall expectation B4 with its specific expectations - MainProcess:MainThread
2025-01-23 15:56:23,968 - __main__:316 - INFO - Completed processing expectations for strand B - MainProcess:MainThread
2025-01-23 15:56:24,035 - __main__:282 - INFO - Processing expectations for strand C - MainProcess:MainThread
2025-01-23 15:56:24,039 - __main__:285 - INFO - Creating overall expectation C1 - MainProcess:MainThread
2025-01-23 15:56:24,343 - __main__:304 - DEBUG - Creating specific expectation C1.1 - MainProcess:MainThread
2025-01-23 15:56:24,344 - __main__:304 - DEBUG - Creating specific expectation C1.2 - MainProcess:MainThread
2025-01-23 15:56:24,344 - __main__:304 - DEBUG - Creating specific expectation C1.3 - MainProcess:MainThread
2025-01-23 15:56:24,408 - __main__:314 - INFO - Created overall expectation C1 with its specific expectations - MainProcess:MainThread
2025-01-23 15:56:24,409 - __main__:285 - INFO - Creating overall expectation C2 - MainProcess:MainThread
2025-01-23 15:56:24,466 - __main__:304 - DEBUG - Creating specific expectation C2.1 - MainProcess:MainThread
2025-01-23 15:56:24,466 - __main__:304 - DEBUG - Creating specific expectation C2.2 - MainProcess:MainThread
2025-01-23 15:56:24,523 - __main__:314 - INFO - Created overall expectation C2 with its specific expectations - MainProcess:MainThread
2025-01-23 15:56:24,524 - __main__:285 - INFO - Creating overall expectation C3 - MainProcess:MainThread
2025-01-23 15:56:24,608 - __main__:304 - DEBUG - Creating specific expectation C3.1 - MainProcess:MainThread
2025-01-23 15:56:24,608 - __main__:304 - DEBUG - Creating specific expectation C3.2 - MainProcess:MainThread
2025-01-23 15:56:24,670 - __main__:314 - INFO - Created overall expectation C3 with its specific expectations - MainProcess:MainThread
2025-01-23 15:56:24,670 - __main__:316 - INFO - Completed processing expectations for strand C - MainProcess:MainThread
2025-01-23 15:56:25,138 - __main__:377 - INFO - Final verification: - MainProcess:MainThread
2025-01-23 15:56:25,138 - __main__:378 - INFO - - Course: ICD2O - MainProcess:MainThread
2025-01-23 15:56:25,138 - __main__:379 - INFO - - Strands: 3 - MainProcess:MainThread
2025-01-23 15:56:25,138 - __main__:380 - INFO - - Overall Expectations: 10 - MainProcess:MainThread
2025-01-23 15:56:25,139 - __main__:381 - INFO - - Specific Expectations: 22 - MainProcess:MainThread
