2025-01-23 18:29:30,377 - app:25 - INFO - Starting application initialization... - MainProcess:MainThread
2025-01-23 18:29:30,466 - engineio.server:112 - INFO - Server initialized for eventlet. - MainProcess:MainThread
2025-01-23 18:29:30,819 - app:25 - INFO - Starting application initialization... - MainProcess:MainThread
2025-01-23 18:29:30,851 - engineio.server:112 - INFO - Server initialized for eventlet. - MainProcess:MainThread
2025-01-23 18:29:30,979 - app:25 - INFO - Starting application initialization... - MainProcess:MainThread
2025-01-23 18:29:31,092 - engineio.server:112 - INFO - Server initialized for eventlet. - MainProcess:MainThread
2025-01-23 18:29:31,348 - app:113 - INFO - Database tables created successfully - MainProcess:MainThread
2025-01-23 18:29:31,432 - __main__:47 - INFO - Starting ICS3U curriculum import process... - MainProcess:MainThread
2025-01-23 18:29:31,725 - app:113 - INFO - Database tables created successfully - MainProcess:MainThread
2025-01-23 18:29:31,788 - __main__:86 - INFO - Successfully updated strand titles and overall descriptions - MainProcess:MainThread
2025-01-23 18:29:31,822 - __main__:48 - INFO - Found in file: c2.1 concevoir des algorithmes qui répondent à des problèmes mathématiques donnés.
 - MainProcess:MainThread
2025-01-23 18:29:31,979 - app:113 - INFO - Database tables created successfully - MainProcess:MainThread
2025-01-23 18:29:32,051 - __main__:333 - INFO - Starting ICD2O curriculum import process... - MainProcess:MainThread
2025-01-23 18:29:32,279 - __main__:62 - INFO - Database Content: - MainProcess:MainThread
2025-01-23 18:29:32,279 - __main__:63 - INFO - -------------------------------------------------- - MainProcess:MainThread
2025-01-23 18:29:32,280 - __main__:64 - INFO - Strand: - MainProcess:MainThread
2025-01-23 18:29:32,280 - __main__:65 - INFO - - Code: C - MainProcess:MainThread
2025-01-23 18:29:32,280 - __main__:66 - INFO - - Title (FR): Programmation - MainProcess:MainThread
2025-01-23 18:29:32,280 - __main__:67 - INFO - - Title (EN): Programming - MainProcess:MainThread
2025-01-23 18:29:32,280 - __main__:69 - INFO - 
Overall Expectation: - MainProcess:MainThread
2025-01-23 18:29:32,280 - __main__:70 - INFO - - Code: C2 - MainProcess:MainThread
2025-01-23 18:29:32,280 - __main__:71 - INFO - - Description (FR): Écriture - MainProcess:MainThread
2025-01-23 18:29:32,281 - __main__:72 - INFO - - Description (EN): Writing - MainProcess:MainThread
2025-01-23 18:29:32,281 - __main__:74 - INFO - 
Specific Expectation: - MainProcess:MainThread
2025-01-23 18:29:32,281 - __main__:75 - INFO - - Code: C2.1 - MainProcess:MainThread
2025-01-23 18:29:32,281 - __main__:76 - INFO - - Description (FR): Écrire du code clair et maintenable en utilisant les conventions appropriées - MainProcess:MainThread
2025-01-23 18:29:32,281 - __main__:77 - INFO - - Description (EN): Write clear and maintainable code using proper conventions - MainProcess:MainThread
2025-01-23 18:29:32,281 - __main__:93 - INFO - 
All required fields are present - MainProcess:MainThread
2025-01-23 18:29:32,748 - __main__:55 - INFO - Successfully cleared existing data for course ICD2O - MainProcess:MainThread
2025-01-23 18:29:33,165 - __main__:354 - INFO - Created course: ICD2O - MainProcess:MainThread
2025-01-23 18:29:33,166 - __main__:86 - INFO - Creating strand A - MainProcess:MainThread
2025-01-23 18:29:33,229 - __main__:96 - INFO - Created strand A: Computational Thinking and Making Connections - MainProcess:MainThread
2025-01-23 18:29:33,229 - __main__:86 - INFO - Creating strand B - MainProcess:MainThread
2025-01-23 18:29:33,289 - __main__:96 - INFO - Created strand B: Hardware, Software, and Innovations - MainProcess:MainThread
2025-01-23 18:29:33,289 - __main__:86 - INFO - Creating strand C - MainProcess:MainThread
2025-01-23 18:29:33,347 - __main__:96 - INFO - Created strand C: Programming - MainProcess:MainThread
2025-01-23 18:29:33,708 - __main__:282 - INFO - Processing expectations for strand A - MainProcess:MainThread
2025-01-23 18:29:33,709 - __main__:285 - INFO - Creating overall expectation A1 - MainProcess:MainThread
2025-01-23 18:29:33,771 - __main__:304 - DEBUG - Creating specific expectation A1.1 - MainProcess:MainThread
2025-01-23 18:29:33,771 - __main__:304 - DEBUG - Creating specific expectation A1.2 - MainProcess:MainThread
2025-01-23 18:29:33,772 - __main__:304 - DEBUG - Creating specific expectation A1.3 - MainProcess:MainThread
2025-01-23 18:29:33,834 - __main__:314 - INFO - Created overall expectation A1 with its specific expectations - MainProcess:MainThread
2025-01-23 18:29:33,834 - __main__:285 - INFO - Creating overall expectation A2 - MainProcess:MainThread
2025-01-23 18:29:33,893 - __main__:304 - DEBUG - Creating specific expectation A2.1 - MainProcess:MainThread
2025-01-23 18:29:33,894 - __main__:304 - DEBUG - Creating specific expectation A2.2 - MainProcess:MainThread
2025-01-23 18:29:33,953 - __main__:314 - INFO - Created overall expectation A2 with its specific expectations - MainProcess:MainThread
2025-01-23 18:29:33,953 - __main__:285 - INFO - Creating overall expectation A3 - MainProcess:MainThread
2025-01-23 18:29:34,013 - __main__:304 - DEBUG - Creating specific expectation A3.1 - MainProcess:MainThread
2025-01-23 18:29:34,014 - __main__:304 - DEBUG - Creating specific expectation A3.2 - MainProcess:MainThread
2025-01-23 18:29:34,073 - __main__:314 - INFO - Created overall expectation A3 with its specific expectations - MainProcess:MainThread
2025-01-23 18:29:34,073 - __main__:316 - INFO - Completed processing expectations for strand A - MainProcess:MainThread
2025-01-23 18:29:34,132 - __main__:282 - INFO - Processing expectations for strand B - MainProcess:MainThread
2025-01-23 18:29:34,132 - __main__:285 - INFO - Creating overall expectation B1 - MainProcess:MainThread
2025-01-23 18:29:34,393 - __main__:304 - DEBUG - Creating specific expectation B1.1 - MainProcess:MainThread
2025-01-23 18:29:34,394 - __main__:304 - DEBUG - Creating specific expectation B1.2 - MainProcess:MainThread
2025-01-23 18:29:34,452 - __main__:314 - INFO - Created overall expectation B1 with its specific expectations - MainProcess:MainThread
2025-01-23 18:29:34,453 - __main__:285 - INFO - Creating overall expectation B2 - MainProcess:MainThread
2025-01-23 18:29:34,512 - __main__:304 - DEBUG - Creating specific expectation B2.1 - MainProcess:MainThread
2025-01-23 18:29:34,513 - __main__:304 - DEBUG - Creating specific expectation B2.2 - MainProcess:MainThread
2025-01-23 18:29:34,572 - __main__:314 - INFO - Created overall expectation B2 with its specific expectations - MainProcess:MainThread
2025-01-23 18:29:34,573 - __main__:285 - INFO - Creating overall expectation B3 - MainProcess:MainThread
2025-01-23 18:29:34,633 - __main__:304 - DEBUG - Creating specific expectation B3.1 - MainProcess:MainThread
2025-01-23 18:29:34,633 - __main__:304 - DEBUG - Creating specific expectation B3.2 - MainProcess:MainThread
2025-01-23 18:29:34,692 - __main__:314 - INFO - Created overall expectation B3 with its specific expectations - MainProcess:MainThread
2025-01-23 18:29:34,692 - __main__:285 - INFO - Creating overall expectation B4 - MainProcess:MainThread
2025-01-23 18:29:34,766 - __main__:304 - DEBUG - Creating specific expectation B4.1 - MainProcess:MainThread
2025-01-23 18:29:34,766 - __main__:304 - DEBUG - Creating specific expectation B4.2 - MainProcess:MainThread
2025-01-23 18:29:34,826 - __main__:314 - INFO - Created overall expectation B4 with its specific expectations - MainProcess:MainThread
2025-01-23 18:29:34,827 - __main__:316 - INFO - Completed processing expectations for strand B - MainProcess:MainThread
2025-01-23 18:29:34,885 - __main__:282 - INFO - Processing expectations for strand C - MainProcess:MainThread
2025-01-23 18:29:34,886 - __main__:285 - INFO - Creating overall expectation C1 - MainProcess:MainThread
2025-01-23 18:29:35,127 - __main__:304 - DEBUG - Creating specific expectation C1.1 - MainProcess:MainThread
2025-01-23 18:29:35,127 - __main__:304 - DEBUG - Creating specific expectation C1.2 - MainProcess:MainThread
2025-01-23 18:29:35,127 - __main__:304 - DEBUG - Creating specific expectation C1.3 - MainProcess:MainThread
2025-01-23 18:29:35,188 - __main__:314 - INFO - Created overall expectation C1 with its specific expectations - MainProcess:MainThread
2025-01-23 18:29:35,188 - __main__:285 - INFO - Creating overall expectation C2 - MainProcess:MainThread
2025-01-23 18:29:35,253 - __main__:304 - DEBUG - Creating specific expectation C2.1 - MainProcess:MainThread
2025-01-23 18:29:35,254 - __main__:304 - DEBUG - Creating specific expectation C2.2 - MainProcess:MainThread
2025-01-23 18:29:35,320 - __main__:314 - INFO - Created overall expectation C2 with its specific expectations - MainProcess:MainThread
2025-01-23 18:29:35,321 - __main__:285 - INFO - Creating overall expectation C3 - MainProcess:MainThread
2025-01-23 18:29:35,417 - __main__:304 - DEBUG - Creating specific expectation C3.1 - MainProcess:MainThread
2025-01-23 18:29:35,417 - __main__:304 - DEBUG - Creating specific expectation C3.2 - MainProcess:MainThread
2025-01-23 18:29:35,476 - __main__:314 - INFO - Created overall expectation C3 with its specific expectations - MainProcess:MainThread
2025-01-23 18:29:35,476 - __main__:316 - INFO - Completed processing expectations for strand C - MainProcess:MainThread
2025-01-23 18:29:35,968 - __main__:377 - INFO - Final verification: - MainProcess:MainThread
2025-01-23 18:29:35,968 - __main__:378 - INFO - - Course: ICD2O - MainProcess:MainThread
2025-01-23 18:29:35,968 - __main__:379 - INFO - - Strands: 3 - MainProcess:MainThread
2025-01-23 18:29:35,968 - __main__:380 - INFO - - Overall Expectations: 10 - MainProcess:MainThread
2025-01-23 18:29:35,968 - __main__:381 - INFO - - Specific Expectations: 22 - MainProcess:MainThread
