2025-01-23 16:07:46,575 - app:25 - INFO - Starting application initialization... - MainProcess:MainThread
2025-01-23 16:07:46,576 - __main__:25 - INFO - Starting application initialization... - MainProcess:MainThread
2025-01-23 16:07:46,612 - app:25 - INFO - Starting application initialization... - MainProcess:MainThread
2025-01-23 16:07:46,659 - engineio.server:112 - INFO - Server initialized for eventlet. - MainProcess:MainThread
2025-01-23 16:07:46,722 - engineio.server:112 - INFO - Server initialized for eventlet. - MainProcess:MainThread
2025-01-23 16:07:46,758 - engineio.server:112 - INFO - Server initialized for eventlet. - MainProcess:MainThread
2025-01-23 16:07:46,921 - app:25 - INFO - Starting application initialization... - MainProcess:MainThread
2025-01-23 16:07:46,949 - engineio.server:112 - INFO - Server initialized for eventlet. - MainProcess:MainThread
2025-01-23 16:07:47,577 - app:113 - INFO - Database tables created successfully - MainProcess:MainThread
2025-01-23 16:07:47,631 - __main__:23 - INFO - Starting database table creation... - MainProcess:MainThread
2025-01-23 16:07:47,671 - __main__:113 - INFO - Database tables created successfully - MainProcess:MainThread
2025-01-23 16:07:47,672 - werkzeug:96 - WARNING -  * Debugger is active! - MainProcess:MainThread
2025-01-23 16:07:47,673 - werkzeug:96 - INFO -  * Debugger PIN: 328-610-175 - MainProcess:MainThread
2025-01-23 16:07:47,721 - app:113 - INFO - Database tables created successfully - MainProcess:MainThread
2025-01-23 16:07:47,769 - __main__:47 - INFO - Starting ICS3U curriculum import process... - MainProcess:MainThread
2025-01-23 16:07:47,870 - app:113 - INFO - Database tables created successfully - MainProcess:MainThread
2025-01-23 16:07:47,933 - __main__:30 - INFO - Existing tables: ['student', 'student_achievement', 'achievement', 'student_progress', 'coding_activity', 'code_submission', 'shared_code', 'audit_log', 'courses', 'strands', 'overall_expectations', 'specific_expectations'] - MainProcess:MainThread
2025-01-23 16:07:47,939 - __main__:47 - INFO - Starting ICS3U curriculum import process... - MainProcess:MainThread
2025-01-23 16:07:47,955 - __main__:122 - INFO - Starting index page render - MainProcess:Thread-1 (run_server)
2025-01-23 16:07:47,956 - __main__:123 - DEBUG - Rendering index page with template parameters: title='Ontario Secondary Computer Science Curriculum', lang='en' - MainProcess:Thread-1 (run_server)
2025-01-23 16:07:47,973 - __main__:129 - INFO - Successfully rendered index page - MainProcess:Thread-1 (run_server)
2025-01-23 16:07:48,165 - __main__:86 - INFO - Successfully updated strand titles and overall descriptions - MainProcess:MainThread
2025-01-23 16:07:48,314 - __main__:86 - INFO - Successfully updated strand titles and overall descriptions - MainProcess:MainThread
2025-01-23 16:07:48,844 - engineio.server:78 - INFO - O0SdUOZokUEwTJtpAAAA: Sending packet OPEN data {'sid': 'O0SdUOZokUEwTJtpAAAA', 'upgrades': [], 'pingTimeout': 60000, 'pingInterval': 25000, 'maxPayload': 100000000.0} - MainProcess:Thread-1 (run_server)
2025-01-23 16:07:48,844 - engineio.server:90 - INFO - O0SdUOZokUEwTJtpAAAA: Received request to upgrade to websocket - MainProcess:Thread-1 (run_server)
2025-01-23 16:07:48,845 - engineio.server:219 - INFO - O0SdUOZokUEwTJtpAAAA: Upgrade to websocket successful - MainProcess:Thread-1 (run_server)
2025-01-23 16:07:48,913 - engineio.server:39 - INFO - O0SdUOZokUEwTJtpAAAA: Received packet MESSAGE data 0 - MainProcess:Thread-1 (run_server)
2025-01-23 16:07:48,917 - __main__:147 - INFO - Client connected: {"sid": "Kkv1oEjfKjR39Y5zAAAB", "transport": "websocket", "user_agent": "Mozilla/5.0 (Macintosh; Intel Mac OS X 10_15_7) AppleWebKit/537.36 (KHTML, like Gecko) Chrome/132.0.0.0 Safari/537.36", "remote_addr": "172.31.196.39"} - MainProcess:Thread-1 (run_server)
2025-01-23 16:07:48,921 - engineio.server:78 - INFO - O0SdUOZokUEwTJtpAAAA: Sending packet MESSAGE data 2["connected",{"status":"success","message":"Connected to server","sid":"Kkv1oEjfKjR39Y5zAAAB"}] - MainProcess:Thread-1 (run_server)
2025-01-23 16:07:48,921 - engineio.server:78 - INFO - O0SdUOZokUEwTJtpAAAA: Sending packet MESSAGE data 0{"sid":"Kkv1oEjfKjR39Y5zAAAB"} - MainProcess:Thread-1 (run_server)
2025-01-23 16:07:49,134 - __main__:37 - INFO - Tables after creation: ['student', 'student_achievement', 'achievement', 'student_progress', 'coding_activity', 'code_submission', 'shared_code', 'audit_log', 'courses', 'strands', 'overall_expectations', 'specific_expectations'] - MainProcess:MainThread
2025-01-23 16:07:49,135 - __main__:46 - INFO - Database tables created successfully! - MainProcess:MainThread
2025-01-23 16:07:52,944 - engineio.server:39 - INFO - O0SdUOZokUEwTJtpAAAA: Received packet MESSAGE data 2["compile_and_run",{"code":"using System;\n\nclass Program\n{\n    static void Main()\n    {\n        Console.WriteLine(\"Hello! Please enter your name:\");\n        string name = Console.ReadLine();\n        Console.WriteLine($\"Nice to meet you, {name}!\");\n    }\n}"}] - MainProcess:Thread-1 (run_server)
2025-01-23 16:07:52,946 - __main__:193 - INFO - [COMPILE] Starting compilation for session session_1737648472 client Kkv1oEjfKjR39Y5zAAAB - MainProcess:Thread-1 (run_server)
2025-01-23 16:07:52,946 - __main__:194 - DEBUG - [COMPILE] Code length: 227, First line: using - MainProcess:Thread-1 (run_server)
2025-01-23 16:07:52,946 - __main__:62 - INFO - Created new console session: session_1737648472 (active: True) - MainProcess:Thread-1 (run_server)
