2025-01-23 17:48:45,507 - __main__:25 - INFO - Starting application initialization... - MainProcess:MainThread
2025-01-23 17:48:45,585 - engineio.server:112 - INFO - Server initialized for eventlet. - MainProcess:MainThread
2025-01-23 17:48:46,452 - __main__:113 - INFO - Database tables created successfully - MainProcess:MainThread
2025-01-23 17:48:46,453 - werkzeug:96 - WARNING -  * Debugger is active! - MainProcess:MainThread
2025-01-23 17:48:46,464 - werkzeug:96 - INFO -  * Debugger PIN: 124-270-583 - MainProcess:MainThread
2025-01-23 17:48:46,999 - __main__:122 - INFO - Starting index page render - MainProcess:Thread-1 (run_server)
2025-01-23 17:48:47,001 - __main__:123 - DEBUG - Rendering index page with template parameters: title='Ontario Secondary Computer Science Curriculum', lang='en' - MainProcess:Thread-1 (run_server)
2025-01-23 17:48:47,088 - __main__:129 - INFO - Successfully rendered index page - MainProcess:Thread-1 (run_server)
2025-01-23 17:48:47,876 - __main__:122 - INFO - Starting index page render - MainProcess:Thread-1 (run_server)
2025-01-23 17:48:47,876 - __main__:123 - DEBUG - Rendering index page with template parameters: title='Ontario Secondary Computer Science Curriculum', lang='en' - MainProcess:Thread-1 (run_server)
2025-01-23 17:48:47,877 - __main__:129 - INFO - Successfully rendered index page - MainProcess:Thread-1 (run_server)
2025-01-23 17:48:48,033 - engineio.server:78 - INFO - qVw_3GYNllU2af41AAAA: Sending packet OPEN data {'sid': 'qVw_3GYNllU2af41AAAA', 'upgrades': [], 'pingTimeout': 60000, 'pingInterval': 25000, 'maxPayload': 100000000.0} - MainProcess:Thread-1 (run_server)
2025-01-23 17:48:48,034 - engineio.server:90 - INFO - qVw_3GYNllU2af41AAAA: Received request to upgrade to websocket - MainProcess:Thread-1 (run_server)
2025-01-23 17:48:48,034 - engineio.server:219 - INFO - qVw_3GYNllU2af41AAAA: Upgrade to websocket successful - MainProcess:Thread-1 (run_server)
2025-01-23 17:48:48,119 - engineio.server:39 - INFO - qVw_3GYNllU2af41AAAA: Received packet MESSAGE data 0 - MainProcess:Thread-1 (run_server)
2025-01-23 17:48:48,122 - __main__:147 - INFO - Client connected: {"sid": "S0TkinhhanrRnCkIAAAB", "transport": "websocket", "user_agent": "Mozilla/5.0 (Macintosh; Intel Mac OS X 10_15_7) AppleWebKit/537.36 (KHTML, like Gecko) Chrome/132.0.0.0 Safari/537.36", "remote_addr": "172.31.196.39"} - MainProcess:Thread-1 (run_server)
2025-01-23 17:48:48,122 - engineio.server:78 - INFO - qVw_3GYNllU2af41AAAA: Sending packet MESSAGE data 2["connected",{"status":"success","message":"Connected to server","sid":"S0TkinhhanrRnCkIAAAB"}] - MainProcess:Thread-1 (run_server)
2025-01-23 17:48:48,123 - engineio.server:78 - INFO - qVw_3GYNllU2af41AAAA: Sending packet MESSAGE data 0{"sid":"S0TkinhhanrRnCkIAAAB"} - MainProcess:Thread-1 (run_server)
2025-01-23 17:48:48,436 - engineio.server:78 - INFO - ImE1kwyUuMq9F2GeAAAC: Sending packet OPEN data {'sid': 'ImE1kwyUuMq9F2GeAAAC', 'upgrades': [], 'pingTimeout': 60000, 'pingInterval': 25000, 'maxPayload': 100000000.0} - MainProcess:Thread-1 (run_server)
2025-01-23 17:48:48,436 - engineio.server:90 - INFO - ImE1kwyUuMq9F2GeAAAC: Received request to upgrade to websocket - MainProcess:Thread-1 (run_server)
2025-01-23 17:48:48,437 - engineio.server:219 - INFO - ImE1kwyUuMq9F2GeAAAC: Upgrade to websocket successful - MainProcess:Thread-1 (run_server)
2025-01-23 17:48:48,511 - __main__:122 - INFO - Starting index page render - MainProcess:Thread-1 (run_server)
2025-01-23 17:48:48,511 - __main__:123 - DEBUG - Rendering index page with template parameters: title='Ontario Secondary Computer Science Curriculum', lang='en' - MainProcess:Thread-1 (run_server)
2025-01-23 17:48:48,516 - __main__:129 - INFO - Successfully rendered index page - MainProcess:Thread-1 (run_server)
2025-01-23 17:48:48,522 - engineio.server:39 - INFO - ImE1kwyUuMq9F2GeAAAC: Received packet MESSAGE data 0 - MainProcess:Thread-1 (run_server)
2025-01-23 17:48:48,529 - __main__:147 - INFO - Client connected: {"sid": "YwQFuh--dvpTcrXKAAAD", "transport": "websocket", "user_agent": "Mozilla/5.0 (Macintosh; Intel Mac OS X 10_15_7) AppleWebKit/537.36 (KHTML, like Gecko) Chrome/132.0.0.0 Safari/537.36", "remote_addr": "172.31.196.39"} - MainProcess:Thread-1 (run_server)
2025-01-23 17:48:48,531 - engineio.server:78 - INFO - ImE1kwyUuMq9F2GeAAAC: Sending packet MESSAGE data 2["connected",{"status":"success","message":"Connected to server","sid":"YwQFuh--dvpTcrXKAAAD"}] - MainProcess:Thread-1 (run_server)
2025-01-23 17:48:48,532 - engineio.server:78 - INFO - ImE1kwyUuMq9F2GeAAAC: Sending packet MESSAGE data 0{"sid":"YwQFuh--dvpTcrXKAAAD"} - MainProcess:Thread-1 (run_server)
2025-01-23 17:48:49,134 - engineio.server:78 - INFO - pwWZ04uo-MEJZmGXAAAE: Sending packet OPEN data {'sid': 'pwWZ04uo-MEJZmGXAAAE', 'upgrades': [], 'pingTimeout': 60000, 'pingInterval': 25000, 'maxPayload': 100000000.0} - MainProcess:Thread-1 (run_server)
2025-01-23 17:48:49,134 - engineio.server:90 - INFO - pwWZ04uo-MEJZmGXAAAE: Received request to upgrade to websocket - MainProcess:Thread-1 (run_server)
2025-01-23 17:48:49,138 - engineio.server:219 - INFO - pwWZ04uo-MEJZmGXAAAE: Upgrade to websocket successful - MainProcess:Thread-1 (run_server)
2025-01-23 17:48:49,146 - engineio.server:39 - INFO - pwWZ04uo-MEJZmGXAAAE: Received packet MESSAGE data 0 - MainProcess:Thread-1 (run_server)
2025-01-23 17:48:49,149 - __main__:147 - INFO - Client connected: {"sid": "f89sSdZOCVoca9JLAAAF", "transport": "websocket", "user_agent": "Mozilla/5.0 (X11; Linux x86_64) AppleWebKit/537.36 (KHTML, like Gecko) HeadlessChrome/118.0.5993.88 Safari/537.36", "remote_addr": "172.31.196.39"} - MainProcess:Thread-1 (run_server)
2025-01-23 17:48:49,150 - engineio.server:78 - INFO - pwWZ04uo-MEJZmGXAAAE: Sending packet MESSAGE data 2["connected",{"status":"success","message":"Connected to server","sid":"f89sSdZOCVoca9JLAAAF"}] - MainProcess:Thread-1 (run_server)
2025-01-23 17:48:49,158 - engineio.server:78 - INFO - pwWZ04uo-MEJZmGXAAAE: Sending packet MESSAGE data 0{"sid":"f89sSdZOCVoca9JLAAAF"} - MainProcess:Thread-1 (run_server)
2025-01-23 17:48:49,611 - __main__:166 - INFO - Client disconnecting: f89sSdZOCVoca9JLAAAF - MainProcess:Thread-1 (run_server)
2025-01-23 17:48:49,612 - __main__:177 - INFO - Client disconnected: f89sSdZOCVoca9JLAAAF - MainProcess:Thread-1 (run_server)
2025-01-23 17:49:13,060 - engineio.server:78 - INFO - qVw_3GYNllU2af41AAAA: Sending packet PING data None - MainProcess:Thread-1 (run_server)
2025-01-23 17:49:13,135 - engineio.server:39 - INFO - qVw_3GYNllU2af41AAAA: Received packet PONG data  - MainProcess:Thread-1 (run_server)
2025-01-23 17:49:13,440 - engineio.server:78 - INFO - ImE1kwyUuMq9F2GeAAAC: Sending packet PING data None - MainProcess:Thread-1 (run_server)
2025-01-23 17:49:13,508 - engineio.server:39 - INFO - ImE1kwyUuMq9F2GeAAAC: Received packet PONG data  - MainProcess:Thread-1 (run_server)
2025-01-23 17:49:38,160 - engineio.server:78 - INFO - qVw_3GYNllU2af41AAAA: Sending packet PING data None - MainProcess:Thread-1 (run_server)
2025-01-23 17:49:38,229 - engineio.server:39 - INFO - qVw_3GYNllU2af41AAAA: Received packet PONG data  - MainProcess:Thread-1 (run_server)
2025-01-23 17:49:38,509 - engineio.server:78 - INFO - ImE1kwyUuMq9F2GeAAAC: Sending packet PING data None - MainProcess:Thread-1 (run_server)
2025-01-23 17:49:38,577 - engineio.server:39 - INFO - ImE1kwyUuMq9F2GeAAAC: Received packet PONG data  - MainProcess:Thread-1 (run_server)
2025-01-23 17:49:59,662 - engineio.server:39 - INFO - ImE1kwyUuMq9F2GeAAAC: Received packet MESSAGE data 2["compile_and_run",{"code":"using System;\n\nclass Program\n{\n    static void Main()\n    {\n        Console.WriteLine(\"Hello! Please enter your name:\");\n        string name = Console.ReadLine();\n        Console.WriteLine($\"Nice to meet you, {name}!\");\n    }\n}"}] - MainProcess:Thread-1 (run_server)
2025-01-23 17:49:59,664 - __main__:194 - INFO - [COMPILE] Starting compilation for session session_1737654599 client YwQFuh--dvpTcrXKAAAD - MainProcess:Thread-1 (run_server)
2025-01-23 17:49:59,664 - __main__:195 - DEBUG - [COMPILE] Code length: 227, First line: using - MainProcess:Thread-1 (run_server)
2025-01-23 17:49:59,664 - __main__:62 - INFO - Created new console session: session_1737654599 (active: True) - MainProcess:Thread-1 (run_server)
2025-01-23 17:53:08,331 - werkzeug:96 - INFO -  * Detected change in '/home/runner/workspace/compiler_service.py', reloading - MainProcess:MainThread
