2025-01-23 17:40:57,267 - __main__:25 - INFO - Starting application initialization... - MainProcess:MainThread
2025-01-23 17:40:57,309 - engineio.server:112 - INFO - Server initialized for eventlet. - MainProcess:MainThread
2025-01-23 17:41:01,174 - __main__:113 - INFO - Database tables created successfully - MainProcess:MainThread
2025-01-23 17:41:01,175 - werkzeug:96 - WARNING -  * Debugger is active! - MainProcess:MainThread
2025-01-23 17:41:01,177 - werkzeug:96 - INFO -  * Debugger PIN: 494-756-567 - MainProcess:MainThread
2025-01-23 17:41:01,407 - __main__:122 - INFO - Starting index page render - MainProcess:Thread-1 (run_server)
2025-01-23 17:41:01,407 - __main__:123 - DEBUG - Rendering index page with template parameters: title='Ontario Secondary Computer Science Curriculum', lang='en' - MainProcess:Thread-1 (run_server)
2025-01-23 17:41:01,421 - __main__:129 - INFO - Successfully rendered index page - MainProcess:Thread-1 (run_server)
2025-01-23 17:41:02,324 - engineio.server:78 - INFO - PlI38l1rUSplSarZAAAA: Sending packet OPEN data {'sid': 'PlI38l1rUSplSarZAAAA', 'upgrades': [], 'pingTimeout': 60000, 'pingInterval': 25000, 'maxPayload': 100000000.0} - MainProcess:Thread-1 (run_server)
2025-01-23 17:41:02,324 - engineio.server:90 - INFO - PlI38l1rUSplSarZAAAA: Received request to upgrade to websocket - MainProcess:Thread-1 (run_server)
2025-01-23 17:41:02,325 - engineio.server:219 - INFO - PlI38l1rUSplSarZAAAA: Upgrade to websocket successful - MainProcess:Thread-1 (run_server)
2025-01-23 17:41:02,397 - engineio.server:39 - INFO - PlI38l1rUSplSarZAAAA: Received packet MESSAGE data 0 - MainProcess:Thread-1 (run_server)
2025-01-23 17:41:02,399 - __main__:147 - INFO - Client connected: {"sid": "CDom_Tmm0vGD-200AAAB", "transport": "websocket", "user_agent": "Mozilla/5.0 (Macintosh; Intel Mac OS X 10_15_7) AppleWebKit/537.36 (KHTML, like Gecko) Chrome/132.0.0.0 Safari/537.36", "remote_addr": "172.31.196.39"} - MainProcess:Thread-1 (run_server)
2025-01-23 17:41:02,400 - engineio.server:78 - INFO - PlI38l1rUSplSarZAAAA: Sending packet MESSAGE data 2["connected",{"status":"success","message":"Connected to server","sid":"CDom_Tmm0vGD-200AAAB"}] - MainProcess:Thread-1 (run_server)
2025-01-23 17:41:02,400 - engineio.server:78 - INFO - PlI38l1rUSplSarZAAAA: Sending packet MESSAGE data 0{"sid":"CDom_Tmm0vGD-200AAAB"} - MainProcess:Thread-1 (run_server)
2025-01-23 17:41:27,351 - engineio.server:78 - INFO - PlI38l1rUSplSarZAAAA: Sending packet PING data None - MainProcess:Thread-1 (run_server)
2025-01-23 17:41:27,419 - engineio.server:39 - INFO - PlI38l1rUSplSarZAAAA: Received packet PONG data  - MainProcess:Thread-1 (run_server)
2025-01-23 17:41:52,445 - engineio.server:78 - INFO - PlI38l1rUSplSarZAAAA: Sending packet PING data None - MainProcess:Thread-1 (run_server)
2025-01-23 17:41:52,514 - engineio.server:39 - INFO - PlI38l1rUSplSarZAAAA: Received packet PONG data  - MainProcess:Thread-1 (run_server)
2025-01-23 17:42:17,530 - engineio.server:78 - INFO - PlI38l1rUSplSarZAAAA: Sending packet PING data None - MainProcess:Thread-1 (run_server)
2025-01-23 17:42:17,600 - engineio.server:39 - INFO - PlI38l1rUSplSarZAAAA: Received packet PONG data  - MainProcess:Thread-1 (run_server)
2025-01-23 17:42:36,439 - werkzeug:96 - INFO -  * Detected change in '/home/runner/workspace/compiler_service.py', reloading - MainProcess:MainThread
