2025-01-23 14:53:25,171 - engineio.server:112 - INFO - Server initialized for eventlet. - MainProcess:MainThread
2025-01-23 14:53:26,112 - app:64 - INFO - Database tables created successfully - MainProcess:MainThread
2025-01-23 14:53:26,240 - __main__:333 - INFO - Starting ICD2O curriculum import process... - MainProcess:MainThread
2025-01-23 14:53:27,420 - __main__:55 - INFO - Successfully cleared existing data for course ICD2O - MainProcess:MainThread
2025-01-23 14:53:27,886 - __main__:354 - INFO - Created course: ICD2O - MainProcess:MainThread
2025-01-23 14:53:27,886 - __main__:86 - INFO - Creating strand A - MainProcess:MainThread
2025-01-23 14:53:27,979 - __main__:96 - INFO - Created strand A: Computational Thinking and Making Connections - MainProcess:MainThread
2025-01-23 14:53:27,979 - __main__:86 - INFO - Creating strand B - MainProcess:MainThread
2025-01-23 14:53:28,076 - __main__:96 - INFO - Created strand B: Hardware, Software, and Innovations - MainProcess:MainThread
2025-01-23 14:53:28,076 - __main__:86 - INFO - Creating strand C - MainProcess:MainThread
2025-01-23 14:53:28,144 - __main__:96 - INFO - Created strand C: Programming - MainProcess:MainThread
2025-01-23 14:53:28,525 - __main__:282 - INFO - Processing expectations for strand A - MainProcess:MainThread
2025-01-23 14:53:28,526 - __main__:285 - INFO - Creating overall expectation A1 - MainProcess:MainThread
2025-01-23 14:53:28,588 - __main__:304 - DEBUG - Creating specific expectation A1.1 - MainProcess:MainThread
2025-01-23 14:53:28,588 - __main__:304 - DEBUG - Creating specific expectation A1.2 - MainProcess:MainThread
2025-01-23 14:53:28,588 - __main__:304 - DEBUG - Creating specific expectation A1.3 - MainProcess:MainThread
2025-01-23 14:53:28,658 - __main__:314 - INFO - Created overall expectation A1 with its specific expectations - MainProcess:MainThread
2025-01-23 14:53:28,659 - __main__:285 - INFO - Creating overall expectation A2 - MainProcess:MainThread
2025-01-23 14:53:28,723 - __main__:304 - DEBUG - Creating specific expectation A2.1 - MainProcess:MainThread
2025-01-23 14:53:28,723 - __main__:304 - DEBUG - Creating specific expectation A2.2 - MainProcess:MainThread
2025-01-23 14:53:28,781 - __main__:314 - INFO - Created overall expectation A2 with its specific expectations - MainProcess:MainThread
2025-01-23 14:53:28,782 - __main__:285 - INFO - Creating overall expectation A3 - MainProcess:MainThread
2025-01-23 14:53:28,841 - __main__:304 - DEBUG - Creating specific expectation A3.1 - MainProcess:MainThread
2025-01-23 14:53:28,848 - __main__:304 - DEBUG - Creating specific expectation A3.2 - MainProcess:MainThread
2025-01-23 14:53:28,918 - __main__:314 - INFO - Created overall expectation A3 with its specific expectations - MainProcess:MainThread
2025-01-23 14:53:28,919 - __main__:316 - INFO - Completed processing expectations for strand A - MainProcess:MainThread
2025-01-23 14:53:28,978 - __main__:282 - INFO - Processing expectations for strand B - MainProcess:MainThread
2025-01-23 14:53:28,979 - __main__:285 - INFO - Creating overall expectation B1 - MainProcess:MainThread
2025-01-23 14:53:29,221 - __main__:304 - DEBUG - Creating specific expectation B1.1 - MainProcess:MainThread
2025-01-23 14:53:29,221 - __main__:304 - DEBUG - Creating specific expectation B1.2 - MainProcess:MainThread
2025-01-23 14:53:29,282 - __main__:314 - INFO - Created overall expectation B1 with its specific expectations - MainProcess:MainThread
2025-01-23 14:53:29,283 - __main__:285 - INFO - Creating overall expectation B2 - MainProcess:MainThread
2025-01-23 14:53:29,342 - __main__:304 - DEBUG - Creating specific expectation B2.1 - MainProcess:MainThread
2025-01-23 14:53:29,343 - __main__:304 - DEBUG - Creating specific expectation B2.2 - MainProcess:MainThread
2025-01-23 14:53:29,415 - __main__:314 - INFO - Created overall expectation B2 with its specific expectations - MainProcess:MainThread
2025-01-23 14:53:29,415 - __main__:285 - INFO - Creating overall expectation B3 - MainProcess:MainThread
2025-01-23 14:53:29,472 - __main__:304 - DEBUG - Creating specific expectation B3.1 - MainProcess:MainThread
2025-01-23 14:53:29,473 - __main__:304 - DEBUG - Creating specific expectation B3.2 - MainProcess:MainThread
2025-01-23 14:53:29,531 - __main__:314 - INFO - Created overall expectation B3 with its specific expectations - MainProcess:MainThread
2025-01-23 14:53:29,531 - __main__:285 - INFO - Creating overall expectation B4 - MainProcess:MainThread
2025-01-23 14:53:29,589 - __main__:304 - DEBUG - Creating specific expectation B4.1 - MainProcess:MainThread
2025-01-23 14:53:29,589 - __main__:304 - DEBUG - Creating specific expectation B4.2 - MainProcess:MainThread
2025-01-23 14:53:29,653 - __main__:314 - INFO - Created overall expectation B4 with its specific expectations - MainProcess:MainThread
2025-01-23 14:53:29,654 - __main__:316 - INFO - Completed processing expectations for strand B - MainProcess:MainThread
2025-01-23 14:53:29,723 - __main__:282 - INFO - Processing expectations for strand C - MainProcess:MainThread
2025-01-23 14:53:29,724 - __main__:285 - INFO - Creating overall expectation C1 - MainProcess:MainThread
2025-01-23 14:53:29,979 - __main__:304 - DEBUG - Creating specific expectation C1.1 - MainProcess:MainThread
2025-01-23 14:53:29,980 - __main__:304 - DEBUG - Creating specific expectation C1.2 - MainProcess:MainThread
2025-01-23 14:53:29,980 - __main__:304 - DEBUG - Creating specific expectation C1.3 - MainProcess:MainThread
2025-01-23 14:53:30,105 - __main__:314 - INFO - Created overall expectation C1 with its specific expectations - MainProcess:MainThread
2025-01-23 14:53:30,105 - __main__:285 - INFO - Creating overall expectation C2 - MainProcess:MainThread
2025-01-23 14:53:30,170 - __main__:304 - DEBUG - Creating specific expectation C2.1 - MainProcess:MainThread
2025-01-23 14:53:30,170 - __main__:304 - DEBUG - Creating specific expectation C2.2 - MainProcess:MainThread
2025-01-23 14:53:30,232 - __main__:314 - INFO - Created overall expectation C2 with its specific expectations - MainProcess:MainThread
2025-01-23 14:53:30,232 - __main__:285 - INFO - Creating overall expectation C3 - MainProcess:MainThread
2025-01-23 14:53:30,309 - __main__:304 - DEBUG - Creating specific expectation C3.1 - MainProcess:MainThread
2025-01-23 14:53:30,312 - __main__:304 - DEBUG - Creating specific expectation C3.2 - MainProcess:MainThread
2025-01-23 14:53:30,375 - __main__:314 - INFO - Created overall expectation C3 with its specific expectations - MainProcess:MainThread
2025-01-23 14:53:30,375 - __main__:316 - INFO - Completed processing expectations for strand C - MainProcess:MainThread
2025-01-23 14:53:30,910 - __main__:377 - INFO - Final verification: - MainProcess:MainThread
2025-01-23 14:53:30,911 - __main__:378 - INFO - - Course: ICD2O - MainProcess:MainThread
2025-01-23 14:53:30,911 - __main__:379 - INFO - - Strands: 3 - MainProcess:MainThread
2025-01-23 14:53:30,911 - __main__:380 - INFO - - Overall Expectations: 10 - MainProcess:MainThread
2025-01-23 14:53:30,921 - __main__:381 - INFO - - Specific Expectations: 22 - MainProcess:MainThread
