2025-01-23 18:24:45,085 - app:25 - INFO - Starting application initialization... - MainProcess:MainThread
2025-01-23 18:24:45,157 - engineio.server:112 - INFO - Server initialized for eventlet. - MainProcess:MainThread
2025-01-23 18:24:45,246 - app:25 - INFO - Starting application initialization... - MainProcess:MainThread
2025-01-23 18:24:45,272 - engineio.server:112 - INFO - Server initialized for eventlet. - MainProcess:MainThread
2025-01-23 18:24:46,102 - app:113 - INFO - Database tables created successfully - MainProcess:MainThread
2025-01-23 18:24:46,166 - app:113 - INFO - Database tables created successfully - MainProcess:MainThread
2025-01-23 18:24:46,220 - __main__:333 - INFO - Starting ICD2O curriculum import process... - MainProcess:MainThread
2025-01-23 18:24:46,958 - __main__:55 - INFO - Successfully cleared existing data for course ICD2O - MainProcess:MainThread
2025-01-23 18:24:47,384 - __main__:354 - INFO - Created course: ICD2O - MainProcess:MainThread
2025-01-23 18:24:47,384 - __main__:86 - INFO - Creating strand A - MainProcess:MainThread
2025-01-23 18:24:47,478 - __main__:96 - INFO - Created strand A: Computational Thinking and Making Connections - MainProcess:MainThread
2025-01-23 18:24:47,478 - __main__:86 - INFO - Creating strand B - MainProcess:MainThread
2025-01-23 18:24:47,536 - __main__:96 - INFO - Created strand B: Hardware, Software, and Innovations - MainProcess:MainThread
2025-01-23 18:24:47,536 - __main__:86 - INFO - Creating strand C - MainProcess:MainThread
2025-01-23 18:24:47,610 - __main__:96 - INFO - Created strand C: Programming - MainProcess:MainThread
2025-01-23 18:24:47,982 - __main__:282 - INFO - Processing expectations for strand A - MainProcess:MainThread
2025-01-23 18:24:47,982 - __main__:285 - INFO - Creating overall expectation A1 - MainProcess:MainThread
2025-01-23 18:24:48,056 - __main__:304 - DEBUG - Creating specific expectation A1.1 - MainProcess:MainThread
2025-01-23 18:24:48,058 - __main__:304 - DEBUG - Creating specific expectation A1.2 - MainProcess:MainThread
2025-01-23 18:24:48,058 - __main__:304 - DEBUG - Creating specific expectation A1.3 - MainProcess:MainThread
2025-01-23 18:24:48,122 - __main__:314 - INFO - Created overall expectation A1 with its specific expectations - MainProcess:MainThread
2025-01-23 18:24:48,123 - __main__:285 - INFO - Creating overall expectation A2 - MainProcess:MainThread
2025-01-23 18:24:48,180 - __main__:304 - DEBUG - Creating specific expectation A2.1 - MainProcess:MainThread
2025-01-23 18:24:48,181 - __main__:304 - DEBUG - Creating specific expectation A2.2 - MainProcess:MainThread
2025-01-23 18:24:48,239 - __main__:314 - INFO - Created overall expectation A2 with its specific expectations - MainProcess:MainThread
2025-01-23 18:24:48,239 - __main__:285 - INFO - Creating overall expectation A3 - MainProcess:MainThread
2025-01-23 18:24:48,299 - __main__:304 - DEBUG - Creating specific expectation A3.1 - MainProcess:MainThread
2025-01-23 18:24:48,301 - __main__:304 - DEBUG - Creating specific expectation A3.2 - MainProcess:MainThread
2025-01-23 18:24:48,361 - __main__:314 - INFO - Created overall expectation A3 with its specific expectations - MainProcess:MainThread
2025-01-23 18:24:48,361 - __main__:316 - INFO - Completed processing expectations for strand A - MainProcess:MainThread
2025-01-23 18:24:48,455 - __main__:282 - INFO - Processing expectations for strand B - MainProcess:MainThread
2025-01-23 18:24:48,455 - __main__:285 - INFO - Creating overall expectation B1 - MainProcess:MainThread
2025-01-23 18:24:48,709 - __main__:304 - DEBUG - Creating specific expectation B1.1 - MainProcess:MainThread
2025-01-23 18:24:48,724 - __main__:304 - DEBUG - Creating specific expectation B1.2 - MainProcess:MainThread
2025-01-23 18:24:48,782 - __main__:314 - INFO - Created overall expectation B1 with its specific expectations - MainProcess:MainThread
2025-01-23 18:24:48,783 - __main__:285 - INFO - Creating overall expectation B2 - MainProcess:MainThread
2025-01-23 18:24:48,844 - __main__:304 - DEBUG - Creating specific expectation B2.1 - MainProcess:MainThread
2025-01-23 18:24:48,844 - __main__:304 - DEBUG - Creating specific expectation B2.2 - MainProcess:MainThread
2025-01-23 18:24:48,914 - __main__:314 - INFO - Created overall expectation B2 with its specific expectations - MainProcess:MainThread
2025-01-23 18:24:48,914 - __main__:285 - INFO - Creating overall expectation B3 - MainProcess:MainThread
2025-01-23 18:24:48,973 - __main__:304 - DEBUG - Creating specific expectation B3.1 - MainProcess:MainThread
2025-01-23 18:24:48,973 - __main__:304 - DEBUG - Creating specific expectation B3.2 - MainProcess:MainThread
2025-01-23 18:24:49,030 - __main__:314 - INFO - Created overall expectation B3 with its specific expectations - MainProcess:MainThread
2025-01-23 18:24:49,031 - __main__:285 - INFO - Creating overall expectation B4 - MainProcess:MainThread
2025-01-23 18:24:49,093 - __main__:304 - DEBUG - Creating specific expectation B4.1 - MainProcess:MainThread
2025-01-23 18:24:49,094 - __main__:304 - DEBUG - Creating specific expectation B4.2 - MainProcess:MainThread
2025-01-23 18:24:49,152 - __main__:314 - INFO - Created overall expectation B4 with its specific expectations - MainProcess:MainThread
2025-01-23 18:24:49,153 - __main__:316 - INFO - Completed processing expectations for strand B - MainProcess:MainThread
2025-01-23 18:24:49,210 - __main__:282 - INFO - Processing expectations for strand C - MainProcess:MainThread
2025-01-23 18:24:49,210 - __main__:285 - INFO - Creating overall expectation C1 - MainProcess:MainThread
2025-01-23 18:24:49,446 - __main__:304 - DEBUG - Creating specific expectation C1.1 - MainProcess:MainThread
2025-01-23 18:24:49,446 - __main__:304 - DEBUG - Creating specific expectation C1.2 - MainProcess:MainThread
2025-01-23 18:24:49,447 - __main__:304 - DEBUG - Creating specific expectation C1.3 - MainProcess:MainThread
2025-01-23 18:24:49,508 - __main__:314 - INFO - Created overall expectation C1 with its specific expectations - MainProcess:MainThread
2025-01-23 18:24:49,509 - __main__:285 - INFO - Creating overall expectation C2 - MainProcess:MainThread
2025-01-23 18:24:49,567 - __main__:304 - DEBUG - Creating specific expectation C2.1 - MainProcess:MainThread
2025-01-23 18:24:49,568 - __main__:304 - DEBUG - Creating specific expectation C2.2 - MainProcess:MainThread
2025-01-23 18:24:49,629 - __main__:314 - INFO - Created overall expectation C2 with its specific expectations - MainProcess:MainThread
2025-01-23 18:24:49,629 - __main__:285 - INFO - Creating overall expectation C3 - MainProcess:MainThread
2025-01-23 18:24:49,687 - __main__:304 - DEBUG - Creating specific expectation C3.1 - MainProcess:MainThread
2025-01-23 18:24:49,689 - __main__:304 - DEBUG - Creating specific expectation C3.2 - MainProcess:MainThread
2025-01-23 18:24:49,753 - __main__:314 - INFO - Created overall expectation C3 with its specific expectations - MainProcess:MainThread
2025-01-23 18:24:49,753 - __main__:316 - INFO - Completed processing expectations for strand C - MainProcess:MainThread
2025-01-23 18:24:50,208 - __main__:377 - INFO - Final verification: - MainProcess:MainThread
2025-01-23 18:24:50,209 - __main__:378 - INFO - - Course: ICD2O - MainProcess:MainThread
2025-01-23 18:24:50,210 - __main__:379 - INFO - - Strands: 3 - MainProcess:MainThread
2025-01-23 18:24:50,210 - __main__:380 - INFO - - Overall Expectations: 10 - MainProcess:MainThread
2025-01-23 18:24:50,210 - __main__:381 - INFO - - Specific Expectations: 22 - MainProcess:MainThread
