2025-01-23 15:38:31,012 - __main__:25 - INFO - Starting application initialization... - MainProcess:MainThread
2025-01-23 15:38:31,042 - engineio.server:112 - INFO - Server initialized for eventlet. - MainProcess:MainThread
2025-01-23 15:38:31,122 - app:25 - INFO - Starting application initialization... - MainProcess:MainThread
2025-01-23 15:38:31,153 - engineio.server:112 - INFO - Server initialized for eventlet. - MainProcess:MainThread
2025-01-23 15:38:31,653 - app:25 - INFO - Starting application initialization... - MainProcess:MainThread
2025-01-23 15:38:31,686 - engineio.server:112 - INFO - Server initialized for eventlet. - MainProcess:MainThread
2025-01-23 15:38:31,976 - app:25 - INFO - Starting application initialization... - MainProcess:MainThread
2025-01-23 15:38:32,005 - engineio.server:112 - INFO - Server initialized for eventlet. - MainProcess:MainThread
2025-01-23 15:38:33,977 - __main__:113 - INFO - Database tables created successfully - MainProcess:MainThread
2025-01-23 15:38:33,978 - werkzeug:96 - WARNING -  * Debugger is active! - MainProcess:MainThread
2025-01-23 15:38:34,009 - werkzeug:96 - INFO -  * Debugger PIN: 599-051-037 - MainProcess:MainThread
2025-01-23 15:38:34,108 - app:113 - INFO - Database tables created successfully - MainProcess:MainThread
2025-01-23 15:38:34,276 - __main__:48 - INFO - Found in file: c2.1 concevoir des algorithmes qui répondent à des problèmes mathématiques donnés.
 - MainProcess:MainThread
2025-01-23 15:38:34,626 - app:113 - INFO - Database tables created successfully - MainProcess:MainThread
2025-01-23 15:38:34,733 - __main__:333 - INFO - Starting ICD2O curriculum import process... - MainProcess:MainThread
2025-01-23 15:38:34,739 - __main__:62 - INFO - Database Content: - MainProcess:MainThread
2025-01-23 15:38:34,739 - __main__:63 - INFO - -------------------------------------------------- - MainProcess:MainThread
2025-01-23 15:38:34,739 - __main__:64 - INFO - Strand: - MainProcess:MainThread
2025-01-23 15:38:34,740 - __main__:65 - INFO - - Code: C - MainProcess:MainThread
2025-01-23 15:38:34,740 - __main__:66 - INFO - - Title (FR): Programmation - MainProcess:MainThread
2025-01-23 15:38:34,740 - __main__:67 - INFO - - Title (EN): Programming - MainProcess:MainThread
2025-01-23 15:38:34,740 - __main__:69 - INFO - 
Overall Expectation: - MainProcess:MainThread
2025-01-23 15:38:34,740 - __main__:70 - INFO - - Code: C2 - MainProcess:MainThread
2025-01-23 15:38:34,740 - __main__:71 - INFO - - Description (FR): Écriture - MainProcess:MainThread
2025-01-23 15:38:34,740 - __main__:72 - INFO - - Description (EN): Writing - MainProcess:MainThread
2025-01-23 15:38:34,741 - __main__:74 - INFO - 
Specific Expectation: - MainProcess:MainThread
2025-01-23 15:38:34,741 - __main__:75 - INFO - - Code: C2.1 - MainProcess:MainThread
2025-01-23 15:38:34,741 - __main__:76 - INFO - - Description (FR): Écrire du code clair et maintenable en utilisant les conventions appropriées - MainProcess:MainThread
2025-01-23 15:38:34,741 - __main__:77 - INFO - - Description (EN): Write clear and maintainable code using proper conventions - MainProcess:MainThread
2025-01-23 15:38:34,741 - __main__:93 - INFO - 
All required fields are present - MainProcess:MainThread
2025-01-23 15:38:34,922 - app:113 - INFO - Database tables created successfully - MainProcess:MainThread
2025-01-23 15:38:35,708 - __main__:55 - INFO - Successfully cleared existing data for course ICD2O - MainProcess:MainThread
2025-01-23 15:38:36,164 - __main__:354 - INFO - Created course: ICD2O - MainProcess:MainThread
2025-01-23 15:38:36,166 - __main__:86 - INFO - Creating strand A - MainProcess:MainThread
2025-01-23 15:38:36,244 - __main__:96 - INFO - Created strand A: Computational Thinking and Making Connections - MainProcess:MainThread
2025-01-23 15:38:36,244 - __main__:86 - INFO - Creating strand B - MainProcess:MainThread
2025-01-23 15:38:36,330 - __main__:96 - INFO - Created strand B: Hardware, Software, and Innovations - MainProcess:MainThread
2025-01-23 15:38:36,330 - __main__:86 - INFO - Creating strand C - MainProcess:MainThread
2025-01-23 15:38:36,412 - __main__:96 - INFO - Created strand C: Programming - MainProcess:MainThread
2025-01-23 15:38:36,784 - __main__:282 - INFO - Processing expectations for strand A - MainProcess:MainThread
2025-01-23 15:38:36,784 - __main__:285 - INFO - Creating overall expectation A1 - MainProcess:MainThread
2025-01-23 15:38:36,849 - __main__:304 - DEBUG - Creating specific expectation A1.1 - MainProcess:MainThread
2025-01-23 15:38:36,850 - __main__:304 - DEBUG - Creating specific expectation A1.2 - MainProcess:MainThread
2025-01-23 15:38:36,850 - __main__:304 - DEBUG - Creating specific expectation A1.3 - MainProcess:MainThread
2025-01-23 15:38:36,923 - __main__:314 - INFO - Created overall expectation A1 with its specific expectations - MainProcess:MainThread
2025-01-23 15:38:36,924 - __main__:285 - INFO - Creating overall expectation A2 - MainProcess:MainThread
2025-01-23 15:38:37,110 - __main__:304 - DEBUG - Creating specific expectation A2.1 - MainProcess:MainThread
2025-01-23 15:38:37,111 - __main__:304 - DEBUG - Creating specific expectation A2.2 - MainProcess:MainThread
2025-01-23 15:38:37,169 - __main__:314 - INFO - Created overall expectation A2 with its specific expectations - MainProcess:MainThread
2025-01-23 15:38:37,170 - __main__:285 - INFO - Creating overall expectation A3 - MainProcess:MainThread
2025-01-23 15:38:37,231 - __main__:304 - DEBUG - Creating specific expectation A3.1 - MainProcess:MainThread
2025-01-23 15:38:37,239 - __main__:304 - DEBUG - Creating specific expectation A3.2 - MainProcess:MainThread
2025-01-23 15:38:37,308 - __main__:314 - INFO - Created overall expectation A3 with its specific expectations - MainProcess:MainThread
2025-01-23 15:38:37,308 - __main__:316 - INFO - Completed processing expectations for strand A - MainProcess:MainThread
2025-01-23 15:38:37,374 - __main__:282 - INFO - Processing expectations for strand B - MainProcess:MainThread
2025-01-23 15:38:37,374 - __main__:285 - INFO - Creating overall expectation B1 - MainProcess:MainThread
2025-01-23 15:38:37,622 - __main__:304 - DEBUG - Creating specific expectation B1.1 - MainProcess:MainThread
2025-01-23 15:38:37,642 - __main__:304 - DEBUG - Creating specific expectation B1.2 - MainProcess:MainThread
2025-01-23 15:38:37,708 - __main__:314 - INFO - Created overall expectation B1 with its specific expectations - MainProcess:MainThread
2025-01-23 15:38:37,708 - __main__:285 - INFO - Creating overall expectation B2 - MainProcess:MainThread
2025-01-23 15:38:37,766 - __main__:304 - DEBUG - Creating specific expectation B2.1 - MainProcess:MainThread
2025-01-23 15:38:37,767 - __main__:304 - DEBUG - Creating specific expectation B2.2 - MainProcess:MainThread
2025-01-23 15:38:37,826 - __main__:314 - INFO - Created overall expectation B2 with its specific expectations - MainProcess:MainThread
2025-01-23 15:38:37,831 - __main__:285 - INFO - Creating overall expectation B3 - MainProcess:MainThread
2025-01-23 15:38:37,909 - __main__:304 - DEBUG - Creating specific expectation B3.1 - MainProcess:MainThread
2025-01-23 15:38:37,909 - __main__:304 - DEBUG - Creating specific expectation B3.2 - MainProcess:MainThread
2025-01-23 15:38:37,966 - __main__:314 - INFO - Created overall expectation B3 with its specific expectations - MainProcess:MainThread
2025-01-23 15:38:37,967 - __main__:285 - INFO - Creating overall expectation B4 - MainProcess:MainThread
2025-01-23 15:38:38,024 - __main__:304 - DEBUG - Creating specific expectation B4.1 - MainProcess:MainThread
2025-01-23 15:38:38,024 - __main__:304 - DEBUG - Creating specific expectation B4.2 - MainProcess:MainThread
2025-01-23 15:38:38,108 - __main__:314 - INFO - Created overall expectation B4 with its specific expectations - MainProcess:MainThread
2025-01-23 15:38:38,109 - __main__:316 - INFO - Completed processing expectations for strand B - MainProcess:MainThread
2025-01-23 15:38:38,174 - __main__:282 - INFO - Processing expectations for strand C - MainProcess:MainThread
2025-01-23 15:38:38,174 - __main__:285 - INFO - Creating overall expectation C1 - MainProcess:MainThread
2025-01-23 15:38:38,421 - __main__:304 - DEBUG - Creating specific expectation C1.1 - MainProcess:MainThread
2025-01-23 15:38:38,422 - __main__:304 - DEBUG - Creating specific expectation C1.2 - MainProcess:MainThread
2025-01-23 15:38:38,422 - __main__:304 - DEBUG - Creating specific expectation C1.3 - MainProcess:MainThread
2025-01-23 15:38:38,480 - __main__:314 - INFO - Created overall expectation C1 with its specific expectations - MainProcess:MainThread
2025-01-23 15:38:38,480 - __main__:285 - INFO - Creating overall expectation C2 - MainProcess:MainThread
2025-01-23 15:38:38,537 - __main__:304 - DEBUG - Creating specific expectation C2.1 - MainProcess:MainThread
2025-01-23 15:38:38,538 - __main__:304 - DEBUG - Creating specific expectation C2.2 - MainProcess:MainThread
2025-01-23 15:38:38,609 - __main__:314 - INFO - Created overall expectation C2 with its specific expectations - MainProcess:MainThread
2025-01-23 15:38:38,611 - __main__:285 - INFO - Creating overall expectation C3 - MainProcess:MainThread
2025-01-23 15:38:38,676 - __main__:304 - DEBUG - Creating specific expectation C3.1 - MainProcess:MainThread
2025-01-23 15:38:38,676 - __main__:304 - DEBUG - Creating specific expectation C3.2 - MainProcess:MainThread
2025-01-23 15:38:38,735 - __main__:314 - INFO - Created overall expectation C3 with its specific expectations - MainProcess:MainThread
2025-01-23 15:38:38,735 - __main__:316 - INFO - Completed processing expectations for strand C - MainProcess:MainThread
2025-01-23 15:38:39,228 - __main__:377 - INFO - Final verification: - MainProcess:MainThread
2025-01-23 15:38:39,229 - __main__:378 - INFO - - Course: ICD2O - MainProcess:MainThread
2025-01-23 15:38:39,231 - __main__:379 - INFO - - Strands: 3 - MainProcess:MainThread
2025-01-23 15:38:39,234 - __main__:380 - INFO - - Overall Expectations: 10 - MainProcess:MainThread
2025-01-23 15:38:39,234 - __main__:381 - INFO - - Specific Expectations: 22 - MainProcess:MainThread
